NauRa_28_11_1984|vJc2ZNHa
PavPa_30_10_1963|zZi35ROf
RyabEf_27_03_1973|4STWptse
SuhVe_23_08_1997|1TH8zMh3
FroKi_02_12_1997|gXkV2VdX
AniVa_04_11_1993|ZFukY4Bj
VinDa_11_06_1996|l8ZbUwYh
ShirMa_24_12_1955|Q3S54OCk
AksMa_04_10_1959|zs83HEhT
SamMa_17_11_1981|WCm3tIms
MurAn_08_04_1994|N4YhFjVo
TroEv_25_07_1953|A1AVwd3r
KotTv_10_10_1979|9OSSKVmn
KonLe_13_11_1982|x05dKySN
TurEv_29_10_1980|s8KkKmuz
SuvYul_22_07_1998|3plHGUkf
FilMa_16_04_1998|ME8zCNyf
MakRyu_24_11_1969|u8sUuTkm
GurUl_13_08_1963|6IDEUDfx
LazTr_21_07_1954|H2yZrRje
AniAf_12_05_1977|66IS4UvJ
KonVa_26_03_1944|zD1n13Ei
BelFa_31_05_1959|O7Z3AnIJ
BorAg_06_07_1985|MF1RUotV
PotPr_04_09_1948|6je3AvxD
DavRe_18_04_1964|4FCztOAA
GorNa_03_08_1988|vf1LBFtU
KirAn_01_06_1998|u1mwekPe
LobRa_29_03_1978|Sw69DHx5
KolBo_02_02_1987|pE5JrPcz
GriOk_02_04_1975|1bVxFTom
KulSa_26_08_1960|oc7r5Cme
FomKi_29_08_1982|bX0rMHIx
SorBu_18_09_1945|bjUJY3So
SobPe_22_09_1962|pg9Cpknh
TihAd_18_12_1947|Ve1Fu8V8
PotSi_23_03_1946|09EpBPt6
StrAl_29_08_1976|In9zf1Zp
MakAv_04_07_1958|2uISGeFv
KozZo_19_09_1978|9FlvydnL
KomAn_11_05_1975|ZO7zrAlI
LazSe_03_10_1986|2EdQnA9p
LihRa_30_08_1983|v2Ub0C5y
KopPo_01_08_1976|CX1iIJk1
KonOs_04_12_1965|jg1yDxxk
HohMi_05_12_1949|j2AAB4tW
GroGe_17_03_1955|M0heg4Ou
PolEk_01_01_1957|XlJ5WLJs
ScherAd_05_01_1993|hm5FddoA
TreLu_14_08_1979|0e8MMtEx
ScherIo_21_04_1994|97gEX9Fh
FadSi_24_03_1940|f33P4RrW
PolLyu_30_03_1975|8xC6WYOu
GavIo_18_01_1986|TI40QdFO
EgoLe_30_08_1943|0Su26OGw
KalAg_19_02_1947|mzs7M84t
ZyikMa_29_09_1986|7rN9XIjj
OdiSa_21_09_1943|x7CV4k6B
OrlSo_31_05_1980|Rv2PJ6zd
MirSe_11_08_1963|z2XBK9Ee
KonTa_19_04_1986|0IteJgWe
SharEv_24_08_1947|Bp9yVTeR
GorBo_06_03_1943|3OiOBVps
OsiEl_11_07_1978|0kIazpmu
LavAg_08_04_1967|3JPpAkgS
MyasVa_04_11_1965|7Z6qYWes
EliMa_08_11_1968|D5TyBsDw
IvaFe_05_01_1974|9S6aYUVs
DemTa_14_09_1941|z0B9YvdE
VlaAn_23_05_1980|g7JoVcMj
OreVi_13_07_1984|dR0WXybt
BloLyu_30_11_1941|7Yhi0wUl
IgnFa_13_05_1975|8hF1zJK1
RogLyu_14_04_1947|XW86TlSx
KazMa_14_03_1993|RPXV3L0h
DavAn_10_06_1950|f6Duwv0U
SchukOk_30_07_1965|mm4pAxMx
KnyaEr_24_07_1940|7SE8OFeo
AleDe_24_06_1941|DG5ZblFO
IgnOk_03_09_1968|v6XUraKy
IgnNi_19_04_1973|02sSnXoT
MolSv_21_04_1979|k9cWAy9W
FadLu_21_08_1989|Hc4jDnUG
LogYur_22_09_1965|vhLI8IvZ
NikVe_08_04_1952|IZ5LKpXD
KirNa_23_04_1947|Z0Nv9KoY
OsiSe_09_02_1986|iSP8KSJb
FomYak_27_12_1957|98Cm2NQq
GulNi_13_08_1962|jq0sUGNh
VorNa_27_01_1940|3ZsAaAKG
NikLa_19_09_1946|U644J5ti
FilMi_01_12_1990|ZymH6Hrm
PonNa_30_03_1953|a2ZNrAEn
YakoLyu_03_10_1987|02sEbsLW
KomMa_11_09_1978|y8TrPkEX
KovTa_23_07_1984|e3W1HCmq
FadBo_10_09_1952|2s0hTRwx
NazAm_08_08_1993|Ap3NBihs
BelDm_19_12_1964|ou7YhyF3
KomEl_07_08_1941|5GDoDh2Q
OreZo_24_12_1951|16VLe3Gf
TroEl_27_07_1945|7Ch8l2ua
MuhZa_10_11_1991|n3lUS5gY
TetVa_27_06_1993|a3DEmX5m
BraIya_24_12_1950|F6hQJoCW
IgnYul_06_11_1976|0Hb320Gh
HarEv_11_09_1986|FzTs6RLh
EmeEv_01_12_1985|07xVypw0
IgnEv_18_02_1994|OI7WmFtO
ShubAn_01_01_1993|T1MwCqpg
RyibMi_28_08_1985|8MEdDKOq
ShirSi_06_04_1980|7IxZg9Dz
SyisUl_16_02_1972|593MKhn5
LebEm_27_09_1996|9NMdTzqR
SyisMe_09_07_1963|N5XyO0L9
KolAn_03_09_1956|J3pWD7Rh
ZimAz_08_03_1989|wf8IH9Pp
MurGl_23_01_1958|21FH1Zxq
KorVi_12_10_1948|Dd5vYhvo
GriPa_15_11_1965|CM7zUpf0
MoiEg_03_11_1999|Bqp7QVNt
VorKs_18_12_1954|iZa16Ach
VasZa_30_04_1965|A9hCgbNq
KolPr_04_06_1966|t60GLgDc
KulAl_17_01_1993|mzYG3Lfh
AvdLi_28_01_1962|ym7A8QPj
ZahFe_12_04_1945|Q39KthIP
GriOl_03_01_1999|98Ogo9Ng
EmeKi_02_03_1950|0q7L1tYb
BesVa_12_05_1959|DVP6fWk5
BobSa_16_03_1952|a3RGHmHg
KirMa_17_05_1950|12KcUeSg
FroAk_21_02_1992|N58cUqvs
EmeMa_22_03_1959|G0RC4uvj
TsveGu_01_02_1940|9EOeLWir
BobLe_29_12_1991|Jg6r8xRz
RusFr_19_11_1969|8EcBXNsp
KulKl_10_02_1985|Ob91GUSc
ShubSv_02_10_1962|2o8DOFSy
ErshAf_27_06_1988|k0C82Woa
VorAg_10_04_1954|2PP6mQGc
KorMa_11_04_1999|rNy1FTua
MirPa_24_11_1968|FEn7pvNd
KapAr_06_12_1952|V6AIvH2g
KonEm_10_07_1998|X7Fe5tSw
NazTa_08_01_1961|20gTKLqn
LarVe_08_07_1977|0VTR5HvG
ZimEv_28_02_1982|U80mNSGl
KonNi_23_11_1999|z66HSqHD
NikNi_29_06_1949|0nMuVQYd
SilNi_28_11_1992|Sze9RIlk
ShilLyu_28_04_1976|6qhGMQaG
SitSo_18_03_1987|L3N74cRn
RusVa_02_01_1997|3wUOZSgY
NosVl_28_09_1961|62a1XZqB
SamUs_27_08_1981|14jJBuer
VlaNi_06_07_1988|4sW21c7a
MelIv_17_09_1949|1zTAlnez
LazMi_19_10_1973|pN02RTp6
FomNa_09_04_1952|7Ezqx40i
PopVl_06_07_1958|c4yXYKf4
OdiSe_23_08_1972|m1Z2ccfT
KisMa_27_04_1948|H9TlcEko
SidDa_12_12_1993|Dx6KtOtg
EliEm_11_09_1976|31QDF6e2
AndPa_27_03_1967|26JNMkJp
MihVa_21_04_1987|7Sv1OGIs
KozAn_18_04_1962|kqm12TOf
MihKl_01_02_1968|7KpHoOJs
GulPo_07_02_1986|Afqo6Mel
AleLe_03_12_1966|KI9JsObu
DavIp_14_09_1998|X0a3CY5g
EvdMi_31_10_1986|8HjXKo5t
NazEl_11_02_1986|9qxR3diJ
KraVa_01_05_1992|Nu5YfUPi
KorSo_19_03_1961|DFeW7IqC
ZimVe_27_12_1968|B2K3FWoE
ArhLi_01_01_1999|kI81oF8p
LarVi_03_06_1971|2UOJpodd
ZajFe_25_03_1993|4HXmeVal
GorPr_29_04_1972|B9jcWrDs
KabAn_22_05_1942|K1GPSvmK
NekFi_09_03_1947|9COCOlad
SelDa_13_05_1955|SD2XY2gx
VishKi_05_04_1979|04Yzy4Qj
FilTa_27_06_1963|A9UWIfmv
FilTa_28_09_1985|0Tpv9jga
NekTa_29_05_1999|9NqMxmCA
SokMa_17_04_1990|G9C12Khu
ErmMa_28_11_1985|M8uYPwwV
SolEl_04_10_1948|5fK2FPpS
ZimEl_04_08_1989|uX0hrBqX
MelAl_06_10_1947|g0QrcfVp
OsiLyu_22_05_1996|PT39BtBx
BelAn_24_12_1975|9HFlEsj3
VinSe_22_07_1955|oa6UjfNS
BelLa_09_12_1964|4l5pC6b2
MakGu_22_05_1971|oC9XsEwV
KudEv_21_07_1966|1IX0kJhy
NosIr_25_11_1973|s0PdlOFV
MelMi_08_02_1995|K9HgMBgk
MatKo_31_12_1972|y8PeUHNv
EfrVa_28_11_1954|9ixN3hgx
ShilVyi_12_06_1998|4ylwGgyP
KonPe_10_03_1955|78Q2OlDc
GalYul_13_10_1962|GY7FQe8f
TurSt_17_02_1946|853wXHac
LogEr_21_07_1946|5HPJzbxG
DorLe_16_01_1969|0I1GehEC
KulHr_26_01_1971|Y1y0kOfh
SyisNa_30_09_1963|9Qd2WCl5
NovFyo_06_12_1981|S146FNme
MarEl_17_06_1942|J3WKfsFg
IvaEr_16_02_1941|3FezE16L
KudDe_02_08_1940|2V5ZCMy0
LogSv_09_10_1979|Bo3POzge
OrlFyo_02_05_1954|9C3H3gET
KuzNi_13_08_1985|0OOBI2pr
KonAn_29_06_1943|U9f8IXhr
KovVl_29_08_1989|8QGnXQje
PolGl_20_11_1947|a2y15FPv
IgnNi_09_06_1973|QY0Q2ugp
TreEl_29_09_1959|Pk51TPTq
TroAm_30_01_1999|4TDviKgx
TitDe_16_01_1999|A3B6Dk1v
OsiIya_17_07_1980|aY4UXiQM
KulFe_17_08_1950|A8giMk6h
DmiAl_02_06_1945|1LpHdUvg
GriAg_31_08_1994|2Wl4CiQe
KosAl_31_12_1974|Vtiz3REp
MakDo_26_05_1956|A0QdMAmi
TetUl_15_02_1964|H78NKIc5
AleLyu_15_07_1960|XenX81Wk
EfiFe_10_09_1959|67jScroL
TarAl_20_06_1945|3wm4Svpn
BolSo_19_12_1950|aQN0KCDh
KulSt_24_07_1968|D8mVWqjG
SuhVyi_01_08_1955|M25qXlDP
LapIr_22_01_1949|f16V6jm5
KuzMa_19_09_1950|Jn50wASu
LukZha_10_02_1966|6Jrk5FXr
BelEl_20_03_1966|8ATSgUcy
VlaAg_08_11_1948|1hhAbt5Z
TimSa_01_02_1969|5uTE5rSl
AntAn_15_02_1981|MJWl2Sua
KopAl_15_05_1972|0gDT1MMg
GorKi_31_08_1992|q4wBpfLI
DorMi_12_07_1942|jO31TWnm
KapSe_05_02_1965|R84HGA0f
BelGe_11_11_1979|m1NrGrp2
ZajTa_20_11_1976|9Hc5dFhm
BraMa_15_11_1965|2JuQqnIg
YakuAn_14_05_1998|6NVRR6Lq
EvsAn_08_11_1964|Ns19Egp4
ShilOl_01_04_1976|eaJ48XEx
SavVa_23_12_1996|Ek6F9OcG
YakuAv_05_02_1951|5Lh3kEZ2
KosSa_12_08_1985|m18LQ6lw
SelMa_05_04_1997|c66kLFIs
SharAn_25_04_1992|600gh7Br
NosKl_25_11_1995|E17QwFcP
ZajIp_06_07_1974|wo8HuDpy
TreNe_21_12_1975|8oSmvnsA
GolIv_21_02_1977|4QxkgWV5
HohKa_11_08_1995|0ytg0Fie
SimVa_29_08_1959|291PtHhl
LavEm_18_07_1989|F5Ut7Nwz
BobPa_14_03_1983|0XLOEQSn
SelSv_31_10_1976|5AftEwn2
SharSa_16_09_1942|Il1FrfKp
NazIya_21_12_1980|v1V98OCf
TarAl_03_10_1953|0FfPooFG
MishVi_02_07_1998|0dB9TqKv
RozhDo_11_09_1975|reA6jjKj
KalVe_16_11_1970|7qZvuyXp
KotAd_15_05_1969|N69Sllov
SafOl_19_03_1996|9Azt1tpf
ShubEf_29_02_1960|7Dl8FiEe
DorDe_31_12_1962|a2csG5Zz
FedIya_30_03_1987|u7A3DKcl
ProSt_17_02_1959|Kj2kUfpa
HohEv_04_02_1995|y5FyCiwr
OrlLa_22_08_1943|9NGgOc7z
SelAr_17_06_1955|Y47Zdppp
TroPr_05_06_1946|l62BDAo8
FedAf_14_02_1979|xui7emGg
SyisMa_28_04_1974|f3a0L6Xb
UstVa_06_10_1969|56ENKAhr
SuvVa_29_03_1991|F5HtBxB9
KolVe_27_07_1976|9Q3JBlTt
NesFyo_30_09_1970|av06XJe2
AbrMi_17_05_1948|0MdEdktN
KnyaEm_28_02_1968|R7ZCltSE
PetIr_22_12_1995|Hr1T6T7r
BesLa_16_11_1989|03zVmOhL
MihTi_18_09_1993|m2StOtpa
FilKs_21_07_1996|wq5d9A8i
BesEv_10_05_1962|tp2CBZhP
PetNo_26_07_1947|8KtekQ08
AbrAn_30_04_1997|1LQ9SFxc
FokOk_25_03_1967|0Y4GDbYu
ArhSe_30_06_1963|H4y3ILi7
KryuLe_06_12_1970|BjT9AanL
KopEm_30_08_1995|tJ6dYcKP
ShubLa_05_06_1949|5xDSpUfO
BorAn_13_09_1986|dRp2GGKi
AniChe_30_07_1963|2JTGbxQi
AntNi_16_05_1981|B0iQccuI
SafEk_30_05_1946|y7pSUu3x
YudiEm_24_08_1965|1er4Bo1e
IgnVa_04_05_1960|y3td9Gvw
LukEl_30_09_1941|TZF3E6kM
NosKu_09_05_1962|rE8L2Ba2
OvchNa_18_06_1976|b3T8jQwD
VorTv_05_04_1992|M3ZudIsb
KisEk_10_01_1995|R6E75fv6
VorDa_10_05_1960|6dANCLCq
ZahNi_14_11_1944|1IwcHEpI
SharEv_17_11_1985|I2hHEida
NovVa_12_08_1954|8tvZYkE2
IsaVa_19_04_1993|1tBXg3kJ
ZhdaFi_26_08_1967|n4nA4V7b
GriOk_20_07_1997|44eDCpIy
EfrAl_07_10_1966|a2SrX5ix
MatGa_12_12_1953|86EMwgBv
SelFe_01_04_1948|3MEYgEoX
SuvZo_30_03_1957|qmRM8wDr
NovOk_29_11_1972|24ZLWwHv
BorBo_28_12_1953|F1DISuSh
BliSi_05_02_1957|qOu1QLJr
SokOl_27_10_1962|C1IOHesZ
MasOl_12_03_1999|i3DFuxPn
BelSe_05_06_1947|Val1FDDl
AvdEr_03_03_1945|81bdHd8L
BobIv_09_12_1997|76fI7pSo
GroMa_23_10_1948|ug7y4N2y
FilIr_17_03_1970|76oJTByt
RyabVa_01_03_1945|B796Xaq1
ByikAl_03_07_1992|d2PWoYpL
GuschNi_01_10_1969|1yq9ZfhK
IsaZi_12_01_1969|bE2oTojc
RyabEl_29_06_1985|5YPLXgse
KryuVa_27_08_1974|7BBXBhQP
KoshMa_16_01_1987|FL26Gwp4
VinRa_04_03_1953|5skAZXxZ
KolNi_09_07_1981|JF40Afqi
FedYul_27_04_1956|1eBMQus9
DmiAr_20_09_1983|1p6XkYOe
TarYul_20_02_1976|c5YTdqjd
KnyaMa_31_01_1992|87N74Wpi
BelYan_13_07_1960|2M7Up1kP
BesZi_12_11_1942|4Qp2U2PS
RozhFe_10_12_1947|4Afdabbp
SamSi_31_08_1973|s89AK8Pw
TitVi_04_08_1995|2ALi1HAs
GriEv_03_12_1978|3k6GNm7X
BobMa_30_03_1968|R3IL0NRc
TroEv_27_12_1940|9UkYTdfs
KomFe_27_03_1954|7KnkJytU
MedSo_02_12_1978|3908TuQz
FadAn_12_12_1985|6b9CnmBj
EfrEv_02_04_1984|fhx6U8bU
IgnIs_13_09_1950|nB3Derep
FokIv_25_02_1953|7jDe3ELw
SokAn_10_11_1942|Tl5ATpEh
PolNi_07_05_1989|Ooly2lGn
RozhIp_15_06_1981|x4y46SSg
SilPa_25_02_1969|mhk00OGj
DorRe_10_02_1970|8TyK9yIZ
LavAn_18_09_1974|ck8iYqWO
BurMo_20_09_1944|4Hcn2UEe
SerKi_04_04_1950|1DaOsCik
AbrLi_08_08_1950|e91UCLfB
MarAf_10_06_1966|7j2CMZQf
SavNa_03_02_1987|8DNkNEcw
TurHa_27_12_1977|yj8tCRfp
IsaSt_04_06_1980|n5IMmxHG
SchukMi_11_07_1968|lVvM7Fvl
KonTa_02_01_1952|f7g2zEVz
ErshNo_17_10_1974|B1aXqFBP
SokAr_04_12_1970|qY5XPlWC
SavYar_12_09_1965|1azs9Dqo
MerVa_26_12_1949|7yZpc6ei
FilOl_20_05_1979|79QYa8Mo
KirKl_22_05_1942|51gYrfwF
KozEv_13_09_1990|D8FswbRd
PonIp_22_08_1977|d4KFDpOd
SimAn_15_02_1964|0PFwU1dN
BelFe_13_07_1950|m0jKV0Cg
VorYan_06_02_1999|854Isuv7
ShashSi_17_12_1998|9dKi55Nj
SidMa_24_04_1974|LU6Fikbg
MorDa_24_12_1960|8S7O8C8o
PesYul_23_03_1984|HTy7QTrN
KonGl_24_12_1941|6CPxmfXI
PolZha_14_03_1989|e3HSblrS
VinNa_17_07_1960|dm5LL4ss
KnyaYul_22_11_1993|0RvHdTGd
GalSt_19_06_1979|8bFBHZKi
IvaOl_05_04_1955|OS0KGpsV
KapAr_01_12_1942|7KTRM8Pn
BurSa_07_09_1994|7UcPCZAz
ScherYan_29_08_1981|S0qQ3AzW
KalEv_29_07_1957|z4YvTu13
SubMi_04_09_1941|9JRz6qUq
EvsVa_28_08_1985|68Sgx7Jy
SokMa_24_05_1989|lNmt4Eiv
SharEl_20_01_1990|yMn4WcFq
GriRa_23_06_1955|4JHBELgi
NosAk_10_06_1993|s30jRsNq
TarFe_17_04_1948|111WC2zT
KazAl_15_09_1968|9LuGQiw5
KuzIg_08_09_1980|c1AnczRo
OvchTa_02_02_1975|q0bzvPRb
KonSi_17_07_1976|Xf7YMIVt
KonSa_08_05_1946|5HTcrBtQ
ZahAn_07_12_1960|6vyeuCIr
ScherAn_23_10_1993|BEx9KUOl
LukBo_24_05_1945|0FNvkBLz
KolPo_13_10_1947|p9MHHxmn
RyibZi_05_04_1967|5JIzeigW
VorNa_09_07_1948|R5QHnd0D
KorBa_11_09_1975|4qiMXNff
TarSi_19_02_1990|y8pMd6Wm
TihAl_22_02_1974|56UK6mm5
PolFyo_23_07_1984|13NosLlF
FilKo_02_06_1943|wQ3Cm1Jd
KovSv_02_07_1993|H9n8Vm0s
MihAn_04_02_1979|9PSsG77W
RomEl_08_03_1952|7GlW9Zua
KorKi_15_01_1955|z9qLXlDJ
PesAk_24_11_1973|9xdFpVuF
LyitVe_07_09_1945|vN5GZHEo
RomPr_22_10_1952|W992RFjX
StrVa_12_11_1948|IF7w1QyC
KapRe_13_04_1996|BSSa4SrE
RodVs_03_10_1995|l3v6UbXE
ErshOl_08_10_1958|F33Bmzb6
KovEl_23_10_1980|O25FxTbv
IgnAk_25_08_1994|3GOH5nnN
GorVa_17_06_1940|71wFXR6r
NikIn_11_04_1952|aS5HkjdR
KonEv_31_08_1964|G92QRRws
AntSt_11_12_1942|dG6CozUx
OreUl_10_02_1964|8v1CmwDv
DmiLu_07_09_1994|U6DTpMcL
BobNi_05_03_1966|VxQn4Cws
AndKo_21_09_1959|1BSF4BRt
BliIv_27_05_1987|J6FlafBc
BorSi_15_02_1972|W86HL6zR
PanOk_19_06_1947|w4AtWjcG
GuschSo_06_02_1987|9zzdEF0a
DorSt_23_11_1986|x2jOXRpw
SelAl_20_12_1950|6PFVHR5r
DanMa_16_11_1955|L2vrxMHh
CherHa_14_06_1945|WER7T7z3
KuzLyu_22_09_1959|90bQe5uV
TreOs_18_05_1971|g0z3Ea1K
KudKo_13_01_1973|N999FNrJ
SorYuv_01_03_1995|ZR94WKxE
GorTv_07_06_1968|W5euZeQv
PanEv_08_07_1977|Wv8HAzJk
TimVa_21_05_1964|KJQ2nOQg
NovHa_27_09_1957|5uXuwmXM
PahSv_13_07_1970|j3rGuXWz
ZahEv_26_08_1943|HO5q8Yco
KonVe_26_06_1981|962T8CNk
SelGa_20_10_1945|4Y0AR7Mv
UvaEm_04_11_1980|byhM9FrQ
LapAl_01_12_1985|5XXSeVBn
NikOl_20_05_1973|74nW6wds
HarAk_15_02_1948|66offDoL
LobIya_01_05_1984|8AMQgpx8
SitOl_16_05_1972|0DIKw4zm
BobKa_23_03_1946|01TYkBm6
EvsMa_03_02_1944|Z77kUgg5
RyabPo_29_04_1974|n2mAZxf8
KolDe_18_05_1983|9LAB1mDi
KabVa_17_05_1982|0xA0Is9C
PopLi_15_10_1989|Kv6NizFl
BobIv_27_02_1947|9WBZSPmX
OrlNi_19_12_1961|hu7ihlBv
RusMa_19_02_1995|Yfy122Rl
KolKo_14_01_1951|U6Zi5aSI
KudLo_08_04_1966|6SPvTtfh
FadEm_09_11_1972|5a9kQRPo
SharZha_05_03_1956|z1LQty7d
SimEm_12_09_1950|L9KtXThg
MolMa_02_10_1988|F7zOe50r
FedIp_25_01_1953|4SSxOpG4
MerEk_31_12_1945|16Jb5Lej
KalVe_02_05_1959|9xWIyEfG
MolEl_25_12_1961|Y4UVtfTg
KorKs_22_09_1989|2CjY0Ko3
ShesMa_19_05_1969|3uG7i3Kq
ZahUs_18_02_1981|3o7IIJoN
ProAg_08_09_1980|W9nQGciu
KovYul_31_05_1983|8ZrjuTSm
VorFo_06_01_1941|IV5Z8lpa
KryuGe_15_05_1979|nZha8Zim
MedPl_08_07_1976|0gVzKcna
RogOk_21_01_1989|uJZb0QGi
LebYur_22_06_1973|6l1bfSkP
StePo_09_10_1943|GV4lDldm
MolAl_25_03_1974|y5Dsn2ga
Il'Av_20_01_1998|BFci3Ozg
MirMa_29_07_1994|83U86ABq
GorAn_11_06_1970|66QAsolM
KovMa_19_07_1995|6QFV6r1L
ByikKi_01_02_1969|oo0u0T7p
KulEk_16_03_1952|2NNTMizo
KudKs_21_10_1969|8Ky1Trf0
FedAl_16_03_1954|9lyGKvOg
KalLyu_08_07_1989|4cLSQj0Z
AvdAn_02_07_1945|gD7FeXPi
ZhukLe_14_11_1974|3epne4Jm
LogEv_28_06_1965|w4W8oeQx
KarAn_29_05_1991|7xpYEKyd
OrlMa_06_10_1940|93yJbDob
DenHr_08_02_1971|J8S1KQjE
SharLe_17_01_1998|pCv5MCUn
GurSi_17_11_1960|9wZN9EgS
SavEv_27_04_1991|M6nbCXWd
ShirRa_24_01_1960|6D0wKodC
LavAn_14_08_1982|E707LScW
FomFe_11_01_1950|n2rDNmqX
FadDa_27_07_1970|Yq6OUbJe
AksOl_17_03_1968|G36I3gqo
OsiOl_14_06_1972|d7fY6REm
KalEv_15_12_1957|74JcA8b4
NikYul_01_03_1974|2EVlnoIY
SmiRa_15_08_1974|pmO7XCae
SyisEl_12_12_1977|0PTguWPs
PonEl_25_02_1963|8I2qNywq
IgnGa_25_04_1971|0SlQE3nd
SelAn_13_03_1962|6ndFXzoM
MamFi_09_06_1976|k1Dpica2
LyitGa_30_01_1966|O08RnISH
BesNa_30_08_1952|j5b6vCyn
YakoVi_24_06_1970|bj1PlVrv
Il'Zha_22_12_1967|v4zB3Kuj
PotVa_01_08_1954|1RIF3to4
PavKo_30_08_1941|0JcSpaNb
ShesLyu_08_04_1981|7jXZxsnP
KalTa_03_02_1969|36pb9ZiS
SelIya_22_03_1988|0TOmCbYL
YakuAz_25_10_1955|1EECzGFo
IsaAl_31_05_1982|Co90VvfU
TerBu_29_01_1991|Dx7hSiGh
LogNi_04_02_1961|90FxewtN
NikNa_21_11_1954|5x3EmIh4
KryuOr_06_01_1953|W8PeksV4
LavVe_11_11_1982|7YtEdGk0
SidLyu_09_09_1999|5N5FooWz
DavAn_08_04_1971|9VYEIluh
IvaMi_02_02_1940|0Kt29DKh
KonLa_08_03_1998|hYP0TnMn
KolOl_04_12_1979|3X9Q2bjB
IvaZi_08_03_1998|Y8DliAP5
BelSi_16_09_1988|3k0ELuyq
KalGa_24_04_1973|07gX2g9t
KonOn_12_10_1995|3EVo4IKi
EgoOl_14_06_1959|pXb5PFaL
KuzVa_21_12_1955|95USX2Rq
FomFa_20_09_1941|M74YseCf
KirNa_06_11_1972|a910KPxc
DorAn_02_06_1952|nt8xwePl
LukAn_17_05_1994|qFr5cTWz
SharEl_15_04_1978|C72EVxUs
BobNa_21_07_1967|ab6mdU7m
KapOl_12_01_1957|U8oBjLS4
GavAs_13_11_1983|j9TkAVhg
VorSv_29_09_1951|59JkVy7x
BirLa_24_02_1994|9S6lvsWv
DorEv_18_04_1988|Vky7slXa
BolEr_01_05_1991|3TX4RzK8
AvdDa_27_11_1962|7JLXDRPd
SidTa_18_07_1960|Za5GvHhM
KomPr_26_08_1960|5OjxaPac
PopYar_21_06_1957|9lQMbScs
OvchVa_07_05_1940|A3Mztb9e
IvaGa_28_12_1968|n9Q8F6Yb
BarSi_17_02_1968|Y9AG6wSb
ZahVa_18_09_1974|39H9G5rk
MelRyu_21_03_1984|0cFAFPiz
AksAg_14_08_1950|5RgTRYJv
VlaZha_27_12_1976|t84PvfmA
BorMa_20_02_1993|7INMs8sR
IgnDe_31_03_1950|u3pycJhr
ShubNa_24_08_1995|aMs9WooX
StrPa_26_05_1950|C3N3nMrF
KulBo_16_07_1970|2i8QlLy7
VorSv_11_08_1953|63JBPljh
PotIr_15_07_1957|Z8uuNjxR
IgnKs_15_03_1963|7MsAw9Yw
LobAg_29_01_1959|O8HNhrMB
ZueAp_06_06_1992|3x1BRkRM
MolNa_05_05_1960|6pWAtuRE
GorIr_13_06_1953|Fs19WQtR
EvsAn_15_07_1955|8u7DBaVf
OdiMo_09_09_1970|Ae1zp2Qv
GolDo_25_10_1956|7XEMUexn
NekPr_09_04_1953|Ka0u7D5i
NosAg_13_02_1988|G5UWtngb
FedEl_09_04_1990|a9S2Qt7s
MasAk_13_06_1940|BF9P0mea
D'yaMi_27_02_1961|0hXD4cIk
SuhBu_20_12_1940|5HzkvcXS
RyabVyi_07_09_1941|7kWtGPJE
KoshVe_07_11_1998|5VZ4wvTM
AleEv_15_11_1975|04YxObvE
PanKi_24_05_1963|96BLugdW
VolAl_05_04_1970|1AFeViYt
EvsVi_25_02_1986|92WA3grZ
KonNa_20_06_1950|nB55JK7c
DorEk_10_08_1951|a7BMskgY
YudiLyu_06_11_1968|9LAqTsFv
MelKa_20_11_1985|fTr6SVp2
KnyaOl_22_06_1993|tt0GcnDu
RyibAn_05_06_1965|fcHz0Xl7
SharSt_25_11_1959|hgR1BqF9
IsaVa_18_01_1982|3PmMDDmv
ProAg_18_12_1967|Y86G2JRz
EliVi_16_06_1975|3bkFn0Ft
BurFi_17_04_1955|u6Oyf1SS
RusKo_02_08_1960|8KGsowQn
SimOk_06_06_1948|T6cZBlRu
VishKi_09_07_1975|9FeSa8eQ
NosMa_09_12_1957|9BSKPuwu
KazPi_30_01_1969|4bbcFErb
GriDo_10_08_1955|C3Qdrpr3
SimEv_16_01_1960|1OMxeYqc
KotAg_16_10_1957|4gK0mjcQ
BelVl_14_06_1981|Ka3jGJs4
LogLe_05_01_1988|9UQPNCkp
BelAn_29_06_1952|9a8AUtXN
ErshVa_07_08_1956|9OYfwXeH
PopRu_01_10_1951|4qNLi5vC
LapSv_02_03_1951|k8CJVpeS
NosSt_28_10_1995|daDV0Sks
LavAn_29_09_1950|D7CtPEqs
MirKl_13_03_1993|5TlGbnU5
MakDe_18_12_1989|N3DKLp2o
LobEl_16_04_1979|m6UrGQxO
ZhukKu_13_06_1978|3aXp65Uk
YudiSv_31_03_1970|4tbVKMjX
ScherVa_09_09_1986|1FLB8Wpn
NekDe_27_12_1940|E4Q52Fo0
ArhAg_03_03_1980|0Bv8w02u
PonRyu_20_01_1960|3bKzHU82
FroChe_30_11_1973|Jky3M0xi
BelFyo_31_05_1949|Uw3BAVfu
RogNa_22_05_1990|62r8DeXl
FedAk_15_10_1954|3O5WEPKh
BarEv_05_11_1968|6WOkE0Xk
KryuTi_15_07_1955|2GukjaK9
PolSv_22_11_1981|O8Gv7F6k
GulAl_08_02_1943|Zl9BeyYy
PesZo_04_11_1964|4C08zLDi
SamOk_14_08_1988|D40TaPSJ
BurIr_05_02_1978|0PRaw92D
PanNa_17_03_1963|2cFP6iQp
IvaKa_23_07_1962|f3BxUaL9
EgoNo_06_01_1962|42NSrOBj
GorFyo_09_06_1997|PIKB1UPg
KulMa_19_11_1944|5uOvydVa
FomFi_05_06_1955|0XhrH2Se
ByikKl_15_01_1952|I5HgXmeN
TerHa_06_04_1944|5MGJqSqA
TihIz_01_09_1949|yg85TbLv
KoshAv_12_02_1996|R3TYCaro
GroOk_05_01_1974|a69LIfGw
GorAn_13_06_1979|1GyOQWqr
BirAn_31_08_1995|503FM6n6
NosAl_05_05_1967|7r3E5cl4
LyitAn_29_09_1987|9oRUXkmy
TetFe_16_04_1954|7KFodYww
YakoYul_23_10_1970|63XJwccN
AleEl_03_04_1951|IX7AOfBj
ArhLa_25_12_1995|bp56Lwnp
KovPa_25_04_1958|X7V1QpJ6
BolNa_16_11_1990|cDC2GwCm
SharYur_29_06_1981|4OsOnkqL
ByikSi_27_04_1992|4JXgrFEH
KudFe_29_04_1997|Sl5B20kv
TetAr_26_04_1959|MN58Kpaj
KonKl_26_06_1989|HX0B6rGj
OrlEr_20_04_1970|h2qLsgMT
EvsAl_30_05_1989|Z25TeLPf
KorIg_10_09_1983|EhJ3fFWa
BobTi_14_10_1943|96K6koVn
KulVyi_21_04_1960|00J7UAsB
SavIya_24_10_1942|8JNYVbsH
KalLo_28_02_1994|50XEtLeZ
KomSv_06_07_1988|09YPnRrO
GorSi_13_11_1999|20CeOVDp
LavAv_14_04_1947|BP6A0SEu
FomMa_24_09_1945|l8Hl6506
BelEl_09_06_1949|E5vLqCxj
KuzMa_19_02_1998|1vLRHfcU
NesAn_27_04_1982|SXk8M6Qb
VolNi_05_09_1998|X3t0kTFv
SchukTi_23_06_1971|2YHqOhBt
EgoAv_02_12_1956|J7OyAb09
KuzTa_16_11_1992|ft0RooJ7
SelSv_13_11_1943|lg7zAPIg
GuschHa_03_05_1961|a3cKKwbK
MedFa_24_02_1966|RC7YGbcn
BelSe_01_07_1958|12BUAnZu
LukPa_03_01_1973|H6fVaxRZ
AgaFa_07_04_1968|G5XsD10G
OreVi_17_12_1971|V0UhXfGp
GroDa_30_08_1984|Oj4MoiRn
GorFe_28_01_1961|5BsCJJdE
SemLyu_06_12_1958|ZCT7RLKr
SyisAs_09_08_1943|BrS9QqNc
TerMe_23_07_1998|jjjEQ0Af
KuzOk_09_02_1972|2D8scQLG
NosAr_14_05_1957|JD8rJtHx
IsaSe_24_11_1975|e4nq9Wiw
SuhMa_07_06_1956|9zH6Mew8
MurEv_26_06_1958|46RwGEdi
EgoGr_31_08_1987|Ds00ApHt
SafAn_01_10_1960|Y9Zz0HDd
BobNa_22_08_1942|7bilLbvU
VlaZa_14_11_1989|YU71gEzM
ErshSt_18_03_1947|1DnHrVPD
RomOk_30_01_1960|Che6cIaL
MurMa_17_10_1949|T6EVfVTk
ZhurYul_29_09_1962|XTAR94Ku
KalFe_18_01_1943|J5wbHJ4d
TihSv_30_09_1968|8IIXaRvk
ZhdaPi_22_01_1941|M58TiLOn
GorDe_31_05_1956|nXA0UDoA
GorAn_27_10_1968|9yY9Gnyq
SidLyu_02_07_1962|d40JrTch
KomFyo_21_07_1979|7Jy4BsoV
StrAp_29_04_1955|3jWdHvOD
TsvePr_03_08_1945|19ZUlb8V
NazSe_02_03_1993|5caDrnfj
NikSi_15_03_1996|gWGsh5Ez
BurEl_18_07_1957|00IRjKa6
IvaIr_22_01_1988|r50TWqax
RyibAn_13_09_1969|J64sCwhb
ProVa_29_05_1948|44VTUmtt
TreRa_27_10_1969|mfo2J8Pt
OrlOk_01_02_1944|hvm67Yf9
ZhdaYak_23_10_1962|91kUUTVs
BobSe_27_11_1967|j6eXHgsb
YakoLyu_31_12_1987|1GtuEDii
GurAf_31_03_1986|7qDh35lC
EvdLyu_14_02_1976|3gsLxI5v
SelEd_11_04_1969|B4NH8cxl
SelRe_18_03_1953|9DM5wxLr
NosKl_06_12_1967|17h85fTv
AleSv_24_10_1993|iJbR6UOb
TerNi_12_01_1949|4BVvCx4U
SokMa_13_11_1942|lrI3H8kC
KapKi_18_06_1945|A8xKTunK
NovLe_16_04_1958|9pGluURl
AntAg_20_04_1962|11FOuNs5
UvaFa_27_05_1990|8htDNH1k
GorLyu_15_01_1980|NNEf5RcP
BelMa_23_09_1987|z34yOvXP
GulPr_31_08_1964|5OtD8did
PonSe_30_03_1942|8Yq2tE3M
SimZha_15_06_1946|3QfiQbbz
TroSo_27_10_1977|6JRI2Ymq
BloLi_09_07_1983|F6zHgmfG
IsaHr_25_05_1946|5G6E31Dq
ZyikIl_24_04_1967|1AYLUYVn
MasAr_23_01_1998|AnE03HPz
MatAn_08_04_1952|K09OqC0o
LavAl_01_01_1948|NCI7DVgT
ZahRa_05_05_1984|4OerrHWZ
SolKo_23_02_1988|s5QlY8pf
GriKs_01_01_1964|Tm4E1SBg
FomGa_15_04_1964|f7FQu6lk
SelEl_22_01_1972|KS9ALXRz
SafAd_31_07_1985|hKZ3vaZa
DemEl_25_09_1983|2L5ImhFI
BurAl_17_03_1957|3NwPYTzj
YakoPr_04_08_1944|oVn3iYAm
NovLu_15_01_1997|7yiVxNap
MolAn_26_11_1989|OE4y0EeR
SitAn_10_06_1970|5X3jfIf8
ZyikKa_07_02_1969|1POE75iL
BelOl_17_07_1965|TB6bW9Rt
Il'Fo_07_08_1957|ZO35wL6k
ZhdaZo_04_10_1964|KZ2UP2Tj
TrePl_18_04_1977|2R0WQkTY
LazNi_05_05_1982|34AgpMmV
SavNo_30_01_1944|CQB7WHnB
RogFo_06_07_1967|O2qP8bEN
TsveEk_01_12_1985|4uZF0Cxk
PetAn_08_09_1989|fY4UfXlj
FomMi_31_05_1994|2YCkBGty
TarTi_31_07_1990|7UawTfpD
YakuYur_14_08_1955|o0U8fDc9
KulLyu_28_02_1981|9US86pwt
KraZha_23_11_1992|5x52XAQk
LapKi_20_01_1948|7OtpuvtK
BesAl_29_09_1993|5tlUjHnS
BelIr_13_02_1961|0Gblxcmx
IgnRe_28_05_1959|WEKGP8Fv
KisVi_07_11_1980|3SKXpAEb
SorHa_05_08_1942|6FGJyt5h
CherTv_07_06_1989|3iL6n4Pu
ScherAn_22_07_1984|1JnKQPWi
IvaSo_22_01_1983|8jPdkHlR
PanMa_15_12_1972|cKuk1fHb
KapMa_14_04_1940|eSn6VYvL
FomMa_02_10_1990|5S7WqGfh
KuzTa_26_10_1974|u0Orz5aJ
BarOl_08_02_1973|4R3ZC1hy
KuzNa_05_12_1961|9iIWAeRe
ZhukFe_24_07_1960|5hbRXqX3
HarMa_23_05_1974|77nJ0Qck
KapEl_18_02_1952|jq73xRTr
GroVi_23_11_1995|pAR0Mh7Z
AbrSi_05_12_1994|cV4zoRbb
KudLyu_04_08_1970|T78FgvJg
KirSi_03_03_1982|syJ6PrGB
UstIo_22_07_1963|0quAZlMm
AksAn_10_03_1978|e31ZNptJ
TarLu_10_02_1968|p4MW9yXf
IsaFo_08_10_1974|88BYhJsq
BobEf_10_12_1941|TX9wYXgK
LogNi_25_07_1983|07Uy9Lih
ZhdaFa_02_11_1941|40N0T0ui
BliEm_15_03_1944|bXX1HOnj
DanAl_07_09_1976|7qssVXbR
BelEm_26_02_1998|GD9FYCdr
SuhVe_16_05_1949|Fqj8CLPs
AntMi_08_07_1979|7zL9QrWp
BobAn_27_06_1951|OtPIE8Gv
EvdEv_13_11_1961|PO5xTjkM
VorLo_20_08_1994|0ZfLEr5c
KazRa_11_04_1987|c3GshReL
PonSi_28_11_1955|1z5jD9At
EgoEr_25_06_1971|92GsojDi
NosGo_16_03_1976|3iFO7vX5
AbrVa_30_08_1987|Oj2Kdcu6
NosLu_02_07_1957|4kYNtcBt
SubNa_06_04_1996|Z15cORlR
ZyikKs_04_01_1956|5GwBqCaX
ByikEk_03_07_1949|p2BHMeMm
KuzBo_26_10_1990|8GxYh52s
KolChe_28_12_1994|5LYcAqjO
HohIv_30_04_1984|472T3qcG
BelMa_15_03_1993|V3V6QXfm
AfaIr_20_08_1995|14UZU0wJ
BobVi_14_01_1988|7SCiJllG
IsaMa_09_06_1950|uX9HvmJc
MihEm_03_08_1975|W4FT5sCu
NosTi_10_01_1953|8IRlkgGm
ZahFo_16_07_1986|87qPCney
KarAn_15_03_1976|S7OnQPxo
FomVe_21_02_1962|l01cZgHw
TerFyo_06_03_1959|jY0pBgmH
ZueGr_14_03_1978|M7Px74Hz
GorAn_19_04_1968|61nVk6Bx
IsaAn_13_06_1970|4aXakcZG
FomAn_23_02_1995|7YBtx2Nw
SelDa_09_06_1944|lc1WrNmU
GulFa_13_11_1949|4BmUMpzM
KosMi_30_08_1992|F87v5JhB
IsaOs_16_04_1999|k5eLVgQw
ZajOk_21_02_1982|hP8CRsUZ
ZajEr_28_11_1989|3j23UZgz
HarVe_10_09_1990|55aAwJFK
ZinSe_01_06_1986|6m1Nzyfn
UvaKl_18_08_1983|6dcUqumf
BraMa_23_02_1994|95TXNrk3
PanMa_09_09_1948|7OUDoKEo
KomAl_23_06_1964|1XNqRspP
TerRo_01_05_1960|c5GEnGUg
KarSi_28_02_1985|4YNcXubj
KalHa_17_01_1952|n4OkDKlU
IsaRyu_05_09_1986|40GVMseq
SuhKa_19_10_1980|5HPFGwJS
MakDa_12_10_1968|3bXihZTc
LarKo_13_05_1965|NFvh6G6t
KapEl_07_04_1999|yz500cEa
VorNa_14_01_1949|N9Mx84qf
YudiIz_26_03_1958|8av2KHeR
ScherOl_03_05_1947|R3Jp6IuK
SuvGl_22_06_1940|Edd2LI7i
NosAn_15_10_1952|N5VgL4fb
ZueUl_09_03_1998|6D2NotIe
TurMa_11_11_1985|0kcWjje0
MyasPa_20_02_1945|L47LmEgK
ArtEl_20_03_1959|8RNoDXjW
SamLe_21_11_1962|Jrw7Djri
MuhKa_23_06_1957|3KjvTrT9
VorAr_30_01_1986|yo1AWkiu
EfrAl_23_11_1971|88FkLjou
ErshSo_10_07_1954|6Y0vzfkG
ZhdaVe_20_12_1989|s5WEFRrN
KazKl_11_01_1977|XDD7A4Ts
AvdFi_23_02_1970|2DTpywhF
FilLyu_25_12_1946|RSi1v3Af
SimMa_24_02_1974|E0SZzrPs
EliSt_21_06_1978|5FSowhOr
DenPe_04_01_1941|94fXGXmh
TsveDa_08_02_1965|0Yg7UK9z
DmiOs_12_12_1942|9R89bS8s
ShirNa_23_07_1958|vm0rVFe0
SchukPo_14_10_1960|7ANxQgwk
MedEv_14_07_1958|5EFRw5ul
FedMa_06_10_1997|bZ4L9Yvp
FilAg_25_07_1943|j6D9M7Zm
EgoKs_19_01_1974|9Wn9xW71
EvsRo_29_10_1958|1nTmKJmb
AvdMa_13_12_1966|6GDOMInx
ArtTa_21_06_1978|9BDAIvA4
AksVe_24_06_1997|K4xd8JCu
AleEl_17_12_1944|cVa5fRdb
GalRa_16_08_1951|3PYWrsUF
PesIya_26_04_1974|8TOuFZox
TerVa_06_08_1991|X38lKqw2
GerVa_06_02_1982|NQ5SmSt7
ZueGl_09_08_1940|6INdxYHV
EvsEp_16_08_1991|w2HimFCp
MerIn_18_04_1997|6DkTcVJ1
ZhurLa_10_03_1965|7CB4T2eF
SazEm_20_07_1952|93AVnoRU
NovNa_06_04_1958|AW61XVNd
MamPa_04_05_1984|3VMoDNmj
BurIr_25_10_1969|n1qHqsyk
NauMa_15_09_1984|2gOFAz7O
IvaGe_07_08_1941|9qCxzYiF
NosEp_31_03_1969|4CraYUjU
VolRe_12_05_1999|5WcVFFZg
VishKs_27_04_1964|0RXI1LIr
PesMi_05_02_1988|N6Fqp6C4
NazNi_13_05_1988|6YYdMhr6
ByikIr_09_08_1947|iK1YDgc2
KryiAn_05_01_1964|e64GmarY
BelIr_03_12_1985|8xFR1tr6
AndGe_04_10_1995|det1CcUF
UvaAl_10_07_1956|8K1s4XiS
IsaAn_14_02_1976|8FFw4fiY
DorTa_24_03_1949|7kF4zckl
PetEm_02_04_1944|a6Yb30O9
PonRa_25_01_1979|Td5Sjesm
SamVa_31_01_1954|2DXzqfLD
ProAv_08_12_1958|P3J9yqNA
KonKa_30_12_1991|79BXJ3ij
HohSp_26_07_1990|1FermDnw
ZahGe_01_02_1951|3wLBExo5
LarKl_27_07_1960|3YJceWXN
MakEr_18_05_1940|CR1Mrwdl
EliAn_07_07_1993|7EDpos28
BelSo_15_06_1964|0ROujKt1
MurOl_06_04_1945|s9ErsEFv
KonBu_17_06_1959|fT8Arcvf
OsiNi_07_01_1992|9RGpCfbp
MoiSi_27_06_1966|S78KhXx0
PanSi_27_05_1968|93dNxTwH
SamZha_16_04_1986|f74mDlQa
ShirSo_27_04_1980|7nnshrIn
GorSt_16_03_1958|7VIThRuW
ZinGr_17_04_1994|i3aN7bgr
NovEv_15_07_1953|L20X6y3I
KozFi_29_10_1972|0SMPOla1
MyasLyu_29_12_1946|H2yI5nqy
UstMa_20_07_1996|6A02gjUb
TihSa_04_07_1986|N97A3MiK
StrUl_04_04_1997|3BVW6cSu
LukTv_27_10_1987|2OGV0JYb
BelFa_15_09_1961|4EtVrBha
SobTa_09_03_1957|O2u1WZaL
BorTr_21_12_1986|6ZsUAYKq
MerTe_12_04_1998|5M8HqfxE
SavMi_22_05_1987|nP5SZqev
GalAg_25_11_1987|F51XDBz0
LihEr_31_07_1953|j6EBE6eo
IsaEv_29_12_1997|1MOC9rJx
GorSv_20_07_1990|rdR3Essx
KorMa_18_12_1949|0YTuEJtZ
RusAn_29_11_1957|0eNYlL6a
PotIr_28_03_1991|87jWK2rW
ScherSi_23_02_1995|5XXxW2Ct
SamEl_25_02_1975|k4oQr95N
AgaSo_21_02_1940|3YzV4aog
FomKi_06_06_1985|L3H9wUk3
DavIr_05_02_1950|8ZS2NhyH
KozZo_13_08_1995|2yYY9p2F
NekIr_15_07_1973|5Soqh5kx
VorVs_09_09_1985|b1pBdvhW
OreSt_14_04_1968|N7MDVrGI
LyitMa_18_01_1991|x2CFufea
BraIv_27_05_1942|Eda4meOv
LukAr_15_10_1981|O0HsTjt0
SidLa_26_10_1974|W1V6XZrF
KorTv_27_01_1943|YY1ZPX6i
TroMa_24_06_1944|m18TYiQY
OrlDo_07_01_1980|99OaamgN
GurVa_08_10_1998|3oYnL4Cu
GorEr_21_11_1993|8LFrPiRZ
MihMa_18_03_1981|9TBC9sTq
KryuLi_02_02_1989|69uJ8Ddb
MirKi_24_05_1960|CC13Lz4f
FroOl_09_02_1985|NeP4XFNs
RyibSt_12_08_1998|WXv0XvRz
KirOl_22_09_1992|Q7xMBruk
FomDa_23_11_1988|k22UKHpO
VolAn_28_05_1974|1CTHYLoy
SimNi_01_03_1991|1t2vRPzu
NikYul_06_08_1986|B9O1Ohb0
MihHr_06_06_1955|g57YvZWd
BobAf_25_02_1998|oQnOU2Ah
MyasGl_26_07_1949|E3uI5ARr
AntIr_22_03_1961|M84nKQHo
SchukIs_21_08_1962|r8QUuTZw
ScherMi_03_05_1948|5TlIcKrr
ZhdaAl_10_06_1996|S2J4olkY
AleTa_16_12_1984|i2Q3VxDr
ByikLi_16_10_1950|Rm9JAIja
ZyikMi_28_02_1997|jk2ZeuuI
TarFa_21_06_1954|vv5qTXRj
ByikAl_06_02_1941|mdi85JZh
DenIv_13_10_1958|nVha6iEt
KopSa_30_09_1959|9E6uB46u
SteIv_12_07_1979|u5K2QENs
MoiVa_02_01_1959|3oRI1hO9
CherMi_02_06_1959|R62gBHug
SemYul_04_04_1942|wJT9XvSi
TreVa_06_04_1953|b1oSbnWz
FedMa_30_11_1983|2Yz6wux3
BliNa_25_02_1991|j9bOotVt
SharRa_29_03_1989|0QK3dvkm
MerEl_20_03_1944|tp2DpvSB
MasLa_10_11_1960|1y4K9urK
EliNi_22_11_1956|5JsGHwia
EvdNa_25_10_1997|5KFzq1Ct
SelUl_28_10_1989|10QCNg5z
KudKa_05_07_1956|F1N6DJbP
VlaFyo_04_05_1983|6gi9QhDT
GorKl_09_02_1956|fD8uPInQ
MerYan_22_12_1995|rNDWB2Hl
TerEm_10_07_1985|5WIMvXxi
KryuPr_29_01_1992|7wyeQNt5
PotAn_21_04_1995|34iRUcek
DemVe_28_12_1983|5UpnmJmH
DorYak_14_05_1953|M9rEapmh
RogIz_21_05_1997|d44kdAez
IgnZi_13_07_1994|K3AASIrd
KonLa_17_10_1997|0dFIJuew
EgoAr_18_01_1980|IT66GKWw
SokVa_29_09_1981|8LaILQag
KolAn_04_06_1988|89JRJhto
OrlGa_02_08_1960|7X1IftFx
GorGr_12_06_1989|PQ0BXkvh
SamVi_05_04_1952|75VIoGJs
MakMa_20_08_1985|14LLcu5p
ArhIr_04_02_1978|a0XBNNpQ
GulLi_30_08_1981|3oAdQSTr
BirEk_21_02_1987|75qZykyz
GuschPa_18_09_1989|Nv0D8slt
D'yaDo_25_01_1945|80OIxXwS
OvchTa_28_07_1968|6CY6EQrE
IsaEv_02_08_1992|0ehAWlaU
GulPo_31_01_1976|t9cbIVVg
SuhMa_19_11_1951|5KEtFCrA
VorMa_20_09_1996|9YmlrkLE
EfrSi_15_12_1940|1cDvcb17
KonEv_27_07_1987|TG1mRaTh
BliVa_13_02_1950|jDZn8SNm
LyitDo_23_05_1952|hS6Syqon
PesAf_13_06_1993|o8MPUfH1
BarMa_17_05_1957|k1InH1BG
KisMi_18_07_1975|1K41jy89
PanNi_24_03_1974|3LYNpLcn
KulKi_28_02_1989|7oFXMilh
MarIr_12_03_1978|9Lat5k2q
YakoVi_12_08_1977|8JYKzsVZ
SmiVi_02_10_1988|xA9M80Pm
IgnAn_10_07_1940|zdJ0VLpj
TroIr_03_08_1996|R0k231Ts
MerLu_17_04_1991|9kQpoeMg
SimRo_22_10_1952|3QBLyGYW
AbrUs_19_06_1987|56jT4CtX
GerYar_09_01_1951|q5J6tRH5
Il'Ni_13_08_1958|YZ8vDrMp
MyasEg_28_12_1960|0DJ241Zp
LapKi_07_04_1981|y52rUYax
MakIv_13_08_1950|c4HixRil
DenEl_30_01_1971|qj9FOFlq
IvaEl_01_05_1960|6Prdpdz2
KirAl_25_11_1944|83VNC5Te
LebVe_04_07_1998|86jPRMlW
SemIp_14_10_1970|3qZhrsB4
AbrVa_15_02_1977|w2CTfjpo
KoshEk_01_07_1945|3SkcfQpa
KisZha_01_03_1968|XS48KNmf
PonMi_03_07_1964|W4AkIPnZ
PanLi_18_08_1973|H4PRQiNs
GalZha_09_04_1998|Oig1Lxb4
