32|Наумов|Ратибор|Адрианович|1984-11-28|м|37|8 (253) 644-1731|grigori1996@gmail.com|20000|NauRa_28_11_1984
71|Павлов|Парфен|Филатович|1963-10-30|м|26|8 151 126 37 37|lavr_2011@kulakov.edu|65000|PavPa_30_10_1963
22|Рябов|Ефрем|Архипович|1973-03-27|м|28|+79533025786|grigori_88@oao.ru|65000|RyabEf_27_03_1973
60|Суханов|Вениамин|Филимонович|1997-08-23|м|8|+7 789 987 9406|mjasnikovvjacheslav@yahoo.com|70000|SuhVe_23_08_1997
5|Фролова|Кира|Викторовна|1997-12-02|ж|45|+7 546 217 3534|zhdanovaljubov@hotmail.com|55000|FroKi_02_12_1997
29|Анисимова|Василиса|Кирилловна|1993-11-04|ж|44|8 (536) 107-74-34|iraida2017@oao.org|25000|AniVa_04_11_1993
99|Виноградова|Дарья|Петровна|1996-06-11|ж|27|8 (143) 869-05-54|kallistrat_55@mail.ru|75000|VinDa_11_06_1996
77|Ширяева|Маргарита|Игоревна|1955-12-24|ж|10|+7 (604) 986-79-14|danilovboris@gmail.com|50000|ShirMa_24_12_1955
81|Аксенова|Марина|Валентиновна|1959-10-04|ж|36|+7 261 102 7880|subbotinafanasi@ip.ru|20000|AksMa_04_10_1959
75|Самойлов|Макар|Вилорович|1981-11-17|м|42|+7 984 590 03 99|izueva@yandex.ru|15000|SamMa_17_11_1981
50|Муравьев|Ананий|Валерианович|1994-04-08|м|43|+7 (582) 042-64-73|jakubkulikov@hotmail.com|45000|MurAn_08_04_1994
14|Трофимова|Евгения|Викторовна|1953-07-25|ж|12|+7 (240) 024-3347|visheslavanisimov@yahoo.com|15000|TroEv_25_07_1953
2|Котов|Твердислав|Валентинович|1979-10-10|м|1|8 319 728 66 38|frolovaninel@rambler.ru|20000|KotTv_10_10_1979
86|Константинов|Леон|Аверьянович|1982-11-13|м|17|+7 141 509 7679|zhanna_74@mail.ru|10000|KonLe_13_11_1982
63|Туров|Евсей|Зиновьевич|1980-10-29|м|7|82859528139|rogovprohor@mail.ru|70000|TurEv_29_10_1980
4|Суворова|Юлия|Кузьминична|1998-07-22|ж|27|+7 (974) 523-1291|filaret76@gmail.com|75000|SuvYul_22_07_1998
35|Филиппова|Марина|Филипповна|1998-04-16|ж|46|8 977 963 5025|taras1978@yandex.ru|75000|FilMa_16_04_1998
91|Макаров|Рюрик|Терентьевич|1969-11-24|м|48|+7 717 158 14 94|tverdislav2006@fedorov.ru|45000|MakRyu_24_11_1969
18|Гурьева|Ульяна|Филипповна|1963-08-13|ж|39|+7 (949) 245-39-00|selivan_02@mail.ru|10000|GurUl_13_08_1963
59|Лазарев|Трофим|Евстигнеевич|1954-07-21|м|6|+7 992 103 86 22|boleslav60@mail.ru|20000|LazTr_21_07_1954
64|Анисимов|Афиноген|Устинович|1977-05-12|м|1|+7 856 466 8477|fbespalov@zao.ru|50000|AniAf_12_05_1977
7|Константинов|Варлаам|Юлианович|1944-03-26|м|37|8 331 597 5073|antonina_97@ao.net|20000|KonVa_26_03_1944
44|Беляев|Фадей|Тихонович|1959-05-31|м|8|8 447 658 0735|bvolkova@hotmail.com|10000|BelFa_31_05_1959
67|Борисова|Агата|Игоревна|1985-07-06|ж|44|8 621 740 1601|kkomissarov@gmail.com|65000|BorAg_06_07_1985
26|Потапов|Прохор|Федосьевич|1948-09-04|м|37|8 063 332 6370|akulina_69@ao.net|40000|PotPr_04_09_1948
31|Давыдова|Регина|Богдановна|1964-04-18|ж|35|8 (293) 162-72-37|belozerovjaroslav@hotmail.com|35000|DavRe_18_04_1964
38|Гордеев|Наум|Антипович|1988-08-03|м|11|+7 (890) 825-4576|shubinzosima@fedorova.edu|75000|GorNa_03_08_1988
83|Кириллов|Антонин|Ильич|1998-06-01|м|27|8 658 562 13 83|mishinapollinari@oao.biz|65000|KirAn_01_06_1998
52|Лобанов|Ратибор|Фадеевич|1978-03-29|м|12|+7 (273) 414-5135|zuevaoksana@rambler.ru|25000|LobRa_29_03_1978
54|Колобов|Борис|Ерофеевич|1987-02-02|м|43|8 (231) 078-75-46|subbotinhariton@ooo.ru|75000|KolBo_02_02_1987
78|Григорьева|Октябрина|Геннадьевна|1975-04-02|ж|36|8 002 038 09 34|vasilevavalentina@yandex.ru|50000|GriOk_02_04_1975
21|Кулаков|Савва|Юлианович|1960-08-26|м|1|+7 620 338 3484|maksimiljan2006@yandex.ru|70000|KulSa_26_08_1960
12|Фомичева|Кира|Андреевна|1982-08-29|ж|29|+7 (625) 302-9651|kornil_2020@ooo.net|55000|FomKi_29_08_1982
37|Сорокин|Будимир|Гордеевич|1945-09-18|м|0|+72497702884|anike_1974@ip.edu|65000|SorBu_18_09_1945
90|Соболев|Петр|Данилович|1962-09-22|м|41|+7 047 480 8651|fortunat2009@hotmail.com|75000|SobPe_22_09_1962
6|Тихонов|Адриан|Витальевич|1947-12-18|м|25|+7 042 489 7671|sidor64@medvedeva.org|10000|TihAd_18_12_1947
9|Потапов|Сильвестр|Фокич|1946-03-23|м|41|+7 (212) 200-3004|cheslavstrelkov@yahoo.com|55000|PotSi_23_03_1946
20|Стрелков|Александр|Вячеславович|1976-08-29|м|10|8 938 219 65 05|vinogradovlongin@yandex.ru|25000|StrAl_29_08_1976
30|Максимов|Аверкий|Ильясович|1958-07-04|м|39|8 528 058 04 99|savva1997@gmail.com|40000|MakAv_04_07_1958
33|Козлова|Зоя|Владимировна|1978-09-19|ж|18|+73976730944|platon2009@ip.ru|25000|KozZo_19_09_1978
47|Комиссарова|Антонина|Ниловна|1975-05-11|ж|1|8 (767) 006-5961|titovjuvenali@yahoo.com|55000|KomAn_11_05_1975
92|Лазарев|Селиван|Виленович|1986-10-03|м|44|+7 469 043 6031|borisovazoja@mail.ru|65000|LazSe_03_10_1986
42|Лихачев|Ратибор|Георгиевич|1983-08-30|м|14|8 270 521 6202|milovan2002@yahoo.com|65000|LihRa_30_08_1983
19|Копылова|Полина|Максимовна|1976-08-01|ж|12|8 464 194 9117|gurevljubosmisl@gmail.com|15000|KopPo_01_08_1976
53|Коновалов|Осип|Аверьянович|1965-12-04|м|26|+7 212 785 07 55|vsemil28@markova.ru|45000|KonOs_04_12_1965
65|Хохлова|Милица|Дмитриевна|1949-12-05|ж|19|+7 (483) 458-86-74|lobanovnikon@yandex.ru|25000|HohMi_05_12_1949
70|Громов|Георгий|Марсович|1955-03-17|м|23|+7 (246) 083-3512|bobilevradovan@oao.biz|70000|GroGe_17_03_1955
27|Полякова|Екатерина|Робертовна|1957-01-01|ж|43|+7 (580) 832-3402|belozerovafaina@mail.ru|70000|PolEk_01_01_1957
41|Щербаков|Адриан|Харлампьевич|1993-01-05|м|32|8 731 263 8915|paramon1994@rao.net|15000|ScherAd_05_01_1993
69|Третьякова|Лукия|Афанасьевна|1979-08-14|ж|35|8 252 992 5236|evfrosinija1980@rao.net|70000|TreLu_14_08_1979
3|Щербаков|Иосиф|Германович|1994-04-21|м|45|8 (941) 138-4857|apollinarikrjukov@yahoo.com|45000|ScherIo_21_04_1994
15|Фадеев|Сильвестр|Игнатьевич|1940-03-24|м|9|8 820 369 8709|solovevamilitsa@zao.ru|70000|FadSi_24_03_1940
66|Полякова|Любовь|Евгеньевна|1975-03-30|ж|30|82250938215|jkulikova@mail.ru|60000|PolLyu_30_03_1975
28|Гаврилов|Иосиф|Гордеевич|1986-01-18|м|35|8 555 564 8822|mitofangalkin@hotmail.com|60000|GavIo_18_01_1986
56|Егоров|Леон|Игнатьевич|1943-08-30|м|8|8 (364) 624-8561|kazakovaivanna@npo.org|55000|EgoLe_30_08_1943
10|Калашникова|Агафья|Валериевна|1947-02-19|ж|32|+7 391 668 71 31|sharovjulian@rambler.ru|40000|KalAg_19_02_1947
17|Зыков|Максимильян|Глебович|1986-09-29|м|45|88614803164|sergeevapelageja@frolov.com|15000|ZyikMa_29_09_1986
88|Одинцов|Савелий|Ермилович|1943-09-21|м|41|+7 (779) 398-87-47|emeljanovaanastasija@gmail.com|50000|OdiSa_21_09_1943
97|Орлова|София|Захаровна|1980-05-31|ж|17|8 607 165 66 93|lukafadeev@oao.com|55000|OrlSo_31_05_1980
74|Миронов|Серафим|Харлампович|1963-08-11|м|14|+7 377 929 0817|longin1993@yandex.ru|10000|MirSe_11_08_1963
13|Кондратьева|Таисия|Харитоновна|1986-04-19|ж|19|+7 (306) 964-5675|izmail_85@ip.org|75000|KonTa_19_04_1986
96|Шарапова|Евдокия|Владиславовна|1947-08-24|ж|0|+70762106836|hzueva@velesstro.info|25000|SharEv_24_08_1947
34|Горбунов|Борис|Архипович|1943-03-06|м|43|8 767 221 34 45|sharovaivanna@ao.net|50000|GorBo_06_03_1943
16|Осипова|Элеонора|Болеславовна|1978-07-11|ж|25|+7 (414) 452-18-61|fkulakov@zao.net|75000|OsiEl_11_07_1978
39|Лаврентьев|Агап|Фокич|1967-04-08|м|17|8 (671) 625-5166|natan_77@domrf.ru|15000|LavAg_08_04_1967
79|Мясникова|Василиса|Александровна|1965-11-04|ж|39|+7 (593) 457-5907|egorovvikenti@yahoo.com|70000|MyasVa_04_11_1965
45|Елисеева|Марина|Семеновна|1968-11-08|ж|19|+7 707 908 69 16|klavdi1973@hotmail.com|75000|EliMa_08_11_1968
73|Иванов|Федосий|Аксёнович|1974-01-05|м|47|8 685 340 5769|kulagindmitri@smirnov.edu|10000|IvaFe_05_01_1974
98|Дементьева|Тамара|Феликсовна|1941-09-14|ж|16|+7 (401) 238-2370|danila_25@hotmail.com|10000|DemTa_14_09_1941
61|Владимиров|Андрон|Якубович|1980-05-23|м|48|8 (950) 507-80-52|ptimofeeva@yandex.ru|15000|VlaAn_23_05_1980
36|Орехова|Виктория|Антоновна|1984-07-13|ж|46|8 (244) 935-0770|osip_2002@oao.org|65000|OreVi_13_07_1984
76|Блохин|Любосмысл|Трофимович|1941-11-30|м|38|+7 (331) 179-4563|nsergeev@ooo.biz|20000|BloLyu_30_11_1941
48|Игнатова|Фаина|Натановна|1975-05-13|ж|46|+7 236 743 9285|stojansazonov@adidas.org|40000|IgnFa_13_05_1975
46|Рогова|Людмила|Максимовна|1947-04-14|ж|41|8 225 553 5934|iegorova@merkushev.ru|55000|RogLyu_14_04_1947
62|Казакова|Майя|Болеславовна|1993-03-14|ж|45|8 (199) 012-08-14|tatjana_2014@rambler.ru|55000|KazMa_14_03_1993
23|Давыдова|Анна|Андреевна|1950-06-10|ж|12|+7 (801) 196-90-00|ilarion18@novostal.edu|65000|DavAn_10_06_1950
8|Щукина|Октябрина|Альбертовна|1965-07-30|ж|29|+7 382 571 83 70|matve_1970@rambler.ru|70000|SchukOk_30_07_1965
89|Князев|Эраст|Архипович|1940-07-24|м|3|8 520 721 3667|ustin_2004@yandex.ru|40000|KnyaEr_24_07_1940
49|Александров|Демьян|Фомич|1941-06-24|м|42|+7 358 414 97 01|mark1983@yandex.ru|15000|AleDe_24_06_1941
87|Игнатьева|Октябрина|Валериевна|1968-09-03|ж|30|+7 424 810 27 51|antonin06@gmail.com|75000|IgnOk_03_09_1968
80|Игнатьев|Никандр|Захарьевич|1973-04-19|м|18|8 615 511 0240|avdezuev@mail.ru|15000|IgnNi_19_04_1973
100|Молчанова|Светлана|Антоновна|1979-04-21|ж|38|+7 007 107 0299|rusakovjakov@rusagro.com|15000|MolSv_21_04_1979
1|Фадеев|Лука|Викентьевич|1989-08-21|м|6|+7 (003) 934-61-43|sitnikovtimofe@yahoo.com|55000|FadLu_21_08_1989
57|Логинов|Юрий|Германович|1965-09-22|м|44|+74188959927|zhuravlevaanzhelika@gmail.com|30000|LogYur_22_09_1965
84|Никонова|Вера|Игоревна|1952-04-08|ж|43|+79570195287|antip_48@oao.info|50000|NikVe_08_04_1952
24|Кириллова|Наина|Ефимовна|1947-04-23|ж|9|+7 741 898 3536|dmitri_1971@gmail.com|40000|KirNa_23_04_1947
72|Осипов|Севастьян|Артёмович|1986-02-09|м|11|+7 (306) 325-69-89|polina_11@udmurtneft.ru|30000|OsiSe_09_02_1986
51|Фомин|Яков|Афанасьевич|1957-12-27|м|34|8 864 182 76 75|hkirillov@gmail.com|15000|FomYak_27_12_1957
25|Гуляева|Нинель|Романовна|1962-08-13|ж|8|+7 444 953 99 26|vvolkova@yahoo.com|70000|GulNi_13_08_1962
82|Воронова|Наталья|Юльевна|1940-01-27|ж|17|8 706 874 6411|ivanovaolga@yandex.ru|60000|VorNa_27_01_1940
55|Николаев|Ладислав|Фролович|1946-09-19|м|21|+7 634 565 1475|frol21@npo.biz|10000|NikLa_19_09_1946
94|Филиппов|Мина|Тимурович|1990-12-01|м|16|+7 846 428 07 17|artemi75@oao.com|70000|FilMi_01_12_1990
85|Пономарева|Надежда|Даниловна|1953-03-30|ж|38|+7 (582) 220-93-62|afanasevafinogen@gruppa.com|10000|PonNa_30_03_1953
95|Яковлева|Любовь|Олеговна|1987-10-03|ж|38|8 (987) 767-66-48|prohorovmir@yandex.ru|10000|YakoLyu_03_10_1987
11|Комиссарова|Маргарита|Леонидовна|1978-09-11|ж|8|+7 (201) 801-5568|fedotovaristarh@mail.ru|60000|KomMa_11_09_1978
40|Ковалева|Таисия|Львовна|1984-07-23|ж|27|8 (756) 127-97-05|vitalidorofeev@rao.com|70000|KovTa_23_07_1984
68|Фадеев|Богдан|Евсеевич|1952-09-10|м|31|+73298783171|olimpiada_1974@rambler.ru|60000|FadBo_10_09_1952
93|Назаров|Амвросий|Фокич|1993-08-08|м|7|8 810 562 4889|isidor2015@hotmail.com|55000|NazAm_08_08_1993
58|Белоусов|Дмитрий|Ерофеевич|1964-12-19|м|7|+75531646882|juli_1990@yandex.ru|70000|BelDm_19_12_1964
43|Комарова|Елена|Вениаминовна|1941-08-07|ж|23|+7 (620) 182-6719|anzhelika_2007@yandex.ru|45000|KomEl_07_08_1941
