Омская обл.|5506|9
Амурская обл.|1609|7
Чукотский АО|3999|4
Еврейская АО|8634|9
Приморский край|7953|7
Ненецкий АО|3573|3
Ставропольский край|9469|7
Костромская обл.|6360|1
респ. Татарстан|7750|4
Орловская обл.|8837|7
респ. Северная Осетия - Алания|9040|6
Белгородская обл.|2092|3
респ. Башкортостан|2880|3
респ. Чечня|8436|8
Ямало-Ненецкий АО|2338|7
Камчатский край|125|8
Красноярский край|8133|2
Воронежская обл.|1986|2
Калужская обл.|2785|5
Томская обл.|4889|4
Краснодарский край|3105|1
Смоленская обл.|3708|1
Тульская обл.|1552|1
Пермский край|2611|7
Ханты-Мансийский АО|2014|8
респ. Хакасия|4154|8
респ. Алтай|9528|8
респ. Коми|271|3
респ. Калмыкия|3581|8
респ. Тыва|6705|4
Саратовская обл.|5688|5
Иркутская обл.|6399|7
респ. Саха (Якутия)|5010|2
респ. Адыгея|8210|5
Ярославская обл.|9037|4
Ленинградская обл.|3824|4
респ. Удмуртия|4044|4
Рязанская обл.|5044|5
респ. Бурятия|2563|5
респ. Кабардино-Балкария|989|9
Архангельская обл.|700|1
Волгоградская обл.|8626|4
Алтайский край|5865|3
Забайкальский край|8659|9
Хабаровский край|9069|6
Калининградская обл.|7176|3
респ. Мордовия|7930|8
респ. Карелия|9504|3
Новосибирская обл.|7420|2
респ. Дагестан|2609|9
Ульяновская обл.|171|5
Самарская обл.|5927|7
Новгородская обл.|8683|7
Свердловская обл.|2202|7
Магаданская обл.|5936|7
Пензенская обл.|6840|2
Сахалинская обл.|6731|9
респ. Марий-Эл|6984|5
Брянская обл.|8585|6
респ. Чувашия|3171|2
Кемеровская обл.|8390|4
Липецкая обл.|2579|8
Тверская обл.|2074|6
Тамбовская обл.|2360|9
респ. Карачаево-Черкесия|7256|9
Челябинская обл.|2166|2
Кировская обл.|6934|3
респ. Крым|7591|9
Псковская обл.|8047|2
Курская обл.|9198|3
