95171579|ст. Цимлянск, наб. Рылеева, д. 1/1 к. 9, 615680|BobVa_12_04_1959
92301849|с. Яшалта, наб. Майская, д. 7 к. 933, 842611|MolIp_28_12_1963
49570823|г. Поронайск, пер. Киевский, д. 2/9 стр. 6/3, 186563|MatPr_07_04_1967
67256990|д. Тырныауз, наб. Запрудная, д. 1/1 стр. 304, 834168|SitZo_15_01_1973
98663439|г. Хасан, пер. Кузнецова, д. 64 стр. 6/6, 203735|LavFe_10_06_1950
09222922|клх Шадринск, алл. Карбышева, д. 7 к. 558, 963129|SokNa_18_03_1996
56221633|п. Кингисепп, ш. Раздольное, д. 539 к. 59, 039774|VorPr_28_03_1986
98073214|г. Верхний Тагил, ш. Димитрова, д. 6, 154113|SidVa_22_08_1960
12395255|к. Чокурдах, пр. Парижской Коммуны, д. 94, 807831|PesAf_09_06_1957
80254416|д. Гремячинск (Бурят.), бул. Иркутский, д. 6/3 к. 575, 930882|MerNa_31_10_1952
40369150|с. Завьялиха, бул. Черняховского, д. 9/9 к. 62, 345200|VishPe_15_01_1962
58235836|ст. Чита, ш. Жукова, д. 847 к. 9, 907182|KosPr_19_07_1983
38767234|п. Фатеж, ш. Кубанское, д. 512, 908490|ErmOs_20_07_1977
40665023|к. Качканар, бул. Запорожский, д. 5 стр. 19, 717135|KolZo_20_07_1943
18869842|ст. Нальчик, ул. Школьная, д. 7/8, 856011|KopLa_03_05_1976
40273563|д. Энгельс, пер. Комсомольский, д. 4/7 стр. 29, 209562|BelAl_26_11_1951
15892126|п. Гудермес, ш. Набережное, д. 7 стр. 6/5, 665618|SemRa_14_09_1953
79799027|ст. Домодедово, пр. Петровский, д. 660 стр. 8/8, 089733|MedSp_09_08_1994
99539016|клх Ершов, алл. Вольная, д. 6 стр. 2, 320284|GurSv_15_09_1954
34670521|к. Эльтон, пр. Медицинский, д. 7/8, 666355|ZueMa_01_10_1995
84730404|к. Оса, наб. Фабричная, д. 1 к. 682, 573056|OvchVa_17_08_1950
85004665|д. Боровск, алл. Юбилейная, д. 4/2 к. 95, 565542|ArtKl_16_01_1961
48702454|ст. Кулу, бул. Санаторный, д. 2, 023489|GulIn_12_03_1960
90067426|с. Ребриха, наб. Сосновая, д. 556 стр. 2, 135941|LihZha_02_07_1989
12418671|с. Псков, ул. Февральская, д. 6/4 стр. 93, 948606|NosEv_06_07_1992
20210861|д. Москва, пер. Тупиковый, д. 12, 556397|KomKl_03_04_1954
77945662|с. Щельяюр, пер. Светлый, д. 302 стр. 3, 909744|UstAk_29_04_1992
40865607|ст. Тихвин, пр. Лесхозный, д. 71, 857384|GorAr_01_05_1976
99947071|к. Славянск-на-Кубани, наб. Верхняя, д. 8 к. 74, 726102|RogNo_31_12_1978
65926338|к. Чокурдах, ул. Шаумяна, д. 3, 697052|PetHa_23_06_1942
16720732|п. Котлас, пр. Прудовой, д. 143 к. 73, 623498|MorMa_18_06_1985
44707699|п. Октябрьский (Башк.), ш. Звездное, д. 399 к. 2, 643139|AleUl_05_03_1944
92970731|клх Печора, наб. Кленовая, д. 69 к. 4/7, 583025|GolAn_22_12_1952
97179320|г. Тосно, бул. Громова, д. 9/7, 130972|EvsEv_19_02_1954
77461254|г. Хатанга, наб. Безымянная, д. 75 стр. 8/8, 857377|GriGa_24_12_1978
79468770|ст. Нижнекамск, алл. Владимирская, д. 4 к. 398, 994553|KraVe_08_10_1973
48134774|г. Оймякон, ул. Рябиновая, д. 764 стр. 39, 649076|MasAv_15_08_1971
17833554|д. Петрозаводск, пер. Гаражный, д. 17 к. 912, 083586|VlaMa_09_11_1981
24417181|г. Куртамыш, наб. Мельничная, д. 4 к. 7, 813703|VorTa_16_08_1968
55669405|клх Волгоград, пр. Славянский, д. 7, 714755|FadBo_27_06_1943
41603918|п. Ясный (Оренб.), наб. Социалистическая, д. 187 к. 85, 682784|TitMi_10_03_1966
58066027|ст. Агинское (Забайк.), наб. Докучаева, д. 81 стр. 773, 991729|OreYul_07_10_1948
71573595|п. Североморск, пр. Совхозный, д. 2/4 стр. 3, 555797|MakAl_14_07_1941
28716549|г. Кырен, ш. Максима Горького, д. 46 к. 9/1, 396315|LebNi_10_04_1980
85829411|п. Каспийск, ш. Лесозаводское, д. 2 стр. 7, 706588|LarZha_24_03_1951
74363056|ст. Дудинка, ш. Майское, д. 5, 950107|DavLyu_12_11_1981
04026747|с. Великий Устюг, пер. Пограничный, д. 969, 888043|SteBo_25_09_1981
13974497|ст. Нурлат, алл. Энергетиков, д. 94 стр. 9/6, 997185|ZueAg_24_01_1975
10967881|к. Урус-Мартан, ш. Полтавское, д. 9/1 стр. 18, 593763|KapBo_11_04_1994
65566824|клх Тайшет, наб. Войкова, д. 5/8 к. 6, 633815|BolNa_12_10_1944
07108235|г. Ведено, пер. Дачный, д. 5/1 стр. 330, 533011|KuzKl_05_06_1976
23539457|с. Комсомольск-на-Амуре, пр. Водников, д. 9 стр. 8, 888416|MoiAg_10_12_1952
05636495|г. Петушки, ш. Кирпичное, д. 3, 416808|PotAl_21_03_1987
85338579|к. Амдерма, пр. Строителей, д. 94, 896308|PanAv_05_05_1960
38602719|клх Нарткала, ул. Орловская, д. 4 стр. 8, 903178|TsveZi_26_01_1986
05051465|п. Комсомольск-на-Амуре, ш. Волкова, д. 57 к. 83, 982883|TarIz_09_08_1996
48191913|д. Южно-Курильск, бул. Больничный, д. 331 стр. 5/5, 451536|NikNe_21_12_1981
19885636|г. Верещагино (Перм.), пр. Южный, д. 5 к. 6/9, 093867|SemNa_08_01_1980
80184959|с. Тайшет, ул. Олимпийская, д. 2, 079085|KarVi_24_04_1960
25322811|д. Махачкала, пер. Ключевой, д. 5 к. 86, 178636|KryiFa_18_05_1988
01221916|с. Йошкар-Ола, ул. Запрудная, д. 439, 974504|RusIv_15_07_1980
84977328|к. Усолье Сибирское, бул. Олега Кошевого, д. 5/4 стр. 4/9, 888519|ZhukDe_12_12_1943
97181248|к. Плес, алл. Бажова, д. 43, 027241|KudAf_08_09_1999
02838229|с. Сковородино, ул. Социалистическая, д. 2/8 стр. 6/3, 700684|SamEv_26_08_1964
92397101|ст. Темрюк, пр. Льва Толстого, д. 7, 652336|FomMe_01_12_1956
11913467|г. Череповец, бул. Шевченко, д. 36 стр. 342, 410013|SokMi_14_03_1961
51762261|д. Усть-Кулом, пр. Коммунальный, д. 2/5 стр. 944, 152915|MedPo_19_04_1991
28220060|г. Ханты-Мансийск, пер. Учительский, д. 289 к. 574, 980429|RomVa_08_04_1998
16476943|к. Малоярославец, алл. Студенческая, д. 4 к. 37, 580082|BelPe_24_01_1965
66583752|д. Серов, бул. Воровского, д. 791, 587608|VinKs_19_08_1998
07548277|г. Биробиджан, наб. Молодежная, д. 376 стр. 64, 757273|ShesNa_05_07_1946
87912456|д. Хасавюрт, пер. Овражный, д. 3/6 к. 570, 267331|LobGa_26_11_1986
26830629|п. Нягань, алл. Титова, д. 5 к. 628, 515195|RyibRe_21_05_1971
19625225|г. Горно-Алтайск, алл. Береговая, д. 864 к. 8/5, 523137|SilVa_14_09_1944
92204317|ст. Рубцовск, наб. Матросова, д. 58 к. 86, 956502|IvaEr_29_12_1992
93026796|д. Бузулук, алл. Аэродромная, д. 482, 242406|SimOl_17_09_1997
06757519|г. Томпа, алл. Харьковская, д. 2, 405931|SazAl_23_09_1952
66757474|к. Салават, пер. Просвещения, д. 970 к. 3, 165591|ZhukIya_03_05_1966
65128633|г. Курган, наб. Тепличная, д. 1, 408681|Il'Pr_20_02_1981
78821972|ст. Калачинск, пр. Пролетарский, д. 86, 922096|LebEv_17_08_1995
76376023|к. Забайкальск, наб. Вольная, д. 3/9 стр. 1, 605744|SorYan_30_07_1980
79569309|к. Дагомыс, алл. Садовая, д. 42 стр. 1/8, 953619|MirLe_04_06_1961
03200919|п. Ноябрьск, ул. Кирпичная, д. 1 к. 3/1, 182081|MuhPa_15_12_1987
78657274|к. Ирбит, бул. Придорожный, д. 656 стр. 1/2, 550825|StrAn_19_04_1949
38233395|д. Яшалта, ул. Депутатская, д. 479 к. 7, 505534|SchukYar_01_03_1950
75275785|г. Валаам, ул. Слободская, д. 101 к. 9, 559048|SemLyu_05_01_1952
64964997|клх Чегем, бул. 9 мая, д. 53, 726179|VishKa_18_10_1969
31246361|клх Углич, пр. Севастопольский, д. 5 к. 4, 892600|GroIz_09_12_1970
18472653|ст. Середниково, алл. Логовая, д. 2, 992327|KabTa_05_11_1983
80312246|д. Иваново, бул. Степана Разина, д. 5/7, 023211|VinIr_09_01_1981
48713962|д. Екатеринбург, алл. Бабушкина, д. 8 к. 8, 476515|DmiAn_03_04_1983
53925138|к. Палана, пр. Дорожный, д. 553 стр. 633, 588540|NazVa_29_05_1994
55934909|с. Киренск, алл. Таманская, д. 202, 620214|IgnNa_14_03_1996
49806557|г. Геленджик, пр. Зеленый, д. 702 к. 7/2, 159919|GerTv_12_11_1978
98681365|п. Луховицы, пер. Гвардейский, д. 821 стр. 706, 702662|VlaEl_20_11_1951
27497364|с. Баксан, пр. Ясный, д. 6 стр. 793, 982168|FroVl_29_01_1993
69669231|п. Краснотурьинск, ул. Глинки, д. 9 к. 95, 172036|KomOl_08_05_1983
97510697|к. Шатой, пр. Уральский, д. 65, 560262|PanKa_09_12_1983
68662646|к. Самара, пер. Западный, д. 9/9 к. 68, 200753|PetLu_05_10_1968
92975323|д. Комсомольск-на-Амуре, пер. Крайний, д. 27 к. 694, 205878|BurUs_05_06_1993
99977849|с. Инта, ул. Красина, д. 4, 311280|GorEv_17_08_1983
92849600|клх Псков, ул. Коллективная, д. 28 к. 12, 917787|CherLa_04_09_1983
05121250|п. Чайковский, пр. Карла Маркса, д. 16 стр. 8, 416049|EvsVi_24_08_1963
53036193|п. Челюскин, наб. Красных Партизан, д. 2 стр. 992, 233193|LarRa_08_12_1957
40616292|г. Гремячинск (Перм.), ш. Колхозное, д. 62, 058178|NazVe_16_08_1982
35003939|с. Кыштым, пер. Лунный, д. 543 стр. 718, 319989|ZinPe_29_12_1979
92445765|г. Поронайск, ш. Фадеева, д. 4/3, 638468|SuhEl_24_10_1974
93113540|г. Уссурийск, бул. Красина, д. 464 стр. 7, 528845|RozhMi_12_02_1965
15355270|г. Стрежевой, пер. Клубный, д. 5/4, 418750|BorPe_06_11_1943
68072988|клх Урюпинск, ул. Братская, д. 454 к. 4/7, 920608|TetKu_19_03_2000
20484712|ст. Шатура, алл. Новоселов, д. 7/6, 848717|RozhOk_11_08_1983
87904550|к. Александровск-Сахалинский, наб. Вавилова, д. 7/7, 509402|GriVa_06_05_1980
65574225|к. Курган, ш. Озерное, д. 77 к. 5, 950596|RyibAm_25_10_1953
96123188|ст. Ельня, пер. Абрикосовый, д. 4/3 стр. 34, 216428|MakEl_18_07_1967
10104736|с. Калачинск, ул. Больничная, д. 5, 537564|ShesGa_24_03_1966
97261964|г. Канск, алл. Лазурная, д. 4/9, 005321|ScherSv_27_04_1989
42937999|с. Шелехов, пр. Герцена, д. 36, 128133|SilTa_25_08_1979
75161453|с. Таганрог, алл. Береговая, д. 857 стр. 99, 949798|KulMa_08_08_1974
44535636|к. Шадринск, пр. Кедровый, д. 449, 316787|KulYan_05_11_1967
57220529|клх Надым, пер. Безымянный, д. 19 к. 8/6, 449969|KisAn_16_02_1957
07755378|с. Шарья, ул. Геологическая, д. 5/2 к. 9, 976779|KryiRu_12_08_1990
93894272|г. Южно-Курильск, пр. Выгонный, д. 964 стр. 86, 452756|DanPo_12_01_1948
67349876|п. Минусинск, ул. Комсомольская, д. 80, 051577|SobDa_29_09_1995
88546377|п. Тосно, наб. Нефтяников, д. 9/7, 587138|AntFa_11_05_1958
74124770|ст. Когалым, бул. Подлесный, д. 7 стр. 9/4, 566780|LazVi_07_08_1970
48237796|клх Новая Игирма, наб. Семашко, д. 4 к. 6/4, 160443|ArtZi_06_05_1984
66023937|д. Тырныауз, ш. Базарное, д. 8, 720638|SidIv_13_06_1999
10570135|ст. Партизанск, ул. Лермонтова, д. 9 к. 561, 604943|MamZo_11_01_1989
17894876|клх Усть-Ордынский, алл. 50 лет ВЛКСМ, д. 19 к. 6/5, 251822|MirNo_26_05_1994
65360705|клх Хабаровск, наб. Ушакова, д. 95 к. 2, 279087|PetVa_17_09_1969
98069538|клх Кингисепп, ул. Сурикова, д. 8/3 стр. 7/6, 417556|MelYak_19_10_1979
14994265|д. Бугуруслан, пр. Школьный, д. 7/5, 024566|MirSa_01_07_1984
20799427|ст. Кировск (Ленин.), алл. Победы, д. 5/2, 928101|VasNi_26_01_1959
43671656|ст. Кетченеры, пер. 40 лет Октября, д. 2, 263121|BorPr_15_12_1964
09151079|г. Мостовской, пр. Гоголя, д. 6/2 стр. 753, 077608|PanIl_22_03_1954
29773664|д. Качканар, пр. Достоевского, д. 4 стр. 27, 655229|BogSi_26_11_1945
74160716|с. Смоленск, пер. Водопроводный, д. 692 стр. 4, 823769|GusVa_13_05_1941
16995215|клх Славгород, ш. Суворова, д. 77 к. 2/2, 411002|SavTa_10_12_1953
84493965|к. Нарым, ул. Герцена, д. 11 к. 4, 885134|FadAl_21_11_1946
62608794|п. Хасан, ш. Черноморское, д. 38, 233458|SmiMa_09_07_1948
33733661|д. Коломна, пер. Смоленский, д. 44, 769142|FadSi_04_08_1942
29805389|клх Агинское (Забайк.), алл. Морская, д. 9, 816744|FokDa_03_08_1985
38541490|клх Златоуст, пер. Дальневосточный, д. 621 к. 5/7, 436084|KazZa_29_05_1949
33640730|г. Советский, наб. Виноградная, д. 4 стр. 1, 405280|SavVi_07_11_1971
07375736|к. Армавир, пр. Овражный, д. 409 к. 5, 205997|SyisMa_02_03_1971
30554832|к. Соловки, пр. Ивановский, д. 3/1, 997255|ScherAl_03_12_1993
25869019|к. Диксон, пр. Орджоникидзе, д. 1/3 к. 670, 713934|VorEl_30_04_1992
51682750|п. Урюпинск, ш. Ленина, д. 4, 906052|VorMi_05_06_1966
73619420|ст. Кузнецк, пер. Курчатова, д. 4, 960908|MarFa_19_04_1976
54756397|п. Ачинск, бул. Куйбышева, д. 1, 547276|BelVi_20_02_1984
05454662|д. Каргополь, пер. Ватутина, д. 7 стр. 4, 371780|BurEf_16_12_1972
19349008|д. Нерчинск, ул. Лесозаводская, д. 887 стр. 64, 936602|PetIya_12_05_1997
74261291|к. Улан-Удэ, наб. Малиновая, д. 15 к. 2/1, 157558|RogDm_18_02_1990
71179728|с. Беслан, ш. Проточное, д. 2 к. 9/1, 573923|KudPo_25_05_1952
35716709|ст. Ханты-Мансийск, алл. Большая, д. 289 к. 7/5, 168209|PetAn_24_02_1996
99437916|клх Раменское, наб. Володарского, д. 2/1, 653734|LyitIya_24_01_1979
69385148|д. Мончегорск, наб. 50 лет Победы, д. 971 к. 296, 041174|MorFe_15_10_1965
87680218|с. Кандалакша, алл. Папанина, д. 883 стр. 11, 584269|KozAn_02_03_1989
49751604|п. Курумкан, бул. Угловой, д. 12 стр. 934, 078596|GavVi_15_06_1984
82582388|с. Колпашево, ул. Украинская, д. 3/6, 660646|PolSo_12_08_1957
41282199|с. Златоуст, пр. Свободный, д. 99 к. 221, 809038|SorVe_18_02_1948
54749122|ст. Городовиковск, ш. Урожайное, д. 68, 961806|SafFo_01_01_1984
81272457|клх Егорьевск, алл. Солнечная, д. 773, 611315|NikNa_10_02_1996
88175997|ст. Североуральск, алл. Запорожская, д. 6/3 стр. 74, 966934|KonKi_03_01_1965
39288141|клх Хужир, пр. Ручейный, д. 8/8, 624357|KapSv_29_04_1967
65182765|ст. Камышин, пер. Щорса, д. 8, 135983|NosOl_14_10_1948
38996009|г. Елабуга, ул. Овражная, д. 44, 458129|KraZi_16_04_1986
73955757|клх Белый Яр (Томск.), пр. Курчатова, д. 39 стр. 18, 861616|ZhdaVa_19_08_1993
39968579|г. Невельск, алл. Прибрежная, д. 921 стр. 429, 205290|RodNa_17_02_1968
33148670|п. Миллерово, пр. Железнодорожный, д. 8/4, 038874|ErshEl_04_02_1957
52841590|с. Тында, наб. Леваневского, д. 6/1 к. 6, 063468|SitAl_14_08_1990
60627827|с. Калач, бул. Деповский, д. 2 стр. 5, 518535|TarPo_07_07_1975
63951905|г. Добрянка, алл. Декабристов, д. 254 к. 839, 190556|AvdVe_30_08_1956
18428735|к. Калач-на-Дону, пер. Олимпийский, д. 5 стр. 225, 591683|BarLu_06_06_1950
78146372|ст. Апрелевка, алл. Магистральная, д. 3 к. 25, 393995|KotEv_27_03_1950
07101274|клх Чайковский, алл. Островского, д. 3/1 к. 7, 282709|SuvVe_13_05_1986
12557653|г. Павловская, наб. Совхозная, д. 57 стр. 9/6, 778396|KabMi_04_08_1953
00240055|клх Озеры, бул. Кубанский, д. 99, 138323|LyitRa_22_06_1972
10292075|п. Оймякон, бул. Бабушкина, д. 861 стр. 31, 526600|GriPr_10_10_1993
84236432|с. Усинск, ш. Тимирязева, д. 97 стр. 2, 354284|MasLu_03_05_1985
92450899|к. Соликамск, пр. Краснопартизанский, д. 704 к. 5, 780406|NikEv_13_06_1953
98996476|клх Сосьва (Хант.), алл. Серафимовича, д. 1, 398653|MerAk_29_08_1980
31523318|с. Поярково, ш. Ветеранов, д. 65, 673694|KryiOk_30_07_1949
82160289|д. Архыз, ш. Виноградное, д. 2 стр. 182, 352777|KudLe_06_05_1993
42273097|к. Кырен, алл. З.Космодемьянской, д. 54 к. 50, 732761|ZahEm_26_12_1971
37493035|клх Воркута, наб. Герцена, д. 7/8, 861268|BelAl_16_10_1981
07381751|с. Южноуральск, наб. Урожайная, д. 3 к. 8, 486521|KulTa_21_04_1976
48076630|п. Холмогоры, ш. Лесхозное, д. 1 стр. 72, 492524|LihKa_28_11_1994
61130678|п. Калевала, пр. Курортный, д. 489 стр. 7, 550838|BelGe_04_02_1969
37976682|к. Томск, ш. Троицкое, д. 476 стр. 4/2, 104064|SamEl_24_02_1995
52968242|г. Пинега, пер. Черемуховый, д. 209 к. 3/7, 165441|SchukAn_26_05_1995
56966237|к. Алапаевск, пр. Гвардейский, д. 11, 843270|YakuVyi_16_07_1942
12660315|д. Астрахань, ул. Астраханская, д. 1 к. 193, 663469|D'yaPo_18_08_1971
65846902|клх Благовещенск (Амур.), бул. Таежный, д. 32 стр. 980, 263561|MoiAf_07_06_1957
39182418|к. Владимир, бул. Гагарина, д. 9/3 стр. 11, 679205|GorBr_24_08_1940
88627793|д. Чермоз, ш. Северное, д. 239 к. 9/9, 288810|ZahNa_11_01_1970
95747231|ст. Северобайкальск, пер. Пушкинский, д. 77 стр. 31, 448476|VesLa_24_10_1997
40151335|п. Тамбей, ул. Мирная, д. 8/2, 080150|SelVi_04_01_1980
94517101|к. Юрьев-Польский, алл. Омская, д. 4/6 стр. 829, 271945|KudMa_20_01_1982
97228301|с. Курильск, пр. Леваневского, д. 6/7, 554862|MasYar_11_09_1989
15417053|к. Подольск, пер. Дарвина, д. 385 стр. 1/4, 468640|LukAl_09_04_1996
29350001|д. Нижневартовск, наб. Аэродромная, д. 30 к. 2, 613910|ProSi_04_09_1989
41721926|клх Уренгой, пер. Уральский, д. 9, 981479|VinEf_28_08_1942
72127964|д. Невьянск, наб. Красина, д. 67, 214227|RozhVi_13_07_1982
79757287|п. Когалым, пр. Комарова, д. 5/7 стр. 797, 468945|ShashSp_27_08_1955
74802159|г. Воронеж, алл. Запорожская, д. 383 стр. 37, 555718|VlaAl_19_05_1986
61227385|г. Павловский Посад, пр. Пирогова, д. 162, 776394|MolEl_23_12_1960
75637842|п. Елец, пер. Путейский, д. 8/7 стр. 7/7, 798096|AleSv_27_05_1990
58256237|д. Одинцово, бул. Речной, д. 7 к. 372, 130176|PanUl_31_08_1987
79868686|к. Волоколамск, ш. Мая 1, д. 2, 484129|MarMa_01_11_1955
85458239|п. Новочеркасск, ш. Моховое, д. 802, 309856|HarPa_27_04_1975
86136594|д. Черусти, наб. Панфилова, д. 4/4 стр. 47, 513319|PavPi_02_08_1970
16718388|к. Ясный (Оренб.), пр. 1 Мая, д. 2 стр. 50, 488092|KonAn_17_04_1942
82454883|п. Кяхта, пр. Гастелло, д. 4/1 стр. 40, 498035|KryiGu_03_02_1951
48840422|клх Александровск, пер. Терешковой, д. 764 к. 4/2, 664721|KoshSv_05_04_1966
46546852|с. Россошь, алл. Тамбовская, д. 35 стр. 5/9, 388341|IgnNi_22_08_1941
03302002|к. Кострома, бул. Труда, д. 231 к. 3, 386109|OsiSa_31_03_1947
92616530|п. Апшеронск, ул. Пушкина, д. 6 к. 5, 898666|TurPr_26_09_1987
39115256|с. Ачинск, пер. Ленина, д. 56, 077528|ArhBu_04_03_1941
40659053|г. Вендинга, ул. Казачья, д. 7/8 стр. 91, 811203|KosNi_02_08_1986
84561299|с. Городовиковск, алл. Труда, д. 9 стр. 89, 572737|ZimSo_29_05_1958
81750115|клх Касимов, бул. Дорожный, д. 9/7 стр. 38, 278269|AbrLo_30_01_1990
45767401|п. Саратов, алл. Российская, д. 27 к. 9, 791845|VlaZha_25_03_1970
27406700|ст. Норильск, ш. Коммунальное, д. 4/5, 809223|RyabEf_13_02_1946
45305580|к. Уэлен, алл. Механическая, д. 2/9, 580095|TitGa_29_06_1969
03407752|г. Кулунда, ул. Леваневского, д. 2/3, 359317|KudAn_25_07_1966
40585550|клх Троицк (Челяб.), ул. Рязанская, д. 92, 315438|BesNa_06_12_1948
54075580|ст. Аша, бул. Воровского, д. 8 стр. 57, 735443|TihSe_11_05_1986
67709465|ст. Новый Оскол, алл. Рязанская, д. 509 к. 73, 898511|SitZha_02_07_1953
30936775|клх Рославль, пр. Энергетический, д. 4/2 к. 1, 388182|IsaKa_15_09_1946
93160704|д. Курумкан, пр. Тенистый, д. 46, 384863|VorSt_01_02_2000
95451893|д. Элиста, ул. Дальняя, д. 36 к. 7, 235570|ZyikZo_18_07_1941
91892393|п. Мончегорск, ш. Механическое, д. 9/8 стр. 62, 319495|SharEl_12_09_1979
18412352|клх Приозерск, ул. Песчаная, д. 699 стр. 17, 232152|MirAf_19_09_1998
07715594|ст. Приозерск, алл. Алтайская, д. 2/3 стр. 211, 396572|GriNa_10_05_1984
32489606|г. Ступино, пр. Кедровый, д. 767, 855467|ZinAl_02_09_1942
22154019|с. Хоста, пр. Загородный, д. 8/1 стр. 978, 363007|FadVa_14_04_1999
96043714|с. Бийск, пр. Береговой, д. 24 к. 36, 937850|SitAn_15_07_1999
27134061|п. Орехово-Зуево, наб. Ульяновская, д. 7 стр. 1/1, 166517|GorVe_09_04_1987
45841460|с. Владимир, наб. Маркса, д. 9/6, 229244|KulZa_28_08_1969
43410866|д. Ачинск, ш. Большое, д. 142 стр. 51, 305195|GorLi_01_01_1952
80905646|ст. Таганрог, бул. Украинский, д. 3 к. 8/4, 738942|ShashTa_16_01_1977
37943257|п. Бузулук, ул. Попова, д. 83 к. 948, 470536|NikAr_22_01_1984
04027522|к. Владивосток, наб. Троицкая, д. 7 к. 3/6, 233790|HarFa_29_01_1958
01943160|п. Черский, наб. Курганная, д. 2, 990992|DemMo_14_03_1995
09163188|д. Сургут (Хант.), бул. Коммуны, д. 67 стр. 43, 400125|SitLa_03_02_1963
80948209|клх Одинцово, пер. Клары Цеткин, д. 719 стр. 3/7, 535674|AniIr_27_02_1945
94885859|д. Костомукша, пр. Революции, д. 6/1, 167718|AniMa_05_02_1978
06930066|д. Александров, ш. Калинина, д. 87 стр. 9/1, 634392|KazLa_16_07_1986
57729909|г. Сибай, бул. Ручейный, д. 313 к. 7, 107280|FokSo_07_03_1973
48403269|с. Саратов, пер. Некрасова, д. 4/7, 333466|EfiVa_16_10_1977
64492315|д. Клин, бул. Светлый, д. 566, 370566|MuhAl_19_01_1986
62752558|ст. Саров (Морд.), бул. Транспортный, д. 24 стр. 25, 770316|MakPa_07_11_1956
33712611|п. Камень-на-Оби, пр. Приморский, д. 2/8 стр. 2/5, 866117|KulEl_26_10_1951
23385054|с. Чехов, ул. Лазурная, д. 8, 516407|KnyaZo_25_03_2000
90254932|ст. Сузун, бул. Рябиновый, д. 3 к. 591, 782036|VlaLu_11_05_1997
35008125|с. Терскол, наб. Родниковая, д. 2/2 к. 487, 120758|MolKi_17_05_1980
50671618|г. Смирных, наб. Придорожная, д. 89 стр. 8/7, 965167|IgnAl_28_02_1979
36435098|ст. Лысьва, наб. Короткая, д. 57 к. 6/5, 799257|MihLyu_04_08_1963
71924656|к. Солнечногорск, ш. Ульянова, д. 52, 148564|KomEv_19_11_1970
99181031|ст. Лесной (Сверд.), алл. Высокая, д. 62 стр. 508, 244586|MasUl_02_04_1953
79514194|к. Избербаш, наб. З.Космодемьянской, д. 94 к. 7/7, 003734|KalNa_10_12_1958
43491247|клх Новый Уренгой, бул. Коммунистический, д. 641 стр. 4, 690685|SmiMa_10_12_1949
50249046|к. Курск, пр. Лермонтова, д. 6/9 стр. 26, 084135|NikNa_27_01_1962
31658577|г. Энгельс, пр. Союзный, д. 8, 222331|PanEv_17_07_1964
30772120|к. Надым, алл. Сахалинская, д. 699 стр. 22, 060067|PonMo_26_03_1965
13562175|ст. Калач-на-Дону, наб. Пионерская, д. 1 стр. 669, 508582|DemKs_11_06_1943
31824156|г. Соболево, ул. Тупиковая, д. 3 стр. 8/3, 319272|KorBa_12_02_1979
37194864|к. Усть-Камчатск, наб. Казачья, д. 2/2 к. 71, 398176|AleFyo_13_01_1962
78148802|к. Ивдель, бул. Правды, д. 917 к. 859, 146247|AndAg_08_08_1998
06167127|к. Певек, пер. Нахимова, д. 296, 155451|KoshLo_14_06_1983
67241330|г. Владивосток, ул. Маяковского, д. 4 стр. 1, 028847|DanKa_09_07_1946
50368181|с. Орел, ул. Славянская, д. 857 к. 3, 938156|KraAd_26_06_1994
90262999|с. Адлер, алл. Новостройка, д. 652 стр. 420, 270462|MuhMa_07_06_1940
74480081|ст. Шерегеш, пр. Щетинкина, д. 2/3 к. 9/2, 115052|FilGl_03_11_1984
32495928|п. Миасс, бул. Малиновый, д. 58 к. 358, 604281|SazUl_02_11_1942
86399845|д. Подольск, пер. Овражный, д. 781, 228716|BobAn_12_06_1958
37804350|г. Магнитогорск, ш. Кутузова, д. 2 стр. 67, 625070|TarOl_15_02_1983
84570031|ст. Кедровый, пер. Курчатова, д. 8 к. 7/6, 136277|MerKs_05_04_1979
18203530|с. Березники, бул. Специалистов, д. 7 стр. 9, 597671|BolFe_09_06_1970
39391407|к. Юрюзань, ш. Орджоникидзе, д. 260, 736450|NauYur_02_06_1979
44884031|д. Когалым, ул. Культуры, д. 3, 540772|SolDa_09_03_2000
39302236|г. Переславль-Залесский, алл. Павлова, д. 9/9 стр. 730, 762797|KazTv_12_04_1950
94527568|с. Ставрополь, наб. Красноармейская, д. 90 стр. 199, 587030|LukMa_20_08_1943
27580615|д. Казань, ул. Луначарского, д. 4/8, 859422|TarEl_30_07_1980
99944261|г. Байкальск, пр. Поселковый, д. 1/2 к. 2, 075230|AndGo_21_08_1996
14111709|д. Тамбей, ул. Советов, д. 118 к. 3/3, 137409|MihVi_06_01_1955
21761904|с. Старая Русса, алл. Стахановская, д. 304, 258542|PetLo_24_05_1965
05415953|д. Усть-Камчатск, алл. Радужная, д. 5/6 стр. 93, 339440|LogPo_20_12_1976
38463983|клх Карачаевск, пер. Крайний, д. 7/3 к. 6, 249778|LapLyu_26_05_1962
32489989|п. Мирный, бул. Березовый, д. 16 стр. 249, 041142|MelOn_25_12_1940
85421479|г. Пермь, пер. Карла Либкнехта, д. 5/8 стр. 9, 939936|NovEv_09_05_1974
58409152|ст. Горячий Ключ, ул. Флотская, д. 9/2 стр. 5, 506106|RogOk_09_02_1941
45055768|с. Лазаревское, пр. Фабричный, д. 711 стр. 3, 940509|GuschEl_11_06_1991
83928376|клх Соловки, бул. Заовражный, д. 332 стр. 1/8, 492518|MatEm_20_08_1978
07850394|г. Курчатов, пр. Кубанский, д. 2, 204124|ShirEr_17_07_1979
72399835|с. Усинск, бул. Ветеранов, д. 7, 495636|BelNo_09_09_1940
68318567|д. Каменск-Шахтинский, наб. Шаумяна, д. 2 стр. 8/9, 621054|KonTi_30_11_1983
86058865|ст. Верещагино (Перм.), алл. Литейная, д. 6, 856018|MyasKl_16_10_1985
93127349|с. Верхний Тагил, бул. Омский, д. 80 стр. 39, 701180|NauAv_15_04_1996
34326794|с. Сковородино, ш. Куйбышева, д. 7 к. 92, 421334|SavMi_07_06_1941
81796434|г. Асино, бул. Кузнечный, д. 63 стр. 552, 231486|DanGe_22_01_1959
40097961|клх Соболево, ул. Крымская, д. 841, 231098|SharNi_14_04_1990
84729361|ст. Истра, пер. Горького, д. 302 к. 94, 342629|FilSo_28_11_1985
26675541|ст. Калачинск, пр. 9 мая, д. 199 к. 6, 937626|KopMa_16_01_1962
50870974|с. Лазаревское, наб. Заовражная, д. 89 к. 662, 886402|SobLi_30_10_1956
31398954|п. Южно-Сахалинск, бул. Партизанский, д. 168, 909826|RomMa_29_03_1998
79387019|с. Избербаш, ул. Лесная, д. 8/4 к. 36, 559276|NikPo_11_01_1956
01826906|г. Орел, ул. Ушакова, д. 8/3 к. 20, 884701|AndIo_22_10_1980
35939870|п. Красноярск, алл. Машиностроителей, д. 6/4 стр. 6/2, 572486|NovLa_25_01_1950
77444172|г. Саров (Морд.), бул. Ленинградский, д. 84 к. 872, 000458|GulIv_23_08_1988
04975366|к. Южно-Курильск, ул. Больничная, д. 9/7 к. 6, 753247|MamVa_08_09_1961
64590097|ст. Ачинск, ш. Космодемьянской, д. 7 стр. 4, 489348|LazTa_25_06_1999
68632151|д. Адлер, бул. Казачий, д. 6/8, 423088|KonEv_23_07_1983
47176218|п. Верхний Баскунчак, пер. Почтовый, д. 68 к. 472, 629745|SamVa_06_06_1995
61287723|д. Жигулевск, бул. Цветочный, д. 5/3 стр. 5, 435334|ArtLe_04_10_1952
04547686|клх Соловки, наб. Ударная, д. 3 стр. 17, 858408|TitMa_01_09_1979
81266005|д. Смоленск, пер. Надежды, д. 5/4, 154646|KorNi_14_12_1940
62802178|с. Диксон, пер. 50 лет Победы, д. 726 к. 2, 854551|KapMa_23_03_1999
01916522|к. Бугульма, наб. Боровая, д. 78 стр. 4/5, 673472|DorAl_18_10_1940
09626249|к. Златоуст, пр. Февральский, д. 2/5, 576219|GulNo_20_11_1952
13660925|к. Рыбинск, пр. Воровского, д. 86 к. 35, 144921|NikUl_10_10_1992
65990483|ст. Чайковский, алл. Камская, д. 419, 771760|GorKu_22_04_1977
74849222|клх Краснокамск, ш. Мельничное, д. 61 стр. 6/4, 734040|VorOk_11_11_1975
20846206|к. Солнечногорск, пер. Большевистский, д. 5/1 к. 63, 702292|SamNi_04_10_1992
96540015|г. Шатой, алл. Шевченко, д. 2, 707023|KryiAn_26_02_1999
19909769|г. Томск, ул. Приозерная, д. 7/6 стр. 5, 028002|KolMa_03_10_1992
97173410|ст. Суздаль, пер. Веселый, д. 9/6 стр. 9, 747951|GusAk_11_02_1942
97681069|п. Бугуруслан, бул. Заводской, д. 408 стр. 694, 406177|NosVe_14_08_1988
99055981|клх Печенга, ул. Кольцевая, д. 753, 514372|GurAs_14_01_1957
42360483|п. Горячий Ключ, ш. Железнодорожное, д. 885 стр. 2, 771793|MirZo_13_04_1986
84099051|ст. Шали, наб. Победа, д. 8/9 стр. 950, 633909|ErshPo_13_12_1972
88282015|клх Кашира, наб. Просвещения, д. 3 к. 5/5, 791354|BorEl_05_05_1955
06917753|п. Азов (Рост.), наб. Байкальская, д. 216, 066229|FilMa_16_03_1989
15641533|ст. Самара, пр. Автомобилистов, д. 52 стр. 868, 407654|VlaEv_16_06_1961
84833068|г. Пинега, бул. Тукая, д. 7/7, 344374|KotPa_15_03_1956
76266638|д. Яхрома, бул. Гагарина, д. 5/9, 004067|KonSv_23_02_1998
54916692|к. Моршанск, наб. Черемушки, д. 8 стр. 2/5, 965596|GurIr_26_02_1997
30628243|п. Киров (Вятка), пр. Покровский, д. 8/7 стр. 9, 402162|SharAr_23_02_1980
83286827|с. Старая Русса, наб. Механизаторов, д. 533, 987848|RyibOk_08_08_1986
03382349|с. Темрюк, пер. Слободской, д. 8, 018316|PopAl_05_10_1962
14424472|д. Серов, наб. Смоленская, д. 8/7 стр. 988, 275298|SobPo_05_01_1965
83397264|ст. Губаха, алл. Победы, д. 89 к. 766, 503442|KryuDa_19_02_1974
60954275|ст. Кудымкар, пер. Интернациональный, д. 6/1 стр. 1, 703993|ArhZo_23_01_1952
44800222|п. Крымск, пер. Приморский, д. 95 стр. 41, 657955|MihOl_22_06_1989
43388202|клх Кизляр, ул. Победы, д. 1/1, 135164|TihRu_23_02_1942
01976380|п. Жигулевск, алл. Воронежская, д. 7, 172096|VesKs_21_09_1991
62441599|ст. Малая Вишера, пер. Мелиораторов, д. 78 стр. 499, 725093|AleVa_06_08_1992
57528632|с. Красногорск (Моск.), алл. Гражданская, д. 1, 414861|FilAz_17_04_1960
38505768|клх Витим, бул. Нижний, д. 95 стр. 4/6, 067856|VishUl_20_06_1975
41108024|п. Когалым, бул. Толстого, д. 9/2 стр. 16, 170627|TroMe_23_08_1999
30951495|к. Углич, пр. Докучаева, д. 6/1 к. 22, 223697|GorPe_07_02_1992
00516105|ст. Кудымкар, пер. Шоссейный, д. 759, 129733|KorNa_06_03_1957
53818584|к. Алдан, бул. Рыбацкий, д. 785 стр. 6, 325579|ZhukVi_28_12_1973
40257518|к. Змеиногорск, ул. Ленинградская, д. 9 к. 14, 336698|KryuAp_21_07_1954
69688843|клх Ноглики, алл. Восточная, д. 18, 100165|AksFo_22_06_1965
25792058|ст. Радужный, ш. Кутузова, д. 357 к. 51, 296828|BelVa_19_05_1980
42558798|п. Ершов, алл. Пушкина, д. 996 стр. 9, 009224|AntFi_14_05_1988
54412453|клх Игарка, бул. Февральский, д. 3, 104070|NikZha_28_12_1970
28662457|д. Москва, пер. Таманский, д. 979 стр. 1/4, 686051|VishFe_28_01_1963
47436237|клх Одинцово, пр. Ульянова, д. 44, 676995|FilMi_01_02_1967
39069382|д. Оленегорск (Якут.), бул. Карла Либкнехта, д. 58 к. 2/5, 476970|PanFe_30_08_1960
93921183|клх Кущевская, ш. Привольное, д. 1 к. 2, 310331|KosSe_22_03_1958
17677486|клх Сухиничи, ш. Элеваторное, д. 898, 211605|KraSi_15_03_1989
91896452|ст. Улан-Удэ, наб. Восьмого Марта, д. 920, 509644|VorAl_07_05_1974
99450557|д. Тосно, наб. Березовая, д. 356 к. 5/9, 240464|LobAr_25_01_1996
30557314|к. Уэлен, пер. Мирный, д. 720 к. 5, 924116|KomDa_01_09_1940
60090393|ст. Суздаль, пр. Подлесный, д. 5, 128508|GolOl_29_07_1967
07452451|к. Талдом, алл. Металлургов, д. 932 к. 122, 938589|KalVs_18_09_1990
97538004|клх Новгород Великий, пр. Калинина, д. 7/9, 765575|SelMa_23_02_1965
20620837|с. Ишим, пр. Сосновый, д. 1 стр. 2, 409060|GavAn_24_09_1951
96820827|д. Джубга, алл. Журавлева, д. 5/7, 269001|RozhGo_23_12_1942
05761104|п. Яхрома, пр. Кедровый, д. 6 стр. 1/5, 551974|VesLu_31_08_1943
01962338|д. Пенза, ш. Строительное, д. 66, 041499|SamNi_26_01_1989
12149506|д. Шатой, бул. Омский, д. 4/2 к. 9, 790661|D'yaSv_23_03_1948
16675902|к. Миллерово, бул. Краснофлотский, д. 54 стр. 9/3, 160694|BelLyu_14_01_1981
83004353|с. Тавда, пр. Красный, д. 5, 241694|DmiEv_18_07_1945
46324184|с. Биробиджан, пер. Луговой, д. 43 стр. 8/9, 152331|GroDe_13_10_1966
28913733|г. Моздок, пер. Омский, д. 9/4 стр. 11, 405912|KudAl_31_08_1997
07053221|п. Смоленск, ш. Радищева, д. 514, 087045|KomKa_18_04_1949
48002608|д. Щелково, наб. Олега Кошевого, д. 39 стр. 556, 463055|NikDa_01_10_1963
10255216|клх Макаров, пр. Белорусский, д. 7/4 к. 4/5, 518369|NikNi_24_05_1955
80397151|с. Быково (метеост.), ш. Леваневского, д. 626, 859909|EvsLa_28_04_1969
01566093|д. Уварово, алл. Ключевая, д. 8, 530998|MihHa_14_02_1956
88415406|ст. Орел, наб. Ставропольская, д. 532 к. 2, 169589|MarLo_25_04_1942
99287146|п. Каменск-Шахтинский, наб. Воронежская, д. 801 к. 22, 835388|TurMo_03_11_1953
28316213|к. Торжок, пер. Бабушкина, д. 9 к. 9, 594030|PetIya_26_02_1951
05286225|ст. Калач, ш. Пионерское, д. 4 стр. 3, 839130|PavMi_21_10_1984
69756207|клх Батайск, бул. Ветеранов, д. 9/6 стр. 2/3, 145062|GalKl_18_08_1940
23725904|д. Курганинск, ул. Алтайская, д. 815, 427968|BobMo_13_10_1960
66164449|г. Партизанск, пер. Чехова, д. 99 стр. 1, 152149|FadZha_10_02_1953
13290894|г. Нягань, ш. Колхозное, д. 69, 465721|KorKo_25_04_1957
76134876|д. Сухиничи, ш. Лесозаводское, д. 571 к. 313, 913065|RyibYar_21_01_1949
73831457|г. Челябинск, ш. Парижской Коммуны, д. 35, 808678|MorAk_30_10_1985
45223013|п. Соль-Илецк, ул. 70 лет Октября, д. 1/8 стр. 6/3, 583312|SerOl_27_02_1985
16796539|г. Троицк (Моск.), ш. Отрадное, д. 625, 104921|KonRa_25_10_1997
48793643|ст. Макаров, наб. Балтийская, д. 321 к. 918, 881801|GorFl_21_04_1996
46209269|п. Кимры, пер. Докучаева, д. 43 к. 92, 692865|NosMe_04_06_1949
01645279|клх Каменск-Шахтинский, пр. Братский, д. 91 стр. 98, 982054|KozFo_30_10_1987
79227780|г. Уссурийск, алл. Терешковой, д. 8, 633688|MorLu_14_06_1949
27658840|г. Зеленоград, пер. Севастопольский, д. 45, 119252|SharSi_02_07_1997
72995488|д. Нефедова, пер. Репина, д. 20, 486253|KalDe_23_12_1994
26200446|с. Королев, алл. Гражданская, д. 9/8 к. 5, 517692|KnyaMa_12_04_1991
07825446|клх Нижнеудинск, ш. Маркса, д. 8/4 к. 84, 278113|KapIs_01_05_1988
87504361|п. Егорьевск, ш. Осенное, д. 42 стр. 8/6, 753421|AntEk_06_04_1996
66588191|к. Калининград, пер. Минина, д. 8 к. 6, 701346|KapAn_22_09_1964
88326825|клх Яшалта, ул. Трактовая, д. 22, 867155|KotRa_10_09_1956
67844807|ст. Тамбов, бул. Отрадный, д. 178, 096990|VlaSp_24_05_1964
45857461|д. Невинномысск, бул. Глинки, д. 527 стр. 14, 123795|LarIg_14_05_1960
36362721|к. Тольятти, ш. Гвардейское, д. 340, 501329|SilSe_07_12_1942
87823196|д. Смирных, пер. 8 Марта, д. 5/4 стр. 6/6, 169090|IgnFyo_22_12_1998
54907379|ст. Солнечногорск, пер. Челюскинцев, д. 4 к. 4, 891976|SharPa_16_09_1949
51934514|клх Междуреченский, алл. Красногвардейская, д. 6 стр. 440, 909133|EfrYul_17_08_1987
10637746|ст. Богучар, пер. Кедровый, д. 26 к. 3/9, 365557|MakAg_12_02_1992
04772217|клх Котельнич, наб. Космическая, д. 47 к. 1, 746527|BelEk_15_10_1974
02432687|клх Кунгур, ул. Тимирязева, д. 258 к. 7/8, 701024|EfrVe_15_05_1968
16027145|п. Чайковский, бул. Западный, д. 74 к. 42, 331264|GurIp_23_01_1955
67383283|с. Ирбит, пер. Николаева, д. 835 стр. 7/7, 684901|MihEv_22_10_1975
72993927|ст. Гаврилов-Ям, алл. Депутатская, д. 8 к. 16, 056605|KonOl_19_07_1959
44315498|с. Сухиничи, пр. Моховой, д. 6/7, 406296|BobSo_12_09_1961
25530902|к. Кириши, наб. Социалистическая, д. 981, 056012|ErmNe_26_04_1958
24532822|с. Бреды, пр. Карла Маркса, д. 9/5 к. 52, 642622|KazEf_29_01_1968
02366326|п. Чита, пер. Санаторный, д. 97 стр. 477, 305263|BesVa_06_03_1969
22145598|ст. Калач-на-Дону, пр. Сосновый, д. 609 стр. 6, 491289|BobGa_02_09_1987
56445435|д. Богучар, ул. Киевская, д. 3, 674226|RogVa_26_01_1950
25030563|к. Жигулевск, пер. Шоссейный, д. 4/6, 100179|MyasAn_26_07_1967
93277433|клх Благовещенск (Амур.), бул. Минский, д. 216 стр. 8/3, 627689|GusSe_19_08_1977
96674819|с. Йошкар-Ола, пр. 30 лет Победы, д. 1 стр. 7/7, 078072|MatAr_26_09_1947
55096935|д. Благовещенск (Амур.), пер. Строителей, д. 215 к. 987, 490439|NikUl_09_05_1976
77236982|с. Усть-Ишим, бул. Восьмого Марта, д. 4/3, 062063|KoshMa_04_12_1943
91583222|г. Щельяюр, алл. Ивановская, д. 39 стр. 6, 027356|GorMa_22_07_1986
59736189|ст. Дубна, ш. Гвардейское, д. 6/9, 438166|NauDe_06_03_1945
91088338|д. Шенкурск, наб. Полевая, д. 7, 078949|OreRu_20_02_1983
96510131|с. Александров Гай, ш. Строителей, д. 75, 850924|MihGe_12_09_1996
56046038|клх Санкт-Петербург, бул. Одесский, д. 71, 503299|ArtEv_03_01_1995
84201119|к. Кулу, пр. Станционный, д. 8/8, 548160|DmiSp_04_06_1943
68434137|п. Киржач, пр. Киевский, д. 78 стр. 552, 690001|NazAl_06_04_1979
64727042|г. Брянск, ул. Дзержинского, д. 1 к. 398, 503785|ByikAv_09_10_1944
04954682|д. Назрань, пер. Энергетический, д. 99 стр. 9, 388224|GuschIr_14_08_1953
69935916|ст. Крымск, наб. Свободы, д. 85 к. 785, 146241|BobPr_27_04_1957
21100260|п. Владимир, пр. Казанский, д. 9/1, 715185|TimZo_27_07_1986
68625252|клх Домодедово, ш. Октябрьское, д. 7/1 стр. 7/1, 434370|ZhurLyu_09_09_1945
00231350|клх Пушкино (Моск.), ш. Мелиораторов, д. 87, 474198|ZahNa_21_09_1942
34659083|д. Ямбург, бул. Щетинкина, д. 883, 372419|BogSv_05_06_1967
52875335|клх Пышма, ш. Горняцкое, д. 7/6 стр. 4, 703595|AndRe_06_01_1971
50350773|клх Галич, пер. Шишкина, д. 1 к. 14, 871508|SafAk_24_10_1964
23637115|к. Анапа, наб. Одесская, д. 193, 804471|PopDa_22_07_1973
06373245|г. Агата, пер. Культуры, д. 7 к. 2, 768239|MamAn_15_09_1984
83541636|клх Двинской, пер. Есенина, д. 224 к. 4/8, 382623|LukAl_21_09_1998
42864318|с. Кимры, бул. Комсомольский, д. 619, 579304|AntMo_03_12_1994
21423840|п. Торжок, наб. Декабристов, д. 3/9 стр. 451, 587051|SyisTa_22_03_1984
25951813|клх Кропоткин (Краснод.), наб. Элеваторная, д. 87 к. 1/2, 493091|SafIya_26_10_1971
80367390|п. Домодедово, бул. Черняховского, д. 33 к. 5, 826733|VinOs_10_11_1999
80492023|д. Ижевск, пр. Ленинский, д. 912 к. 99, 857044|OreLe_24_12_1997
19933290|ст. Боровск, пр. Папанина, д. 589 к. 93, 903907|MirVe_22_10_1941
36542536|д. Ханты-Мансийск, наб. Маркса, д. 339 к. 4, 892047|DavVa_15_06_1987
44130190|клх Южноуральск, ул. Блюхера, д. 2 к. 171, 443682|FomSa_22_03_1960
13646240|п. Йошкар-Ола, ш. Мелиоративное, д. 898, 465544|TihNi_25_06_1940
85880108|к. Воскресенск, ул. Подстанция, д. 391, 386385|ShilSo_18_08_1970
59311898|д. Балашиха, пер. Терешковой, д. 399 к. 1/1, 936535|KnyaLa_10_07_1942
73496816|д. Зарайск, пр. Николаева, д. 407, 955780|BobNa_23_04_1942
06356828|клх Тобольск, алл. Волкова, д. 17 стр. 4, 287640|GorAk_30_09_1965
19909684|ст. Качканар, ш. Дальнее, д. 6 к. 932, 037576|BelSo_13_01_1991
45288913|с. Эльтон, бул. Ломоносова, д. 90 стр. 78, 867287|ArtLu_24_04_1976
30562547|клх Ачинск, пр. Угольный, д. 7/5, 827642|KudAn_27_10_1970
08673930|г. Курчатов, бул. Ясный, д. 11 к. 3/9, 548279|DenRa_16_07_1942
50983315|ст. Александровск-Сахалинский, пр. Вольный, д. 2 стр. 379, 045714|IvaEr_28_02_1950
46180148|ст. Яхрома, пер. Республиканский, д. 9/1, 690282|LobGu_12_02_1971
58787922|клх Юрьевец (Иван.), пр. Гафури, д. 7/3 к. 157, 525494|GavAp_06_06_1977
14227196|ст. Богучар, пр. Коммунаров, д. 908 стр. 6/3, 070525|SyisZi_09_11_1989
85396340|ст. Грозный, наб. Шаумяна, д. 1/6, 532058|YakuLa_29_03_1989
61075764|д. Можайск, ш. Мичурина, д. 7/9 к. 918, 952531|SelIr_20_08_1996
09986749|г. Гагарин, алл. Звездная, д. 4 к. 802, 284257|LavKl_20_04_1989
76475177|к. Елец, пр. Ивановский, д. 8, 511293|OdiDa_06_09_1957
93675192|с. Всеволожск, ш. Лазурное, д. 3/8 стр. 891, 745798|GalBo_16_04_1963
70575309|клх Рыльск, алл. Победа, д. 80 стр. 7, 968007|ShirIya_21_08_1968
52972263|к. Нефедова, алл. Промышленная, д. 73 стр. 87, 569277|TsveEm_12_11_1992
13741556|клх Витим, бул. Энергетиков, д. 3 стр. 786, 378653|YakoOs_14_08_1978
24614832|ст. Шаховская, наб. Майская, д. 3 к. 2/1, 946248|SelEf_10_06_1972
40541860|п. Октябрьский (Башк.), ул. Лазо, д. 751 стр. 5, 639492|SidNi_26_07_1957
19162706|ст. Шерегеш, ул. Дачная, д. 8 к. 5, 693522|FomEv_25_05_1993
36363933|д. Всеволожск, алл. Лесная, д. 18 стр. 957, 067411|GolTr_11_08_1947
85112759|ст. Усмань, бул. Льва Толстого, д. 547 стр. 400, 894149|MoiTi_28_12_1991
28597711|ст. Качканар, наб. Глинки, д. 1, 224110|EfiAl_05_01_1987
67409419|клх Калач, ул. Астраханская, д. 2 стр. 9, 740376|VinOs_02_03_1965
22086679|к. Дубна, наб. Орловская, д. 4/8 к. 630, 353850|SazAn_08_10_1978
10826232|г. Грозный, наб. Водников, д. 668 к. 1/7, 438365|DenTi_06_04_1984
72556078|ст. Арзамас, ул. Братская, д. 5/1, 270371|GriPo_09_04_1972
72464694|с. Карталы, пр. Ленинградский, д. 6/5, 556038|IsaSi_07_06_1960
88482347|ст. Плесецк, ул. Ленинская, д. 896, 470790|YudiSo_14_10_1949
66635918|г. Нягань, пер. Гафури, д. 6/9, 174523|EvdMa_17_03_1994
89827444|клх Санкт-Петербург, наб. Калужская, д. 9/9 стр. 325, 850781|MarSa_30_10_1988
49726503|клх Черкесск, бул. Приморский, д. 94 стр. 9/2, 632800|RogTa_08_04_1989
69486043|д. Чегем, наб. Дружбы, д. 17 стр. 9/1, 512955|RyibZi_23_03_1994
55847933|клх Кизел, ш. Просторное, д. 1, 659056|SharMa_05_11_1989
60688736|ст. Березники, наб. Звездная, д. 314 к. 10, 356013|BloZo_05_09_1982
75213596|клх Кош-Агач, наб. Победа, д. 8/6, 979647|TihAl_14_05_1987
99566951|ст. Кетченеры, ш. Промышленное, д. 2/3 к. 3, 266027|MakAl_25_02_1941
53202079|с. Новороссийск, наб. Культуры, д. 642, 672226|MyasAl_02_09_1976
11795728|п. Анива, ш. Совхозное, д. 8 к. 342, 352769|RyibSi_29_03_1958
78818644|ст. Кедровый, пр. Халтурина, д. 390 к. 76, 713539|D'yaIv_25_07_1966
43410903|п. Новая Игирма, ул. Титова, д. 273 стр. 7, 477514|BogMa_07_12_1982
12671281|ст. Красноуфимск, пр. Енисейский, д. 6 к. 41, 340158|ShirNa_14_02_1991
90613562|к. Челюскин, пр. Чайковского, д. 953, 349720|NikAk_16_09_1978
86925716|клх Гремячинск (Бурят.), ш. Восьмого Марта, д. 8 стр. 6/5, 119600|NekLu_25_02_1952
27770733|клх Коломна, пр. Сосновый, д. 14 к. 94, 238551|VlaNi_13_08_1988
56641974|г. Двинской, ул. Горького, д. 7/3 к. 7/2, 432364|BelFi_06_04_1984
49824766|с. Ростов, пер. Вольный, д. 9 стр. 81, 961195|OvchVa_22_01_1976
78666764|к. Сковородино, алл. Котовского, д. 389 стр. 46, 477616|BelIl_04_08_1959
93969956|к. Нижнеудинск, наб. Свердлова, д. 851, 738505|FokLu_02_12_1966
93924207|с. Кандалакша, алл. Российская, д. 540, 811124|KulTa_26_09_1943
07026782|ст. Дагомыс, пр. Производственный, д. 4 стр. 9, 123463|FedDe_09_03_1997
71848631|к. Красноуфимск, ул. Некрасова, д. 72 стр. 9/8, 850342|VolMa_09_07_1986
08956569|к. Уэлен, пр. Мелиоративный, д. 64 к. 22, 552308|KisYul_28_04_1982
90742507|ст. Находка, ш. Грибоедова, д. 405 стр. 79, 005192|PetNa_13_05_1973
01009194|с. Коломна, ул. Воровского, д. 16 стр. 4, 446504|SobTe_12_07_1968
10879689|ст. Палана, наб. Песчаная, д. 2, 553650|ZahMi_29_05_1999
62777223|д. Белогорск (Амур.), ш. Раздольное, д. 450 стр. 178, 974034|PahVe_09_05_1955
99557751|с. Киренск, бул. Болотный, д. 36 стр. 225, 592854|EfiMa_08_07_1964
47277137|к. Кашхатау, ш. Новосельское, д. 5/3 стр. 948, 550266|CherAl_07_05_1950
95105680|д. Серов, ул. Кузнецкая, д. 4/6 к. 99, 103348|KryuNi_28_08_1957
68844646|д. Нягань, бул. Чернышевского, д. 710 стр. 185, 616114|TitPe_14_03_1991
54744004|п. Элиста, ул. Шаумяна, д. 587 к. 74, 299874|UvaLi_26_07_1973
35545248|г. Миасс, бул. Угловой, д. 879 стр. 347, 568784|RozhLyu_15_11_1986
33953922|д. Екатеринбург, ул. Ивановская, д. 5/2 к. 26, 037866|TroNi_01_10_1956
74546015|д. Шереметьево, пр. Декабристов, д. 9 стр. 7/4, 359438|AniAk_31_05_1993
86307154|г. Надым, ул. Мелиоративная, д. 742 стр. 695, 324545|MihIz_10_11_1947
72002223|к. Кулу, наб. Горная, д. 4 стр. 2, 512915|NazAv_08_08_1956
11980889|г. Орел, бул. Олимпийский, д. 703 к. 8, 683856|NosYul_06_04_1997
70378092|п. Рославль, пер. Олимпийский, д. 6, 363536|MerIr_14_10_1997
63499049|клх Нарым, пер. Тополиный, д. 1 к. 6, 580527|PanGl_10_04_1961
03284551|д. Терскол, пер. Шаумяна, д. 6/9, 191059|LukVs_11_03_1991
63941074|к. Новгород Великий, пер. Таежный, д. 2/2 к. 596, 927461|GorIr_26_06_1948
56159158|к. Завьялиха, пр. Клары Цеткин, д. 1 стр. 9, 748543|KapAl_27_07_1994
99690847|клх Химки, ул. Красных Партизан, д. 74, 992181|RusSt_08_09_1957
54030589|ст. Нижнекамск, ул. 40 лет Победы, д. 337 к. 8/4, 830275|KoshLo_26_11_1986
99182724|клх Верхний Уфалей, ш. Разина, д. 7, 473705|GorEm_04_04_1979
62905992|г. Торжок, ул. Волжская, д. 1 к. 79, 630966|AksFe_02_03_1991
94096729|ст. Гагарин, ш. Демьяна Бедного, д. 6, 373371|BraMa_15_06_1950
41540497|с. Нарткала, ш. Физкультурное, д. 7/4, 638237|MasFe_21_08_1991
35843634|п. Листвянка (Иркут.), ш. Алтайское, д. 4, 649451|OdiAn_05_11_1944
33479446|г. Тула, ул. Выгонная, д. 15 стр. 6, 422523|KopUl_21_07_1989
04344162|к. Североуральск, алл. Седова, д. 318 стр. 8, 537358|AvdKu_16_11_1989
84060686|д. Гремячинск (Бурят.), алл. Тополиная, д. 4, 720761|FroMa_11_06_1994
45806124|п. Мичуринск, алл. Северная, д. 7/5, 666496|SteTa_26_09_1952
71011271|к. Подольск, бул. Беляева, д. 477 к. 8, 983630|ZhukNi_09_03_1953
63215519|п. Агата, пр. Логовой, д. 343, 005218|ScherPi_23_01_1956
47030916|д. Учалы, бул. Тупиковый, д. 61 стр. 214, 799621|PotPa_13_06_1958
27011157|п. Курчатов, алл. Новостройка, д. 313 стр. 7, 560239|DroAf_27_07_1995
48203098|г. Юрьев-Польский, пр. Студенческий, д. 6/6, 368373|VlaLyu_08_04_1976
38828942|г. Переславль-Залесский, алл. Ключевая, д. 70 стр. 598, 756465|YudiYur_22_09_1965
79466530|п. Каспийск, пр. Кузнечный, д. 63 к. 4/4, 753655|MyasZha_22_11_1993
08296474|к. Урус-Мартан, наб. Рябиновая, д. 172 к. 8, 814924|KapChe_12_09_1980
28283874|п. Радужный, пер. Коммунальный, д. 6 стр. 9, 647109|VlaIv_02_05_1966
17408851|с. Новочеркасск, ш. Леонова, д. 3, 699680|NauVe_09_04_1956
60326973|с. Оймякон, бул. Авиационный, д. 65 к. 88, 686648|PonOl_28_09_1990
26579856|д. Шатки, ул. Докучаева, д. 142 стр. 87, 662270|TitYan_08_05_1995
93065108|г. Терскол, ш. Энгельса, д. 37 к. 290, 862428|LobNa_31_08_1961
35701811|с. Сыктывкар, пр. Слободской, д. 3/2 к. 75, 231889|AleAn_05_06_1966
94467307|к. Листвянка (Иркут.), ул. Л.Толстого, д. 9/3, 262522|BurEv_19_02_1957
24944113|д. Адлер, пр. Веселый, д. 81 стр. 30, 101837|DenRa_03_11_1971
93646703|д. Тулпан, наб. Загородная, д. 2 к. 526, 136339|EvsEk_09_01_1995
64812809|г. Магас, наб. Свердлова, д. 56, 788167|DanFe_02_07_1983
49325867|клх Медногорск, наб. Элеваторная, д. 392 к. 299, 128641|BogZa_08_10_1972
68617875|п. Кингисепп, пр. Новосельский, д. 9/5 стр. 10, 183773|D'yaKi_28_03_1993
32390483|ст. Североморск, пр. Щорса, д. 1/4, 354604|SokFe_28_10_1963
14924101|клх Тулпан, ш. Максима Горького, д. 8/3 стр. 40, 713789|KulLyu_26_01_1958
33719689|клх Казань, алл. Жукова, д. 53, 634031|StrAg_11_08_1994
98958450|клх Майкоп, пр. Тельмана, д. 81, 406749|KotMa_30_04_1961
63746358|п. Борзя, пр. Луговой, д. 1/6 к. 4, 639398|RusVe_03_09_1962
26354149|д. Мытищи, пр. Широкий, д. 2, 337050|MurAd_16_09_1982
06299651|ст. Таштагол, алл. Краснодарская, д. 66 к. 5, 589306|PavMa_22_03_1976
08714343|п. Быково (метеост.), алл. Техническая, д. 516 к. 67, 355715|MarVi_22_12_1998
91265944|г. Урюпинск, ул. Монтажников, д. 4 стр. 306, 783284|EmeNa_30_12_1983
58325513|клх Кижи, бул. Логовой, д. 514, 610256|KalVa_27_05_1994
51213367|г. Усть-Калманка, ул. Бажова, д. 2 стр. 6, 295610|D'yaKo_25_07_1953
73165323|д. Александров, алл. Кузнецкая, д. 1 стр. 688, 695470|KarLyu_28_08_1991
97120988|с. Балашиха, бул. Сиреневый, д. 3, 634945|MuhSi_07_09_1966
16479401|ст. Выборг, бул. Алтайский, д. 27, 535034|KonGe_15_04_1941
27530023|д. Гдов, алл. Пушкина, д. 6, 158261|MakIr_13_01_1957
15521194|клх Вязьма, бул. Придорожный, д. 232 стр. 42, 354159|EfiSi_22_01_1943
82471361|п. Норильск, ул. Новая, д. 55 стр. 3, 209704|OsiLu_24_02_1966
52322181|к. Лодейное Поле, алл. Социалистическая, д. 3/7 к. 51, 604760|SharNi_08_01_1984
62200547|п. Кировск (Ленин.), бул. Снежный, д. 400 стр. 84, 781750|FokZi_04_07_1963
05088218|с. Усть-Баргузин, бул. Р.Люксембург, д. 8/2, 180162|KapVa_08_04_1948
67560981|п. Холмск, алл. Гвардейская, д. 39 стр. 959, 085325|PopVa_03_03_1995
16196315|г. Кедровый, бул. Марта 8, д. 4 стр. 1/3, 580763|PetKs_16_07_1978
15762702|клх Кириши, пер. Мусы Джалиля, д. 991 стр. 10, 217083|GorNa_25_12_1971
23420205|ст. Ирбит, пр. Ульянова, д. 2/2 к. 77, 493296|RozhVa_28_07_1973
70237474|д. Нурлат, ш. Овражное, д. 1/6 к. 2/3, 212376|BesVa_13_10_1971
25127874|п. Кудымкар, ш. Физкультурное, д. 82, 819097|StrOk_06_04_1994
72156391|с. Октябрьское (Челяб.), бул. Водников, д. 2/8, 489112|AksKo_17_04_1961
19794709|г. Ардон, алл. Белорусская, д. 9/1 к. 23, 575246|EfrOk_28_12_1962
65375686|ст. Макушино, ш. Мичурина, д. 2, 259711|PavVl_07_02_1962
13392819|п. Билибино, пер. 50 лет Победы, д. 168 стр. 6/2, 228882|SuhKi_04_08_1954
64984599|д. Стерлитамак, наб. Чапаева, д. 442, 303591|MishRo_29_11_1940
93455138|г. Сызрань, ул. Крупской, д. 469 к. 21, 908676|IgnMa_04_10_1964
43111619|к. Пышма, наб. Азина, д. 3, 519862|SamGu_18_04_1981
69385520|с. Куртамыш, бул. Достоевского, д. 84 к. 1/3, 415927|NikMa_07_01_1958
25461985|п. Пышма, бул. Володарского, д. 15, 119058|LyitKs_03_02_1958
76088704|к. Кижи, алл. Ворошилова, д. 5/6 к. 28, 994629|NikFa_11_11_1943
41761731|ст. Сочи, пр. Никитина, д. 5/3 стр. 7/4, 877134|RodVi_20_12_1975
26582047|ст. Россошь, ш. Казанское, д. 94 стр. 24, 477662|KomSe_02_12_1968
27455449|ст. Усолье Сибирское, наб. Березовая, д. 37 стр. 331, 160116|BogAd_28_01_1991
81184101|клх Торжок, пер. Крестьянский, д. 92, 278353|ZyikFo_24_06_1957
87201086|п. Ульяновск, ш. Ильича, д. 2/7 к. 636, 257165|OdiSa_08_03_1941
62547550|г. Чегем, алл. Клубная, д. 6, 626948|AleAl_19_09_1952
41979464|п. Махачкала, бул. Степана Разина, д. 1, 575715|BelPr_13_01_1966
80298168|п. Новокузнецк, бул. Орловский, д. 8/8, 109786|ShubGa_06_05_1969
12110483|г. Городовиковск, бул. 50 лет Победы, д. 4, 147305|SharFyo_09_04_1983
07822117|клх Белореченск, ш. Космонавтов, д. 4/2 к. 592, 615163|SilLe_08_02_1979
14768361|к. Чайковский, бул. Московский, д. 49, 869139|SyisEr_19_02_1990
40651422|д. Двинской, ул. Угловая, д. 60 к. 3/5, 870750|VlaLa_04_08_1969
77571380|д. Междуреченский, алл. Профсоюзная, д. 6/4 стр. 78, 741382|LebMa_10_05_1946
38189722|д. Осташков, бул. Лесхозный, д. 4, 350815|SerRe_04_05_1973
02760865|с. Видное, наб. Энтузиастов, д. 6/4 стр. 8, 048914|FomMa_01_12_1985
29662418|г. Энгельс, ш. Первомайское, д. 81, 394248|OdiVe_15_08_1994
94150513|п. Чехов, наб. Портовая, д. 945 к. 1, 184673|BurPe_04_04_1994
46674623|д. Нижнеудинск, ш. Подстанция, д. 8/5 к. 231, 695222|KonMi_04_01_1999
33361642|г. Нижний Новгород, ш. Омское, д. 12, 581328|AvdRe_29_03_1967
74432608|к. Тутаев, алл. Станционная, д. 546, 349207|UstGo_17_01_1947
13692759|д. Октябрьский (Башк.), наб. Чернышевского, д. 90, 754094|ShilVl_28_10_1941
00125086|к. Териберка, алл. Ермака, д. 96 к. 653, 770817|ScherLi_21_04_1975
59811190|к. Наро-Фоминск, пр. Красный, д. 4/4, 884805|SolYul_16_03_1968
78085053|клх Соликамск, алл. Ивановская, д. 97 к. 4/1, 111763|FilYak_13_06_1981
19426983|ст. Тулун, бул. Тупиковый, д. 42 к. 80, 728542|KopAg_08_11_1986
16267107|ст. Юрьевец (Иван.), алл. Геологов, д. 3 стр. 48, 319507|D'yaSo_20_03_1964
69841750|д. Оймякон, алл. Брянская, д. 73 стр. 1, 272299|BobVa_24_10_1956
90631481|г. Усть-Калманка, пер. Моховой, д. 568, 798829|AfaAn_14_03_1993
94401172|с. Плес, наб. Прибрежная, д. 184 стр. 199, 350484|ShirTa_13_05_1950
30389045|клх Макушино, наб. Пролетарская, д. 90 к. 70, 440200|KovIr_23_04_1968
86661782|д. Кисловодск, алл. Степана Разина, д. 73 стр. 46, 678515|BogKa_05_08_1999
37084929|г. Малоярославец, пр. Ушакова, д. 58 стр. 2/8, 646066|NikKa_04_02_1954
44349561|п. Новочеркасск, пер. Революции, д. 8/2 стр. 9/2, 059577|SemPa_09_10_1949
16594661|ст. Мытищи, ш. Волгоградское, д. 138 к. 455, 039754|FomMi_09_07_1972
74540518|к. Пушкин, пер. Свердлова, д. 5 стр. 7, 253274|KulGe_20_10_1955
57515519|п. Усть-Илимск, пр. Тамбовский, д. 9/8 к. 6/1, 240162|BarDo_14_05_1964
67555291|г. Кимры, пр. Механический, д. 7/3 к. 73, 025794|KuzRo_29_10_1965
94740585|ст. Санкт-Петербург, ул. Нефтяников, д. 6 к. 7, 747615|BliIz_15_01_1956
31289610|к. Карталы, наб. Виноградная, д. 4 к. 8/6, 188383|FadNa_30_08_1978
71217222|к. Златоуст, наб. Фадеева, д. 5 к. 3/3, 154435|GriEr_03_06_1996
82349738|п. Биробиджан, алл. Краснофлотская, д. 407 к. 6/8, 422448|VinVi_02_12_1960
22886859|ст. Пинега, ул. Тракторная, д. 630 стр. 361, 028573|BurAl_13_02_1971
04541714|д. Саратов, бул. Олимпийский, д. 2/9, 560694|MamFa_30_09_1947
64746395|с. Волхов, пр. Космодемьянской, д. 399 к. 929, 676704|OsiMa_24_11_1976
69702006|к. Алексин, пер. Правды, д. 51 стр. 81, 234876|TihGa_16_06_1946
90826580|д. Хасан, ул. Средняя, д. 66, 249493|NosMa_04_10_1949
38287503|к. Эльтон, ул. Ярославская, д. 8/7 стр. 4, 360922|SavVya_11_10_1942
70254464|с. Сызрань, пр. Ягодный, д. 614 стр. 37, 219123|IsaLo_19_04_1970
12357130|д. Черкесск, бул. Кузнечный, д. 2/9, 494706|GorLi_26_01_1978
11562481|д. Мончегорск, пер. Гайдара, д. 19 стр. 1/9, 007783|DmiAg_27_10_1960
52963919|д. Макушино, наб. Московская, д. 8 к. 3/2, 238227|MelSa_19_12_1970
78430587|г. Тырныауз, бул. Чехова, д. 564 стр. 3, 582540|EfrMa_30_11_1955
61231511|клх Муром, ул. Новгородская, д. 27 к. 1/3, 390841|GalKi_27_09_1964
62531474|с. Нефтегорск (Самар.), бул. Войкова, д. 469 стр. 3, 433317|MirVi_10_06_1965
86582216|клх Шамары, бул. Нефтяников, д. 113, 983286|AvdIr_25_12_1991
56956153|к. Руза, ш. Речное, д. 6/9, 216068|BelEf_15_07_1946
20795115|п. Видное, пр. Баумана, д. 30 стр. 3/7, 390698|DorMi_16_03_1985
73929475|д. Урай, наб. Киевская, д. 885 к. 48, 105187|PonVa_28_07_1987
29280698|д. Красноярск, наб. 60 лет Октября, д. 9 стр. 9, 497301|SilEl_06_01_1961
28727156|к. Петрозаводск, ш. Высотное, д. 2 к. 59, 488221|DmiNi_07_12_1963
76484117|п. Миасс, ш. Менделеева, д. 7, 406491|MakAp_14_05_1945
65150542|г. Тюмень, пер. Новгородский, д. 535, 415478|KosIv_11_01_1960
06049454|г. Плес, алл. Карбышева, д. 9 стр. 6/8, 677746|SilIp_13_09_1948
57731797|д. Тихвин, бул. Энтузиастов, д. 724, 401663|AfaUl_28_10_1976
51443931|к. Уфа, ул. Громова, д. 527 стр. 670, 260239|SavTa_14_08_1940
39226433|к. Сочи, пр. Гайдара, д. 5, 788782|VolEv_11_10_1978
21780622|ст. Пушкинские Горы, пр. Таежный, д. 26 к. 1/3, 697503|GriAn_27_09_1976
86265119|с. Воронеж, ул. Молодежная, д. 92 стр. 373, 461522|IsaEv_27_01_1992
69107481|ст. Учалы, ш. Гастелло, д. 3/7, 069481|DemVe_01_02_1969
16305229|п. Орск, пер. Шишкина, д. 474, 077458|UvaVi_24_03_1943
81336326|г. Усть-Катав, ул. Радужная, д. 4 к. 50, 518110|BelLa_27_04_1998
99026899|к. Териберка, ул. Красноярская, д. 6/7, 519226|MuhMi_10_06_1970
63576528|ст. Борзя, ул. Королева, д. 5/8, 630331|OsiPe_07_01_1985
56504842|клх Неплюевка, пр. Гастелло, д. 9/9 стр. 961, 508268|SazRu_22_09_1960
55828888|к. Красноселькуп, алл. Демьяна Бедного, д. 59 стр. 8, 150905|AntNi_05_09_1983
26883304|клх Сосьва (Хант.), бул. Ватутина, д. 30 стр. 8, 769006|KnyaPr_22_07_1945
45444654|г. Кажим, бул. Вишневый, д. 829 к. 99, 309213|NikAn_17_02_1949
18057751|с. Малгобек, наб. Поселковая, д. 6/1 стр. 5/8, 467180|GurVa_18_02_1949
19056685|п. Кингисепп, алл. Новгородская, д. 57 к. 6/5, 916684|AniKl_28_07_1998
07087943|ст. Коломна, ул. Крупской, д. 24, 563746|VesAm_04_01_1970
66789239|ст. Мирный, ул. Нижняя, д. 807, 697535|TetEv_15_06_1972
10309247|п. Териберка, пер. Вольный, д. 52 к. 457, 157658|MelDa_23_09_1952
98882908|с. Каргасок, пер. Путейский, д. 9/9 к. 54, 175278|RomAl_20_02_1957
97421559|п. Оленегорск (Якут.), ул. Кирпичная, д. 621 к. 982, 103459|TihSi_10_02_1990
75066987|с. Гремячинск (Бурят.), ш. Металлургов, д. 6 к. 2, 810340|KryuSt_22_02_1960
53047113|ст. Касимов, алл. Крупской, д. 3/5 стр. 32, 301661|SharSv_11_06_1940
13619770|д. Орск, пер. Физкультурный, д. 206, 429347|GriAg_14_12_1970
95965918|п. Зеленоград, наб. Чайковского, д. 556 к. 2, 459710|Il'Pe_03_05_1967
21740688|г. Шерегеш, алл. Физкультурная, д. 6 к. 7/4, 288172|FedSa_08_10_1942
53366191|п. Сунтар, бул. Октября, д. 970, 371622|KapEr_21_09_1946
34136751|д. Сузун, наб. Вахитова, д. 1/7 к. 2, 810178|RyabAr_03_08_1946
06868680|д. Игнашино, наб. Строительная, д. 980, 547109|Il'Re_17_07_1990
38338847|д. Петрозаводск, пер. Никитина, д. 4, 232073|HarNo_29_05_1942
86476508|клх Любань, ул. 8 Марта, д. 941, 891589|BliMa_27_02_1989
17895910|с. Корсаков, наб. Трудовая, д. 172, 022906|KirHa_22_03_1963
08234797|с. Тотьма, алл. Верхняя, д. 492, 641390|GolOl_19_08_1983
40758145|ст. Апрелевка, пер. Халтурина, д. 224, 353282|TetVa_20_01_1980
46007018|клх Калининград, пер. Правды, д. 5/6, 997967|MedAp_05_07_1980
06967895|к. Завьялиха, ул. 50 лет Победы, д. 32 стр. 1, 320736|GroEv_18_10_1956
87936360|к. Ербогачен, алл. Воровского, д. 544 стр. 707, 997568|FilIya_22_11_1959
98056187|к. Шуя, пер. Маркса Карла, д. 7 к. 651, 331961|SchukSi_02_10_1951
88152387|г. Снежинск, алл. Красноармейская, д. 1 к. 3, 021808|SimAl_11_02_1986
78359475|клх Раменское, ш. Лазо, д. 95, 443072|FilZi_27_12_1942
49918106|г. Прохладный, алл. Советской Армии, д. 765, 992665|MirMi_03_11_1944
95154664|д. Озеры, алл. Пригородная, д. 6 к. 1/2, 127278|SharYul_02_09_1950
14103599|ст. Ахтубинск, алл. Инженерная, д. 6 к. 54, 873448|NikDa_18_08_1986
96946091|клх Ребриха, пр. Родниковый, д. 747, 658647|SimVa_28_11_1991
75234584|клх Суздаль, ш. Красноярское, д. 222 стр. 82, 234584|ArtKi_20_01_1961
46596024|клх Морозовск, бул. Красина, д. 25 стр. 3/3, 620342|BelAr_07_01_1960
22254351|ст. Мыс Шмидта, ш. Гастелло, д. 90, 467489|SavAr_11_04_1942
92232099|ст. Пышма, пр. Малый, д. 64 стр. 73, 281327|GolEv_28_02_1966
98733453|д. Кунгур, ш. Степана Разина, д. 1/7 стр. 99, 072105|AntZi_12_06_1968
05206438|д. Двинской, пер. Маркса Карла, д. 74 стр. 2/2, 129018|GuschAl_04_11_1945
82837396|д. Вуктыл, ш. Огородное, д. 702 стр. 9/5, 227767|MelTa_02_08_1966
47720947|клх Королев, бул. Ивановский, д. 93 к. 67, 611019|FadSo_14_04_1968
41269961|ст. Урюпинск, ул. Микрорайон, д. 58 стр. 199, 655438|ScherVi_12_10_1983
72507049|г. Истра, алл. Жукова, д. 2 к. 50, 761272|KudFyo_22_11_1953
43080762|с. Холмск, ул. Дружба, д. 3 стр. 2/9, 574766|KovKl_09_08_1968
04156437|к. Новочеркасск, алл. Солнечная, д. 104 к. 9/3, 525136|GerAg_25_11_1957
69906633|г. Тамбей, ш. Плеханова, д. 4/2, 233256|VlaDa_26_10_1977
07195136|п. Минусинск, ш. Плеханова, д. 39 стр. 5, 339082|GriVa_07_07_1945
39634580|д. Усмань, бул. Каштановый, д. 3/4, 876380|SuvEv_05_01_1974
63258646|г. Сусуман, наб. Республиканская, д. 6/3 стр. 1/6, 454439|TerGr_03_11_1975
72520338|д. Радужный, наб. Терешковой, д. 5, 490722|KuzFa_02_02_1991
96920541|г. Белореченск, бул. Ударный, д. 9/1, 056141|PavVi_04_11_1962
33841434|п. Верхний Тагил, ул. Проезжая, д. 717, 105440|KulKo_13_08_1946
42914624|г. Муром, ш. Физкультурное, д. 943 к. 746, 215162|BurOl_25_02_1957
47473126|с. Бронницы, ул. Воронежская, д. 6 к. 568, 795070|YakuTv_25_06_1958
73486695|к. Нарьян-Мар, пер. Труда, д. 45, 967889|TroIv_21_12_1950
97138334|с. Кижи, наб. Высокая, д. 9/4 к. 517, 703383|LobVa_17_07_1968
34612477|д. Усть-Ордынский, ш. Карла Маркса, д. 20 к. 2, 645159|AgaPr_17_07_1983
26497341|с. Сосногорск, наб. Тракторная, д. 4/2 к. 95, 352766|MihLo_04_03_1952
59836605|к. Таштагол, ш. Поселковое, д. 42 к. 3, 545301|OrlZa_01_09_1944
69443787|с. Соболево, алл. Гаражная, д. 96 стр. 3, 206847|FroAv_13_10_1945
71356723|п. Туапсе, пер. Колхозный, д. 205 стр. 4/3, 764372|ZhurKl_09_11_1955
43763870|с. Троицк (Челяб.), бул. Коммунальный, д. 5 стр. 2, 120033|LobAm_10_05_1989
81296088|клх Анадырь, наб. Детская, д. 1/2, 547324|MyasTa_05_09_1946
23087750|д. Долинск, алл. Камская, д. 75 к. 612, 774739|ArtEr_24_06_1953
32041613|п. Долинск, алл. Серафимовича, д. 727 к. 7/8, 214141|RogOs_04_08_1969
16115002|с. Партизанск, пер. Грибоедова, д. 3 к. 83, 673161|PonAn_27_03_1968
62350327|клх Дмитров, ш. Тамбовское, д. 8, 343638|ShubAr_04_06_1945
69302664|г. Воскресенск, ул. Шаумяна, д. 8 к. 260, 266225|ShubRa_18_10_1971
72257548|ст. Иваново, алл. Панфилова, д. 53, 892951|ZimNi_11_09_1965
68834869|клх Шатки, бул. Иванова, д. 6/9 стр. 1, 006634|ShesUl_05_08_1943
70983562|с. Соль-Илецк, пр. Социалистический, д. 1/2 к. 118, 551063|ShirTa_04_02_1988
94067408|д. Гдов, бул. Ветеранов, д. 17, 887216|SorRa_16_10_1993
74884490|ст. Обнинск, ул. Союзная, д. 354 стр. 1, 130357|FedBo_02_12_1958
61588950|д. Александров, ул. Центральная, д. 48 стр. 6/8, 784231|RyibMi_18_07_1971
92874800|ст. Малая Вишера, алл. Ореховая, д. 90 стр. 98, 353880|EvsEm_11_11_1964
00773386|д. Томпа, ул. Кольцевая, д. 3, 615403|UstAl_06_07_1986
87785807|с. Кондопога, ул. 50 лет Победы, д. 225 стр. 7, 200591|SteGl_12_10_1940
90410772|ст. Троицк (Челяб.), пр. Менделеева, д. 6 стр. 10, 091122|AndAn_24_02_1992
73420989|к. Солнечногорск, пр. Больничный, д. 231, 749646|ErshAl_19_03_1975
83566929|к. Нижневартовск, пер. Красный, д. 5, 149431|NikEl_20_05_1941
16007246|г. Листвянка (Иркут.), пр. Короленко, д. 91 к. 41, 250482|BirEl_21_10_1975
32741230|с. Кабанск, пр. Сибирский, д. 36, 332719|EvdMa_05_09_1977
46862310|с. Кисловодск, ул. Новоселов, д. 68 стр. 6, 613499|TitMi_17_06_1976
01435757|клх Краснодар, пер. Приозерный, д. 7/2 к. 697, 659718|TetEv_01_11_1987
06312756|к. Ангарск, пр. Азина, д. 1 к. 550, 342437|VishIr_17_06_1974
50880997|ст. Яшалта, наб. Горная, д. 520 к. 7/9, 976946|BurUs_14_05_1993
76357107|г. Таганрог, бул. Тепличный, д. 3, 945824|VorNi_11_11_1970
89541036|с. Улан-Удэ, бул. Радищева, д. 5, 282597|Il'Ma_16_07_1977
58340745|с. Химки, наб. Краснознаменная, д. 58 стр. 808, 248902|GolLyu_01_09_1952
89262009|с. Чехов, ул. Студенческая, д. 7, 673716|NazAg_26_09_1943
40107394|клх Смоленск, ш. Коммунистическое, д. 57 к. 95, 553069|GriAn_25_07_1963
04903475|п. Гусь-Хрустальный, ш. Маркса, д. 4/9, 332611|KolAl_03_04_1986
64632445|к. Кимры, ш. Вокзальное, д. 52, 996081|ShesAf_20_03_2000
07949586|г. Кемерово, ш. Тополиное, д. 684 стр. 950, 798672|KozMi_15_05_1958
91820655|ст. Муравленко, ш. 40 лет Октября, д. 5 к. 1/6, 436531|ZueGa_15_06_1991
12660056|клх Петухово, ш. Васильковое, д. 74, 155041|ProVa_06_11_1942
90083648|д. Муравленко, бул. Республиканский, д. 936, 779008|DemTa_16_06_1968
53979933|д. Югорск, алл. Волжская, д. 4 стр. 3/6, 638429|ZimFe_26_11_1983
37215446|ст. Соль-Илецк, пр. Томский, д. 35, 583971|FedTa_22_08_1960
71677347|п. Старая Русса, бул. Морской, д. 7, 462909|YakoRo_19_03_1992
77700643|п. Озеры, пр. Тенистый, д. 244, 725935|ZhurEl_23_10_1942
69151439|д. Усинск, ул. Революционная, д. 908 к. 6/4, 034815|ZyikTa_31_12_1950
69867392|п. Кунгур, наб. Гастелло, д. 628 к. 28, 023932|MurTa_22_04_1959
51876432|п. Вологда, бул. Звездный, д. 7/9 стр. 54, 596199|AgaFe_09_08_1974
77158437|ст. Суздаль, алл. Крайняя, д. 430, 754737|TsveOl_15_06_1985
58508145|клх Киренск, ш. Тракторное, д. 561, 537509|MatNi_09_11_1962
80711476|к. Макаров, наб. Вокзальная, д. 7 к. 799, 044054|MuhEk_26_02_1976
71468525|к. Домодедово, алл. Правды, д. 6, 663221|PahAl_09_06_1996
79122443|с. Махачкала, ш. Азовское, д. 82 стр. 74, 401979|TetMi_17_04_1995
57948034|п. Горно-Алтайск, ул. Халтурина, д. 4 стр. 319, 511666|VesSo_14_07_1999
91862822|п. Одинцово, наб. Гафури, д. 6 стр. 977, 629357|UvaTe_07_10_1944
21782657|д. Нарым, пр. Тюленина, д. 1 стр. 4, 897502|ZinGr_13_02_1969
13589165|п. Кимры, алл. Надежды, д. 6 стр. 4/4, 049310|ZajEv_04_12_1998
65562338|к. Баксан, наб. Тихая, д. 7/6, 555066|AntEl_14_03_1972
80887751|с. Можга, пер. Тургенева, д. 6, 305351|GalTa_28_09_1974
04882657|с. Долинск, бул. Ягодный, д. 4/6, 260602|BloSa_10_12_1977
60756497|п. Петухово, пер. Пугачева, д. 9 стр. 4, 198281|MelEr_05_11_1957
95542799|с. Набережные Челны, ул. Сенная, д. 6 к. 449, 579076|NikMi_17_04_1985
14754319|с. Калач, пр. Тракторный, д. 5/7, 046964|FedGe_30_03_1945
92590496|ст. Мураши, ш. Слободское, д. 10 к. 8, 058128|TihHa_30_07_1968
57680156|к. Котельнич, пер. Фадеева, д. 2 стр. 1, 945713|SitLu_05_04_1994
01654646|д. Новочеркасск, ш. Приморское, д. 71 стр. 69, 591270|TimEp_17_11_1966
49673050|г. Добрянка, бул. Амурский, д. 864 к. 8, 337564|TreVe_01_01_1943
81939206|г. Каневская, наб. Степная, д. 3/8, 250471|AndLo_25_06_1996
30314818|ст. Славгород, бул. Базарный, д. 62, 854564|LobLo_10_04_1992
13275662|ст. Усинск, пр. Хвойный, д. 59 к. 4/1, 174769|BarAv_24_12_1973
75863050|д. Северобайкальск, алл. Советской Армии, д. 90, 098417|NauLa_09_02_1978
30322394|к. Красногорск (Моск.), пр. Элеваторный, д. 6/9, 160710|MihVe_12_12_1978
63354584|с. Тимашевск, ш. Привольное, д. 2/1 стр. 4/1, 205583|TurNa_17_09_1997
01890440|д. Чегем, пер. Ветеранов, д. 4 к. 948, 874399|NesVya_25_07_1991
24265423|д. Санкт-Петербург, алл. Белорусская, д. 75 к. 2/6, 344107|OvchAv_09_10_1942
10024966|с. Тула, бул. Целинный, д. 49, 594406|IvaVi_01_01_1991
52723513|с. Сасово, пер. Азина, д. 4/6 стр. 4/2, 731368|BloSo_25_06_1974
38999352|ст. Оса, ш. Культуры, д. 2, 142669|VorVs_31_03_1947
36025190|с. Усть-Камчатск, пр. Безымянный, д. 52, 417593|GorLe_25_10_1957
11074212|д. Мезень, бул. Достоевского, д. 5 к. 598, 995012|ErshMa_12_04_1984
38718298|г. Киржач, бул. Громова, д. 75 стр. 7/4, 868746|PotAv_28_10_1977
59941880|ст. Черемхово, пр. Огородный, д. 2 стр. 185, 305764|ZhdaEr_25_07_1997
30909755|клх Петухово, ул. Дзержинского, д. 3 стр. 3/8, 322757|BogDa_12_04_1941
16029996|п. Балашов, наб. Ленинградская, д. 172 к. 66, 604345|DavMa_06_11_1967
75933531|г. Ямбург, ул. Волгоградская, д. 2 к. 2, 177145|KnyaIr_07_10_1946
23016286|к. Мелеуз, пр. Дальний, д. 13, 613156|FokNa_07_09_1973
96231319|с. Уэлен, наб. Васильковая, д. 6, 903725|ShirBo_09_08_1948
19780139|к. Тулун, бул. Чернышевского, д. 33 стр. 6/2, 039449|SamAl_27_08_1969
55398039|ст. Братск, алл. Лесхозная, д. 6, 004851|ArhZha_06_06_1995
13744830|клх Макаров, алл. Техническая, д. 8 стр. 518, 468861|KryuFr_16_05_1976
50655212|г. Каменномостский, ул. Орджоникидзе, д. 22, 446805|GriVa_17_12_1947
10411049|с. Челюскин, алл. Фадеева, д. 10 к. 26, 921248|KisIr_10_05_1980
25348958|д. Внуково (метеост.), ш. Пушкинское, д. 3 стр. 1, 922061|VorNa_19_01_1986
57102740|клх Анапа, бул. Славянский, д. 302 стр. 4, 836927|OvchTa_01_02_1955
43178605|ст. Углич, наб. Кедровая, д. 6, 432952|EmeLo_19_02_1966
50681747|д. Кунгур, ш. Красное, д. 6/1 к. 201, 303286|KisAv_20_05_1979
91109415|клх Омск, пр. Дарвина, д. 8 стр. 585, 868602|LobFi_23_03_1970
84793508|д. Кунгур, пр. Ворошилова, д. 6 стр. 1, 720654|ZimAl_10_06_1958
86139182|к. Архангельск, бул. Шахтерский, д. 926, 317027|AleEv_22_03_1997
33056548|д. Петушки, наб. Дзержинского, д. 9/9 к. 46, 962285|TreOl_27_01_1954
31063739|с. Волоколамск, ш. Поперечное, д. 2, 608594|VorIl_29_05_1953
21464430|д. Тольятти, бул. Сурикова, д. 3/3 к. 790, 689327|ScherFyo_02_07_1940
03127964|к. Галич, наб. Никитина, д. 7/2 стр. 4/9, 608665|ErmAv_12_04_2000
02626680|к. Ахтубинск, пер. Котовского, д. 7 стр. 286, 133534|PavKl_22_08_1961
12381388|д. Арзамас, пер. Свердлова, д. 1/6, 498279|TarRu_21_02_1965
84113887|п. Снежинск, алл. Куйбышева, д. 66, 487113|GorNa_12_10_1977
54287792|г. Курск, пр. Панфилова, д. 6/4 стр. 23, 588902|TihYur_27_06_1995
15606945|д. Дудинка, пер. Короленко, д. 8 стр. 4/6, 085380|BraLu_16_05_1978
14027666|ст. Кулу, пер. Л.Толстого, д. 504 к. 749, 837018|RodEv_20_08_1959
80770565|клх Медногорск, алл. Островского, д. 50, 368098|GavNi_05_09_1983
79248372|ст. Ребриха, ш. Российское, д. 819, 814140|GerLa_26_08_1965
58086049|с. Тобольск, ул. Просвещения, д. 3/4 к. 4/6, 589585|GalEv_27_11_1945
18233629|к. Валаам, пер. Ватутина, д. 5 к. 6, 605181|KirGl_02_01_1984
09139572|ст. Кисловодск, ул. Профсоюзная, д. 9/3 стр. 4, 933468|KuzLyu_24_03_1997
50750665|к. Муром, пер. Красногвардейский, д. 941 стр. 437, 883998|SazEl_29_01_1955
61941021|с. Солнечногорск, пер. Сенной, д. 1/1 стр. 1/5, 458430|NikSe_25_09_1945
28492184|г. Новороссийск, ш. Ставропольское, д. 2/5, 640265|KopGo_10_10_1979
29582020|ст. Троицко-Печорск, пер. Ростовский, д. 5/4 стр. 20, 734632|D'yaIl_28_12_1974
74260416|ст. Ульяновск, пер. Станционный, д. 8/3 стр. 30, 819362|ZajOl_20_12_1945
50027149|г. Сортавала, пер. Приморский, д. 39 стр. 9/7, 517471|VishNi_24_07_1982
53349279|г. Оймякон, алл. Социалистическая, д. 94 к. 90, 583318|D'yaIs_28_12_1968
26795966|к. Чикола, бул. Харьковский, д. 1/8 стр. 115, 658732|VlaSo_28_08_1951
20035211|с. Избербаш, пр. Просвещения, д. 31, 378800|TroTa_10_05_1995
25713329|к. Нязепетровск, ул. Островского, д. 856 к. 898, 912476|ZhdaZo_19_09_1972
48165624|д. Ейск, ул. Толстого, д. 1/3, 519144|AgaGo_20_12_1960
93068635|к. Дагомыс, наб. Городская, д. 5 к. 8, 104012|ZajPo_19_09_1944
35117681|г. Уренгой, ул. Молодежная, д. 13 к. 6/8, 187377|FadKo_10_04_1963
46305275|с. Каневская, ш. Рылеева, д. 86 стр. 8/5, 692926|TurAk_15_03_1956
56752885|д. Горячинск, алл. Свердлова, д. 6, 329689|MasNa_20_03_1987
75004521|д. Старый Оскол, наб. Вишневая, д. 7 к. 927, 931497|KuzPr_28_11_1984
71235387|клх Гагарин, ул. Владимирская, д. 536 стр. 9, 857779|KorNe_21_06_1991
96573174|с. Минеральные Воды, ул. Краснофлотская, д. 6, 124772|BarAn_24_01_1995
64481340|д. Казань, алл. 60 лет Октября, д. 2/6 к. 33, 062615|SazNi_14_02_1947
58918234|д. Муравленко, наб. Чапаева, д. 684 стр. 85, 216972|AgaSv_21_12_1974
03721902|клх Ардон, наб. Рабочая, д. 50 к. 9, 401533|KnyaVya_23_01_1956
37991517|к. Темрюк, ш. Черноморское, д. 555 к. 607, 388223|HohKs_25_03_1963
77023735|д. Омск, пер. Вишневый, д. 4, 907236|LebAs_11_11_1989
26260167|д. Минеральные Воды, алл. Матросова, д. 3/6, 319330|AndFa_27_05_1974
19538358|с. Туруханск, наб. Титова, д. 48 стр. 649, 713793|TroLi_10_06_1989
87988918|ст. Рязань, пр. Высоцкого, д. 838, 964509|MarEv_01_09_1999
36255214|п. Королев, бул. Культуры, д. 820 к. 7/1, 353501|VorAg_26_06_1951
49398632|д. Агинское (Забайк.), алл. Вольная, д. 87 к. 9, 148990|KulEp_17_03_1964
27049334|клх Надым, ул. З.Космодемьянской, д. 4/7 стр. 165, 300085|FomLyu_16_10_1975
93939614|д. Домодедово, пр. Сахалинский, д. 6/1 к. 5, 104924|ZinYan_14_02_1968
99179519|к. Забайкальск, ул. Кузнецкая, д. 39, 133793|PolSe_21_10_1978
97591214|д. Котельнич, ш. Кузнецова, д. 100, 845358|YakuKl_18_06_1943
41450185|с. Калязин, бул. Городской, д. 55, 143559|BarLyu_29_10_1992
87639094|клх Хасан, ул. Металлистов, д. 29 стр. 1/2, 595245|YakuVl_09_02_1968
75767716|с. Тутончаны, пр. Абрикосовый, д. 28, 949140|DmiEv_03_09_1946
32529609|ст. Щелково, алл. Фрунзе, д. 1/4, 264686|VolIg_22_01_1969
80025061|к. Сковородино, алл. Л.Толстого, д. 13 стр. 13, 677576|KolNa_14_01_1975
17479646|с. Качканар, пр. Базарный, д. 79, 481139|VesKa_27_03_1985
98055425|с. Новгород Великий, пер. Шаумяна, д. 5/7 к. 393, 487089|KryiIr_05_11_1980
61657793|п. Кулунда, ш. Станиславского, д. 3 стр. 8/5, 254064|TsveSi_21_05_1985
48080118|д. Кулу, бул. Коммунальный, д. 762 стр. 86, 821878|KolRe_04_03_1981
15752147|д. Котлас, пр. Новгородский, д. 3/3 к. 6/1, 413738|YudiOk_06_03_1983
53915924|ст. Калач, ш. Щербакова, д. 93 стр. 6, 538098|SokKs_15_05_1987
05157709|д. Губкинский, алл. Нагорная, д. 454, 626459|ZhurPo_28_07_1943
47799202|д. Мончегорск, алл. Островского, д. 43, 829674|BraAf_24_09_1972
99423841|к. Колпашево, бул. Свободы, д. 5/6 стр. 850, 768393|NikGu_05_08_1960
40323701|п. Шали, алл. Выгонная, д. 42 к. 667, 087610|DanLi_24_07_1964
41600337|г. Курган, пр. Советской Армии, д. 5 стр. 63, 317368|KonEr_22_03_1949
83035814|д. Яр-Сале, пр. Карбышева, д. 1, 700173|SafUl_27_05_1987
22759191|ст. Канск, бул. Московский, д. 47 к. 7/8, 078052|NikKs_24_03_1999
88828206|г. Агата, алл. Кооперативная, д. 9/4 к. 12, 331570|EvdIs_18_05_1959
32038842|д. Ханты-Мансийск, бул. Партизанский, д. 283, 780290|PetBa_07_11_1976
06922573|клх Черемхово, ш. Курортное, д. 9 к. 5/5, 019729|ZhurEr_07_09_1967
91500878|клх Мезень, ул. Льва Толстого, д. 5 стр. 748, 436106|BobVa_20_06_1988
32583335|п. Казань, пр. Механический, д. 234 к. 1, 309489|Il'Na_16_01_1994
46055606|клх Карачаевск, ш. Волочаевское, д. 828 к. 4/9, 810211|PolMo_30_10_1957
95728742|к. Смоленск, бул. Социалистический, д. 6/4, 374583|RyabEr_30_01_1943
98229666|с. Хабаровск, пер. Казачий, д. 9/2 стр. 2, 086183|MirEr_06_06_1954
32989083|клх Неплюевка, пр. Кочубея, д. 81 стр. 406, 870111|NosYul_18_05_1949
05349043|к. Сладково, наб. Западная, д. 489 стр. 3/5, 312208|RusGa_24_01_1953
17899550|к. Орехово-Зуево, пер. Мусы Джалиля, д. 76 стр. 850, 559767|AleAn_24_12_1972
34817018|п. Усть-Катав, ш. Малиновое, д. 395 стр. 562, 874486|LukVe_31_10_1962
44722517|с. Сладково, алл. Ленинская, д. 710 к. 920, 903880|DorVi_09_10_1959
03167731|клх Гудермес, ул. Безымянная, д. 7 к. 10, 872007|ZhdaAg_13_05_1964
02004525|с. Кострома, ул. Локомотивная, д. 952 стр. 87, 232943|TurZo_11_09_1972
96640005|клх Магадан, алл. Торговая, д. 73 к. 3, 995113|SuhUl_28_08_1952
12785483|г. Кириши, ш. Урожайное, д. 7 стр. 48, 272664|BloUs_08_07_1998
10173015|клх Киржач, бул. З.Космодемьянской, д. 84 к. 2/9, 392325|FadAl_25_02_1991
96972496|д. Челюскин, пер. Совхозный, д. 206 к. 80, 679244|KalKs_29_01_1969
76097201|п. Тулун, бул. Сплавный, д. 822 к. 7, 503623|ZhurFyo_09_11_1968
48605809|ст. Сладково, ш. Цветочное, д. 6/9 стр. 37, 898292|MamIr_18_10_1982
46349309|г. Нефтеюганск, ш. Таманское, д. 209, 675549|VesKi_20_06_1975
75446987|ст. Тарко-Сале, пер. Хуторской, д. 1/8, 112581|BurVi_17_12_1970
37654832|клх Холмогоры, пр. Брянский, д. 7/5 к. 8, 779048|VinIya_19_01_1993
27865521|г. Ейск, бул. Ермака, д. 2/5 к. 96, 358404|EfrAv_29_12_1941
15123428|клх Тобольск, ш. Никитина, д. 51 к. 53, 154702|HohYar_22_02_1957
08326973|к. Кырен, пр. Озерный, д. 9/8 стр. 9, 071050|SmiMa_27_03_1959
08921178|к. Рыльск, бул. Герцена, д. 5/1 стр. 7, 087929|EgoLi_25_03_1993
66723943|ст. Кировск (Мурм.), бул. Урожайный, д. 6/2, 791132|RogVe_13_09_1956
30524132|к. Шаховская, пр. Березовый, д. 163 к. 48, 028808|AndAn_25_06_1986
79541886|с. Осташков, пер. Репина, д. 872 стр. 7/2, 571076|GerAn_27_04_1978
97550556|с. Ведено, пр. З.Космодемьянской, д. 477 к. 7, 149864|KonSv_12_05_1947
02168173|г. Баргузин, алл. Димитрова, д. 6/2, 839177|NikGa_20_11_1958
09215641|к. Красногорск (Моск.), бул. Серова, д. 3 стр. 47, 576223|BirVi_30_08_1954
22960849|д. Луховицы, алл. Журавлева, д. 8 к. 6/6, 166777|BarEg_06_04_1975
51009342|с. Муром, пер. Просторный, д. 22, 596199|ProVa_26_02_1995
45028281|клх Воронеж, ш. Мирное, д. 444 стр. 981, 822340|AksLa_16_10_1945
52643026|клх Выборг, пер. Привокзальный, д. 34, 943757|TetSt_15_11_1960
58392652|клх Горячий Ключ, пер. Урицкого, д. 82 к. 17, 485704|BloTa_29_12_1979
87247077|клх Калуга, пр. Чайкиной, д. 1/7 стр. 9, 356954|HarRa_03_08_1992
58504697|г. Ямбург, пер. З.Космодемьянской, д. 69 стр. 622, 262417|YakoRu_09_07_1997
33142203|ст. Балтийск, пер. Жуковского, д. 3/9, 551089|NauNi_08_11_1964
15300294|д. Крымск, пер. Промышленный, д. 4 к. 6/8, 694694|BurMa_02_02_1975
49260335|ст. Ахтубинск, ш. Народное, д. 1 к. 15, 598017|KopYuv_07_01_1994
29747863|д. Пенза, алл. Звездная, д. 235 к. 68, 064522|KabAn_14_06_1991
67710928|д. Минусинск, пер. Белинского, д. 65 стр. 9, 495736|KryiMa_26_04_1943
99757366|п. Мураши, пер. Новоселов, д. 747 к. 5, 566903|GorVa_30_11_1973
00329989|д. Адлер, ш. Горняцкое, д. 461 стр. 7/2, 991897|NosPe_01_03_1951
75500948|ст. Витим, ш. Советов, д. 4 стр. 27, 145297|PonMi_21_06_1974
56585056|г. Карачаевск, ул. Уральская, д. 167 стр. 9/7, 023180|GorVe_01_12_1991
34915080|п. Ведено, наб. Восьмого Марта, д. 28 стр. 3, 264014|RusOl_07_05_1974
74634040|п. Гатчина, бул. Надежды, д. 593 стр. 77, 540331|KotAn_12_12_1997
77907646|п. Соболево, ш. Путейское, д. 5 стр. 535, 712884|MedSi_11_02_1971
43804191|г. Набережные Челны, наб. Флотская, д. 545 стр. 46, 764764|LarVe_11_08_1991
00235457|д. Малая Вишера, пер. Центральный, д. 71 к. 6/3, 485653|VolNa_27_09_1957
65498422|клх Карачаевск, пер. Энтузиастов, д. 90 стр. 5/2, 289366|ProGl_25_05_1994
63576160|с. Малоярославец, ул. Крупской, д. 5 к. 284, 274264|KomNa_06_05_1941
23016521|п. Радужный, ш. Песчаное, д. 2/1 стр. 1/8, 053219|YudiAr_13_10_1961
11906643|г. Охотск, пер. Коммуны, д. 9 к. 45, 032991|KozTa_24_08_1941
19410647|клх Югорск, алл. Красногвардейская, д. 17 стр. 480, 798992|ZimAl_04_06_1973
77016706|г. Старая Русса, наб. Войкова, д. 774 к. 3/3, 261150|TarEp_02_04_1956
71419572|д. Баргузин, пр. Литейный, д. 5/2, 298821|BelOl_08_12_1989
03846674|ст. Курчатов, наб. Фабричная, д. 60 стр. 5, 455318|PahAg_26_11_1951
74197057|ст. Кандалакша, пер. Белорусский, д. 2 стр. 94, 120682|MoiSo_01_12_1993
99227999|к. Малоярославец, бул. Казачий, д. 4 к. 53, 965637|KulNa_25_07_1978
71442860|клх Луховицы, алл. Терешковой, д. 4, 369416|SafMa_18_10_1994
99299682|клх Воткинск, ул. Лазурная, д. 42 стр. 84, 573085|PavEk_04_12_1992
43483372|п. Воткинск, алл. Ленина, д. 7 стр. 79, 732349|FroKl_29_11_1974
66965800|д. Аргаяш, бул. Тюленина, д. 19 к. 591, 893146|SuhPa_27_03_1998
55284899|клх Бирск, ш. Интернациональное, д. 97 стр. 1, 462401|OreSp_11_12_1980
07609114|г. Богучар, пр. Николаева, д. 3 к. 4/6, 698687|AksEv_20_07_1946
49163957|ст. Кыштым, наб. Волжская, д. 3 стр. 6/7, 817164|KalVe_20_07_1980
61160477|ст. Моздок, алл. Вахитова, д. 7/9 к. 36, 760970|ZhurAr_16_05_1962
00382717|д. Серафимович, ул. Дальняя, д. 8/9 к. 5, 779700|BelYul_26_07_1946
31675918|с. Красноуральск, пр. Урожайный, д. 330, 155014|TitZo_10_03_1949
45678257|д. Ухта, бул. Дачный, д. 67 стр. 8/2, 776283|MishSv_01_08_1980
87957815|клх Змеиногорск, бул. Воронежский, д. 6/5, 612475|MirRu_02_11_1978
09377318|к. Кызыл, ул. Космонавтов, д. 6 к. 546, 029103|FedIv_09_04_2000
46249586|г. Верхнее Пенжино, пер. Московский, д. 9 к. 1/8, 378929|RozhEl_03_06_1973
14571060|г. Кисловодск, пер. Мичурина, д. 439 стр. 6, 393969|AleVa_07_04_1965
58223215|к. Мокшан, бул. Ватутина, д. 7/9 к. 749, 866124|EliIo_02_05_1960
56165166|д. Шали, ул. Гайдара, д. 74 стр. 13, 076894|DenRa_17_10_1972
25496833|д. Амурск, пер. Сиреневый, д. 3/7 к. 6, 056342|AfaGl_24_11_1983
44102043|к. Камышин, пр. Водников, д. 81, 793694|AfaKi_03_01_2000
30245709|д. Гагарин, пр. Высоковольтный, д. 2/2, 472661|ByikSa_19_11_1977
20783624|клх Пермь, ш. Светлое, д. 91, 667381|KryiFr_30_09_1970
79259729|клх Мценск, алл. Индустриальная, д. 88 стр. 521, 059229|AvdAg_20_02_1967
70278538|с. Кызыл, бул. Смоленский, д. 5 стр. 6/2, 510700|YakoNi_10_01_1976
53840653|к. Карачаевск, пр. Чайковского, д. 697 стр. 567, 249907|LyitRa_20_08_1967
65438589|д. Рубцовск, наб. Главная, д. 25, 925563|VishZha_12_07_1948
76649394|д. Апрелевка, ул. Клубная, д. 2/4, 703251|ShilOl_04_03_1974
61518018|г. Новый Уренгой, наб. Карьерная, д. 945, 082390|BurAv_01_11_1968
08794215|п. Шаховская, бул. Подстанция, д. 7/9 к. 60, 285110|RozhLe_03_04_1952
29273058|п. Таштагол, бул. Революционный, д. 1 к. 5/9, 935786|KonVl_08_08_1960
01780123|г. Курск, бул. Парковый, д. 290 стр. 5, 695824|KovVi_11_02_1946
19213712|д. Королев, наб. Иванова, д. 3 к. 9, 028622|ZinVa_08_02_1972
29073511|п. Ельня, алл. Средняя, д. 1/5, 471498|SharVe_15_03_1954
09738263|д. Нижний Тагил, пер. Восьмого Марта, д. 3, 070428|KulFr_27_02_1989
77740403|ст. Саранск, алл. Кубанская, д. 4, 924432|EgoMa_05_08_1973
34845899|ст. Псков, ул. Тихая, д. 1/3 стр. 3, 324587|SazAg_27_11_1956
04271628|п. Северодвинск, ш. Полтавское, д. 64, 761531|SemKa_26_04_1974
27849279|с. Артем, пер. Карьерный, д. 8/5 к. 27, 425959|KovLa_13_10_1952
85606692|ст. Лотошино, бул. Куйбышева, д. 87 к. 5, 502176|IgnMa_06_11_1947
43788910|клх Минусинск, наб. Радужная, д. 328 к. 985, 164796|AfaVi_18_09_1983
20324230|к. Учалы, ул. Сиреневая, д. 8/6 к. 720, 775965|OsiSo_01_12_1943
