заяц-русак|2850|True|54
чирок|4950|True|89
кабан|5400|True|97
косуля|2550|True|8
куница|600|True|40
кряква|2850|True|88
кабан|5550|True|14
чернеть|7950|True|95
волк|1350|True|68
куропатка|1500|True|55
кряква|4200|True|81
перепел|6450|True|2
бобёр|6300|True|59
перепел|4350|True|81
чернеть|5550|True|21
волк|3300|True|73
чирок|2850|True|43
куница|1350|True|50
ондатра|2100|True|54
чирок|7950|True|95
заяц-беляк|3300|True|90
куница|6300|True|77
барсук|2250|True|10
волк|5700|True|5
гусь|3600|True|86
олень|2550|True|10
бобёр|4650|True|7
кряква|1800|True|66
волк|6150|True|81
перепел|7500|True|38
глухарь|1800|True|2
кряква|3150|True|26
тетерев|2100|True|69
куропатка|3300|True|25
лиса|3750|True|94
глухарь|4800|True|40
ондатра|4800|True|30
норка|6300|True|94
гусь|4650|True|20
куропатка|6900|True|20
лиса|3600|True|8
рябчик|3750|True|8
волк|6600|True|2
рябчик|4950|True|14
бекас|1050|True|87
куропатка|3000|True|81
хорёк|1050|True|56
норка|3600|True|33
утка|300|True|50
олень|5850|True|68
лиса|6600|True|70
утка|4650|True|32
перепел|6450|True|5
барсук|6750|True|75
кабан|5700|True|33
чернеть|4200|True|67
куница|6000|True|73
медведь|5100|True|71
куница|2250|True|70
чернеть|1050|True|73
куропатка|3600|True|96
утка|7650|True|52
тетерев|1950|True|29
куропатка|4950|True|49
заяц-беляк|6000|True|76
лось|1200|True|60
куропатка|3750|True|71
косуля|5100|True|99
куропатка|7650|True|68
хорёк|1500|True|77
перепел|3600|True|16
утка|450|True|24
бобёр|3000|True|70
утка|4350|True|17
бобёр|5400|True|14
бобёр|2250|True|8
перепел|4650|True|22
куропатка|2550|True|64
заяц-русак|3450|True|8
заяц-русак|5400|True|71
тетерев|1800|True|63
чернеть|3150|True|71
норка|1950|True|8
олень|4650|True|64
кабан|3600|True|28
куропатка|300|True|78
хорёк|1650|True|72
лось|7950|True|81
заяц-беляк|6450|True|87
куница|7350|True|49
куропатка|3750|True|10
чернеть|4800|True|36
перепел|4350|True|11
куропатка|1050|True|84
кабан|1800|True|78
рябчик|1800|True|75
ондатра|2850|True|11
гусь|6450|True|94
выдра|6750|True|45
олень|900|True|61
кряква|1500|True|89
вальдшнеп|6300|True|53
заяц-русак|7650|True|81
тетерев|4500|True|91
кабан|1950|True|2
олень|7200|True|5
медведь|2250|True|14
хорёк|3750|True|93
кряква|2700|True|4
барсук|2250|True|13
чернеть|900|True|26
бекас|600|True|79
чернеть|7950|True|96
заяц-русак|600|True|93
лось|6000|True|93
заяц-русак|5850|True|15
бобёр|7650|True|30
тетерев|1500|True|66
лось|4650|True|2
кряква|3000|True|72
кабан|6000|True|20
вальдшнеп|6150|True|21
куница|4950|True|25
лиса|4050|True|66
чирок|5250|True|73
перепел|3600|True|17
хорёк|1800|True|60
лось|4950|True|32
глухарь|1200|True|39
медведь|1050|True|12
хорёк|7800|True|31
волк|600|True|75
лиса|4500|True|22
кряква|4050|True|87
куропатка|1650|True|87
рябчик|3000|True|60
ондатра|7200|True|75
барсук|450|True|53
кряква|900|True|77
выдра|7500|True|31
барсук|5550|True|97
куропатка|1800|True|34
чирок|300|True|4
бобёр|3000|True|91
глухарь|2700|True|65
глухарь|5700|True|92
утка|4650|True|98
заяц-русак|2250|True|48
рябчик|4200|True|67
волк|2700|True|96
лиса|300|True|62
чирок|7800|True|18
барсук|2400|True|14
утка|3000|True|51
ондатра|7050|True|93
чернеть|5550|True|59
олень|3600|True|36
выдра|4200|True|77
хорёк|5850|True|53
кабан|750|True|75
тетерев|3450|True|51
косуля|7650|True|18
выдра|2100|True|94
куница|6450|True|66
глухарь|1650|True|16
утка|1050|True|79
косуля|5550|True|43
куропатка|5250|True|58
утка|6750|True|67
бекас|6900|True|17
глухарь|6600|True|88
бобёр|1650|True|39
лиса|5400|True|82
заяц-беляк|4950|True|10
перепел|3300|True|59
перепел|4800|True|33
чирок|7650|True|91
перепел|300|True|91
олень|7350|True|79
рябчик|4200|True|72
утка|6600|True|77
олень|2100|True|13
заяц-русак|300|True|44
вальдшнеп|4800|True|90
чернеть|4800|True|1
лиса|3000|True|47
олень|7200|True|95
медведь|7800|True|54
чирок|2400|True|68
куропатка|3450|True|14
куница|5700|True|46
заяц-русак|4200|True|89
косуля|7050|True|47
бобёр|900|True|89
ондатра|2100|True|29
бекас|6300|True|14
выдра|4650|True|47
лиса|1650|True|71
вальдшнеп|6300|True|86
хорёк|4800|True|67
ондатра|7650|True|33
волк|1350|True|16
кряква|7200|True|99
косуля|600|True|46
перепел|3000|True|72
кряква|1500|True|17
бобёр|3450|True|73
куропатка|6450|True|15
кабан|1350|True|92
рябчик|6750|True|45
вальдшнеп|1950|True|13
глухарь|2550|True|59
чирок|7800|True|66
олень|4500|True|59
куропатка|6600|True|32
бекас|7500|True|1
лиса|600|True|54
лось|4500|True|83
барсук|3450|True|27
вальдшнеп|6150|True|83
куропатка|450|True|39
рябчик|3450|True|86
выдра|5400|True|57
ондатра|1200|True|42
ондатра|3300|True|14
утка|2850|True|91
чернеть|900|True|53
утка|5400|True|59
тетерев|6900|True|60
куница|3000|True|18
утка|4650|True|43
выдра|600|True|61
ондатра|7950|True|19
перепел|6900|True|67
перепел|3150|True|64
заяц-русак|1350|True|13
косуля|2850|True|87
ондатра|6750|True|91
чирок|5850|True|97
перепел|4650|True|61
выдра|3900|True|27
чернеть|4500|True|93
ондатра|3450|True|26
заяц-беляк|1350|True|33
ондатра|1800|True|47
вальдшнеп|1500|True|3
норка|2400|True|40
барсук|1950|True|47
норка|6600|True|5
перепел|4650|True|54
лось|3600|True|57
косуля|2700|True|51
кряква|7350|True|83
перепел|6600|True|98
лось|6300|True|37
вальдшнеп|1950|True|34
перепел|7350|True|53
заяц-русак|1800|True|60
гусь|1950|True|44
барсук|4500|True|31
куропатка|1350|True|77
утка|600|True|62
олень|7800|True|7
хорёк|6150|True|54
перепел|7950|True|46
перепел|7500|True|60
глухарь|3150|True|3
барсук|5850|True|90
хорёк|6750|True|20
выдра|4800|True|23
волк|7200|True|74
ондатра|3900|True|50
куница|7650|True|24
куропатка|3300|True|22
перепел|3450|True|94
барсук|7950|True|61
куропатка|7500|True|76
заяц-беляк|300|True|18
перепел|6750|True|14
перепел|5550|True|35
бекас|3300|True|82
норка|7650|True|55
куропатка|7050|True|91
норка|6450|True|79
куропатка|6000|True|63
рябчик|4050|True|79
барсук|300|True|38
олень|3300|True|69
норка|1200|True|58
лось|7800|True|31
лиса|6300|True|75
заяц-беляк|7200|True|15
куропатка|1200|True|19
олень|900|True|91
хорёк|450|True|24
утка|7200|True|40
куропатка|7050|True|29
утка|3750|True|36
кряква|7500|True|46
лиса|3600|True|2
куропатка|5850|True|27
кряква|4050|True|35
утка|6600|True|72
хорёк|2250|True|69
вальдшнеп|3150|True|51
перепел|3900|True|18
олень|2100|True|43
медведь|1350|True|46
куница|5400|True|32
барсук|3300|True|1
кряква|3300|True|11
барсук|3600|True|91
ондатра|5850|True|27
куница|2700|True|95
заяц-беляк|5700|True|74
куропатка|2100|True|3
заяц-русак|7650|True|62
лиса|5550|True|18
выдра|2700|True|35
перепел|5100|True|26
тетерев|6600|True|94
кряква|1650|True|47
чернеть|5550|True|9
куропатка|6600|True|57
чернеть|6000|True|69
вальдшнеп|600|True|67
косуля|750|True|69
тетерев|6300|True|81
хорёк|3000|True|90
чирок|3750|True|92
рябчик|300|True|3
заяц-русак|1950|True|73
глухарь|5850|True|29
ондатра|1650|True|73
ондатра|3750|True|87
глухарь|5400|True|75
перепел|450|True|1
выдра|750|True|81
чернеть|2100|True|19
кряква|3450|True|67
кряква|3750|True|94
норка|7350|True|30
кабан|1200|True|59
бекас|4350|True|19
норка|7350|True|87
глухарь|6000|True|13
вальдшнеп|2850|True|82
кряква|6600|True|51
перепел|900|True|8
бекас|4350|True|8
чирок|450|True|99
рябчик|1050|True|46
тетерев|1200|True|52
лось|6900|True|89
кабан|6450|True|63
бобёр|3150|True|13
ондатра|2550|True|58
рябчик|1200|True|90
волк|6150|True|86
глухарь|7050|True|22
барсук|3150|True|50
медведь|5400|True|53
бекас|4350|True|88
тетерев|2850|True|50
ондатра|6900|True|76
рябчик|1050|True|11
бекас|450|True|89
глухарь|3150|True|23
чернеть|3000|True|37
норка|2250|True|2
косуля|5250|True|96
заяц-русак|5850|True|78
хорёк|6600|True|43
кабан|3900|True|91
чирок|450|True|26
волк|3150|True|1
норка|5850|True|72
перепел|7500|True|92
чернеть|4350|True|27
лиса|750|True|29
перепел|6600|True|88
волк|7200|True|61
чернеть|1200|True|16
перепел|3000|True|86
заяц-русак|4200|True|32
рябчик|2700|True|71
волк|4500|True|40
заяц-беляк|1800|True|51
тетерев|6750|True|98
барсук|4950|True|64
глухарь|1200|True|70
бобёр|750|True|63
тетерев|4200|True|33
косуля|2250|True|84
лиса|1050|True|25
заяц-беляк|5100|True|57
глухарь|5550|True|28
ондатра|900|True|59
тетерев|3600|True|72
куница|450|True|78
тетерев|5550|True|61
бекас|6900|True|36
барсук|3300|True|17
заяц-беляк|7650|True|82
олень|300|True|22
вальдшнеп|2100|True|4
волк|3150|True|99
чернеть|7650|True|86
рябчик|5400|True|15
бекас|6750|True|41
заяц-беляк|3900|True|93
утка|4650|True|9
норка|1200|True|57
глухарь|300|True|10
волк|7500|True|24
бекас|5550|True|64
перепел|2850|True|15
олень|7650|True|48
гусь|3900|True|75
кабан|3000|True|71
хорёк|1200|True|14
перепел|6600|True|65
бекас|2250|True|6
рябчик|2700|True|32
лиса|1650|True|89
вальдшнеп|6150|True|81
ондатра|600|True|45
лиса|2400|True|15
бобёр|3300|True|12
ондатра|3900|True|6
заяц-русак|5100|True|41
хорёк|7350|True|38
вальдшнеп|1500|True|28
хорёк|7350|True|89
вальдшнеп|600|True|58
ондатра|6300|True|61
глухарь|6150|True|20
заяц-беляк|3750|True|94
чирок|300|True|79
перепел|6750|True|27
куница|450|True|14
куропатка|1200|True|6
куропатка|3600|True|52
медведь|900|True|73
олень|3600|True|86
бекас|1500|True|38
волк|6300|True|58
медведь|5250|True|74
волк|3750|True|76
косуля|6300|True|83
выдра|6000|True|25
перепел|7650|True|23
куница|6300|True|53
гусь|7650|True|82
олень|5400|True|45
вальдшнеп|3150|True|7
норка|4350|True|61
выдра|1500|True|74
перепел|450|True|24
бекас|1350|True|81
барсук|1500|True|68
олень|7950|True|85
гусь|4950|True|28
выдра|5550|True|17
тетерев|1800|True|26
волк|1200|True|72
выдра|7650|True|85
заяц-русак|4050|True|55
кабан|5400|True|95
утка|7650|True|31
перепел|4800|True|21
заяц-русак|7050|True|28
бобёр|1500|True|83
заяц-русак|3450|True|94
тетерев|7200|True|93
чирок|2850|True|71
перепел|1800|True|4
барсук|1200|True|71
кабан|4350|True|12
кряква|900|True|14
бобёр|7500|True|77
заяц-беляк|6300|True|48
перепел|1200|True|77
барсук|2700|True|85
хорёк|6900|True|87
норка|4500|True|67
куропатка|5550|True|61
чернеть|5250|True|91
чирок|2850|True|98
кабан|4050|True|36
лось|3900|True|97
бекас|450|True|96
бекас|5100|True|43
кабан|5400|True|16
чернеть|2850|True|60
ондатра|6300|True|80
утка|2550|True|61
вальдшнеп|7500|True|44
чирок|1950|True|17
утка|4050|True|4
ондатра|3150|True|95
куница|750|True|68
чирок|2100|True|50
куропатка|1350|True|1
рябчик|5250|True|81
перепел|2850|True|55
вальдшнеп|1950|True|98
косуля|300|True|30
лось|1800|True|40
кабан|750|True|29
куропатка|7350|True|30
олень|6600|True|25
выдра|3300|True|39
чирок|750|True|96
перепел|1350|True|13
рябчик|450|True|35
заяц-русак|1800|True|98
тетерев|3000|True|30
выдра|600|True|12
олень|3900|True|62
барсук|900|True|29
утка|2250|True|33
чернеть|4800|True|98
кряква|6900|True|5
перепел|1950|True|82
заяц-русак|4500|True|95
куропатка|300|True|5
бекас|750|True|99
косуля|6750|True|31
вальдшнеп|4200|True|57
лось|6150|True|86
волк|1350|True|55
чирок|300|True|87
ондатра|6150|True|86
норка|1350|True|45
рябчик|4650|True|49
бекас|6150|True|62
бекас|4350|True|4
чирок|4800|True|30
лиса|4650|True|17
олень|3300|True|15
норка|7200|True|69
барсук|7650|True|30
бекас|3900|True|24
тетерев|1800|True|38
хорёк|300|True|7
глухарь|2250|True|8
барсук|1800|True|15
косуля|3150|True|71
чирок|6600|True|55
куропатка|5100|True|75
лось|3750|True|82
гусь|5850|True|19
лиса|6600|True|20
выдра|3150|True|51
косуля|1050|True|27
бобёр|4950|True|5
утка|6000|True|95
утка|3000|True|64
куница|300|True|22
заяц-беляк|4650|True|89
волк|1050|True|22
глухарь|6000|True|83
барсук|2250|True|32
заяц-русак|2700|True|20
рябчик|1500|True|56
ондатра|1350|True|72
косуля|7200|True|78
хорёк|7800|True|70
куница|900|True|11
заяц-русак|3150|True|59
заяц-русак|300|True|83
ондатра|6600|True|48
тетерев|3750|True|10
тетерев|5100|True|35
рябчик|6450|True|50
куропатка|750|True|85
волк|6750|True|97
медведь|1350|True|39
заяц-русак|1950|True|11
олень|5850|True|99
куропатка|1650|True|74
хорёк|7950|True|83
чернеть|2700|True|3
тетерев|6000|True|73
вальдшнеп|900|True|94
волк|4950|True|27
гусь|7200|True|72
утка|4800|True|41
олень|6300|True|3
кабан|3900|True|54
кряква|5100|True|23
глухарь|6000|True|46
норка|1650|True|86
норка|5550|True|9
заяц-беляк|2850|True|60
глухарь|5400|True|33
выдра|1050|True|73
глухарь|6900|True|6
бобёр|5550|True|62
норка|7500|True|26
норка|4500|True|66
гусь|7050|True|13
выдра|1350|True|87
гусь|7500|True|10
лиса|1950|True|76
бобёр|4650|True|25
рябчик|2550|True|12
заяц-русак|6150|True|74
кабан|1200|True|17
чернеть|7200|True|51
куница|600|True|86
кряква|4350|True|43
волк|3750|True|6
чирок|1350|True|42
норка|2250|True|62
лось|450|True|12
лось|6150|True|94
вальдшнеп|7800|True|33
барсук|7950|True|21
барсук|2250|True|3
бобёр|6750|True|98
куница|4200|True|89
рябчик|7950|True|47
заяц-русак|1050|True|39
кряква|4050|True|42
вальдшнеп|4350|True|89
тетерев|1950|True|9
волк|4800|True|67
вальдшнеп|6150|True|61
медведь|3000|True|16
волк|6600|True|44
выдра|2700|True|60
рябчик|5250|True|80
утка|5100|True|57
волк|600|True|70
чирок|6600|True|57
кабан|3450|True|27
чирок|3750|True|70
гусь|450|True|39
лось|2100|True|63
глухарь|5400|True|37
заяц-беляк|450|True|77
тетерев|6750|True|88
утка|4650|True|29
перепел|7200|True|76
лиса|4500|True|31
чернеть|2550|True|24
заяц-русак|3300|True|61
выдра|6600|True|59
лось|3000|True|17
медведь|1050|True|7
косуля|1200|True|1
заяц-русак|3600|True|14
косуля|5250|True|95
лось|2700|True|55
перепел|7950|True|32
кряква|1800|True|40
куропатка|2700|True|45
медведь|7500|True|83
утка|2250|True|76
лось|1950|True|20
барсук|6600|True|83
олень|7200|True|83
лиса|2100|True|86
заяц-русак|1650|True|49
косуля|3300|True|74
куропатка|7950|True|46
чернеть|3900|True|58
выдра|5700|True|42
вальдшнеп|3000|True|25
лось|3000|True|49
волк|4650|True|51
тетерев|2250|True|17
чирок|4200|True|24
куропатка|750|True|51
бобёр|3150|True|40
волк|7800|True|32
барсук|2250|True|58
барсук|2700|True|2
тетерев|2550|True|12
медведь|1350|True|90
норка|3600|True|42
барсук|7050|True|80
кряква|3000|True|60
олень|6750|True|93
вальдшнеп|3750|True|75
медведь|5250|True|99
норка|1950|True|88
куропатка|3450|True|12
глухарь|3150|True|73
кряква|7050|True|74
ондатра|3750|True|62
заяц-беляк|3450|True|14
олень|3000|True|57
глухарь|450|True|68
чернеть|5850|True|33
заяц-русак|300|True|99
хорёк|7800|True|82
заяц-беляк|4050|True|80
медведь|6900|True|69
кряква|7950|True|96
барсук|4950|True|63
ондатра|3600|True|41
норка|6600|True|46
заяц-беляк|5850|True|85
бобёр|3300|True|69
бобёр|2100|True|32
гусь|7500|True|87
бобёр|2100|True|53
косуля|5700|True|15
барсук|6600|True|60
вальдшнеп|5700|True|99
утка|3450|True|93
чернеть|4500|True|5
бекас|6150|True|45
чирок|2700|True|64
лось|4350|True|67
заяц-беляк|1350|True|12
бобёр|3150|True|19
перепел|5550|True|7
бобёр|5100|True|96
куропатка|6300|True|26
медведь|7800|True|62
куропатка|7500|True|88
вальдшнеп|1050|True|74
заяц-беляк|2850|True|86
выдра|5250|True|84
барсук|1350|True|49
лиса|7050|True|21
бекас|4500|True|95
вальдшнеп|4200|True|63
рябчик|6900|True|34
кабан|3600|True|42
бекас|7650|True|16
косуля|2550|True|4
хорёк|4800|True|64
норка|7500|True|32
перепел|750|True|62
бобёр|3900|True|75
тетерев|7350|True|14
олень|5850|True|12
бобёр|5100|True|68
куница|7950|True|3
лось|6150|True|71
кряква|7050|True|48
бобёр|2400|True|90
барсук|2250|True|12
чирок|1950|True|65
куропатка|6000|True|31
перепел|3900|True|44
кабан|450|True|65
чернеть|6000|True|35
косуля|4500|True|80
выдра|6150|True|97
чернеть|1950|True|65
чернеть|4350|True|4
заяц-беляк|2250|True|28
тетерев|4350|True|1
перепел|4650|True|89
кряква|1050|True|85
куропатка|7950|True|86
волк|6750|True|62
олень|6450|True|51
волк|5250|True|42
хорёк|6600|True|36
перепел|1200|True|70
перепел|5250|True|68
лиса|6300|True|19
куница|1650|True|31
косуля|600|True|48
олень|7350|True|70
бобёр|4950|True|47
ондатра|3600|True|85
вальдшнеп|7950|True|80
гусь|6450|True|53
вальдшнеп|2400|True|79
кабан|2700|True|49
косуля|6300|True|94
лиса|450|True|7
глухарь|4350|True|85
утка|1200|True|81
вальдшнеп|5700|True|84
хорёк|2400|True|25
перепел|6000|True|84
хорёк|1500|True|37
медведь|5100|True|58
барсук|750|True|42
лось|3900|True|70
глухарь|900|True|12
олень|750|True|41
чернеть|4650|True|99
заяц-беляк|4350|True|47
чирок|2400|True|76
норка|4800|True|85
волк|4800|True|14
куропатка|6450|True|50
перепел|300|True|93
лиса|3450|True|38
куропатка|1650|True|8
медведь|3750|True|56
лось|2100|True|36
кряква|3300|True|25
заяц-русак|2550|True|80
норка|600|True|23
гусь|7650|True|88
заяц-беляк|2850|True|49
заяц-русак|4950|True|12
ондатра|4800|True|81
норка|4500|True|83
лось|2850|True|34
бекас|7200|True|51
бобёр|6450|True|42
утка|7650|True|42
бекас|1200|True|66
бекас|600|True|2
ондатра|1800|True|90
медведь|2700|True|88
лось|300|True|8
бекас|6900|True|15
лиса|1650|True|92
олень|3750|True|26
тетерев|3750|True|31
заяц-беляк|3600|True|22
куница|4200|True|1
вальдшнеп|3900|True|88
рябчик|6750|True|59
волк|3750|True|78
бобёр|3900|True|45
чернеть|1200|True|48
медведь|4950|True|19
куропатка|5850|True|89
косуля|4200|True|37
утка|2250|True|20
заяц-беляк|4650|True|36
ондатра|900|True|71
гусь|1200|True|12
перепел|4050|True|52
волк|3150|True|23
перепел|450|True|28
ондатра|6150|True|4
барсук|6600|True|9
кабан|7650|True|37
чернеть|7800|True|39
волк|5550|True|53
выдра|7800|True|93
хорёк|5700|True|3
лось|1200|True|6
лось|600|True|45
косуля|1200|True|53
лось|3900|True|53
глухарь|6000|True|9
лиса|1800|True|30
медведь|1200|True|18
волк|5400|True|36
кряква|3750|True|61
куропатка|2550|True|4
перепел|3000|True|12
лось|5100|True|38
косуля|4650|True|13
утка|5400|True|6
ондатра|3000|True|57
куропатка|4650|True|59
кабан|6000|True|34
перепел|3600|True|87
рябчик|3450|True|1
лось|7050|True|68
заяц-беляк|2700|True|13
косуля|5400|True|92
гусь|4500|True|17
чирок|900|True|19
олень|4350|True|1
чирок|7350|True|61
чернеть|600|True|2
чернеть|2700|True|7
барсук|5400|True|56
медведь|1200|True|63
волк|900|True|65
кабан|6600|True|68
тетерев|5100|True|71
медведь|6900|True|2
кряква|5100|True|91
косуля|5250|True|65
заяц-русак|6750|True|63
перепел|2250|True|85
вальдшнеп|1950|True|46
норка|7650|True|44
бекас|2550|True|85
кряква|7200|True|21
хорёк|6600|True|92
выдра|5250|True|19
олень|6150|True|21
ондатра|1200|True|20
олень|1650|True|76
куропатка|1950|True|9
бобёр|3900|True|60
ондатра|7200|True|9
барсук|3750|True|77
ондатра|6900|True|46
кабан|5700|True|93
чирок|3300|True|35
заяц-беляк|2700|True|83
тетерев|5250|True|82
куница|1950|True|87
куропатка|4500|True|94
рябчик|5550|True|88
норка|3450|True|14
чернеть|6900|True|17
заяц-беляк|750|True|20
перепел|2700|True|63
волк|4350|True|60
хорёк|3300|True|88
рябчик|450|True|94
утка|6900|True|28
гусь|750|True|65
рябчик|5850|True|9
хорёк|1800|True|27
выдра|3300|True|2
рябчик|7350|True|64
волк|1350|True|15
глухарь|300|True|48
куропатка|600|True|92
ондатра|3150|True|83
бобёр|1500|True|46
кабан|3150|True|57
медведь|3600|True|32
утка|3300|True|63
хорёк|6300|True|57
кабан|1350|True|56
кряква|6450|True|36
лиса|7800|True|98
глухарь|3450|True|50
косуля|1050|True|10
медведь|7950|True|17
лиса|6600|True|72
куница|3300|True|30
кабан|6000|True|90
ондатра|450|True|3
вальдшнеп|2400|True|97
хорёк|900|True|63
бобёр|6750|True|64
гусь|7800|True|76
волк|300|True|26
рябчик|2100|True|40
барсук|750|True|59
лиса|7050|True|64
норка|5250|True|16
кабан|3600|True|6
медведь|4350|True|68
гусь|1800|True|62
хорёк|1350|True|21
вальдшнеп|4350|True|24
кряква|2850|True|16
лиса|2850|True|53
заяц-беляк|6900|True|52
глухарь|4200|True|71
гусь|4500|True|85
рябчик|3150|True|43
ондатра|3150|True|94
гусь|5850|True|15
куропатка|1200|True|80
кабан|3000|True|82
бекас|450|True|86
выдра|1950|True|56
лось|1200|True|44
глухарь|1800|True|89
куница|4650|True|85
куропатка|7200|True|36
ондатра|7800|True|84
выдра|4350|True|22
выдра|2100|True|33
куропатка|3150|True|35
заяц-беляк|1500|True|59
хорёк|3000|True|34
норка|7500|True|27
глухарь|5700|True|61
рябчик|3750|True|61
чернеть|7200|True|49
кабан|3900|True|76
бобёр|6750|True|3
заяц-русак|5250|True|23
рябчик|3450|True|23
ондатра|3150|True|28
норка|4950|True|38
кабан|5400|True|66
хорёк|1050|True|66
ондатра|5700|True|43
чернеть|1200|True|57
утка|4650|True|18
вальдшнеп|7200|True|31
олень|750|True|35
медведь|5400|True|6
ондатра|3150|True|15
куропатка|7500|True|18
вальдшнеп|4650|True|77
норка|7350|True|90
заяц-беляк|1650|True|64
кряква|7650|True|49
вальдшнеп|7200|True|20
бекас|5100|True|27
