985|18
6236|35
6646|46
864|64
4923|9
5963|45
1122|6
3898|55
4003|37
2446|48
847|55
6751|17
807|32
1053|62
651|32
1889|60
3027|44
4589|61
2488|3
3178|5
3320|38
4580|69
1021|4
202|12
617|2
921|56
1355|32
3723|5
3478|1
3625|59
3375|7
6081|30
3489|7
1456|52
2001|61
675|24
636|29
910|50
748|6
3363|68
134|18
3387|34
3008|59
685|5
5870|53
1597|44
1136|22
1282|36
5113|27
1117|21
215|44
2153|43
7636|47
2615|49
821|12
3082|45
855|2
3656|33
4739|56
1394|20
882|43
271|11
931|49
281|47
1268|62
1245|65
290|63
1601|8
4492|57
8565|10
800|60
400|61
2394|69
5076|14
811|68
1389|7
2005|57
301|54
2455|42
338|7
1220|26
6291|11
1192|32
1940|66
5345|4
400|48
2960|27
3927|31
992|13
928|32
5468|67
279|19
772|54
5672|42
3643|52
3649|48
1196|9
622|55
2415|68
671|6
