4|4|0|60971869|83
4|8|0|36666799|529
18|1|0|83281921|672
91|5|0|79662420|325
13|9|0|16831223|751
55|7|0|08671516|482
90|5|0|32593730|183
28|3|0|98457335|115
28|3|0|24487207|364
67|4|0|69822209|115
45|1|0|60971869|256
70|9|0|32688177|697
99|1|0|18178173|506
79|1|0|92283077|567
31|8|0|94400564|998
62|9|0|61220225|577
74|1|0|80056874|384
90|3|0|88490540|861
94|7|0|96079805|855
6|1|0|50850761|893
27|8|0|73907220|520
9|5|0|16193956|572
34|9|0|28959632|123
20|4|0|85855625|511
25|1|0|98457335|71
53|9|0|26703800|531
72|5|0|29944774|832
10|9|0|18035155|724
29|7|0|33904771|604
29|6|0|08657282|851
96|5|0|97636854|981
55|8|0|60740113|988
72|1|0|12827688|595
68|3|0|97941514|818
18|9|0|74989669|329
49|5|0|69647345|131
49|7|0|99749224|289
68|2|0|08671516|267
22|3|0|14118609|234
71|6|0|68692810|649
90|3|0|78057104|186
21|1|0|11235408|274
99|2|0|34335819|301
95|2|0|84426871|277
64|9|0|44945831|555
37|7|0|91418586|518
30|3|0|12827688|688
60|2|0|13438128|410
76|1|0|94819410|814
94|9|0|79309653|866
92|2|0|87334111|619
15|8|0|03271711|55
80|1|0|97699118|910
21|5|0|14573361|646
93|8|0|84946119|805
5|3|0|73139249|697
8|2|0|32455557|995
99|1|0|13886257|557
50|8|0|86566681|131
76|9|0|24421362|7
24|6|0|83774638|107
12|1|0|98476046|620
4|1|0|54966390|227
72|6|0|91418586|557
29|6|0|91870117|288
94|1|0|23650817|308
91|9|0|14118609|94
70|9|0|36334148|625
93|7|0|04762478|755
49|2|0|13318963|557
34|3|0|27537879|489
79|3|0|74981342|610
3|2|0|14058332|962
38|6|0|65510360|162
49|4|0|42876328|19
94|5|0|47501669|202
98|9|0|02074764|824
79|8|0|27537879|421
81|6|0|82565084|673
48|6|0|30027701|585
89|1|0|93447218|309
50|1|0|24200783|872
75|4|0|74837052|6
57|5|0|94884418|87
9|2|0|28122982|508
96|1|0|27110911|517
86|3|0|24200783|969
63|8|0|60154880|343
70|5|0|35511205|407
94|4|0|02461021|41
73|6|0|07379772|853
94|6|0|80775362|246
21|4|0|30848368|750
76|4|0|34457306|549
35|1|0|76910890|405
81|7|0|27110911|844
24|5|0|09008779|349
17|1|0|70213591|748
31|7|0|88923918|56
89|1|0|85421172|549
29|5|0|20811891|784
20|1|0|82542665|941
11|6|0|85855625|770
73|1|0|77791412|349
84|2|0|64298603|687
64|8|0|07431074|953
18|9|0|16283930|89
54|7|0|24029513|269
21|1|0|25983975|591
80|5|0|36589036|5
22|5|0|07292187|472
76|2|0|13007331|16
11|8|0|00406970|62
79|1|0|00089159|943
13|8|0|59697299|141
33|8|0|90607523|577
33|8|0|29220960|881
55|5|0|84454478|337
67|5|0|97826903|318
31|2|0|18124682|95
81|8|0|35745266|572
39|2|0|85421172|241
76|6|0|84589620|11
98|5|0|98545742|16
5|4|0|14321436|809
81|4|0|56613995|827
68|9|0|07198311|130
74|2|0|14657818|105
62|7|0|17898461|795
18|7|0|71775814|700
65|8|0|71276847|736
62|2|0|42762942|597
60|5|0|97826903|511
60|7|0|82542665|777
28|4|0|82102159|807
38|1|0|88489384|95
64|5|0|17398404|273
34|1|0|80382096|122
57|6|0|87383409|925
14|6|0|61175181|437
28|4|0|59732815|628
73|8|0|33083582|325
48|2|0|85855625|780
61|8|0|68158828|192
5|9|0|34709009|147
28|9|0|22240132|419
48|9|0|47266438|855
42|7|0|94400564|503
70|1|0|23108837|764
8|6|0|14118609|930
22|1|0|65597323|363
97|2|0|74520381|985
18|8|0|14819827|108
60|1|0|38532245|313
84|7|0|62300520|544
7|3|0|29567799|45
27|4|0|01539813|13
12|6|0|81136698|973
82|8|0|72044384|306
77|4|0|54736573|988
41|9|0|16427211|82
83|9|0|52772467|485
82|7|0|92304161|438
47|4|0|69862830|971
11|9|0|34264751|476
96|9|0|20606695|543
77|4|0|90868726|582
5|5|0|09055834|490
3|1|0|97918479|367
7|1|0|05988181|48
60|8|0|27803998|540
97|9|0|48832946|798
30|8|0|94822489|59
79|1|0|69898594|895
99|3|0|02059372|471
21|9|0|36666799|611
69|2|0|29220960|714
1|2|0|17478984|471
40|7|0|01297546|491
24|5|0|00384407|431
22|8|0|78329225|231
28|1|0|60463760|699
67|1|0|88853154|788
11|2|0|48479936|501
69|2|0|56185904|391
80|4|0|84454478|232
15|1|0|24900775|714
51|6|0|51236045|472
79|7|0|26285870|724
74|4|0|08168221|734
66|5|0|09076198|454
77|2|0|50355273|598
73|6|0|94819410|63
53|4|0|75758820|289
32|8|0|68692810|354
23|2|0|59906179|206
98|1|0|79927161|232
2|5|0|34457306|201
97|6|0|71678337|193
54|3|0|44506865|814
8|8|0|35521013|209
41|2|0|41188699|392
2|2|0|94895933|836
53|8|0|83900785|993
49|2|0|35961376|509
74|6|0|26102818|328
79|7|0|37914295|956
58|5|0|86484282|5
9|7|0|44163310|144
83|6|0|61538146|166
27|1|0|67619283|396
99|2|0|86484282|165
58|9|0|76389696|275
22|5|0|96243237|416
59|4|0|13355098|647
46|5|0|81292523|937
44|4|0|17478984|436
53|6|0|85770478|335
44|6|0|35111306|909
47|2|0|98545742|233
84|6|0|72274354|984
6|9|0|33904771|611
75|5|0|20881702|91
11|8|0|03441299|57
82|9|0|02483498|696
60|1|0|03271711|414
65|4|0|95321929|838
76|2|0|56086287|870
56|4|0|49764901|60
75|9|0|97546450|305
26|3|0|47234024|297
98|2|0|10158708|417
60|3|0|43353620|765
98|4|0|50453252|27
49|2|0|77812728|445
14|4|0|84762320|180
97|8|0|90444197|497
34|3|0|96079805|413
49|8|0|45583681|916
51|2|0|26232034|450
66|2|0|95321929|987
56|3|0|18035155|257
28|5|0|30848368|721
11|6|0|37016517|159
45|7|0|84089151|483
6|1|0|75745325|331
20|8|0|56613995|236
56|5|0|83244858|395
90|2|0|66397526|637
59|1|0|83281921|305
29|7|0|83085864|28
38|7|0|48143707|420
67|2|0|78946378|938
32|9|0|66397526|750
63|2|0|67705849|98
1|2|0|60588869|509
19|7|0|18782264|926
46|8|0|50355273|13
1|1|0|11235408|240
66|5|0|26873589|311
25|4|0|73636137|189
40|3|0|74570003|719
79|9|0|23700208|309
5|3|0|84589620|221
40|9|0|33904771|484
6|4|0|97699118|959
65|5|0|67144488|28
34|6|0|03843789|364
52|4|0|04873303|191
79|9|0|04991045|737
66|3|0|36666799|836
38|6|0|10706633|110
58|8|0|13355098|72
2|6|0|92380479|69
22|1|0|00384407|990
7|1|0|04991045|363
57|8|0|22804303|324
22|4|0|46705938|223
87|8|0|99197384|464
64|3|0|67178476|912
77|1|0|42762942|439
5|5|0|19290669|255
14|3|0|77801210|54
66|4|0|03997697|760
72|6|0|77578617|185
76|2|0|04873303|615
82|5|0|91130389|184
67|1|0|83067013|156
2|1|0|76721885|914
5|4|0|77962232|148
97|2|0|94895933|692
1|7|0|68319823|920
29|2|0|96441077|309
31|6|0|68128692|98
29|7|0|16876323|575
96|4|0|51236045|773
7|5|0|18684391|231
84|3|0|95849744|187
42|6|0|34378144|311
17|1|0|08394217|513
61|1|0|83318269|807
74|9|0|58433195|906
86|8|0|54748965|663
83|5|0|80382096|719
21|5|0|58413999|309
95|4|0|52842252|513
28|4|0|64903958|858
93|4|0|17673235|798
61|9|0|31848534|330
53|8|0|14376221|267
99|2|0|64469300|550
7|4|0|05105380|268
91|4|0|72957066|826
45|9|0|14058332|962
29|1|0|39476456|429
63|8|0|61220225|127
41|3|0|06202811|205
29|1|0|64298603|579
41|2|0|04171713|828
29|1|0|59732815|357
23|5|0|55111621|103
2|7|0|34341834|809
61|6|0|35303350|39
89|4|0|95960388|788
31|6|0|15741226|936
19|5|0|64697833|906
42|1|0|11235408|675
77|6|0|88853154|316
52|6|0|19553009|623
41|1|0|45231629|525
5|7|0|24192897|184
69|9|0|42876328|852
88|4|0|07447709|818
13|9|0|14819827|302
37|4|0|49764901|206
6|9|0|77812728|775
82|7|0|88841854|709
66|1|0|23695603|75
9|4|0|50795413|746
60|4|0|13886257|36
99|3|0|11089643|374
42|3|0|63809190|180
6|5|0|62507554|373
99|5|0|34378144|884
71|6|0|59494621|115
40|2|0|03277294|195
71|5|0|83304293|463
9|2|0|92707801|410
9|5|0|82542665|911
10|4|0|50615018|927
90|9|0|44020309|617
21|8|0|05943395|781
50|2|0|05790135|699
87|2|0|54920309|798
2|2|0|43938193|542
22|5|0|14578670|752
78|3|0|63202489|564
60|5|0|29275557|648
53|9|0|82658960|717
7|5|0|88060439|345
16|7|0|09070912|225
25|6|0|40691060|776
22|5|0|96720608|869
12|3|0|64135458|450
29|5|0|95228143|265
20|5|0|35064169|779
25|4|0|29932603|639
53|7|0|80666769|37
42|2|0|55715447|953
36|8|0|55645195|627
59|1|0|72044384|470
16|1|0|83774638|398
78|8|0|24836333|101
99|7|0|49945614|650
97|4|0|00376549|237
62|8|0|77697554|209
29|2|0|59906179|139
53|8|0|52178436|112
24|2|0|17398404|706
93|1|0|82658960|790
60|9|0|67900091|283
61|2|0|71419626|743
28|7|0|93549400|802
93|8|0|27145999|623
24|1|0|34335819|963
93|3|0|91654892|769
23|3|0|44230838|344
12|8|0|02593852|489
43|6|0|54499263|301
71|9|0|83318269|533
3|7|0|79662420|481
52|3|0|55790109|130
55|8|0|94769159|18
71|8|0|08394217|290
93|6|0|24900775|752
75|7|0|38532245|254
34|5|0|10570548|698
82|9|0|90743696|715
33|9|0|64135458|911
5|1|0|24250856|221
29|5|0|90444197|419
17|2|0|92283077|970
92|8|0|99749224|875
95|8|0|64697833|496
83|8|0|27537879|57
20|7|0|06202811|60
85|6|0|04762478|519
52|7|0|51577520|252
47|6|0|37603243|618
58|9|0|15668974|872
39|6|0|40377605|633
88|4|0|86224161|763
71|1|0|91688712|795
36|5|0|00384407|584
57|9|0|26703800|664
57|1|0|38532245|821
73|2|0|29932603|13
34|4|0|20811891|815
90|6|0|35554462|536
64|9|0|72818312|143
15|9|0|49131734|557
61|8|0|37619268|802
24|4|0|73458623|124
95|6|0|01736083|462
11|4|0|36591848|965
29|5|0|51236045|965
32|9|0|25553888|715
29|1|0|68929794|778
44|5|0|07379772|365
57|1|0|63786163|255
80|8|0|79927161|380
89|9|0|37914295|945
47|2|0|06202811|432
79|3|0|37914295|861
78|9|0|15925824|188
24|1|0|55852739|494
98|1|0|42762942|954
99|8|0|21193958|282
90|5|0|97655480|145
57|7|0|74261413|320
86|7|0|11560371|69
37|4|0|95071848|362
65|8|0|11272359|670
76|8|0|08168221|95
30|3|0|43413584|130
66|1|0|45552779|197
5|7|0|37266851|174
86|8|0|51729691|988
53|7|0|97133476|702
79|2|0|14883316|824
47|9|0|09055834|198
21|7|0|69559907|273
33|2|0|00187640|268
36|2|0|24487207|865
49|6|0|29567799|156
36|4|0|34258675|308
87|1|0|16193956|761
47|4|0|68997496|368
31|2|0|04734598|227
15|7|0|55576796|349
20|2|0|54920309|386
64|4|0|15862921|147
27|4|0|92895300|463
26|2|0|81743940|690
13|2|0|54748965|898
19|1|0|61822436|768
37|4|0|31946438|319
67|8|0|49005226|706
98|9|0|24200783|518
25|9|0|70939002|183
68|8|0|36373000|275
57|7|0|89394403|969
53|4|0|04236306|771
63|2|0|21696954|258
34|8|0|09120211|628
43|1|0|53292490|428
61|9|0|63805628|785
64|6|0|07379772|135
99|3|0|78879577|829
87|4|0|30793774|554
90|7|0|50396863|631
70|4|0|30990456|325
86|7|0|91130389|436
55|8|0|84670564|586
32|4|0|86249287|617
68|6|0|72957066|424
43|3|0|14460388|491
7|2|0|43353620|938
24|4|0|69898594|624
65|6|0|17536134|177
70|3|0|39476456|35
14|7|0|37266851|116
62|2|0|30990456|39
76|5|0|48718011|610
91|5|0|01473674|383
95|6|0|17898461|628
74|5|0|55511247|331
10|5|0|58894965|860
69|8|0|45860737|156
71|5|0|22804303|542
59|4|0|32549089|810
86|1|0|41864449|174
40|1|0|63636222|832
65|4|0|88841854|475
74|7|0|47501669|820
84|8|0|31946438|719
60|3|0|27392164|974
8|5|0|72964484|761
97|4|0|93549400|395
6|8|0|14460388|747
28|2|0|30848368|957
88|4|0|21755774|69
29|4|0|88489384|657
46|9|0|78107120|154
42|2|0|47084223|268
42|1|0|58914229|584
66|7|0|26250670|305
75|3|0|33219530|741
67|1|0|61611979|696
23|5|0|13007331|933
33|2|0|64469300|374
81|6|0|48550789|381
32|8|0|68319823|864
43|9|0|40030272|908
63|5|0|66812845|71
82|7|0|10158708|222
6|6|0|98457335|177
38|2|0|62507554|775
15|8|0|13634186|513
42|8|0|81808182|487
38|4|0|73017684|961
59|8|0|68158828|272
90|9|0|48384209|421
8|3|0|41421161|941
61|2|0|95960388|976
67|9|0|37494414|253
60|1|0|23650817|386
71|7|0|58302866|990
65|3|0|49131734|629
66|8|0|42928386|382
19|6|0|91202635|876
20|3|0|80056874|927
85|9|0|81808182|342
71|6|0|65842935|25
86|2|0|36542185|656
24|3|0|25785463|511
4|7|0|88841854|905
31|3|0|04236306|393
53|3|0|51409647|885
73|3|0|40691060|942
2|2|0|03493212|842
91|9|0|09618213|921
22|4|0|42927921|421
79|4|0|43794201|267
12|8|0|75905378|269
35|6|0|22464415|965
44|6|0|65783146|331
76|1|0|74989669|815
39|3|0|68985233|980
2|3|0|47862593|391
22|4|0|34998892|270
82|7|0|57111926|907
5|9|0|23700208|876
27|9|0|59351139|740
81|8|0|27582213|803
57|2|0|63636222|100
30|7|0|90350795|918
11|5|0|01736083|618
96|5|0|88825007|34
1|5|0|90154164|407
71|1|0|42927921|449
53|8|0|32884364|186
32|8|0|42418252|892
72|5|0|82173838|991
32|7|0|67144488|834
95|4|0|76186264|514
84|7|0|40016030|783
52|2|0|67705849|224
13|2|0|25785463|117
34|4|0|83840722|774
11|8|0|14460388|948
39|7|0|91052858|224
16|7|0|97751601|833
39|6|0|17398404|793
83|3|0|89098363|263
78|7|0|51168476|975
90|4|0|90444197|163
70|6|0|71775814|944
69|7|0|23700208|863
90|9|0|77962232|531
55|2|0|33842950|652
61|5|0|96441077|401
37|5|0|87377132|799
57|4|0|76047619|140
33|7|0|03345825|480
45|3|0|04675419|757
90|2|0|31675208|824
51|4|0|71448466|697
93|5|0|56613995|32
73|4|0|82565084|830
70|7|0|20485474|531
25|4|0|83085864|590
95|2|0|91202635|361
32|1|0|67374441|381
50|6|0|62300520|832
26|7|0|03345825|450
48|4|0|25237092|457
70|2|0|23247321|576
49|2|0|85244405|644
43|2|0|30898233|287
12|3|0|80382096|499
80|3|0|07668876|226
28|4|0|20180904|361
55|9|0|20485474|731
61|7|0|02985220|629
7|1|0|63080957|16
51|6|0|17478984|897
42|9|0|21193958|682
95|3|0|30765207|81
56|3|0|59732815|270
47|3|0|21377372|581
44|3|0|86249287|393
39|9|0|57908120|59
44|2|0|74261413|419
57|2|0|35554462|755
36|6|0|53236715|950
18|6|0|57856254|491
85|3|0|25805505|533
26|9|0|48479936|805
4|9|0|08293701|953
36|4|0|04346500|95
84|7|0|12579228|205
67|3|0|90928703|733
93|1|0|09008779|376
85|4|0|05084142|291
21|7|0|71419626|867
10|2|0|71125954|47
92|4|0|04236306|330
45|9|0|77091413|27
37|1|0|74261413|364
39|8|0|23504707|451
70|7|0|93636230|763
76|8|0|42928386|255
73|8|0|05988181|982
5|3|0|24487207|760
55|7|0|03018286|759
83|2|0|86249287|339
36|8|0|75301811|642
23|5|0|96243237|71
60|6|0|02593852|931
49|6|0|55111621|878
33|2|0|85620957|45
92|7|0|61210288|726
52|9|0|37016517|582
94|1|0|97252917|531
16|9|0|04797982|75
27|6|0|26873589|56
24|3|0|57075419|338
1|2|0|93549400|638
22|4|0|94845921|763
86|3|0|37999186|501
24|6|0|48718011|402
83|8|0|36334148|309
14|9|0|25785463|897
94|7|0|34457306|192
19|4|0|27145999|175
56|1|0|34335819|20
51|7|0|63256796|482
59|4|0|83067013|322
47|7|0|46363701|858
24|8|0|88853154|619
51|4|0|58089019|528
14|8|0|18078077|780
29|8|0|43304110|297
16|4|0|91290762|603
72|5|0|84454478|106
1|7|0|21495564|172
20|1|0|99968205|538
29|8|0|09055834|162
75|8|0|40841144|17
91|8|0|22563439|327
29|7|0|85015364|927
69|7|0|35539230|934
61|3|0|19290669|317
29|6|0|61175181|575
74|5|0|94822489|144
55|5|0|98079698|935
45|6|0|28959632|621
41|3|0|45015069|669
52|2|0|64644684|959
71|4|0|71108865|970
90|5|0|82619701|364
98|2|0|89606766|513
84|8|0|92155701|562
96|3|0|83268908|556
42|9|0|36542185|545
15|7|0|59596240|501
83|2|0|41797877|889
72|3|0|55790109|332
7|8|0|35064169|930
51|2|0|64644684|489
47|6|0|95417615|252
76|9|0|02912240|506
79|2|0|85421172|575
78|5|0|23700208|46
40|5|0|42642954|256
14|3|0|13053765|890
48|6|0|31502238|717
21|1|0|24900775|831
49|6|0|73017684|892
4|4|0|97751601|913
32|1|0|00583046|500
69|5|0|95341866|930
37|1|0|61119512|13
4|7|0|07447709|997
19|7|0|28959632|626
54|8|0|47234024|304
16|5|0|16531376|715
2|9|0|35727965|12
34|1|0|47266438|547
39|4|0|92727465|491
58|8|0|60052018|504
76|1|0|36996629|436
29|4|0|40547701|969
44|3|0|68692810|539
10|5|0|47383654|659
26|9|0|74261413|595
6|6|0|83085864|220
57|1|0|02074764|340
31|7|0|10570548|784
87|5|0|33083582|284
76|2|0|54499263|921
15|4|0|77791412|715
95|3|0|07447709|135
99|5|0|40333991|256
82|1|0|23896390|974
88|4|0|57574943|237
28|2|0|72964484|334
70|5|0|35138495|515
49|5|0|19258768|687
29|3|0|99395902|433
64|4|0|05084142|128
12|1|0|34335819|16
3|6|0|43938193|4
86|3|0|64498690|787
99|6|0|96275108|623
60|3|0|09618213|688
31|3|0|95228143|714
15|3|0|39476456|692
13|6|0|52488580|973
62|2|0|64959962|826
72|6|0|88840420|71
19|7|0|80343448|89
47|5|0|79327763|938
10|3|0|11569602|792
50|4|0|28864004|274
26|1|0|43600663|176
2|1|0|99395902|689
57|1|0|57111926|479
89|6|0|67992515|995
6|5|0|11862284|312
48|4|0|64903958|27
27|7|0|70213591|624
9|3|0|85840188|322
18|7|0|88489384|435
8|5|0|42928386|921
70|3|0|80084143|797
63|9|0|30848368|617
39|3|0|69541650|127
14|5|0|68553531|894
57|2|0|07561733|897
96|8|0|47383654|426
4|6|0|69822209|472
3|5|0|90350795|758
77|7|0|71108865|678
9|6|0|63256796|521
9|7|0|85421172|189
56|6|0|09120211|517
4|8|0|65783146|867
99|6|0|89816240|61
87|9|0|19631646|443
81|5|0|99968205|993
49|2|0|42642954|966
10|4|0|92707801|490
9|1|0|23282056|919
34|9|0|84762320|469
53|5|0|84946119|173
95|7|0|91688712|222
12|3|0|00376549|388
95|6|0|60519429|844
78|7|0|17947619|14
84|1|0|91130389|552
15|3|0|41483060|614
58|5|0|36830428|889
19|9|0|85150874|79
46|8|0|00376549|880
33|9|0|09008779|362
21|8|0|18178173|114
28|5|0|74989669|766
11|6|0|15862921|319
80|5|0|44230838|158
17|7|0|06566845|111
78|8|0|51393564|580
12|5|0|52590528|421
43|8|0|65510360|13
29|2|0|18782264|409
11|6|0|36542185|156
22|7|0|63080957|21
80|9|0|31502238|617
69|1|0|34689394|199
49|4|0|30867253|479
7|4|0|93538862|173
67|7|0|40377605|948
62|2|0|30980167|91
41|6|0|93549400|17
69|6|0|86224161|560
81|5|0|16531376|859
11|5|0|27803998|427
25|4|0|81292523|642
66|3|0|73017684|889
33|5|0|94822489|69
49|9|0|86484282|164
36|1|0|24487207|248
97|5|0|65845660|157
14|6|0|29932603|468
89|4|0|70881127|273
52|3|0|35706335|957
97|1|0|09434059|519
60|4|0|50396863|715
32|2|0|36678952|78
20|3|0|66374176|97
20|4|0|60248411|538
92|9|0|22464415|622
33|5|0|31675208|840
50|7|0|49177978|505
29|9|0|25983975|59
27|8|0|67190355|337
52|3|0|99525224|999
25|7|0|69822209|373
25|6|0|09120211|611
79|1|0|83318269|788
37|6|0|10935385|314
87|3|0|17478984|131
33|9|0|98820832|642
40|1|0|73043553|490
41|1|0|72964484|956
3|3|0|45583681|468
63|6|0|71775814|806
20|4|0|20606695|844
40|4|0|07431074|855
81|8|0|39177742|416
88|5|0|11862284|658
21|2|0|29220960|728
5|6|0|88489384|973
15|6|0|63786163|38
72|5|0|53106964|823
52|9|0|13007331|457
41|9|0|15435255|544
8|2|0|90212413|741
3|3|0|23695603|786
44|1|0|09120211|376
83|8|0|00360401|646
94|8|0|40449852|931
55|2|0|47250437|630
13|6|0|25237092|377
9|8|0|35727965|630
56|8|0|23695603|439
43|7|0|73017684|617
21|6|0|96243237|771
42|9|0|02926117|436
23|4|0|03277294|598
43|6|0|87377132|401
19|8|0|84163592|594
43|7|0|73027027|4
90|1|0|75758820|261
61|6|0|87377132|601
86|1|0|08671516|732
6|2|0|18035155|498
49|3|0|03277294|400
27|6|0|13680909|583
68|5|0|07668876|707
29|8|0|74004324|975
24|4|0|46705938|970
50|9|0|80666769|284
66|4|0|95036137|450
69|3|0|87383409|423
36|7|0|80343448|306
59|1|0|52772467|508
43|9|0|96884935|821
55|9|0|21755774|420
1|8|0|86484282|676
26|8|0|46806994|484
40|6|0|46806994|176
86|7|0|34264751|901
17|8|0|10366752|454
32|2|0|50850761|421
84|1|0|76389696|632
63|9|0|50278046|698
98|3|0|54748965|644
77|3|0|50880966|931
27|1|0|43304110|608
63|3|0|66397526|892
33|4|0|14058332|277
51|2|0|23655782|271
49|9|0|33904771|578
4|8|0|70881127|435
22|6|0|55576796|5
1|6|0|57970615|716
73|6|0|14118609|771
55|6|0|84163592|379
59|3|0|41483060|208
69|1|0|73458623|772
14|2|0|07198311|657
92|8|0|14464430|408
36|2|0|44230838|771
70|5|0|66812845|842
34|7|0|40333991|33
87|9|0|77332615|219
48|9|0|83682407|385
48|9|0|82394257|424
9|5|0|68997496|168
47|6|0|58238424|457
44|1|0|44163310|641
59|3|0|42418252|989
88|3|0|14460388|132
90|1|0|75756864|2
92|3|0|70435399|345
19|8|0|70881127|856
4|3|0|22584878|539
77|2|0|14819827|631
45|3|0|13355098|726
75|4|0|13053765|673
22|8|0|98079698|132
93|1|0|02936703|582
23|7|0|82619701|386
22|3|0|75905378|371
65|2|0|69541650|917
16|8|0|44163310|941
65|9|0|59604853|472
95|5|0|61220225|298
4|4|0|26243566|952
88|3|0|54029170|643
82|3|0|88794884|854
87|1|0|95071848|830
56|6|0|40449852|718
80|7|0|96441077|428
24|4|0|52282201|240
27|7|0|18112955|375
47|8|0|80056874|830
46|5|0|23925083|284
51|2|0|46806994|176
11|3|0|92155701|642
43|3|0|84016263|162
35|6|0|59604853|664
39|4|0|17316033|661
5|7|0|83304293|170
79|6|0|88945187|931
64|2|0|36380145|661
99|7|0|52514463|278
34|2|0|61119512|690
12|3|0|54409231|549
81|3|0|07292187|695
93|9|0|43063994|524
81|5|0|64327556|378
1|4|0|88841854|375
41|4|0|33889931|596
8|2|0|60609052|420
37|6|0|75905378|982
91|3|0|99004477|214
74|8|0|60248411|786
5|8|0|57111926|499
8|1|0|40377605|415
83|1|0|25237092|752
81|2|0|43353620|409
55|7|0|24250856|504
13|9|0|54748965|206
77|6|0|97617495|401
55|8|0|66397526|949
97|5|0|54499263|720
70|9|0|50997077|28
99|5|0|68985233|325
28|2|0|46806994|881
65|8|0|59791713|750
76|3|0|93549400|409
39|9|0|88840420|574
64|6|0|29833870|237
12|9|0|35961376|789
54|1|0|88945187|213
9|2|0|80343448|601
7|6|0|40016030|541
16|8|0|44230838|506
22|6|0|57289502|542
6|3|0|95321929|931
47|7|0|03513835|765
51|9|0|90182693|977
42|5|0|55113946|650
69|4|0|13438128|530
95|5|0|24964715|731
68|6|0|74442560|643
97|1|0|89394403|653
73|4|0|15668974|216
28|4|0|24200783|392
17|7|0|48535755|97
22|4|0|64298603|758
60|7|0|23695603|231
22|3|0|00583046|427
81|4|0|98358175|820
31|5|0|71678337|123
78|7|0|58390696|647
64|8|0|03441299|557
83|8|0|76249464|239
2|5|0|77801210|91
12|3|0|30835535|455
73|8|0|35303350|81
43|5|0|21377372|963
64|3|0|81058884|246
26|6|0|50593804|612
47|8|0|50997077|878
74|1|0|20604110|797
22|4|0|34264751|41
54|3|0|06594473|195
38|7|0|06545352|591
55|6|0|92707801|649
65|7|0|57970615|863
56|9|0|61822436|283
87|3|0|34335819|437
20|1|0|65258729|812
5|2|0|83268908|628
82|4|0|75905378|706
48|8|0|63809190|394
71|6|0|76047619|5
50|8|0|93385718|885
23|2|0|05763375|113
1|3|0|07431074|742
41|4|0|52488580|117
68|5|0|91688712|759
19|2|0|09497504|402
93|3|0|68997496|270
71|7|0|75905378|596
67|2|0|26766409|373
61|5|0|04171713|656
52|1|0|00089159|114
98|7|0|66812845|630
30|3|0|31848534|450
46|7|0|88825007|109
26|1|0|82565084|549
46|5|0|92304161|93
57|5|0|40030272|941
17|5|0|48718011|548
90|5|0|88890487|505
35|5|0|50593804|490
50|3|0|70213591|562
21|9|0|16966253|386
67|2|0|37619268|492
74|8|0|99421922|946
27|3|0|23846418|152
74|6|0|87334111|42
51|7|0|53106964|61
79|4|0|10570548|972
10|7|0|98545742|943
55|7|0|70881127|22
57|5|0|07561733|608
56|1|0|84067579|749
52|1|0|13970222|920
90|1|0|43440719|725
92|8|0|05084142|646
99|2|0|72957066|899
41|2|0|20606695|218
65|6|0|73468042|990
41|7|0|40589893|500
32|5|0|77812728|105
24|6|0|63636222|299
45|1|0|94845921|694
45|5|0|55852739|597
97|9|0|76721885|606
62|2|0|03918135|800
33|4|0|23504707|833
74|3|0|28959632|959
81|5|0|78436879|126
63|9|0|75745325|711
83|4|0|92965508|523
41|4|0|08168221|293
34|6|0|82173838|384
56|3|0|42154969|472
90|7|0|53098375|324
33|4|0|14819827|11
85|1|0|33051758|146
37|2|0|03441299|727
81|6|0|18178173|832
39|4|0|39790484|238
81|3|0|01539813|831
79|5|0|49177978|988
15|5|0|42927921|691
62|7|0|62300520|256
99|9|0|51168476|256
95|5|0|00187640|925
89|7|0|93538862|378
23|5|0|84089151|65
69|6|0|10158708|340
81|7|0|52282201|97
30|9|0|83629594|93
95|1|0|21339011|791
40|8|0|03018286|432
53|4|0|69512841|80
69|3|0|20811891|234
68|5|0|74837052|620
43|5|0|12827688|925
74|5|0|24250856|655
28|8|0|04873129|236
34|1|0|67280322|55
32|5|0|71160597|888
83|3|0|57415482|829
95|2|0|07744853|612
97|8|0|78329225|72
68|4|0|53316837|267
82|2|0|27951712|610
3|8|0|65783146|498
40|2|0|69541650|94
60|8|0|00449236|440
57|7|0|23896390|171
6|5|0|74224029|688
26|6|0|59697299|473
8|8|0|17536134|482
19|8|0|31502238|564
60|6|0|96275108|404
97|8|0|24836333|198
22|5|0|58815908|574
47|9|0|81298051|577
33|3|0|87580150|763
12|9|0|90154164|540
78|3|0|64498690|562
45|6|0|85770478|977
31|2|0|64298603|21
57|5|0|34335819|839
13|5|0|49945614|724
61|2|0|91290762|883
7|1|0|24192897|550
3|2|0|24029513|807
34|4|0|03271711|758
46|5|0|25237092|192
47|8|0|35138495|579
94|6|0|23695603|791
27|9|0|59697299|852
13|2|0|31946438|460
24|1|0|80666769|584
62|6|0|36334148|504
20|3|0|92124448|6
68|1|0|82617806|855
58|8|0|31403399|266
4|1|0|37016517|557
83|6|0|23504707|276
26|6|0|24564250|576
30|3|0|59732815|363
57|4|0|38969973|867
87|1|0|30798427|167
63|6|0|76047619|934
26|1|0|77143488|313
96|4|0|68319823|927
34|5|0|52212475|334
38|9|0|79698641|572
85|3|0|06545352|572
95|1|0|85384552|790
88|9|0|29833870|283
75|1|0|45098819|938
8|2|0|68038557|786
78|4|0|81996902|877
54|2|0|42642954|898
28|7|0|16969995|89
81|6|0|19631646|501
78|8|0|17113335|547
51|4|0|94888577|841
95|6|0|67374441|915
65|7|0|48535755|171
46|8|0|14460388|426
61|6|0|10366752|534
11|7|0|59732815|174
14|9|0|54736573|114
39|3|0|60767745|193
44|7|0|36589036|756
82|8|0|71125954|64
80|7|0|80775362|333
56|7|0|12205509|156
74|2|0|23247321|288
28|4|0|72964484|93
2|3|0|14657818|953
33|7|0|61119512|554
59|3|0|46806994|893
16|3|0|30835535|675
54|1|0|62882064|729
94|5|0|15668974|377
34|2|0|50880966|733
47|7|0|64298603|966
4|7|0|57564494|798
92|3|0|99421922|810
57|8|0|69862830|314
56|1|0|02074764|190
96|9|0|36666799|918
74|1|0|23695603|279
81|5|0|17536134|998
59|6|0|79662420|751
