58|14|65000|MamGa_05_09_1989
87|34|35000|BolYan_15_09_1993
12|49|55000|NesNa_25_02_1966
88|11|30000|RozhAg_15_05_1962
9|4|25000|RomPe_25_09_1947
34|5|65000|MatLo_01_12_1952
43|37|45000|DroIl_03_09_1970
13|23|70000|TetLyu_16_11_1981
52|1|40000|MolYak_01_09_1992
90|46|65000|VorPr_15_11_1947
26|0|40000|BelAn_14_11_1954
69|14|40000|SokMi_14_02_1959
15|42|45000|MelNi_06_02_1982
38|14|65000|FilOk_20_03_1990
4|48|60000|MerTa_30_12_1965
99|30|10000|LazAg_04_07_1941
3|28|10000|DroSi_04_05_1980
61|38|55000|MakEk_16_01_1952
66|8|50000|MarLo_15_07_1961
45|1|65000|EliMa_04_07_1979
67|45|45000|SemAr_07_07_1960
64|0|20000|NikMa_16_06_1972
35|14|65000|LihNi_20_05_1959
86|5|10000|AleAl_15_05_1990
20|11|60000|SobIg_23_05_1967
6|40|35000|SyisDa_15_09_1991
49|48|50000|SilPo_06_01_1948
1|14|75000|ZahIz_14_10_1961
7|30|50000|FilOn_04_12_1956
85|7|75000|AniSv_27_04_1950
41|36|40000|SokHa_03_10_1968
10|19|30000|RodYan_18_11_1988
39|38|10000|NikEv_16_04_1971
89|38|40000|GuschAl_16_06_1955
17|25|75000|KudVyi_25_02_1968
46|4|65000|TerYar_02_07_1965
32|7|15000|ArtAn_06_06_1975
57|40|60000|GorMs_15_02_1981
8|34|15000|KryuAr_04_10_1979
31|0|15000|HohLe_16_06_1977
24|4|40000|SharAn_24_02_1986
68|24|30000|SokAn_03_04_1978
76|15|40000|EmePa_05_01_1945
93|0|25000|NauEm_27_01_1981
81|30|10000|VlaUl_12_05_1944
73|17|50000|BarLi_09_09_1942
77|12|40000|GavPo_01_07_1971
42|3|45000|KonAg_10_07_1954
33|25|40000|TimGl_22_12_1942
79|8|10000|DorKu_17_05_1970
47|35|20000|ZyikVa_05_11_1986
54|48|65000|BolPa_05_06_1969
44|6|75000|ArhSi_14_02_1951
28|32|55000|TihOk_19_04_1962
95|20|75000|BesKo_24_06_1971
51|7|15000|ShashMi_15_01_1945
55|7|45000|SharKi_13_08_1959
25|41|25000|MuhTe_11_11_1988
23|48|30000|KnyaYul_25_05_1964
65|42|65000|RozhNa_11_10_1964
83|21|75000|TerEv_27_06_1961
59|13|20000|GroGa_18_11_1968
82|9|25000|FadEr_20_05_1940
29|1|20000|VlaRo_04_02_1983
72|35|25000|PonEl_08_02_1948
70|14|60000|ErmAl_28_03_1964
62|36|65000|IgnTa_10_04_1986
100|7|70000|MihMa_27_06_1990
97|15|60000|KulVa_30_08_1981
50|43|65000|NikMa_09_04_1983
21|18|25000|LogZo_10_11_1975
16|30|10000|PonSe_14_06_1980
78|33|20000|SerVyi_21_10_1980
60|32|45000|ErshOs_26_10_1941
27|3|25000|FilLo_27_06_1957
63|16|75000|SobGe_06_09_1979
92|17|40000|FedVi_02_09_1984
71|14|15000|ShubEv_06_10_1997
84|43|20000|NazEl_06_02_1998
80|37|60000|SerMa_25_01_1985
74|2|40000|KudOl_15_05_1954
11|29|45000|BogEl_03_10_1975
36|4|60000|AksTa_11_12_1999
18|4|40000|ErshRa_14_11_1977
30|37|25000|MakIz_09_09_1995
5|3|15000|BobUl_11_04_1987
19|44|55000|KapVi_14_12_1995
96|35|75000|VolAp_19_11_1971
91|29|65000|LazEl_10_11_1999
53|20|10000|AfaZi_19_08_1985
75|33|20000|BelYar_18_03_1991
98|9|10000|PopAm_13_12_1948
48|49|55000|LogUl_10_06_1989
37|19|30000|RogVa_08_07_1983
56|10|50000|LavLa_04_06_1983
40|17|15000|NosGo_16_03_1955
14|47|10000|LogAr_28_11_1968
94|17|30000|BraMa_02_07_1948
2|49|25000|LebTi_26_10_1979
22|40|40000|LebFi_13_04_1957
