Новгородская обл.|7077
Чукотский АО|9350
Алтайский край|7407
Ямало-Ненецкий АО|6507
респ. Татарстан|6316
Красноярский край|7426
Кировская обл.|5214
Псковская обл.|5334
Ставропольский край|3768
Еврейская АО|447
Приморский край|5483
респ. Башкортостан|9840
Липецкая обл.|5760
Ненецкий АО|989
Белгородская обл.|3033
респ. Крым|278
Тамбовская обл.|9451
Самарская обл.|9614
респ. Тыва|6639
Курская обл.|6541
Томская обл.|3996
респ. Карелия|2436
респ. Удмуртия|6344
Ханты-Мансийский АО|1785
Сахалинская обл.|8677
Курганская обл.|4091
Ульяновская обл.|6216
респ. Мордовия|1438
Владимирская обл.|1697
Тульская обл.|9306
Омская обл.|9508
Новосибирская обл.|8946
Смоленская обл.|6937
Калининградская обл.|1358
Брянская обл.|3051
Саратовская обл.|3554
Хабаровский край|5580
Свердловская обл.|1593
Вологодская обл.|7737
Камчатский край|5752
респ. Алтай|1179
респ. Калмыкия|9160
Московская обл.|292
респ. Бурятия|1725
Нижегородская обл.|928
Кемеровская обл.|8040
Ивановская обл.|7515
Иркутская обл.|7528
Пензенская обл.|4570
Краснодарский край|7382
респ. Карачаево-Черкесия|5368
Волгоградская обл.|9820
респ. Чувашия|2621
Архангельская обл.|2009
Тверская обл.|7393
респ. Чечня|6413
Тюменская обл.|4872
респ. Хакасия|8028
респ. Северная Осетия - Алания|7192
респ. Кабардино-Балкария|1483
респ. Дагестан|6446
Мурманская обл.|2377
респ. Ингушетия|1648
Забайкальский край|3500
Ростовская обл.|1138
Костромская обл.|7999
Ярославская обл.|6786
Астраханская обл.|7417
Пермский край|4949
Калужская обл.|5503
