96561393|клх Завьялиха, пр. 60 лет СССР, д. 349, 509384|TitSe_08_10_1947
32230116|г. Ардон, бул. Целинный, д. 87 к. 8, 891380|IgnZha_23_03_1990
43004898|с. Таштагол, ул. Тургенева, д. 738 стр. 4, 865707|GriLe_16_07_1980
57255217|г. Пенза, пр. Республиканский, д. 76 к. 35, 044257|SuvNo_18_04_1964
29215416|г. Эльтон, наб. Магистральная, д. 2/8, 653114|SamGl_19_04_1975
04267263|ст. Майкоп, пер. Высотный, д. 8 к. 2, 535471|ShesSt_19_07_1953
59009573|ст. Обнинск, пер. Иванова, д. 483 стр. 5/5, 885162|VesAn_13_01_1967
50469574|с. Ирбит, пер. Сибирский, д. 94 к. 9/3, 860903|AniAn_16_06_1984
78929081|г. Ессентуки, алл. Главная, д. 5/9 к. 515, 979311|VolOk_07_04_1963
87592528|клх Лазаревское, ул. Социалистическая, д. 35 к. 85, 987865|GorIya_06_07_1988
80591825|г. Магнитогорск, алл. Пионерская, д. 2 стр. 9/4, 086520|AbrKo_06_12_1993
00003018|ст. Бреды, пр. Ключевой, д. 6, 271383|KalPo_19_12_1973
23026476|п. Курган, ул. Урицкого, д. 64, 812675|FilSi_23_12_1984
08134745|клх Алдан, алл. Горького, д. 9, 021142|PetVi_12_04_1970
83930119|г. Териберка, бул. Павлика Морозова, д. 3/6 к. 4, 407822|KudSi_17_12_1956
88686035|к. Галич, алл. 8 Марта, д. 21, 395310|NesSp_27_03_1972
32156942|с. Кизляр, пр. Металлистов, д. 999 стр. 99, 245809|ShesNi_09_12_1943
36154159|ст. Усть-Ордынский, наб. Геологов, д. 9, 572964|BelMa_09_01_1950
46232762|п. Аргаяш, ш. Братское, д. 4, 991879|ZinAn_22_05_1944
50846023|п. Йошкар-Ола, алл. Вахитова, д. 247, 316405|SmiMa_07_02_1962
71837741|д. Лабытнанги, ул. Комсомольская, д. 835 к. 35, 360710|DorMa_08_03_1958
76636684|к. Кемерово, пр. Воровского, д. 281, 126779|SorMo_16_10_1991
15674067|г. Курск, пр. Парковый, д. 3 стр. 6/7, 977844|BobAg_22_09_1978
62791380|клх Лодейное Поле, ул. Кавказская, д. 1, 510672|DroNa_07_03_1975
11157359|д. Аршан (Бурят.), ул. Набережная, д. 9 стр. 1/8, 905369|BolAn_28_04_1956
56909494|клх Сарапул, алл. Короткая, д. 3/7 к. 67, 546662|SavKo_24_09_1985
59246688|ст. Тарко-Сале, ш. Победа, д. 4/5 к. 33, 864824|CherAg_20_07_1989
39657374|п. Псебай, бул. Строительный, д. 2 стр. 99, 362099|AksAl_19_11_1957
20373764|с. Рославль, бул. Транспортный, д. 24 к. 7, 234206|ZhukLyu_04_11_1968
78327467|клх Карабулак, пер. Победа, д. 2/1, 322870|KulKo_09_06_1969
96511558|ст. Шуя, наб. Репина, д. 3/7 к. 988, 588031|KazLyu_16_08_1994
05690183|п. Сургут (Хант.), ш. Механическое, д. 179 к. 8/3, 722412|KulKo_25_05_1942
70942484|клх Валдай, наб. Никитина, д. 5 стр. 53, 684308|BloMi_19_07_1961
10522981|г. Сергиев Посад, бул. Краснодарский, д. 4 к. 240, 941144|ProIr_26_06_1998
46207395|клх Сыктывкар, алл. Ленинградская, д. 158 стр. 809, 516907|KnyaAl_28_07_1951
21494970|клх Каневская, ш. Рабочее, д. 5 к. 916, 257358|AniYan_10_10_1950
48156493|к. Бреды, пр. Комсомольский, д. 7/8, 347133|BorLa_14_06_1972
40539638|д. Тамбов, алл. Путевая, д. 1/2 к. 7, 841305|KosNa_12_01_1972
31521109|к. Камышин, ул. Балтийская, д. 4, 144952|MolEf_01_08_1942
54109889|г. Абинск, пр. Выгонный, д. 59 к. 442, 586191|KudSv_15_08_1998
27298053|к. Тутаев, бул. Комарова, д. 4 к. 8/2, 951354|IsaIr_13_02_1944
80723110|г. Махачкала, пр. Владимирский, д. 7/7 к. 7, 179828|EmeKu_07_07_1958
60345509|к. Чермоз, пр. Линейный, д. 9/3 к. 5, 170232|BelKl_04_11_1953
65628218|к. Армавир, бул. Строительный, д. 2/4 к. 22, 907395|KuzVa_31_10_1993
82772352|д. Находка, алл. Станционная, д. 9/6 к. 103, 027914|ZajEr_28_08_1956
54353800|г. Смоленск, пр. Невского, д. 138, 518798|DmiVa_06_12_1994
96507186|п. Ялуторовск, пер. Волочаевский, д. 5/3 стр. 68, 301065|FadUl_02_05_1965
73796008|клх Казань, пер. Набережный, д. 970 стр. 323, 964257|FomEl_03_10_1952
37530051|ст. Павловский Посад, наб. Поперечная, д. 2 стр. 20, 026102|NazAl_15_05_1940
38168888|к. Мурманск, пер. Большой, д. 7, 261655|ShilYan_03_03_1999
36811786|д. Александров Гай, пр. Тимирязева, д. 78, 441923|VinEk_29_03_1975
59049524|клх Радужный, бул. Минский, д. 668, 231622|GulYul_16_03_1945
52582080|с. Новороссийск, алл. Чехова, д. 4/2 к. 3/6, 385697|KoshKu_08_10_1994
73880974|с. Агата, ш. Коммунистическое, д. 3 к. 8/3, 992536|RomEk_06_10_1962
11082644|с. Усть-Катав, алл. Тимирязева, д. 4/5 стр. 28, 920013|KorEr_05_11_1941
48258661|с. Невинномысск, пр. Панфилова, д. 6/9 стр. 6/3, 016290|PolDo_19_05_1957
87129052|д. Дербент, ул. Дорожная, д. 7 к. 4/8, 875935|CherMa_22_06_1996
37800437|с. Орск, пер. Таманский, д. 786 стр. 265, 290627|GolAl_23_04_1963
03653777|г. Карачаевск, бул. Вокзальный, д. 6/7, 494113|KulYuv_06_10_1975
10042182|г. Углегорск, ш. Лунное, д. 57, 089071|ZhdaVe_13_03_1996
25619782|с. Невьянск, пр. Заовражный, д. 186 стр. 4, 600984|RodFe_27_02_1952
66484950|с. Льгов, ш. Павлова, д. 822 стр. 3/1, 161521|ErmEr_06_07_1971
76279867|д. Усть-Калманка, алл. К.Маркса, д. 3 стр. 1, 251427|SimNi_02_09_1982
31880992|с. Славянск-на-Кубани, ул. Огородная, д. 946 стр. 71, 501656|ZhdaTa_16_12_1957
36738342|клх Буденновск, ш. Поперечное, д. 945 к. 11, 861411|UstAv_15_07_1974
73941507|с. Забайкальск, наб. Краснознаменная, д. 26 к. 9, 108507|MurLyu_24_02_1987
47887015|г. Сусуман, ш. Р.Люксембург, д. 5/3 стр. 93, 640169|LyitEv_16_09_1945
05684366|клх Усть-Кулом, пер. Славянский, д. 7 стр. 3/1, 084887|KalIr_01_06_1980
49870602|ст. Элиста, бул. Локомотивный, д. 461 стр. 8, 576926|MedOl_29_10_1973
86653312|к. Сыктывкар, пер. Депутатский, д. 2 стр. 7, 550603|NovSo_26_06_1966
80885221|г. Сосьва (Хант.), ш. Краснофлотское, д. 2 к. 56, 610624|OsiSv_12_06_1975
04594208|ст. Кулу, алл. Войкова, д. 9/5 к. 6/8, 718966|TsveUl_24_11_1940
14368417|с. Диксон, пер. Уральский, д. 61, 166882|NauVe_22_05_1980
29207923|п. Верхний Тагил, ш. Космонавтов, д. 3, 879030|MolZo_03_04_1970
49008050|к. Омск, пр. Пархоменко, д. 47 стр. 818, 817538|SilKo_06_05_1972
76909344|п. Химки, ул. Сенная, д. 547 к. 129, 132384|ZueNi_23_04_1979
21156649|г. Комсомольск-на-Амуре, ш. Олега Кошевого, д. 83 к. 848, 958612|BirLi_28_08_1940
69351365|г. Оленек, пр. Кирова, д. 4, 102169|KazMo_16_01_1943
29613144|к. Джейрах, ул. Кузнечная, д. 6, 955582|VorAn_17_11_1999
69232343|к. Кимры, ул. Тенистая, д. 2/7 стр. 4/4, 646429|AfaLa_01_05_1955
40404875|клх Карталы, наб. Заливная, д. 4/9, 006298|SokPr_25_06_1955
59298533|клх Стрежевой, ш. Депутатское, д. 184, 216734|VishMa_22_01_1987
35997269|г. Холмогоры, бул. Волкова, д. 93 стр. 5/8, 882287|MamUl_13_11_1959
02644325|д. Минусинск, ш. Запорожское, д. 2/5 стр. 70, 979407|ErmIg_04_05_1991
44904203|к. Амдерма, наб. Минина, д. 4, 683503|PanGo_29_08_1945
93079525|с. Кулу, наб. Железнодорожная, д. 584 стр. 8/5, 462880|PopVe_24_04_1947
41366769|д. Сухиничи, алл. Сенная, д. 6/5 стр. 1, 216588|LavPl_28_07_1959
14594069|ст. Находка, пр. Макарова, д. 607 к. 9, 867225|KomEv_29_02_1944
35091745|г. Семлячики, наб. 8-е Марта, д. 67 стр. 5/6, 875578|AleFyo_12_04_1942
10079218|п. Советский, ш. Коммунаров, д. 1/8, 881254|BelPe_13_05_1943
71597270|п. Ясный (Оренб.), наб. Мая 1, д. 436 стр. 95, 956691|OdiAg_21_11_1989
75304386|д. Артем, пер. Курганный, д. 9 к. 813, 693289|KapFa_15_10_1950
91715128|клх Кош-Агач, пер. Ручейный, д. 326, 692554|LobGl_13_02_1991
37505097|п. Макушино, бул. Сибирский, д. 29, 810563|OrlEl_13_03_1977
82970048|д. Воткинск, ш. Колхозное, д. 5/8, 083292|OreRu_12_07_1978
92633032|п. Пятигорск, бул. Прибрежный, д. 1, 933814|LihEr_29_12_1957
25839890|к. Таганрог, ш. Юности, д. 5 к. 3/8, 885225|BurAn_15_07_1980
46722331|п. Таштагол, ш. Лазо, д. 9/6 стр. 99, 485919|LarLa_07_07_1969
16748651|д. Кимры, наб. Волгоградская, д. 734 к. 490, 197373|PahFe_29_03_1955
99486006|к. Плесецк, наб. Заводская, д. 89, 790431|KryiAl_09_04_1987
85678705|клх Минусинск, ул. 50 лет Победы, д. 9, 713404|SafRe_13_08_1992
80626466|ст. Саров (Морд.), пр. Подгорный, д. 274 стр. 5/9, 641544|KosNa_13_12_1980
09968431|ст. Энгельс, алл. Энергетиков, д. 49, 960426|FomEd_16_08_1948
77348494|к. Каспийск, бул. М.Горького, д. 80, 909743|SimKa_18_11_1998
79356787|п. Холмогоры, алл. Лазо, д. 6 стр. 5, 939370|IsaMa_07_02_1962
17513647|д. Одинцово, пр. Ягодный, д. 762 стр. 19, 935927|TerKa_23_08_1961
13411909|г. Усть-Кулом, ул. Пожарского, д. 72 к. 16, 497472|ZhurIs_23_02_1968
80825272|ст. Тихорецк, алл. Локомотивная, д. 55 к. 876, 602630|VinMa_13_04_1989
50828586|ст. Внуково (метеост.), алл. Радужная, д. 41 к. 577, 000137|MihRa_05_01_1950
39615343|к. Волоколамск, ул. Вольная, д. 4/8 к. 22, 144869|ArtSi_07_03_1981
85267220|д. Стрежевой, алл. Черемуховая, д. 15, 941319|SyisAv_07_09_1972
07250644|к. Анива, пр. Вольный, д. 7/9 стр. 28, 186505|BurDa_30_12_1970
84948854|д. Красноярск, бул. Коммунальный, д. 7/7 к. 326, 764864|LavFa_16_03_1960
55766357|к. Валаам, бул. Лермонтова, д. 97, 276614|MorUl_16_08_1956
87438475|клх Верхоянск, пр. Социалистический, д. 200 к. 3, 428005|VishMe_24_09_1993
84678416|г. Смирных, ул. М.Горького, д. 1, 850749|TerAn_26_01_1987
96514948|с. Кисловодск, ш. Вишневое, д. 223 к. 7/3, 580762|EfiLyu_11_09_1944
48350556|г. Находка, наб. Максима Горького, д. 399, 528856|ProAz_25_12_1963
87339529|г. Муравленко, ш. Донское, д. 506 к. 629, 007022|EfiLe_03_11_1968
28213215|г. Сальск, ул. Казачья, д. 471, 660797|SorEp_31_10_1956
46992338|ст. Чермоз, ш. Угольное, д. 978 стр. 7, 669782|ShubEm_19_10_1986
30829831|г. Лотошино, бул. Производственный, д. 6/6 к. 44, 934081|MakMa_20_06_1982
45723797|с. Эльтон, ш. Санаторное, д. 470 к. 1, 695589|MyasOk_04_10_1992
09971523|к. Ноябрьск, пер. Абрикосовый, д. 8, 794092|KisEv_17_08_1943
56263732|д. Кырен, алл. 9 мая, д. 2 стр. 29, 193803|EgoVe_10_02_1954
88498751|п. Жиганск, ш. Рязанское, д. 333, 986619|LavSi_22_07_1997
91017710|клх Калуга, бул. Свердлова, д. 4 стр. 3/2, 960290|TreLa_09_05_1990
79984867|г. Дудинка, пер. Шоссейный, д. 3/7, 222333|MurMi_03_09_1968
89088937|к. Эльтон, пр. Славянский, д. 1 стр. 704, 888744|LobNa_01_06_1952
93454919|клх Смоленск, наб. Центральная, д. 3, 089425|KomLi_14_05_1994
21065194|к. Красноярск, ул. Транспортная, д. 462 стр. 32, 889103|YudiAv_08_01_1962
74684595|ст. Нарым, ш. Огородное, д. 8/6 к. 8/5, 908405|KazLyu_20_04_1943
02424316|д. Орел, алл. Краснопартизанская, д. 4/1 к. 4, 581766|ShubRo_21_06_1949
93117609|с. Муром, бул. Водопроводный, д. 8 к. 84, 505756|KulAm_24_04_1984
30648906|к. Горячий Ключ, пр. Суворова, д. 644, 654964|OdiDo_15_03_1960
61020641|д. Кировск (Ленин.), пр. Проточный, д. 93 стр. 6/2, 727836|LobSv_27_06_1970
04154181|ст. Лянтор, ш. Папанина, д. 4/4 стр. 603, 441915|MarOn_23_06_1984
33820422|г. Андреаполь, пр. Звездный, д. 581, 033736|YudiFl_30_10_1982
36199242|п. Хасан, пр. Прудовой, д. 112, 115131|FilTa_28_05_1979
40595764|г. Токсово, ул. Хвойная, д. 17, 299215|PahAn_23_11_1959
51161378|г. Сухиничи, алл. Рабочая, д. 95, 543116|BelTa_10_10_1999
63050165|к. Красноуральск, наб. Матросова, д. 6/6, 508713|GavYul_14_07_1988
93982894|г. Магас, алл. Докучаева, д. 26 к. 5/4, 409555|NovLyu_31_10_1954
06608705|клх Теберда, алл. Родниковая, д. 49 к. 3/2, 121383|GalVl_05_08_1983
80417798|с. Комсомольск-на-Амуре, пер. Молодежный, д. 803, 607142|FomTa_01_02_1974
07688133|ст. Чебоксары, алл. Восточная, д. 5 к. 8/6, 840684|VorMa_14_03_1980
01793383|к. Тикси, ш. Пушкинское, д. 46, 065646|KotEp_10_06_1992
11901303|клх Лагань, наб. Урицкого, д. 43 стр. 772, 840694|TsveUl_26_12_1968
53070708|д. Ербогачен, пр. Октябрьский, д. 3, 663790|BliVe_06_07_1993
82427962|к. Петрозаводск, ул. Черняховского, д. 7 стр. 4/8, 600915|SamVe_22_03_1966
00637411|г. Лотошино, бул. Шолохова, д. 585 к. 7, 417405|SyisEv_31_12_1962
56113952|клх Суздаль, алл. Песчаная, д. 6/1 стр. 559, 423849|OreIl_02_05_1972
38753077|с. Нефтеюганск, ул. Дорожная, д. 4 к. 969, 116259|SuvOn_11_01_1962
66312000|с. Беслан, пер. Рыбацкий, д. 90, 595326|AndKl_07_03_1983
23371972|клх Анадырь, ш. Свободное, д. 70 стр. 222, 116073|KomPo_22_10_1966
24161879|ст. Чулым, пер. Воронежский, д. 2/4, 188658|SamKl_20_04_1959
21327391|ст. Дудинка, бул. Шахтерский, д. 98, 431494|KomTa_15_10_1955
14107443|п. Данков, ул. Сплавная, д. 1 к. 1/9, 706953|SamVe_03_10_1945
17918916|с. Тикси, алл. Стадионная, д. 616 стр. 56, 827754|GriTa_14_10_1990
60779373|ст. Жигулевск, наб. Вольная, д. 564 стр. 12, 856282|MorIr_04_09_1977
75716165|ст. Химки, пер. Снежный, д. 5/6 к. 3, 561613|LukAf_13_11_1945
68581442|г. Усть-Джегута, бул. Малиновый, д. 39 к. 111, 583219|BesMi_09_01_1976
15158642|клх Владикавказ, наб. 60 лет СССР, д. 3 к. 634, 803978|PopLe_15_02_1990
68779337|к. Алагир, бул. Попова, д. 6, 084065|PesPr_11_06_1944
17187015|д. Саров (Морд.), алл. Балтийская, д. 93, 808066|MerAg_03_01_1980
02303369|д. Темрюк, наб. Березовая, д. 2/6 к. 801, 622139|KolSe_17_10_1981
76915802|с. Владивосток, наб. Школьная, д. 6, 151484|MuhMa_27_12_1989
13070267|п. Шахты, пер. Революционный, д. 76 стр. 7/5, 337062|KonNo_07_05_1987
35943051|клх Нурлат, ш. Кедровое, д. 82 стр. 4/4, 078355|MarVs_10_11_1966
09785359|п. Сковородино, пр. Аэродромный, д. 1/5 к. 3/6, 826557|PanNa_16_04_1972
76499418|клх Черняховск, пр. 70 лет Октября, д. 6, 913644|BelNa_08_03_1947
20419097|д. Избербаш, наб. ДОС, д. 20 к. 34, 076587|KotAd_21_08_1989
60740670|клх Чита, пр. Победы, д. 4/3, 756941|SolAv_30_07_1942
09756809|клх Черняховск, бул. Коллективный, д. 395, 316481|ZimZo_03_11_1993
68406912|к. Павловская, ш. Кутузова, д. 4/3 к. 2/4, 544396|SharVa_27_10_1992
62046626|п. Пятигорск, пер. Полярный, д. 539, 753035|VorKo_20_10_1973
44462192|ст. Геленджик, ш. Жданова, д. 6/6, 238024|FedSi_14_09_1941
55422369|ст. Енисейск, алл. Амурская, д. 92, 084511|TimMa_29_01_1985
45968785|д. Тикси, бул. Ягодный, д. 965 стр. 5/5, 109926|D'yaVe_26_12_1984
91583277|с. Хасавюрт, ш. Главное, д. 37, 523644|KopVa_11_06_1990
66560241|клх Завьялиха, алл. Крестьянская, д. 5, 860598|MolSa_25_11_1957
13655228|клх Славгород, пр. Ленский, д. 425 стр. 9, 199017|BurIs_16_03_1983
21212574|ст. Бавлы, ул. Каштановая, д. 5/8 стр. 71, 269450|KonMa_14_12_1941
45684319|г. Сальск, пер. Маркса Карла, д. 77 к. 5, 907785|BogAg_19_03_1964
68886127|клх Салехард, пер. Кочубея, д. 9/1 стр. 8/5, 499028|BelAk_29_10_1999
27570401|клх Тарко-Сале, алл. Фрунзе, д. 5/4, 602865|NesTa_25_01_1967
58224823|ст. Курумкан, алл. Ильича, д. 147 стр. 7/1, 865961|D'yaAg_25_07_1973
57794143|к. Сосногорск, пер. Зеленый, д. 18 стр. 2/6, 559952|KudLu_25_02_1980
52053665|п. Белореченск, пер. Молодежный, д. 969, 850027|NekTa_23_11_1969
39219091|д. Норильск, пр. 40 лет Октября, д. 4/6 к. 3, 525049|OdiMi_23_09_1986
71034089|д. Инта, наб. Мелиораторов, д. 9 стр. 53, 489341|ShashKa_17_09_1960
23365834|д. Сыктывкар, наб. Центральная, д. 3, 261907|LarAg_04_08_1960
36921393|д. Гусь-Хрустальный, ш. Гоголя, д. 8, 739462|ErshRo_15_10_1949
95527383|к. Лотошино, пер. Песчаный, д. 3, 200888|KryuChe_14_08_1983
30769915|к. Мураши, пер. Вольный, д. 5/2, 820241|FilEl_11_03_1961
50263110|г. Саров (Морд.), пр. Николаева, д. 84, 778359|MarLa_16_05_1941
05271375|п. Соль-Илецк, ш. З.Космодемьянской, д. 3/8, 852886|MarFo_16_08_1990
22090768|д. Сальск, пер. Московский, д. 54 стр. 8/5, 358916|SimVa_12_10_1967
73534891|д. Воркута, наб. Л.Толстого, д. 682 к. 88, 460462|SemGa_08_11_1954
99545055|к. Нижний Новгород, ш. Слободское, д. 6 к. 55, 671349|UstRa_19_02_1964
42094241|г. Малоярославец, алл. Отрадная, д. 3/7, 298858|RyibTa_19_06_1980
08298034|д. Устюжна, бул. Дальневосточный, д. 21, 924087|EgoNi_10_02_1956
66415596|ст. Брянск, наб. Челюскинцев, д. 307 к. 648, 051258|LazLu_08_07_1958
77276315|г. Дно, пр. Вокзальный, д. 189, 654149|FomKo_23_11_1971
41951361|п. Пенза, ул. Олега Кошевого, д. 4/7 стр. 493, 354691|AleNo_15_08_1971
64060408|г. Рязань, алл. Новая, д. 536, 908908|SimVe_31_12_1970
31100366|г. Архангельск, бул. Волжский, д. 9, 017122|KosMo_22_09_1958
42047155|ст. Балашов, наб. Заозерная, д. 9/7 стр. 81, 821380|LukNi_25_06_1946
11278207|г. Шадринск, пр. Тракторный, д. 23, 800439|OrlVa_25_02_1999
83927140|с. Углегорск, алл. Димитрова, д. 664 стр. 110, 036684|MarAg_24_10_1994
04781745|клх Теберда, ш. 60 лет СССР, д. 898, 705587|EgoOk_08_04_1965
24096829|клх Тавда, алл. Кирпичная, д. 3/6, 165707|FedVa_29_06_1949
87353532|д. Крымск, наб. Вольная, д. 1 к. 51, 862778|ShesAg_19_11_1972
52030420|ст. Южно-Сахалинск, пер. Нахимова, д. 94, 402698|EfrEv_04_09_1978
69619205|п. Мытищи, бул. Тепличный, д. 4 к. 8/3, 158231|KulEk_21_01_1993
66329541|к. Ейск, пер. Железнодорожный, д. 93 стр. 2/6, 017580|KnyaAg_18_03_1980
66950462|ст. Куртамыш, бул. Центральный, д. 90 стр. 1, 084741|VolAg_09_08_1996
07623912|к. Оса, пр. Ключевой, д. 7/3, 487839|KomOr_22_12_1963
44851583|п. Ставрополь, ул. Петровская, д. 1 к. 7, 429265|KomOk_09_08_1986
45811418|к. Кизляр, пр. Трудовой, д. 703 стр. 7, 971757|AndOk_20_05_1962
68619435|д. Уренгой, наб. Ореховая, д. 3, 971116|AksYul_25_08_1988
99146733|п. Тырныауз, пер. Высокий, д. 9/6 стр. 2/2, 314594|PolNi_30_05_1962
50578764|д. Камень-на-Оби, ул. Флотская, д. 168, 323911|GalVi_14_08_1944
68281304|к. Владимир, наб. Дальневосточная, д. 79, 561564|ByikNi_29_01_1985
79620369|к. Белогорск (Амур.), наб. Гафури, д. 4/4 к. 824, 303682|BraFr_13_01_1998
32337013|д. Комсомольск-на-Амуре, алл. Цветочная, д. 973 стр. 8, 331780|ZhurSe_16_04_1950
15489104|д. Якша, наб. Литейная, д. 2/4, 689111|RogNo_21_10_1992
95044507|к. Оймякон, пер. 30 лет Победы, д. 7 стр. 67, 569527|KorMi_02_10_1994
33100517|к. Норильск, ул. 60 лет СССР, д. 8 к. 96, 868794|ShashHa_07_01_1968
19144696|с. Нефтекамск, наб. Кленовая, д. 2, 772209|SchukKu_28_12_1944
82364854|д. Истра, пер. Заовражный, д. 24 к. 2, 505118|MatDe_16_06_1987
50827060|ст. Бугульма, пр. Южный, д. 625 стр. 844, 687013|GusEv_11_07_1987
29839285|г. Курильск, бул. Поперечный, д. 9, 963776|KopAr_12_12_1968
71415093|п. Луга, пр. Нахимова, д. 67 к. 404, 060257|IsaPo_16_04_1955
86847797|с. Нефтекамск, ш. Балтийское, д. 61 стр. 49, 458187|RodYul_29_03_1962
93630290|к. Великие Луки, ш. Ручейное, д. 452, 742621|FokIya_09_04_1980
56608533|с. Североуральск, наб. Калинина, д. 68 к. 39, 612276|ScherAl_11_02_1980
35049807|д. Шахты, пр. Просторный, д. 5 стр. 6, 535017|AfaDa_16_03_1988
65072264|с. Арзамас, наб. Студенческая, д. 1/1 к. 2, 953892|FilNi_25_12_1949
77033062|клх Токсово, ул. Камская, д. 438 стр. 7/4, 116434|TitRo_24_06_1974
05420759|клх Междуреченский, пер. Коллективный, д. 4/1, 284820|LebKl_20_01_1979
23861237|с. Верхотурье, пер. Лесхозный, д. 4/5 к. 6, 108489|VasNa_12_10_1968
71498423|к. Видное, бул. Средний, д. 41 к. 8/6, 722336|GroSi_05_12_1997
83776496|г. Новомосковск, пр. Пионерский, д. 5 к. 56, 472908|SharMa_08_06_1954
43333974|д. Сыктывкар, алл. Тепличная, д. 78 к. 384, 339015|MuhGu_21_03_1949
71340494|ст. Тулпан, наб. Мелиораторов, д. 9 к. 4, 532024|ArtGo_01_12_1949
32530483|д. Валдай, ул. Глинки, д. 146 к. 40, 585332|BorVl_15_04_1973
18615661|п. Курск, пер. Лесный, д. 1/9 стр. 6, 806090|SidEv_28_02_1968
61154964|д. Змеиногорск, алл. Пушкина, д. 742, 549593|ZhukMa_12_06_1971
20955298|ст. Кондопога, ул. Челюскинцев, д. 321, 397183|KisBo_26_12_1976
87064193|к. Верещагино (Перм.), ул. Правды, д. 43 стр. 5/9, 092404|AksIr_31_03_1995
95676579|с. Северобайкальск, ш. Покровское, д. 9/2, 476155|SavEr_25_01_1973
46049742|д. Бийск, ул. З.Космодемьянской, д. 523, 254579|AndRa_23_06_1972
52960987|с. Усть-Ордынский, наб. Казанская, д. 72 к. 24, 416936|TarAl_04_05_1942
38226380|клх Токма, ш. Кубанское, д. 277, 634744|AlePo_30_01_1970
07821493|п. Великие Луки, алл. Титова, д. 73, 063478|KonMa_10_04_1982
31948494|с. Двинской, ул. Мостовая, д. 4 стр. 186, 400747|RogKo_12_08_1986
18736250|д. Орск, ул. Прибрежная, д. 14 стр. 909, 278844|SchukSe_02_01_1973
51777364|с. Комсомольск-на-Амуре, ш. Юбилейное, д. 4 стр. 5, 340467|DorNa_31_05_1979
64270715|п. Плесецк, ш. Красноармейское, д. 20, 988352|FomPr_03_09_1999
75849948|д. Кунгур, наб. Крестьянская, д. 8/4, 121834|TarEv_08_09_1993
79325042|г. Серафимович, алл. Седова, д. 29, 108819|Il'Hr_21_09_1981
11189411|клх Макаров, пер. Васильковый, д. 28, 186757|LarOl_21_02_1953
81443284|д. Якша, ш. Виноградное, д. 4 к. 718, 323256|KosOn_20_09_1996
97058090|клх Дудинка, ш. Куйбышева, д. 90 к. 9, 281041|AniEl_30_12_1964
07749018|ст. Малгобек, бул. Шишкина, д. 20 к. 95, 043866|PahRa_12_09_1948
77783073|с. Рязань, пр. Маяковского, д. 4/5, 136239|NekEm_02_02_1960
51270155|п. Усинск, алл. Высоцкого, д. 8/8 стр. 7/6, 356960|AniLyu_07_05_1982
75646929|г. Кондопога, бул. Ключевой, д. 5/3, 170673|VishEk_02_02_1985
28113348|клх Набережные Челны, пр. Л.Толстого, д. 649 к. 3, 420119|DavZo_16_10_1992
18693973|клх Джубга, ул. Осенняя, д. 8 стр. 2/8, 378596|IsaFo_03_02_1971
93589499|с. Канск, пр. Литейный, д. 848 к. 25, 917644|PanKu_05_10_1983
02100777|д. Кызыл, пр. Заречный, д. 8, 539575|DemMi_12_02_1992
06762872|п. Ельня, бул. Стахановский, д. 8/3, 485325|KryuDa_31_05_1999
68914233|с. Мостовской, алл. Комарова, д. 6/1, 477940|AleSa_28_11_1962
47687240|г. Нефтеюганск, ш. Новоселов, д. 771 стр. 66, 598613|PanMi_30_07_1981
01237054|п. Томск, наб. Энгельса, д. 8/8 к. 700, 304552|KomEv_19_07_1997
13424947|ст. Краснотурьинск, пер. Театральный, д. 32, 746516|KovFe_02_04_1996
01334098|клх Томари, пер. Совхозный, д. 1/9 к. 4/3, 503376|UvaGe_03_06_1974
76204807|г. Партизанск, наб. Бабушкина, д. 5 стр. 3/3, 002538|SuhFyo_08_10_1951
32078749|с. Шилка, ул. Грибоедова, д. 65 стр. 9, 571234|GerTi_11_07_1963
00016964|д. Макушино, пр. Полярный, д. 7/5 к. 649, 899926|AniFl_29_03_1973
21943577|п. Томск, алл. Ленская, д. 39 стр. 820, 002620|EvdLi_10_11_1953
62203081|ст. Абакан, пр. Уральский, д. 824 стр. 361, 755024|PanKo_14_12_1972
74831654|к. Галич, алл. Красина, д. 9/3 к. 1, 511418|IgnKo_14_08_1942
98587070|п. Ноябрьск, ул. Уральская, д. 1, 741889|YudiAr_10_08_1941
47874015|г. Надым, ш. Малиновое, д. 2/7 к. 933, 927487|GusSi_11_04_1953
58523636|г. Звенигород, пр. Казанский, д. 364 стр. 1/1, 612912|KryiPo_10_12_1981
54864672|г. Анапа, пр. Вахитова, д. 4, 325826|PolVl_30_08_1964
66850557|к. Иваново, пр. Маркса Карла, д. 495, 893976|MirZi_28_08_1983
63399363|клх Ангарск, ш. Васильковое, д. 1, 152608|KoshSe_01_04_1967
20234607|с. Куртамыш, пр. Цветочный, д. 93 стр. 8/3, 798816|BolVi_30_08_1997
96807668|д. Углегорск, ш. Луговое, д. 2/5, 819409|MihSi_24_09_1999
66828914|с. Двинской, наб. Халтурина, д. 89 к. 376, 875887|NovAl_05_04_1974
05245727|д. Шатки, наб. Азина, д. 861, 522771|NovAf_23_12_1992
29777334|ст. Минеральные Воды, пр. Подлесный, д. 1 к. 4/3, 309342|ShashSe_31_12_1974
97767190|д. Биробиджан, ш. Победа, д. 59 стр. 95, 123990|IgnTv_26_02_1969
37606138|с. Амдерма, пр. Восьмого Марта, д. 5/6, 411131|TsveAn_10_12_1980
39749994|клх Шуя, наб. Ворошилова, д. 239 к. 44, 330436|FroSt_14_12_1945
73988854|ст. Шумиха, ул. Интернациональная, д. 34 к. 7, 877231|GorYuv_06_07_1965
99669690|к. Холмогоры, алл. Лермонтова, д. 619 стр. 424, 290360|LihVa_09_05_1970
28686903|ст. Шали, пер. Полтавский, д. 9/7, 067996|MatOk_08_03_1986
26152868|ст. Нягань, ул. Пионерская, д. 8, 138197|DavMe_23_07_1994
93092746|к. Шаховская, наб. Радужная, д. 229, 285512|UvaEv_18_02_1995
44410490|п. Лысьва, ул. Кузнецова, д. 44 стр. 77, 326673|MarAv_25_04_1964
48229869|ст. Фатеж, ул. Солнечная, д. 78 к. 6/5, 598403|MurDe_12_12_1998
33528588|г. Усть-Ордынский, пр. Таманский, д. 7 к. 681, 024601|SavEg_27_12_1976
03518588|с. Алапаевск, ш. Волкова, д. 1/2, 543349|PahFe_14_07_1952
13266318|ст. Якутск, алл. 60 лет Октября, д. 404, 527680|ShilVe_28_09_1983
27632161|п. Гремячинск (Перм.), пер. Майский, д. 5/5 стр. 3, 573672|MedNi_27_04_1950
22187406|к. Игарка, ш. Покровское, д. 665, 765128|EvdNo_14_06_1986
20563219|клх Шадринск, алл. Дорожников, д. 29, 283094|TroMa_02_09_1981
05619542|к. Листвянка (Иркут.), ш. Ясное, д. 601, 561877|DavGu_16_11_1987
25825244|д. Карталы, наб. Лазо, д. 547, 502783|EvsYar_10_11_1975
03701829|п. Агата, ш. Степана Разина, д. 27 стр. 6, 364304|KnyaVa_30_09_1992
63246582|п. Сарапул, наб. Минина, д. 525, 979600|BurSo_26_04_1952
82860776|с. Сарапул, пер. Камский, д. 267 стр. 9/3, 522452|OrlBo_11_03_1964
27978047|клх Гусь-Хрустальный, наб. Депутатская, д. 68 к. 3, 005417|SokEf_03_01_1970
40320731|п. Валдай, ш. Партизанское, д. 5/6 к. 3, 720700|GroAn_27_11_1955
75750626|г. Инта, ул. Вокзальная, д. 53 стр. 671, 441676|ShesEl_17_09_1996
25735291|ст. Внуково (метеост.), пер. Гаражный, д. 725, 958393|MirNi_27_01_1948
65195963|ст. Астрахань, наб. Гаражная, д. 50 к. 9, 457453|ZajTv_22_11_1987
45731198|п. Осташков, ул. Достоевского, д. 721 стр. 11, 637363|FedSi_17_03_1953
80688273|п. Одинцово, наб. Логовая, д. 751 к. 772, 614279|TetNi_08_01_1995
30653061|п. Магас, наб. Зеленая, д. 3 стр. 4/2, 014793|VlaEv_19_07_1974
92722415|п. Сладково, бул. 1 Мая, д. 511 к. 2/8, 083002|SharYak_16_12_1999
11899334|ст. Петрозаводск, пр. Тепличный, д. 8/6 стр. 53, 320684|KryuAn_09_01_1978
20861377|п. Новомосковск, ул. Черемушки, д. 4 стр. 7, 306388|KryiAf_18_05_1954
44066734|п. Курильск, алл. Специалистов, д. 56 к. 7/3, 453151|TreKo_13_07_1955
40144900|с. Королев, пер. Морозова, д. 408, 329560|TarLu_03_07_1993
49501476|клх Забайкальск, алл. Белорусская, д. 59 стр. 622, 847287|DorNa_08_08_1986
19841069|ст. Абинск, наб. Свободы, д. 6/8 стр. 4, 006994|ZhdaKl_14_10_1942
58842539|к. Тавда, алл. Пожарского, д. 653 к. 3, 238053|KonPe_04_09_1948
30796447|д. Ессентуки, пр. Семашко, д. 88, 745236|Il'Ta_11_02_1961
72326206|д. Чита, наб. Чапаева, д. 638 стр. 6/6, 828007|NesLa_03_02_1958
43142095|клх Аргаяш, пер. Пушкина, д. 407 стр. 6, 409987|GavKl_17_06_1973
53897725|к. Хоста, бул. 70 лет Октября, д. 6/7 стр. 44, 512130|VolPr_11_07_1967
38151934|п. Сочи, ш. Хуторское, д. 963 стр. 20, 330174|SuhEr_27_08_1979
01817157|п. Кострома, пер. Космический, д. 303 к. 54, 165183|BliPr_25_06_1996
76905841|г. Жиганск, наб. Фестивальная, д. 567 к. 3, 873000|AndAv_23_06_1995
00558556|п. Королев, ул. Высотная, д. 8/1 к. 44, 651210|BelMe_16_04_1958
37471101|с. Тихвин, пер. Смирнова, д. 25 к. 237, 352779|AvdTa_28_03_1978
93454353|с. Солнечногорск, ш. Станиславского, д. 228 стр. 5/5, 011472|SuvAd_21_04_1950
58369784|ст. Шенкурск, наб. Красноярская, д. 307 стр. 75, 808171|KalZi_22_07_1970
34193204|клх Ямбург, алл. Азовская, д. 9, 894729|KotNi_13_09_1973
57987224|ст. Назрань, ул. Водопроводная, д. 13 стр. 6, 497989|AndLo_07_01_1985
93889711|с. Люберцы, алл. Октября, д. 498 стр. 2/7, 979195|EliSo_23_04_1960
55248310|г. Красногорск (Моск.), пр. Новоселов, д. 7/3 стр. 3/8, 344279|KulAf_03_03_1950
76835063|г. Джейрах, алл. Станиславского, д. 8, 183860|MerMa_29_07_1967
13275495|г. Осташков, наб. Народная, д. 3, 292970|GorRo_30_03_1982
43030781|к. Стерлитамак, пр. Революционный, д. 1/9, 881447|MolKi_16_02_1961
69241048|с. Мезень, наб. Энтузиастов, д. 43 стр. 682, 818298|AksNo_16_11_1984
79758857|г. Тайшет, пр. Монтажников, д. 5/2 к. 9, 211420|GriAn_29_01_1986
88533773|ст. Бологое, пр. 70 лет Октября, д. 6 стр. 7/5, 851589|EliLa_16_08_1943
45470219|клх Кузнецк, ш. Плеханова, д. 16 к. 941, 677720|ShashGo_24_06_1961
67406562|к. Шуя, пр. Трактовый, д. 87 к. 2, 845256|KulMa_30_06_1978
07503528|ст. Саянск, пр. Солнечный, д. 2/2 к. 529, 843667|VorVi_06_11_1969
02085241|д. Октябрьское (Хант.), пер. Бульварный, д. 7 стр. 1/3, 525898|BogEm_15_02_1958
08560308|ст. Калининград, алл. Юности, д. 6 стр. 8, 220389|TimVe_22_01_1983
79756402|п. Мыс Шмидта, ул. Макаренко, д. 791, 802720|SolMa_24_12_1957
98209057|ст. Лабытнанги, бул. Строителей, д. 2/5 стр. 77, 450636|VorKl_02_09_1972
85524675|ст. Новочеркасск, пер. Молодежный, д. 3 стр. 17, 641039|StrKl_11_03_1957
93044912|д. Томск, наб. Прудная, д. 467 стр. 2/9, 347084|KraMa_02_01_1941
17765299|г. Троицк (Моск.), ул. Горького, д. 3, 244031|FokOk_23_04_1948
52551598|клх Серпухов, ул. Таманская, д. 20 стр. 562, 658982|OdiLo_31_12_1952
27503829|ст. Завьялиха, ш. Стахановское, д. 9 стр. 1/1, 394864|BliVi_17_12_1957
47056473|с. Старая Русса, бул. Октября, д. 368 к. 6/3, 253795|SobMi_12_08_1952
60408297|г. Печора, пр. Вокзальный, д. 8/5, 485372|PavIs_14_08_1952
42683650|с. Онега, ул. Монтажников, д. 56 к. 102, 149885|MihSp_02_02_1951
57341873|с. Соловки, алл. Пограничная, д. 88, 959731|D'yaLu_09_10_1987
74699551|г. Дмитров, пер. Гагарина, д. 3/1 стр. 5/3, 157814|DenAl_11_12_1976
43800520|ст. Волгодонск, пр. Студенческий, д. 8/9 к. 62, 898572|SamVi_19_05_1997
48067874|к. Воскресенск, пер. Тельмана, д. 7, 416470|KonZa_25_01_1943
10436523|клх Билибино, ул. Угольная, д. 3 стр. 7, 702953|KolFa_05_12_1975
94576184|с. Южно-Курильск, ул. Невского, д. 26 стр. 903, 661300|SidEk_22_07_1947
81371853|п. Дербент, ш. Лесозаводское, д. 4 к. 190, 007918|AntVe_22_04_1989
70313703|г. Хасан, ул. Флотская, д. 6 к. 75, 939263|SitIya_21_07_1941
72441060|клх Тимашевск, наб. Крестьянская, д. 19 к. 32, 443143|SerNa_02_08_1997
17764018|д. Стрежевой, ш. Карбышева, д. 509, 462109|RusSv_24_11_1989
87581027|с. Белокуриха, пер. Бабушкина, д. 527 стр. 9, 330425|BelFe_06_10_1999
31646536|ст. Кызыл, бул. Колхозный, д. 2/7 стр. 4, 218256|ShashEg_06_01_1946
69794223|ст. Урус-Мартан, бул. Ленинский, д. 637 к. 9/1, 526414|PahLu_03_08_1940
62110297|с. Зеленогорск (Ленин.), алл. Ключевая, д. 8/2 к. 4/4, 621918|MirIv_12_02_1950
74560677|г. Новомичуринск, наб. Российская, д. 1/9 к. 6/3, 231735|KosYar_17_06_1963
89585580|д. Усть-Ордынский, алл. Тенистая, д. 397 к. 5/9, 974586|LebTi_30_01_1982
87111743|ст. Кулу, алл. Просторная, д. 854 к. 1, 548364|HohSo_26_12_1962
41533055|ст. Таганрог, пер. Победы, д. 6/1 стр. 6, 577016|FadAn_10_08_1984
81751815|г. Дербент, ш. Леонова, д. 5 к. 9, 854901|KapEv_20_03_1977
38756498|г. Салават, бул. Спартака, д. 78, 292494|BobNi_19_08_1992
21461996|п. Северодвинск, пер. Железнодорожный, д. 306 стр. 97, 660796|TetLa_27_01_1989
06754518|с. Змеиногорск, наб. Мая 1, д. 52 к. 22, 738862|EgoIya_31_10_1983
16835122|ст. Усть-Калманка, пер. Тульский, д. 40 стр. 899, 827746|GriAs_16_12_1977
81436361|г. Слюдянка, ул. Февральская, д. 7, 908054|BolOk_28_05_1998
87334609|клх Серпухов, ул. Лесозаводская, д. 1, 610403|AgaSt_06_08_1968
30200746|к. Чайковский, наб. Поселковая, д. 37 к. 5, 112177|D'yaRa_16_08_1974
90451607|клх Сочи, пр. Челюскинцев, д. 720, 389826|BorFi_11_09_1970
53953209|г. Нижневартовск, ш. Казачье, д. 5, 800251|KorMa_28_01_1943
68015855|г. Байкальск, пр. Алтайский, д. 299 к. 5/5, 304899|NekOs_22_10_1980
59209270|ст. Чегем, ул. Парковая, д. 9/6 к. 928, 042794|KonVi_09_06_1981
51201258|г. Апшеронск, бул. Харьковский, д. 440 стр. 13, 344928|D'yaKl_03_08_1966
53728746|к. Оренбург, наб. Дачная, д. 7/5 к. 605, 995872|BelMi_02_07_1966
93293631|г. Калуга, ул. Кооперативная, д. 8, 474160|KirUs_24_04_1968
60294685|с. Калуга, пер. Лесхозный, д. 5, 861594|OvchVa_08_10_1972
67593866|к. Листвянка (Иркут.), наб. Чернышевского, д. 627 стр. 763, 898735|ShashEl_03_06_1968
29780129|с. Карпинск, ул. Труда, д. 9 к. 9, 552964|NikNe_02_10_1960
00265010|г. Терней, пер. Овражный, д. 64, 762024|PanKi_22_04_1991
33163024|д. Щельяюр, пр. Олимпийский, д. 91 к. 357, 984998|MatKi_17_04_1951
50439256|клх Бомнак, пер. Просторный, д. 8 стр. 1/4, 210547|PesVl_03_02_1973
84362759|ст. Дно, пр. Ленский, д. 1, 834018|HarVa_17_02_1952
59519546|к. Шуя, ш. Полярное, д. 19 к. 25, 502214|KorIr_05_12_1943
32415339|г. Минеральные Воды, ш. Плеханова, д. 20 стр. 1, 474074|IgnKo_30_04_1984
92426757|с. Кириши, пр. Энергетический, д. 80 к. 304, 411504|RogTa_23_12_1992
23188136|п. Вендинга, бул. Запрудный, д. 73 к. 3, 235004|OrlVa_23_11_1954
09904187|г. Смирных, ул. Фурманова, д. 63 к. 399, 358344|LarMo_28_01_1954
30454361|д. Глазов, бул. Седова, д. 956, 808913|TarPl_04_08_1961
37454074|ст. Салават, бул. Полтавский, д. 10 к. 33, 094227|NekAn_11_06_1963
92444720|д. Невьянск, ул. Новосельская, д. 245, 039417|KopAg_15_01_1989
87481587|ст. Котлас, ул. Моховая, д. 7, 953849|SuhSe_11_06_1995
09078390|с. Магадан, ул. Социалистическая, д. 1/8 стр. 40, 326267|ArhVa_08_06_1944
29113583|клх Ямбург, пр. Папанина, д. 4/7 стр. 5, 317999|KulEr_22_06_1945
02925509|с. Саров (Морд.), бул. Степана Разина, д. 8 к. 859, 194870|GorOk_13_01_1950
04988823|п. Минеральные Воды, бул. Толбухина, д. 15 к. 17, 549351|BelAd_16_10_1940
52208676|клх Тюмень, алл. Победа, д. 8/3 стр. 1, 717176|VorOl_22_11_1996
43433490|п. Костомукша, пер. Осенний, д. 8/7 к. 706, 714957|TurAg_16_10_1982
40534152|п. Сухиничи, ул. 9 Января, д. 580 к. 84, 492837|SharEl_06_08_1994
07718137|г. Минеральные Воды, наб. Загородная, д. 6/5, 041736|NesVe_31_05_1953
31494434|с. Кулунда, ул. Средняя, д. 631 к. 4, 321784|DemLo_14_05_1945
32127249|ст. Горячий Ключ, алл. Глинки, д. 4 стр. 22, 760063|KarVi_24_09_1958
29943999|с. Змеиногорск, наб. Громова, д. 524 к. 7/5, 448907|RozhVl_31_07_1953
31329798|к. Тольятти, пр. Урицкого, д. 718, 626068|AgaSa_16_11_1945
92291324|к. Хасан, ул. Высоковольтная, д. 1/9 к. 98, 882723|GulAl_30_07_1982
55978613|г. Чегем, наб. Рябиновая, д. 933 стр. 628, 760523|ScherLo_24_01_1960
17331524|с. Пушкин, ш. Клары Цеткин, д. 56 стр. 4, 429549|PesBo_27_06_1991
22537072|г. Юрьев-Польский, наб. Нефтяников, д. 460 стр. 37, 495058|RomMi_10_05_1990
97250975|д. Усолье Сибирское, наб. Минская, д. 3/6 к. 1, 014149|KudIs_06_07_1992
56122299|к. Славянск-на-Кубани, алл. Папанина, д. 5 к. 90, 130108|DorAp_17_08_1979
49170313|г. Енисейск, пер. Революции, д. 9/1 к. 65, 477965|SmiTi_18_09_1945
85737136|г. Тамбей, алл. Физкультурная, д. 550 стр. 2/9, 884434|SokBo_15_05_1971
98861798|г. Калач-на-Дону, наб. Нефтяников, д. 242 к. 3/6, 670676|TreTa_13_10_1944
27383261|к. Шуя, ш. Снежное, д. 6/8, 508767|SuvPe_17_06_1943
26315225|с. Биробиджан, алл. Леонова, д. 5/5 стр. 8, 551021|RyibAn_21_02_1965
59369868|клх Октябрьский (Башк.), пер. Запрудный, д. 3 стр. 86, 738159|ZimIs_29_02_1980
05132263|г. Белокуриха, пер. Черняховского, д. 131, 353261|EfrZo_31_07_1984
63598568|п. Корсаков, ул. Партизанская, д. 88, 686156|SitAn_14_02_1973
14735998|д. Северодвинск, бул. Черняховского, д. 6/4 стр. 988, 422603|PavRa_17_01_1999
42172550|клх Томпа, пр. Шолохова, д. 8/6, 758518|BelFe_27_01_1964
58716526|ст. Губкин, ш. Рабочее, д. 676 к. 38, 843191|DmiKa_18_09_1970
89434277|п. Семлячики, ул. Карбышева, д. 229, 143847|MihYul_09_06_1954
91222053|п. Приморско-Ахтарск, ул. Юбилейная, д. 62 к. 563, 005261|SolOl_23_08_1999
40572598|клх Нижневартовск, пр. Большевистский, д. 5 к. 585, 046546|VlaVa_19_09_1953
21069956|ст. Оха, пер. Малиновый, д. 87, 654523|EliKi_08_01_1982
59636090|п. Семлячики, ш. Ленское, д. 5, 838312|YakoDo_24_07_1983
77054685|д. Агата, бул. Безымянный, д. 56 стр. 335, 292883|IsaAl_24_08_1982
89610664|ст. Красноуральск, бул. Болотный, д. 685 к. 5, 818195|TerAf_04_10_1979
64135007|д. Великие Луки, наб. Авиационная, д. 62, 234612|SerGr_24_10_1969
78639621|к. Ардон, ш. Чернышевского, д. 766 к. 83, 925522|MamNa_14_12_1943
26133324|ст. Партизанск, бул. Азина, д. 4/9 к. 5, 339025|LapAl_23_06_1960
71153506|к. Нефтекамск, пер. Папанина, д. 68, 549444|LebVa_19_06_1940
52110764|с. Бузулук, бул. Курский, д. 48 стр. 95, 945463|TsveAg_07_08_1942
70677881|г. Уэлен, ш. Достоевского, д. 2/4, 865484|PesAn_20_06_1970
98211838|с. Токма, пер. Клары Цеткин, д. 675 стр. 79, 491222|FokFa_01_04_1980
16241091|к. Диксон, пр. Никитина, д. 3, 361510|ArtVl_23_02_1988
61538924|ст. Муравленко, алл. Суворова, д. 5/8 стр. 3/5, 924906|PonDa_15_06_1946
29344789|к. Бологое, пер. Степной, д. 856, 287211|SolTa_07_01_1948
24901727|клх Малоярославец, наб. Парижской Коммуны, д. 6/5, 358473|EfiVa_30_07_1941
28048862|г. Смирных, пр. Труда, д. 25 стр. 7/8, 974437|KolVa_20_06_1973
21464782|к. Семлячики, ул. Кочубея, д. 8/2, 818495|PolRa_11_06_1968
82201913|ст. Долинск, ш. Шмидта, д. 9/5 к. 3/5, 657945|RozhGr_26_02_1993
52219443|клх Кедровый, пер. Серафимовича, д. 8/6, 027679|PetAn_14_08_1992
59618706|п. Красновишерск, пер. Азина, д. 2/4, 087109|NovAl_16_12_1968
27976029|г. Верхоянск, пр. Шаумяна, д. 7/8 к. 9/3, 269206|ShirAn_19_05_1942
82689551|с. Анапа, наб. Пролетарская, д. 67 стр. 97, 286932|ArtEl_14_11_1959
73201328|ст. Гаврилов-Ям, ш. Болотное, д. 6/6, 594792|ZyikVa_19_04_1961
39907417|клх Томари, пр. Фурманова, д. 161, 624119|RusUl_22_01_1973
28051732|п. Сортавала, ш. Пограничное, д. 45 к. 8, 438523|LavLu_18_03_1951
81045433|ст. Красноселькуп, ш. Зеленое, д. 23, 875504|LebLyu_27_09_1973
48438698|п. Плесецк, ул. Олимпийская, д. 7, 900622|KuzAg_16_07_1951
70471137|с. Яшалта, пр. Шмидта, д. 5 к. 8, 698959|BesUl_12_09_1965
93137492|с. Можайск, пер. Мира, д. 3/7 к. 25, 347833|BorNi_25_07_1998
67700837|с. Березники, наб. Ручейная, д. 713, 699257|KulLyu_01_05_1975
76349898|с. Дно, наб. Красноармейская, д. 64 к. 67, 839395|SelBo_10_12_1954
43142163|д. Москва, МГУ, алл. Крылова, д. 108 к. 4, 149399|MakSv_13_06_1967
28341932|п. Бирск, пер. Малый, д. 1/7 к. 558, 884688|LazIz_07_04_1989
28444725|п. Бологое, бул. Ворошилова, д. 261 стр. 673, 472676|KorNa_18_12_1986
43091539|г. Волгоград, пр. Кольцова, д. 42 к. 82, 955620|GroSv_17_01_1950
49846713|клх Пятигорск, бул. Орловский, д. 766, 757407|KisAn_17_09_1953
76933486|с. Верхний Баскунчак, алл. Титова, д. 81, 087187|SitRa_12_01_1967
97501787|ст. Киров (Вятка), пер. Октябрьский, д. 61 стр. 88, 710816|KosOl_11_02_1992
73951926|с. Коломна, пр. Щорса, д. 680 стр. 666, 540681|UstRa_07_09_1965
60773142|к. Горячинск, бул. Раздольный, д. 9/5 стр. 6/2, 372064|LebMe_09_05_1943
50235070|клх Объячево, ул. Клары Цеткин, д. 53, 436784|MerNa_14_04_1986
08602442|д. Саянск, пр. Механизаторов, д. 6/5, 267155|VorOk_10_11_1967
49908732|д. Усть-Илимск, ш. Волгоградское, д. 76, 566830|BarLa_29_04_1958
91776105|г. Качканар, алл. Краснофлотская, д. 1, 937791|ZinFe_01_03_1963
43419531|с. Чикола, наб. Кедровая, д. 915 стр. 461, 774743|ByikLi_01_06_1963
97756118|п. Братск, алл. Радужная, д. 3/5 к. 65, 468651|AvdTa_06_03_1954
89263242|с. Кизел, пер. Новоселов, д. 7, 248041|FroIr_06_06_1970
28587040|к. Оренбург, пр. Свердлова, д. 5, 825111|BarMi_01_02_1979
55843782|ст. Шерегеш, бул. Болотный, д. 16 к. 1, 734935|SharFo_03_10_1985
10707906|клх Смирных, пр. 50 лет Победы, д. 164, 113465|MuhMa_30_03_1978
75762155|г. Карталы, пер. Фестивальный, д. 8/6 стр. 116, 038594|BelVs_14_05_1992
18418835|г. Сортавала, пер. Гончарова, д. 90 к. 3/4, 516543|FedEv_14_02_1970
93934893|д. Новомичуринск, пер. К.Маркса, д. 895 к. 4, 928581|GurDa_13_10_1958
70804492|клх Пермь, ш. Сенное, д. 86 стр. 912, 796447|MarEv_24_07_1956
67056903|к. Эльтон, алл. Подстанция, д. 7/6, 987296|NovIya_18_01_1956
40171845|клх Дмитров, ш. Специалистов, д. 70, 835559|GriIya_26_12_1991
65175255|п. Оренбург, пер. 1 Мая, д. 3/8, 666860|KonYar_25_12_1947
59025238|к. Обнинск, ш. Шишкина, д. 8, 161652|LazFo_18_09_1964
50655892|к. Ржев, наб. Кочубея, д. 605, 386283|ZhukIl_17_11_1974
55603317|ст. Елабуга, пр. Городской, д. 9/7 к. 40, 255240|LebSa_17_10_1965
79792424|клх Артем, ул. Абрикосовая, д. 334 к. 9, 437060|KryuIya_09_11_1987
23430884|ст. Магас, ш. Докучаева, д. 14, 566994|MurEg_06_01_1998
85921429|д. Сургут (Хант.), пр. Пирогова, д. 8 стр. 52, 858606|ArtMi_08_02_1974
49488708|к. Джейрах, бул. Димитрова, д. 565 к. 3, 073941|LogAn_14_01_1962
59281405|ст. Невельск, ш. Жуковского, д. 5 стр. 810, 549502|KalAr_06_06_1946
55983075|ст. Кижи, алл. Радищева, д. 984, 627470|ZueEv_17_01_1950
37939366|с. Сибай, ш. Коммунистическое, д. 491 к. 426, 256877|BelPa_09_09_1997
58016534|п. Чикола, алл. Беляева, д. 56, 957709|BarSv_06_03_1995
00548502|ст. Байкальск, наб. Томская, д. 3, 049044|MolTi_22_07_1947
34610039|п. Курск, наб. Кочубея, д. 9/9 стр. 467, 910890|Il'Ar_03_07_1982
60266118|клх Гремячинск (Бурят.), ул. Королева, д. 48, 190016|KotOk_14_03_1976
05004645|г. Усть-Кут, ш. Нефтяников, д. 5 стр. 93, 234295|KuzSt_22_02_1998
51817510|г. Поронайск, бул. Проезжий, д. 1/3, 996229|VorPr_17_11_1944
36617524|д. Жуковский, пер. Деповский, д. 9/6 стр. 84, 735661|SilLu_08_07_1985
41534281|д. Нефтегорск (Самар.), наб. Смоленская, д. 10, 090931|SokFe_18_05_1995
72893685|клх Листвянка (Иркут.), бул. Казанский, д. 5 к. 1, 318576|GusVe_19_07_1968
94162844|к. Алапаевск, бул. Элеваторный, д. 1/4 стр. 1/2, 705396|IsaAn_07_11_1955
74707379|клх Верхний Тагил, пер. Каштановый, д. 3/6 стр. 567, 247302|AndKi_17_06_1942
58052082|клх Тотьма, ш. Проезжее, д. 736, 443332|EvsVe_28_09_1970
01218541|клх Терней, наб. Угольная, д. 6 стр. 247, 384297|IgnAl_15_06_1977
51049461|ст. Воронеж, бул. Дальневосточный, д. 3/9 к. 701, 878201|AfaSi_14_12_1956
23719224|ст. Октябрьское (Челяб.), ул. Павлика Морозова, д. 228 стр. 9, 036498|RodMa_19_02_1999
74579907|к. Тымовское, ул. Курчатова, д. 189 к. 1, 802336|KonFe_06_07_1997
62183109|к. Челюскин, ул. Высотная, д. 7, 422559|TreAn_11_12_1942
46633477|д. Дербент, бул. Шевченко, д. 25, 485443|TerSt_15_05_1996
83029950|к. Раменское, пер. Пархоменко, д. 910 к. 8/1, 573642|ZhurYur_23_12_1947
98949847|п. Дивногорск, алл. Космическая, д. 3 к. 979, 182808|NesEv_01_05_1965
44468644|клх Бавлы, ул. Л.Толстого, д. 55 к. 91, 829106|NikZha_24_03_1995
83696886|с. Витим, пр. Коллективный, д. 1 к. 388, 569685|KopSo_06_03_1941
53392275|с. Быково (метеост.), наб. Мельничная, д. 2/5 стр. 80, 524453|KuzIp_05_02_1989
51044473|г. Северобайкальск, пер. Тамбовский, д. 178 к. 5, 757193|KotLa_02_02_1966
58454367|ст. Кашхатау, пер. Революции, д. 518 к. 5/3, 095175|TurGa_15_10_1956
98450060|клх Ханты-Мансийск, пер. Красногвардейский, д. 7 к. 236, 176398|NikSt_01_07_1960
03110317|клх Усть-Илимск, алл. Плеханова, д. 299 к. 5, 170504|SafAl_23_11_1976
03599143|г. Каменномостский, пр. Надежды, д. 273 стр. 983, 902142|KozOl_15_01_1973
15940209|ст. Осташков, алл. Пирогова, д. 8/2 к. 63, 673471|GriVi_18_09_1955
23217911|с. Чебаркуль, пер. Украинский, д. 877, 129868|KolEr_06_08_1990
14155857|г. Шуя, бул. Краснофлотский, д. 283, 420125|KosOk_05_06_1979
83100925|с. Когалым, пр. Р.Люксембург, д. 8, 465119|SubGr_25_11_1978
19477848|д. Чебоксары, наб. Логовая, д. 54 к. 4, 800452|PopSv_27_01_1999
96889800|к. Анадырь, наб. Жданова, д. 73, 696028|AniAr_30_08_1954
25119121|к. Воткинск, ш. Мостовое, д. 834 к. 4/2, 986449|BarAn_24_08_1952
69093715|п. Псков, ул. Харьковская, д. 8, 675941|FilLu_26_05_1966
18417470|д. Вилюйск, ш. Добролюбова, д. 1 стр. 7/2, 605826|NazDa_20_03_1992
81058952|с. Красноярск, пер. Макаренко, д. 55, 727393|RyibOs_31_10_1962
77229014|д. Верхний Баскунчак, алл. Р.Люксембург, д. 1/7 стр. 33, 320740|ScherEv_24_04_1946
20637514|п. Махачкала, ш. Жукова, д. 864 к. 7/3, 566114|FilAl_25_08_1961
17388375|клх Абинск, ш. Тукая, д. 43, 497669|FokPe_21_01_1983
71185743|п. Воткинск, ул. Зои Космодемьянской, д. 3/8 стр. 115, 270819|FadPa_27_01_1948
26703701|д. Сусуман, ул. Пролетарская, д. 312 к. 3/8, 521469|EvdHa_23_08_1974
24871945|г. Магнитогорск, пер. Бригадный, д. 311 стр. 947, 429624|ZhurAn_15_02_1964
34165706|клх Кинешма, наб. Приморская, д. 14 стр. 67, 051933|SteAk_11_08_1983
98982417|п. Шатой, ул. Союзная, д. 18 стр. 432, 917487|SyisFa_19_02_1993
42705369|клх Троицк (Челяб.), пр. Парижской Коммуны, д. 2/6 стр. 87, 670231|RyabAn_26_07_1983
75553449|г. Ейск, ш. Хуторское, д. 5, 113405|KulTa_06_04_1988
03550540|с. Петухово, пер. Троицкий, д. 79 стр. 74, 952701|NazSi_08_12_1986
32271850|ст. Петушки, пер. Сибирский, д. 19 стр. 32, 063098|KapOl_12_05_1974
43404391|д. Обоянь, алл. Тимирязева, д. 1/2 к. 987, 190430|TerEl_08_04_1954
21361869|с. Каменск-Шахтинский, пр. Сельский, д. 23 к. 1/3, 167665|LarAl_23_03_1964
31090704|г. Ахтубинск, алл. Микрорайон, д. 90 к. 73, 009209|AgaVl_02_02_1971
31413534|с. Пушкин, наб. Калужская, д. 31, 214450|KazMi_22_02_1966
87923940|с. Сорочинск, наб. Морская, д. 7/7 стр. 31, 873177|SilTa_30_12_1941
41936443|д. Кемерово, бул. Л.Толстого, д. 1/4 к. 600, 898648|KopAl_01_10_1959
84068873|ст. Малая Вишера, алл. Цветочная, д. 1/6, 428387|VlaSo_10_01_1957
63090222|п. Макаров, пр. Малый, д. 1/2, 575706|OvchAg_26_01_1953
02688916|с. Элиста, алл. Малиновая, д. 9/4, 691105|KapIr_28_02_1986
28440598|с. Качканар, пер. Братский, д. 7/2, 164769|YakoNa_05_11_1988
67980703|г. Верхоянск, бул. Выгонный, д. 654, 463974|OsiAn_18_09_1993
42449812|с. Можайск, пр. Крылова, д. 15 к. 138, 845073|KalFe_10_10_1957
74227952|д. Старая Русса, пер. Урицкого, д. 316 стр. 3/9, 742733|EfiVe_22_03_1968
73036661|клх Псебай, алл. Амурская, д. 7, 193977|GorAn_05_12_1957
06315429|с. Яхрома, пер. Кубанский, д. 4/7 к. 1, 086235|SavRyu_20_01_1969
36184583|д. Александров Гай, алл. Максима Горького, д. 898, 321451|LavMi_09_05_1966
51113018|с. Руза, пр. Мелиоративный, д. 7, 411858|AleVe_08_01_1954
84276773|г. Ершов, алл. Камская, д. 3 к. 872, 788840|KraNi_28_09_1954
54360396|клх Славянск-на-Кубани, ш. Угловое, д. 4 стр. 59, 460924|GulPe_25_11_1997
08211354|д. Апатиты, ул. 50 лет ВЛКСМ, д. 695 стр. 8/3, 419693|KonLa_08_02_1941
35787396|г. Терней, ш. Пригородное, д. 1/8 стр. 78, 831507|SimAn_14_05_1977
53701312|ст. Тамбей, наб. Тамбовская, д. 31, 747060|DorTa_31_12_1983
68824068|с. Тулпан, бул. Юбилейный, д. 39, 393333|GroFe_29_09_1956
49780031|ст. Верхотурье, ул. Рабочая, д. 9 стр. 7, 497134|ShesOr_18_04_1992
51787950|п. Брянск, наб. Иванова, д. 8/1 стр. 6/1, 786688|KuzVe_20_07_1941
39243867|п. Абакан, наб. Приморская, д. 34 к. 7/9, 368536|ZajKa_21_11_1944
41338124|г. Абакан, бул. Совхозный, д. 3/6, 210759|IgnKs_18_03_1944
57701691|ст. Малгобек, пр. Виноградный, д. 8/5 стр. 3, 120503|KorEv_12_07_1981
83354267|к. Меренга, алл. Орджоникидзе, д. 630 к. 187, 217153|KorAf_06_11_1962
53011497|п. Палана, пер. Осенний, д. 15, 736337|KapKl_23_03_1949
05152056|г. Невьянск, ул. Юности, д. 9, 324102|KorIv_05_06_1952
09914001|с. Новокузнецк, пр. 50 лет ВЛКСМ, д. 605, 247722|ZueAf_03_03_1983
28312628|к. Троицко-Печорск, наб. Глинки, д. 4 стр. 694, 926499|DanSa_05_09_1980
42664475|д. Прохладный, ул. Жукова, д. 23 стр. 671, 480008|BurMi_12_01_1955
47860674|с. Серафимович, ш. Радужное, д. 4/2 к. 35, 155171|EvdOs_20_12_1953
17294508|д. Анива, наб. Смирнова, д. 6/9 стр. 5, 569100|KirIv_12_01_1977
04207269|к. Сасово, бул. Астраханский, д. 4, 674527|MamNa_20_08_1974
11669258|п. Шумиха, ш. Гончарова, д. 1 к. 4, 815078|VorAl_04_07_1969
85433038|ст. Охотск, пер. Водопроводный, д. 6/6, 896110|SmiFe_26_06_1967
75861353|клх Юрьев-Польский, пер. Краснодарский, д. 270 стр. 900, 797419|TihMa_27_02_1961
87443448|с. Якша, ш. Есенина, д. 900, 286162|KomMa_03_10_1951
54602076|ст. Ногинск (Моск.), пр. Детский, д. 6 к. 105, 525593|MihAn_23_04_1956
55815284|с. Лотошино, ш. Ключевое, д. 1 стр. 7, 168150|FilGa_16_05_1996
51570248|ст. Бронницы, пер. Абрикосовый, д. 16 к. 528, 084977|BliDe_01_12_1949
47841802|ст. Сосьва (Хант.), пр. Жданова, д. 9/9 к. 4/4, 933634|TihYuv_05_07_1962
75033507|д. Рыльск, ш. Омское, д. 20, 433335|SazVi_11_07_1964
58493069|п. Видное, пер. 40 лет Октября, д. 3/8 к. 5, 124021|NikAn_15_12_1988
69106507|ст. Анадырь, алл. Кедровая, д. 469 к. 85, 973897|KnyaDa_08_02_1943
56747928|с. Меренга, алл. Абрикосовая, д. 8, 823759|RomKa_23_01_1998
94108941|с. Ульяновск, алл. Космическая, д. 1 к. 615, 731388|GriLu_14_05_1976
49032369|клх Ступино, бул. Космический, д. 936 стр. 4/6, 107865|PanTa_10_05_1972
83985331|г. Кырен, пр. Тимирязева, д. 72 к. 899, 649536|KonAs_23_03_2000
64495057|п. Красноуральск, бул. Спартака, д. 3 стр. 65, 842916|BirTa_14_08_1969
08618245|к. Гдов, ул. Угольная, д. 8 стр. 9/8, 264673|SavIya_19_07_1941
96582435|д. Миасс, алл. Гаражная, д. 506 к. 30, 021123|GolFe_18_12_1959
60485274|д. Октябрьское (Хант.), пер. Строительный, д. 5/3, 640868|SuvVe_19_04_1941
98798537|г. Солнечногорск, ш. Таманское, д. 8/6, 841613|ArtVl_16_05_1969
17318266|к. Арсеньев, ш. Малиновое, д. 98, 458591|BelTi_06_10_1980
47643482|к. Куртамыш, ул. Шишкина, д. 113, 264816|VorYul_21_10_1964
08901477|к. Воркута, бул. Дзержинского, д. 227 к. 82, 346765|DorIv_21_09_1980
38117923|д. Нязепетровск, алл. Воронежская, д. 849, 942827|EliYul_24_12_1984
44760960|ст. Плес, ул. Кошевого, д. 9/6 к. 11, 238265|LavAm_16_10_1979
47780798|д. Северо-Курильск, наб. Жданова, д. 776 стр. 8/1, 863283|GriDa_19_03_1961
90784323|д. Алагир, бул. Заозерный, д. 476, 150421|CherAn_27_03_1984
20775452|д. Елец, пр. Кирова, д. 4 к. 6, 209154|PetKl_12_06_1978
82846459|с. Волгоград, наб. Демьяна Бедного, д. 4, 492400|FilDo_13_04_1996
33981697|п. Белоярский, алл. Лазо, д. 3 стр. 254, 126721|GusOk_14_06_1975
24710879|ст. Ковров, пер. Кавказский, д. 960 стр. 7/4, 661357|GurEl_18_05_1944
12989485|г. Кисловодск, алл. Вокзальная, д. 5, 093606|EgoRu_02_07_1982
59673972|д. Калач, ул. Фрунзе, д. 741 к. 53, 460981|DavVs_19_04_2000
32262568|с. Нарым, бул. Химиков, д. 532 к. 329, 654605|FadGe_13_06_1967
08538253|п. Переславль-Залесский, алл. Черноморская, д. 4, 953080|DavNo_03_04_1963
48793698|клх Апатиты, пер. Проезжий, д. 8 стр. 27, 623525|SafOl_01_12_1981
89014141|ст. Северо-Курильск, пр. Тульский, д. 3/8, 300795|ZimNa_04_08_1996
73544821|с. Беслан, алл. Таманская, д. 16 к. 9, 559569|AniYuv_17_10_1981
85113213|клх Забайкальск, наб. Авиационная, д. 97 к. 54, 158969|GorAl_24_03_1986
02030210|с. Боровск, бул. Минский, д. 6/6, 015618|KonEm_12_10_1956
13281816|г. Архангельск, алл. Лазурная, д. 6 стр. 62, 598610|BliKl_02_02_1977
61900554|г. Мичуринск, бул. Красина, д. 709 к. 9/1, 245155|ZueAl_14_07_1986
78507883|п. Чита, ул. Матросова, д. 4/9 стр. 3, 819295|ShirYul_20_07_1942
99099947|ст. Сосногорск, ул. Есенина, д. 8 к. 537, 365168|NosTa_06_02_1973
12139132|с. Жигулевск, бул. Светлый, д. 87 к. 4, 055030|IgnNi_20_12_1999
56808759|п. Шарья, пер. Папанина, д. 650, 319721|PolVa_17_08_1960
31138550|с. Сорочинск, алл. Техническая, д. 125 стр. 7, 239485|LapSo_09_07_1943
56647921|к. Озеры, бул. Мичурина, д. 33 стр. 408, 499788|MasVe_11_09_1954
97217152|с. Холмск, ул. Майская, д. 80 к. 4/8, 033051|KryuDa_15_06_1940
67396900|г. Кузнецк, бул. Полевой, д. 1 к. 958, 596015|PopOk_12_09_1973
35278429|клх Балтийск, наб. Камская, д. 78 стр. 88, 694148|OdiSa_08_12_1986
41228579|с. Кетченеры, пр. Спартака, д. 8/1, 250544|DenAs_20_08_1988
43303663|клх Троицк (Моск.), ул. Высоцкого, д. 4, 900613|Il'Ki_01_08_1958
56672756|п. Североморск, пр. Ударный, д. 54, 091597|LebAl_17_04_1941
41228173|клх Анива, наб. Радужная, д. 5/2, 177241|LihAn_20_10_1951
15501271|с. Барнаул, пер. Поперечный, д. 2/1 стр. 306, 984899|BloSv_17_11_1999
38674983|ст. Ангарск, алл. Котовского, д. 81 к. 74, 914219|AntFi_04_07_1968
50610624|д. Дно, бул. Дорожников, д. 6, 409125|MorAg_30_01_1996
22303103|ст. Оренбург, пр. Запрудный, д. 9 к. 870, 879312|TarEv_31_08_1967
33162423|д. Пушкинские Горы, наб. Жуковского, д. 6/2 стр. 35, 323038|KorZha_08_11_1977
14424519|ст. Москва, МГУ, алл. Дальневосточная, д. 32, 195686|MedAv_04_11_1959
26889917|клх Гремячинск (Бурят.), пер. Карбышева, д. 655 к. 3, 682667|DorEv_03_03_1979
85252271|г. Новокузнецк, пр. Олега Кошевого, д. 3, 639852|TurNi_23_12_1974
82915186|п. Алапаевск, алл. Верхняя, д. 1 к. 331, 182202|EfiKs_29_08_1983
77596284|ст. Петухово, пр. Запрудный, д. 76 к. 8, 143843|KorNa_06_08_1989
08199416|с. Касимов, ш. Таманское, д. 1/6 к. 340, 698375|NazLa_24_12_1972
11364177|п. Карачаевск, бул. Слободской, д. 37, 113994|KulVi_03_07_1960
76242496|д. Углич, ул. Угольная, д. 6/5 стр. 7/8, 185527|GurFa_20_07_1969
79499477|ст. Териберка, пр. Волкова, д. 9/3 стр. 7/3, 324345|VlaKl_19_04_1973
06237479|клх Химки, бул. Инженерный, д. 8 к. 9/9, 660996|MishTr_05_07_1964
61310841|п. Таганрог, ул. Бульварная, д. 83 стр. 2, 259667|MasLyu_20_12_1994
35164630|г. Королев, ш. Прибрежное, д. 84, 951082|GorAn_20_03_1977
14992629|г. Саянск, пер. Пограничный, д. 80 к. 245, 994690|ZyikPa_26_10_1998
38422058|клх Нягань, наб. Смоленская, д. 65 стр. 1/1, 711926|EmeSa_08_05_1999
21652028|г. Чита, алл. Смоленская, д. 35 стр. 933, 267967|SavOl_03_04_1958
63608366|к. Ростов-на-Дону, ул. Азовская, д. 859, 800114|MakTi_26_08_1951
19962634|ст. Юрьевец (Иван.), пер. Курский, д. 5 к. 9, 565108|GulEv_29_03_1951
95795324|с. Троицк (Челяб.), пр. Путевой, д. 8/5 к. 7/5, 756229|GusEv_12_06_1957
71141398|клх Видное, пр. 9 мая, д. 258 стр. 1/6, 848809|DmiVa_29_10_1952
64249636|г. Киров (Вятка), алл. Курская, д. 36 к. 65, 444400|ZueLo_19_08_1963
77042484|п. Новомосковск, алл. Строительная, д. 75, 337995|FilVe_03_11_1997
17961417|к. Бодайбо, пр. Камский, д. 6/3, 179228|SelAl_22_09_1973
02730868|г. Малгобек, пер. Южный, д. 8 стр. 5, 919590|KonEv_02_07_1959
00481366|д. Данков, бул. Краснофлотский, д. 3, 245834|ZueZo_06_06_1943
26088105|клх Северобайкальск, ул. Высоцкого, д. 1/6 к. 2/6, 796355|SubAg_08_03_1963
30085732|клх Урай, наб. Санаторная, д. 393 стр. 885, 789899|ErshLu_01_05_1973
47986558|к. Славгород, бул. Павлова, д. 4/8, 519894|NosFe_19_06_1980
42628989|г. Чокурдах, наб. Краснопартизанская, д. 3/3, 615466|DenKi_04_03_1965
38284144|с. Чикола, бул. 70 лет Октября, д. 135 к. 69, 430146|SimIg_22_08_1941
06674052|п. Туруханск, пр. Краснопартизанский, д. 8/7 стр. 667, 908554|GorGe_23_07_1987
26014845|с. Ирбит, бул. Молодежный, д. 6 к. 18, 373849|FilZo_26_10_1964
39620514|г. Моздок, наб. Суворова, д. 7 к. 3/9, 636971|KorSt_27_04_1952
38932618|клх Усинск, бул. Кузнечный, д. 871 стр. 17, 998592|ProNi_18_12_1993
28028970|г. Истра, наб. Нагорная, д. 95 к. 1/2, 125403|NikMi_23_07_1968
75219659|г. Соловки, ш. Куйбышева, д. 40, 200310|FroAn_04_01_1964
86484008|ст. Корсаков, ул. Ручейная, д. 5/7, 089803|DmiSo_26_01_1998
42755968|клх Учалы, пер. Кавказский, д. 38 к. 520, 788631|MedEl_09_06_1948
46346322|ст. Братск, ул. Мелиораторов, д. 50 к. 98, 512790|PetEl_24_07_1981
33604510|п. Рязань, пр. Веселый, д. 2/1 стр. 3, 690045|RyibTa_18_08_1986
85404861|д. Катав-Ивановск, бул. Хуторской, д. 140 стр. 5/1, 507706|EmeAn_22_03_1983
14879401|п. Холмск, ул. Детская, д. 32, 113729|RodSi_24_01_1997
45205750|д. Талдом, алл. Лазо, д. 69 к. 7, 557449|ErmIg_10_09_1952
55211970|ст. Далматово, пр. Байкальский, д. 4/1 к. 342, 914321|GusOk_27_11_1990
32865158|п. Таганрог, пр. Кавказский, д. 459, 640001|MerAn_08_01_1953
20993719|п. Юрьевец (Иван.), бул. Шолохова, д. 7 стр. 6/2, 713889|LogAn_24_01_1992
18739848|д. Талдом, ш. Киевское, д. 6 стр. 93, 931665|BraRa_11_04_1994
86055352|д. Ревда (Сверд.), пр. Инженерный, д. 50, 563580|KonVyi_16_10_1946
64617848|ст. Брянск, наб. Чайкиной, д. 6/1, 760170|GorEv_18_05_1984
12569724|г. Геленджик, ш. Льва Толстого, д. 691, 021541|VishSe_06_10_1947
10527511|к. Киржач, алл. Совхозная, д. 215, 765401|PahVa_30_08_1979
78613317|клх Шуя, наб. Пограничная, д. 3 к. 101, 910484|SelAn_19_02_1996
89738573|г. Энгельс, алл. Короленко, д. 74 к. 545, 133881|SyisAn_21_12_1944
42236894|ст. Ангарск, алл. Вавилова, д. 3, 297025|SorPo_09_12_1987
67284658|г. Озеры, ул. Набережная, д. 7 к. 306, 756902|DenKa_07_12_1985
91991584|с. Тверь, ул. Кубанская, д. 498, 260520|GorAv_22_06_1973
67047536|д. Анапа, пр. Кольцевой, д. 81 стр. 60, 210459|AvdEv_26_10_1978
52710056|клх Шарья, бул. Набережный, д. 3/6, 192002|ZhurVa_04_05_1951
04807872|ст. Черкесск, пер. Плеханова, д. 84, 045831|AleIo_23_11_1982
76776724|клх Забайкальск, ш. Урицкого, д. 3, 553389|NikLa_06_12_1986
52956225|клх Пятигорск, бул. Загородный, д. 4/7 к. 6/2, 804257|ZyikAk_25_01_1948
21023521|с. Белореченск, бул. Папанина, д. 8/5 стр. 98, 629307|DavVe_13_02_1950
36097234|г. Буденновск, наб. Просторная, д. 562, 210097|BesFe_28_07_1956
12791880|д. Коломна, бул. Дорожников, д. 5, 048588|SteEl_20_04_1989
51710354|д. Сеймчан, ул. Заливная, д. 313 стр. 96, 815422|KulMi_29_09_1982
55265973|к. Энгельс, ул. Восьмого Марта, д. 689, 007306|MihKa_23_09_1958
98578139|к. Иркутск, ул. Снежная, д. 2/6 к. 5, 463522|SharEk_24_04_1981
60271280|клх Соль-Илецк, наб. М.Горького, д. 44, 371074|BobEl_07_04_1942
38789939|клх Тулпан, пр. Амурский, д. 8/4, 973079|LapTv_13_09_1942
88021980|п. Холмогоры, пер. Казачий, д. 6/9 к. 371, 370312|BesTa_21_03_2000
72985243|с. Усть-Илимск, наб. Лунная, д. 1/6 к. 32, 687089|RusAl_04_04_1987
57000640|д. Сыктывкар, наб. Медицинская, д. 76 стр. 2, 979378|SamYar_12_11_1964
27565919|к. Челюскин, пр. Тупиковый, д. 7, 881537|IsaEg_05_02_1961
92777521|п. Ряжск, бул. Толбухина, д. 6/5 стр. 917, 105414|MurSa_16_04_1956
70780369|г. Красноярск, ш. Заозерное, д. 8, 915134|BesEm_05_08_1943
28014355|п. Яшкуль, ш. Сельское, д. 3/4, 328366|GriDa_03_02_1946
30558106|д. Качканар, наб. Юбилейная, д. 446, 629511|KovVs_09_05_1975
33250526|клх Медногорск, пр. Крайний, д. 7/4 к. 14, 546967|RyibTa_26_09_1981
42334651|клх Домодедово, алл. Хвойная, д. 573 к. 7, 064454|MarEv_02_02_1980
95882970|к. Змеиногорск, ш. Тенистое, д. 9 стр. 887, 409916|EmeKi_21_09_1944
28681410|к. Суздаль, ул. Островского, д. 123 к. 7, 239027|GulAl_04_05_1982
03043356|с. Кудымкар, алл. Проезжая, д. 4/4 стр. 365, 432333|PesVa_20_03_1972
35057079|клх Холмск, бул. Калинина, д. 41 стр. 60, 050419|IsaAl_20_05_1968
03209226|клх Тырныауз, пр. Комарова, д. 1, 340560|KuzIp_20_09_1956
85313217|г. Чусовой, алл. Портовая, д. 154, 287968|SavYan_10_11_1995
43808465|п. Тамбов, алл. Новая, д. 3/5 к. 2, 024082|EfiAr_28_11_1970
56043914|д. Красноуфимск, пер. Правды, д. 4 стр. 96, 725796|IgnVa_04_05_1991
78512368|к. Чермоз, ш. 8-е Марта, д. 6 стр. 5/5, 785234|GuschMa_28_05_1967
85709713|г. Можга, пр. Просвещения, д. 949, 842300|BloAl_07_07_1972
12462353|д. Саранск, пр. Азина, д. 649, 698144|NazZo_19_08_1983
13612269|с. Уфа, бул. Флотский, д. 763 к. 7, 169715|ShesGe_08_08_1981
95161631|д. Можга, пр. Маркса, д. 5 к. 878, 826582|LebAv_02_08_1944
91502193|г. Амурск, бул. Вишневый, д. 15, 373930|KonIv_28_09_1982
20236632|д. Ирбит, бул. Весенний, д. 34 стр. 98, 685984|GerTa_04_04_1985
42028093|ст. Белоярский, алл. Поперечная, д. 31 к. 573, 313639|BolAg_30_01_1960
53965493|к. Мценск, алл. Радищева, д. 53, 672422|FedLyu_30_11_1996
77062253|клх Черский, наб. Лермонтова, д. 69 к. 326, 358283|VlaLa_13_09_1993
75360658|ст. Змеиногорск, алл. Карла Маркса, д. 2 к. 992, 979288|KirMe_06_11_1954
66720997|п. Партизанск, пер. Революции, д. 9/7, 071207|ProEv_21_06_1951
08457967|с. Мокшан, ш. Сельское, д. 31, 791547|D'yaMi_03_02_1954
93485135|клх Пышма, бул. Красный, д. 708 к. 47, 835800|SobYul_03_11_1978
30613959|к. Адлер, бул. Ангарский, д. 500, 238176|LogEl_20_04_1976
76744457|с. Киржач, алл. Урожайная, д. 5, 602651|LobFe_12_08_1962
85063495|клх Объячево, пер. Поперечный, д. 7 к. 1, 143770|KorLo_15_11_1995
57221960|г. Тында, ш. Чайкиной, д. 3/9, 513510|FedDm_20_02_1988
14293436|с. Архыз, алл. Петровская, д. 2, 141409|RodVs_23_10_1960
57054377|с. Воткинск, алл. Строительная, д. 2/6, 732458|PetIz_18_10_1981
76592744|п. Ведено, ш. Машиностроителей, д. 58 к. 383, 931147|KomAn_01_03_1950
27669518|ст. Слюдянка, пр. Серова, д. 9/2 стр. 4/1, 896673|NesAn_10_02_1960
56556353|д. Баксан, наб. Колхозная, д. 2 к. 685, 577629|FedMi_13_09_1988
17655972|г. Кудымкар, алл. Чкалова, д. 5, 110114|HarFe_24_09_1998
29597857|ст. Неплюевка, наб. Мельничная, д. 1, 029498|MakFa_01_01_1980
61667785|с. Мончегорск, пр. Окружной, д. 2 стр. 58, 726480|BraMa_06_11_1996
63397000|п. Нягань, наб. Кирпичная, д. 2/6, 105335|ZhdaSo_09_07_1963
90617355|с. Юровск, бул. Крайний, д. 476 к. 25, 873264|ProOl_19_02_1973
68801083|д. Ростов-на-Дону, пер. Рылеева, д. 8/7 к. 3/1, 823344|KraOs_12_09_1942
01631739|ст. Воронеж, пр. Тимирязева, д. 55 стр. 28, 985577|VorNi_09_09_1979
35651413|г. Вологда, алл. Рябиновая, д. 28 к. 1/9, 419999|SolNi_09_06_1952
47985155|к. Ханты-Мансийск, пр. Советский, д. 6/9 к. 240, 512708|GorTr_05_04_1956
42136552|п. Кабанск, наб. Высокая, д. 7/2 к. 902, 103295|StrZo_14_03_1941
31044615|д. Тула, ул. Сурикова, д. 85 стр. 986, 073344|NikAn_23_07_1978
70869965|к. Диксон, ул. Мельничная, д. 6, 661879|FomBo_16_02_1953
12610433|д. Бугульма, алл. Никитина, д. 9, 057850|TerMa_21_10_1945
46486295|п. Всеволожск, ул. Ольховая, д. 429 стр. 91, 738249|IvaFo_12_04_1977
59537502|с. Светлогорск (Калин.), ул. Черемушки, д. 820 к. 2/5, 489139|VorLa_14_10_1980
82399252|к. Тында, пер. Карьерный, д. 5 к. 741, 784937|YudiGe_25_08_1988
01306835|клх Воркута, ул. Карьерная, д. 7/1, 876484|OvchGa_25_05_1998
61728806|ст. Хабаровск, бул. Таежный, д. 39 к. 19, 183032|ScherMi_22_08_1969
64684925|п. Далматово, пр. Больничный, д. 722 стр. 4/5, 317934|SorUl_17_09_1981
24619691|ст. Сургут (Хант.), пр. Ивановский, д. 20, 476297|YudiGa_24_06_1977
98583010|ст. Нарткала, пр. Сурикова, д. 1/7, 879874|RyabEr_27_10_1986
33750316|с. Псебай, алл. Карьерная, д. 37 стр. 5/3, 671566|KomOl_26_02_1954
01957013|с. Энгельс, бул. Овражный, д. 786 стр. 851, 184048|KomNa_04_02_1989
57328294|ст. Яхрома, пр. Достоевского, д. 7/9, 361858|LihPa_17_08_1942
04234906|ст. Певек, ш. Марта 8, д. 252 стр. 7, 098316|OdiSv_27_06_1996
36071432|ст. Советский, пер. Ягодный, д. 9 к. 647, 049988|LihZo_05_12_1944
84239310|п. Тарко-Сале, пер. Курчатова, д. 9/9 стр. 561, 584144|VorOl_18_07_1960
30570030|п. Морозовск, алл. Воровского, д. 5 стр. 86, 242955|MishGr_03_10_1970
72739808|клх Уварово, ул. Радищева, д. 1/4, 578916|HarAv_11_07_1978
84899620|г. Кабанск, ул. Лесная, д. 5, 547201|KolEv_17_11_1979
39929372|с. Краснокамск, алл. Ягодная, д. 1 к. 366, 047640|AfaRa_14_11_1983
41059142|к. Неплюевка, ш. Урожайное, д. 9/9, 212136|OdiFe_05_12_1966
83301902|г. Шумиха, алл. Огородная, д. 8/4 стр. 905, 829896|LihRa_24_02_2000
25919745|п. Надым, пер. Беляева, д. 1, 016719|KomEr_25_01_2000
01351583|г. Сковородино, ул. Подстанция, д. 9/1 стр. 621, 249591|KosVyi_24_04_1944
20349158|г. Бийск, наб. Ясная, д. 16 к. 9, 019575|ZhdaEl_17_07_1948
98306015|г. Мокшан, ш. Загородное, д. 9 стр. 9, 392845|MihMi_09_07_1980
68004491|п. Городовиковск, наб. Луговая, д. 1 стр. 45, 891544|TurAl_10_09_1998
03148945|ст. Асино, наб. Дорожников, д. 5, 706056|ZajSi_20_11_1968
21538841|к. Апшеронск, бул. Фрунзе, д. 7/9 стр. 64, 044993|BobVa_26_09_1960
98955299|п. Аргаяш, пер. Краснознаменный, д. 361, 640655|SharAn_25_12_1977
19023601|клх Кажим, ш. Сурикова, д. 7, 973738|VishFi_31_01_1993
00089395|клх Лотошино, бул. Калужский, д. 9 стр. 355, 106691|ShirKa_16_10_1950
65951255|д. Шадринск, бул. Привокзальный, д. 54 стр. 5, 589035|MamRu_19_12_1990
39071590|д. Забайкальск, ш. Кошевого, д. 42 к. 84, 668550|KapAn_12_05_1991
97120773|п. Ирбит, бул. Тукая, д. 1, 695649|MihMi_07_04_1998
45711558|г. Ревда (Сверд.), пр. Средний, д. 830, 512221|OrlSe_07_03_1956
49634556|к. Мезень, пр. Дзержинского, д. 3/6, 580361|ByikFi_20_05_1985
01922639|к. Лабытнанги, пер. Придорожный, д. 14 стр. 2, 491489|AksEr_16_11_1997
53928764|к. Видное, бул. Карбышева, д. 191, 231670|EfiOk_23_01_1999
01259360|к. Чебоксары, пер. Сурикова, д. 9 стр. 9/1, 215322|PahVa_31_03_1989
64993225|г. Нижнеудинск, пер. Енисейский, д. 5, 465419|MuhVa_20_05_1948
22292032|с. Новокузнецк, наб. Черняховского, д. 3/3 стр. 9/2, 357423|IsaLu_21_08_1958
84325211|ст. Муром, ш. Рябиновое, д. 30 к. 7, 376558|IgnPr_08_12_1995
49665369|с. Торжок, бул. Флотский, д. 26 стр. 21, 300160|KalTa_23_08_1987
35619109|д. Игарка, ш. Иркутское, д. 7, 648679|MedYul_21_07_1989
05767847|ст. Щельяюр, бул. Энгельса, д. 85 стр. 5, 437490|OvchMa_14_09_1981
89335291|п. Партизанск, бул. Школьный, д. 19 к. 64, 517748|DroFi_29_10_1969
96618943|ст. Тихорецк, пер. Дарвина, д. 303 к. 2/3, 997604|KulNo_08_12_1964
59123873|клх Дагомыс, ул. Гафури, д. 8 стр. 28, 972072|AntNa_19_07_1967
78619425|к. Александров, бул. Советской Армии, д. 93 к. 24, 540032|PanMa_27_11_1990
00234627|г. Шерегеш, бул. Песчаный, д. 276, 213773|LazFa_20_08_1959
61307100|с. Ноябрьск, пер. Мостовой, д. 33 к. 8, 061953|SidMa_19_10_1991
87687361|п. Пермь, пер. Выгонный, д. 1/9 стр. 787, 931520|EfrUl_23_01_1990
06700959|п. Кузнецк, бул. Гоголя, д. 5/9 стр. 7/9, 676479|TihBo_28_02_1992
76761553|п. Певек, ул. Николаева, д. 5 к. 7/5, 349000|EmeMe_03_08_1943
97152613|клх Ижевск, бул. Слободской, д. 7 стр. 408, 883963|ErmMi_14_07_1973
40852041|к. Ставрополь, алл. Герцена, д. 708 стр. 9, 784521|LobVa_31_03_1973
18706383|с. Кедровый, пер. Братский, д. 6/3 к. 1/3, 072850|MerMa_20_12_1967
76429767|с. Кабанск, пер. Каштановый, д. 400, 930695|RyabPe_10_10_1954
08989024|ст. Когалым, алл. Дружба, д. 31 стр. 32, 414896|KonOl_22_03_1946
25559606|к. Фатеж, пер. Малый, д. 31 к. 4/7, 432468|BogPe_23_04_1998
69236297|г. Кедровый, пер. Волжский, д. 468, 595883|ZueEv_11_04_1995
73466000|п. Буденновск, пр. 1 Мая, д. 7 к. 677, 547087|SilEv_22_03_1942
96298541|с. Геленджик, бул. Крылова, д. 74 к. 2, 525851|BelTa_10_06_1967
64448312|к. Люберцы, пер. Малиновый, д. 4/9 стр. 24, 852978|BobYuv_19_07_1943
35806691|п. Тутончаны, бул. Карбышева, д. 7/3 к. 3, 535213|SchukKi_26_01_1958
64306032|п. Шадринск, алл. Строительная, д. 5, 421691|MasEg_16_08_1988
45195174|п. Ведено, бул. Речной, д. 9/4, 129329|KryuLe_28_06_1963
80072140|п. Корсаков, наб. Азовская, д. 607 к. 18, 345545|MamDa_21_01_1976
47260672|ст. Кажим, пер. Солнечный, д. 7, 873954|MihKs_10_02_1964
07062704|п. Валдай, наб. Маркса Карла, д. 5, 174840|YakoAf_08_03_1997
56564877|д. Нягань, наб. Крымская, д. 70 стр. 6/9, 011571|MarKl_31_03_1994
22351487|д. Пермь, алл. Астраханская, д. 17, 064054|NazSv_21_05_1953
33712260|клх Кулунда, бул. Гончарова, д. 32 стр. 4/4, 052486|ZajVe_28_05_1975
41920756|г. Ханты-Мансийск, алл. Пугачева, д. 2/2 стр. 7/5, 672053|KovNa_12_12_1956
19593432|г. Канск, бул. Черняховского, д. 635, 064082|DmiSv_04_05_1976
06372460|клх Новгород Великий, пер. Молодежный, д. 6 стр. 2/8, 855976|GerAl_18_06_1974
67437429|г. Кашира, бул. Парковый, д. 22 стр. 238, 193305|NesEm_05_11_1960
60581907|клх Чокурдах, бул. Шевченко, д. 8 стр. 3, 489121|KraFo_06_01_1977
28445890|п. Новосибирск, ул. Карьерная, д. 62 к. 306, 129940|VinPe_15_09_1991
04264002|с. Дмитров, бул. Базарный, д. 393 стр. 7/9, 756812|VishMa_08_06_1980
96061015|г. Воркута, пер. Металлургов, д. 75 к. 2, 104386|SharMi_23_07_1957
18175738|ст. Ноябрьск, пер. Станиславского, д. 595, 325533|AniTa_08_02_1998
16433328|ст. Майкоп, алл. Карла Либкнехта, д. 4/6 к. 90, 024379|SteEv_01_03_1979
63239812|д. Мценск, пер. Фабричный, д. 5 к. 821, 004059|ZinTr_20_04_1963
81105311|п. Санкт-Петербург, пер. Заводской, д. 3, 323256|MelAg_04_03_1990
67846092|ст. Ярославль, пр. Хуторской, д. 1/5, 527526|NekAn_10_02_1946
29015450|ст. Терскол, ш. Плеханова, д. 49 стр. 8, 765362|GerEv_08_05_1942
92208995|с. Шуя, алл. Металлистов, д. 6, 200118|OvchDa_18_11_1955
77661289|д. Таштагол, бул. Островского, д. 5 к. 3, 648940|MorIz_25_09_1947
94410853|клх Бронницы, алл. Макарова, д. 5 стр. 1/2, 162667|FedMo_12_01_1978
83325526|г. Всеволожск, наб. Стадионная, д. 4/8 стр. 11, 998134|BorMa_18_06_1945
56978087|ст. Бронницы, ул. Островского, д. 8/9 стр. 7/7, 498316|NosIv_27_04_1994
16194809|с. Обоянь, пер. Павлика Морозова, д. 40 стр. 4, 713279|FilEl_28_05_1956
71266466|к. Зеленогорск (Ленин.), пер. Чайкиной, д. 496 стр. 4, 468278|KonLa_12_08_1979
83877025|д. Минеральные Воды, наб. Луговая, д. 49 к. 128, 935710|IsaMa_27_01_1947
56969917|клх Прохладный, бул. 8-е Марта, д. 5 стр. 3/1, 519602|HarAd_12_06_1971
25930849|п. Кабанск, пер. Юности, д. 2/6 стр. 195, 792080|TarNa_02_07_1997
47084148|к. Мурманск, наб. Невского, д. 74 стр. 81, 860681|BolEl_24_08_1941
98851713|клх Дно, пр. Красный, д. 144 к. 22, 228214|GerMa_11_07_1970
94306637|п. Североморск, наб. Тельмана, д. 22, 492883|SyisEd_01_07_1974
00728249|п. Алагир, пер. Курский, д. 55 к. 34, 993865|TetAl_25_07_1944
35700791|к. Астрахань, пр. Фабричный, д. 36 к. 52, 469833|PanEv_30_03_1993
98421534|клх Мостовской, бул. Краснознаменный, д. 946 к. 7/2, 012905|KarAl_07_12_1960
61869394|клх Ноглики, алл. Циолковского, д. 81 стр. 7/2, 755053|VorChe_19_01_1991
86670449|ст. Мураши, наб. Каштановая, д. 55 стр. 16, 630742|GurEr_20_11_1973
75953812|г. Пушкин, алл. Правды, д. 4, 741535|BarYan_01_07_1940
12369621|г. Старый Оскол, бул. Беляева, д. 64, 919367|AvdSv_14_10_1968
65804414|п. Юровск, ш. Зои Космодемьянской, д. 4/5 к. 3, 861082|DorVa_08_07_1946
05659234|с. Пятигорск, ш. Республиканское, д. 97 к. 372, 824043|VlaBo_22_09_1941
61855694|г. Горно-Алтайск, ш. Халтурина, д. 41 стр. 7, 153593|KulMo_23_04_1989
36775552|клх Зарайск, пр. Почтовый, д. 704, 896453|AvdSt_19_08_1948
27341933|с. Гаврилов-Ям, бул. 60 лет Октября, д. 8/1 к. 6/5, 637703|LukKi_01_10_1960
39391797|клх Хоста, пер. Промышленный, д. 19 стр. 3/6, 270576|DroYar_05_06_1942
92874800|к. Обоянь, ул. Южная, д. 426, 554050|KozTr_21_12_1988
16650299|к. Краснокамск, пр. Гастелло, д. 400 к. 7/8, 680301|SilZi_10_06_1990
84995223|ст. Балтийск, пр. Металлистов, д. 4/6 стр. 1/7, 616611|SilOl_20_07_1976
71002095|ст. Середниково, алл. Большевистская, д. 2/8 к. 130, 801716|GroSo_05_07_1968
84655042|г. Глазов, ш. Демьяна Бедного, д. 64 к. 1/8, 869318|NazDa_16_11_1956
59972983|к. Одинцово, пер. Красногвардейский, д. 1 стр. 66, 421470|SorEr_28_11_1995
68353926|д. Березники, пер. Первомайский, д. 1/9, 543416|SelVa_06_03_1958
46554710|клх Красногорск (Моск.), пер. Луговой, д. 9/5 к. 6, 328336|LazAm_10_06_1993
22582218|д. Кабанск, пр. Дальневосточный, д. 83 к. 9/6, 609736|ZajZi_17_07_1979
48080071|п. Радужный, пер. Прохладный, д. 71, 170964|ShesVs_23_11_1945
20738068|клх Усть-Камчатск, пер. Парковый, д. 3/3 стр. 242, 285379|NovAl_10_02_1950
56093582|п. Артем, пр. Пушкинский, д. 45 стр. 9, 729552|EvdVa_20_06_1957
55299862|к. Темрюк, пер. Нахимова, д. 7/1, 414302|KorEv_10_07_1971
49427776|к. Сосьва (Хант.), ул. Ленская, д. 1, 238290|EmeFi_01_01_1979
24895491|к. Москва, наб. Лесозаводская, д. 3 стр. 29, 970201|ZinIr_14_03_1998
85482098|г. Железногорск(Курск.), ш. Иркутское, д. 7/2 стр. 34, 128372|VinGa_22_03_1998
20302634|с. Белый Яр (Томск.), алл. Мира, д. 429 к. 5/9, 385635|OsiMi_17_09_1958
44704445|клх Новомичуринск, алл. Толбухина, д. 1/3, 457531|BelAk_11_02_1965
87811766|ст. Усть-Баргузин, пр. Кленовый, д. 13 к. 24, 393753|SidMa_18_07_1952
73192541|ст. Мостовской, бул. Пролетарский, д. 5, 884777|IgnAn_25_10_1957
20435875|к. Верхнее Пенжино, бул. Проточный, д. 51 стр. 4/9, 865257|EvdEm_28_06_1945
15183002|с. Ирбит, алл. Петровская, д. 2 к. 866, 274591|BelLi_30_12_1993
15778239|к. Оймякон, ул. Южная, д. 412, 161092|LukAz_27_07_1990
55792639|д. Чехов, ул. Вокзальная, д. 5/3 к. 617, 459018|SharFyo_26_05_1999
67445714|ст. Городовиковск, ул. Космическая, д. 6/8, 282938|TimVe_14_07_1963
16617131|клх Йошкар-Ола, пер. Ручейный, д. 40 стр. 5/5, 032162|VinVi_31_12_1962
31547260|с. Тавда, наб. Огородная, д. 7 к. 2, 626231|FilPe_31_12_1960
03805787|г. Лазаревское, ш. Братское, д. 6, 657808|MarOk_27_05_1950
08914231|д. Мирный, наб. Береговая, д. 6/4, 974634|TurVa_13_05_1959
51805784|п. Радужный, алл. Химиков, д. 7, 416437|ShesPr_01_06_1987
60340801|с. Приморско-Ахтарск, ул. Гастелло, д. 730 стр. 825, 713826|GorFo_06_11_1972
88429076|ст. Вендинга, алл. Котовского, д. 236 к. 4/3, 114189|NikFe_09_08_1951
07388507|д. Череповец, пер. Чайкиной, д. 9/9, 171307|KonLo_17_07_1980
18297911|клх Нурлат, бул. Менделеева, д. 7 к. 31, 335142|UvaSp_09_04_1989
43370672|к. Тарко-Сале, ш. Победа, д. 7 к. 7/2, 689337|KirMa_01_11_1992
94164268|клх Астрахань, алл. Речная, д. 740 стр. 8/1, 264660|GorAn_15_12_1976
57872681|д. Барнаул, наб. Тимирязева, д. 9/3 стр. 407, 282649|BelAn_04_06_1986
43283118|к. Углегорск, пер. Мичурина, д. 88 к. 4/8, 655576|ShilNi_22_10_1970
70039047|д. Пышма, пер. Карбышева, д. 984 к. 9/9, 085878|KirSp_18_10_1962
53471031|с. Чебоксары, пр. Новоселов, д. 7/3, 089240|TarPo_05_09_1956
82982515|д. Минусинск, алл. Фадеева, д. 26, 632163|KonPo_03_08_1986
37929510|г. Сладково, ш. Заречное, д. 6 стр. 95, 043121|TsveAl_22_04_1981
08560315|клх Малая Вишера, пр. Заовражный, д. 8 стр. 59, 915053|ZhdaMi_14_04_1973
10938867|клх Бологое, наб. Новосельская, д. 82 стр. 225, 804410|MolNa_24_04_1983
15544704|г. Сосногорск, ш. Толстого, д. 6, 713753|IsaAn_30_09_1980
95866659|п. Тотьма, пр. Киевский, д. 3 к. 24, 164406|BloIl_01_04_1992
50532636|ст. Санкт-Петербург, пр. Лесхозный, д. 37 к. 6/9, 542125|GolRe_19_05_1947
55739139|п. Онега, алл. Киевская, д. 12 к. 91, 861260|MihKa_23_10_1967
67924394|к. Оха, бул. Алтайский, д. 35 к. 9/2, 688849|GusEm_29_07_1987
94067156|клх Чита, ш. Островского, д. 15 к. 7, 956740|ErshSe_21_07_1995
39908384|г. Дивногорск, бул. Ломоносова, д. 6/4 к. 8/4, 597801|PavNi_29_09_1984
73522379|г. Гремячинск (Перм.), пер. Революционный, д. 6/3 стр. 11, 643722|KudLyu_11_02_1955
14446146|с. Петухово, наб. Березовая, д. 87 к. 411, 806086|KonGr_25_07_1952
22250056|г. Армавир, алл. Детская, д. 182 стр. 31, 207604|FilFe_13_04_1953
85093911|ст. Ржев, бул. Пригородный, д. 1/1 к. 7/3, 291890|TihGa_22_02_1965
47188457|с. Дудинка, пер. Парковый, д. 2 стр. 586, 490125|PanUl_22_04_1993
42300601|г. Сыктывкар, алл. Кузнецова, д. 8/1 к. 541, 951750|MedOk_14_03_1969
33750590|г. Невинномысск, пр. Брянский, д. 485, 852696|SerAg_09_09_1953
58201619|ст. Воркута, наб. Гражданская, д. 74, 513823|GriAn_10_06_1984
42552031|д. Солнечногорск, пер. Войкова, д. 83, 163538|KorEv_07_04_1958
71790435|п. Курумкан, алл. Петровская, д. 13 к. 9, 107295|OvchMa_26_08_1994
33604756|г. Чита, наб. Ленская, д. 969 к. 7/7, 130372|MerAn_15_03_1988
49324655|д. Октябрьское (Челяб.), пр. Трактовый, д. 51, 892451|MuhKs_26_10_1984
30411050|г. Тутаев, ул. Володарского, д. 5, 414386|GerNa_08_07_1979
40999678|г. Саранск, алл. Водников, д. 1/4, 145975|IvaOl_02_02_1987
24117883|с. Соболево, ш. Березовое, д. 772, 733318|BesMa_13_07_1972
78690851|к. Нижний Тагил, наб. Репина, д. 6, 568320|BobSi_05_08_1980
66120131|д. Кандалакша, ш. Инженерное, д. 244, 469668|RogRe_24_06_1963
63315325|ст. Асино, пр. Минина, д. 58 стр. 4/8, 158924|SmiFyo_25_12_1969
94798104|ст. Махачкала, пер. Хуторской, д. 5 стр. 49, 354558|KulEr_11_06_1945
77074676|к. Гатчина, наб. Нахимова, д. 818, 376026|ShirLu_21_08_1999
78906938|клх Бологое, пр. Окружной, д. 52, 357670|GalAm_18_04_1995
14365485|с. Балашов, пр. Ярославский, д. 73, 986512|KryuAd_30_08_1955
03244142|к. Калач-на-Дону, наб. Блюхера, д. 328 к. 757, 075931|MihGa_29_09_1986
22113849|с. Амдерма, алл. Жданова, д. 26, 312076|MamTa_31_01_1974
05539178|ст. Буйнакск, ул. Иркутская, д. 46 к. 435, 236985|NauFl_29_08_1966
62126908|клх Соболево, пр. Минский, д. 260, 692258|NazIya_29_05_1981
21163289|п. Верхнее Пенжино, пер. Безымянный, д. 1, 473122|DavVe_24_02_1983
32797534|к. Чита, пр. Детский, д. 4/7, 543876|VesIn_01_04_1963
50085620|клх Снежногорск (Мурм.), пер. Новгородский, д. 5/5, 532473|StrRo_15_07_1950
39370013|п. Байкальск, наб. Ульяновская, д. 9/3 стр. 79, 769385|KulFe_19_07_1962
95587561|клх Кущевская, пер. Нахимова, д. 5 к. 794, 068218|KorEv_05_12_1972
61402645|ст. Щелково, пр. Олимпийский, д. 6, 723860|AleAg_20_06_1976
25945928|с. Люберцы, пр. Флотский, д. 4, 542984|ZajIr_25_04_1997
65090213|д. Камень-на-Оби, алл. Краснопартизанская, д. 663, 623808|Il'Zo_14_05_1952
05552047|п. Гдов, пер. Красногвардейский, д. 3, 178364|MatLo_16_08_1970
14895975|п. Светлогорск (Калин.), пр. Вокзальный, д. 41, 884866|GriMi_27_08_1980
29820771|с. Кандалакша, пр. Ясный, д. 33, 394825|KuzAf_28_06_1987
68140069|г. Серпухов, ул. Минина, д. 10 к. 6, 639234|EgoEv_25_03_1989
88444703|п. Набережные Челны, алл. Геологов, д. 454 стр. 567, 979394|MihVa_19_10_1958
58736319|клх Ковров, ул. Шаумяна, д. 8, 964016|BesSo_25_05_1972
38058097|д. Палана, алл. Советской Армии, д. 5/1 стр. 922, 147226|EmeOl_17_05_1987
79655620|п. Калязин, бул. Красный, д. 6 стр. 3/6, 784738|ErshIr_06_09_1985
17881425|д. Белый Яр (Томск.), бул. Строительный, д. 8 стр. 2/4, 716266|PesAn_23_05_1951
02022659|клх Лагань, алл. Некрасова, д. 875 к. 5, 653007|ZhukTa_07_02_1965
48720809|г. Тарко-Сале, ул. Каштановая, д. 9 к. 22, 807148|KovKi_23_11_1977
32619553|к. Биробиджан, пер. Орловский, д. 1 к. 320, 039769|DmiVa_11_08_1977
46180421|д. Махачкала, ул. Кольцевая, д. 1/4 к. 148, 993918|AbrZi_14_01_1959
12607471|ст. Вытегра, бул. Фрунзе, д. 3/3 к. 2, 248955|KirVa_23_05_1981
00340724|к. Поронайск, алл. Ульяновская, д. 6/9, 141367|FedTa_26_04_1965
27924969|ст. Иркутск, наб. Карла Маркса, д. 718 стр. 472, 094378|TurPr_10_05_1992
86794305|д. Яшалта, бул. Урожайный, д. 503 к. 2, 354496|MarFr_03_05_1953
