глухарь|3000|True|13
лиса|6450|True|64
перепел|6000|True|26
барсук|5700|True|24
косуля|1500|True|61
гусь|3150|True|30
олень|5550|True|86
заяц-беляк|900|True|87
бобёр|2550|True|43
чирок|6600|True|86
барсук|900|True|32
ондатра|4800|True|24
тетерев|2400|True|32
ондатра|1800|True|43
заяц-беляк|4350|True|8
перепел|7200|True|90
ондатра|7650|True|28
выдра|4500|True|3
вальдшнеп|2100|True|88
косуля|6000|True|43
косуля|750|True|13
глухарь|2550|True|82
заяц-русак|5400|True|4
бекас|1200|True|46
косуля|7950|True|5
олень|1200|True|28
чирок|1950|True|3
олень|4050|True|53
утка|3900|True|26
олень|3750|True|44
перепел|5850|True|12
бобёр|1500|True|53
норка|1650|True|70
чернеть|1350|True|94
вальдшнеп|4350|True|99
лиса|750|True|70
выдра|4800|True|19
лось|6450|True|8
лось|7950|True|39
кряква|1800|True|33
выдра|5100|True|50
куропатка|6150|True|35
чернеть|4950|True|53
ондатра|1650|True|53
волк|6000|True|48
барсук|4950|True|67
глухарь|3000|True|36
бекас|4650|True|23
лось|4350|True|23
медведь|5100|True|86
куница|4800|True|61
гусь|3000|True|88
заяц-русак|1950|True|14
куропатка|7950|True|65
заяц-русак|6600|True|25
ондатра|7350|True|49
куропатка|1650|True|40
заяц-беляк|3000|True|17
утка|4800|True|61
тетерев|4350|True|37
чернеть|7950|True|72
тетерев|1200|True|62
кабан|1200|True|9
чирок|7350|True|85
утка|2400|True|48
бекас|300|True|12
куропатка|2400|True|63
рябчик|4200|True|47
гусь|7650|True|99
рябчик|7800|True|99
барсук|5100|True|22
ондатра|3450|True|32
медведь|3600|True|45
норка|6600|True|63
глухарь|1500|True|86
волк|1500|True|12
гусь|900|True|70
медведь|2400|True|96
куропатка|2700|True|93
чирок|2100|True|69
норка|2700|True|43
хорёк|300|True|9
медведь|4050|True|24
перепел|7500|True|38
хорёк|5400|True|30
барсук|7350|True|82
олень|4350|True|49
рябчик|4800|True|16
куропатка|2550|True|7
барсук|6450|True|87
бобёр|4950|True|16
косуля|2700|True|38
барсук|2700|True|6
перепел|1200|True|25
утка|3600|True|59
кабан|6600|True|14
заяц-русак|3750|True|94
ондатра|4500|True|39
бекас|3900|True|97
хорёк|3750|True|85
олень|6450|True|12
барсук|7350|True|34
кабан|5400|True|6
перепел|2250|True|14
утка|600|True|80
куропатка|6900|True|25
выдра|3150|True|10
норка|3600|True|50
чернеть|450|True|9
глухарь|2250|True|69
глухарь|7800|True|60
выдра|4200|True|26
утка|6000|True|41
рябчик|3300|True|12
утка|3450|True|57
перепел|7350|True|31
олень|2100|True|47
куропатка|6900|True|16
куропатка|6750|True|64
чирок|1500|True|45
ондатра|7950|True|19
утка|1650|True|67
утка|2400|True|88
чирок|6900|True|68
кряква|4800|True|2
рябчик|3900|True|65
косуля|2400|True|76
куница|3600|True|74
барсук|7050|True|84
барсук|1800|True|12
ондатра|600|True|20
лиса|6300|True|49
заяц-русак|6600|True|81
кряква|1350|True|17
вальдшнеп|1500|True|89
хорёк|450|True|16
лось|2850|True|81
глухарь|1200|True|22
перепел|6900|True|79
вальдшнеп|5550|True|5
хорёк|3600|True|70
кряква|5700|True|73
лось|7650|True|6
рябчик|4200|True|6
перепел|3600|True|32
куропатка|5100|True|57
кряква|1650|True|98
олень|750|True|85
вальдшнеп|4350|True|71
куропатка|300|True|54
бекас|1350|True|6
норка|5850|True|2
чирок|4800|True|44
лось|6450|True|60
ондатра|7650|True|81
куропатка|5250|True|11
заяц-беляк|2700|True|34
бекас|3600|True|1
куропатка|7050|True|8
чернеть|7500|True|91
тетерев|4500|True|16
куропатка|1350|True|34
чирок|4350|True|61
барсук|4650|True|14
куропатка|1200|True|66
лиса|3000|True|22
медведь|1500|True|11
утка|5550|True|33
медведь|450|True|12
куропатка|7950|True|19
перепел|5100|True|27
бобёр|2400|True|25
вальдшнеп|4050|True|16
кряква|450|True|4
заяц-беляк|6900|True|73
бобёр|3600|True|72
утка|5100|True|4
заяц-беляк|2550|True|24
кряква|7500|True|37
барсук|7800|True|78
барсук|7050|True|76
куница|2700|True|92
чирок|300|True|92
куница|3600|True|87
тетерев|3000|True|74
куропатка|6000|True|36
бобёр|7050|True|6
куропатка|1650|True|52
медведь|900|True|94
заяц-русак|3300|True|79
олень|4200|True|87
хорёк|3300|True|48
глухарь|3150|True|44
рябчик|4350|True|28
чернеть|1350|True|15
куропатка|5550|True|69
куропатка|750|True|32
косуля|1050|True|60
бекас|2250|True|65
барсук|7650|True|40
хорёк|2550|True|38
перепел|4800|True|59
перепел|7050|True|15
олень|2400|True|70
норка|4050|True|28
утка|5400|True|74
лиса|3150|True|58
заяц-беляк|2550|True|90
перепел|3300|True|33
лось|6600|True|25
выдра|4350|True|83
лось|7950|True|38
косуля|4050|True|23
глухарь|2100|True|20
заяц-русак|3150|True|10
вальдшнеп|450|True|53
перепел|2550|True|6
лось|1500|True|96
чирок|6150|True|57
лиса|900|True|38
бекас|6750|True|29
бобёр|5550|True|29
барсук|4350|True|30
волк|1350|True|72
утка|3900|True|73
утка|7050|True|93
перепел|3450|True|91
утка|7350|True|42
кабан|5100|True|40
косуля|5100|True|52
хорёк|4650|True|84
олень|5700|True|25
чирок|4950|True|28
заяц-русак|1200|True|67
барсук|2700|True|43
рябчик|6150|True|41
бобёр|7800|True|31
чернеть|4500|True|62
лось|3000|True|98
перепел|7350|True|60
кряква|6000|True|15
утка|5250|True|47
барсук|900|True|31
глухарь|3150|True|9
чирок|6450|True|52
перепел|6000|True|65
медведь|5850|True|69
вальдшнеп|1350|True|74
барсук|7050|True|66
кабан|5100|True|8
ондатра|300|True|94
кряква|3300|True|63
заяц-русак|2850|True|69
куница|7050|True|62
волк|4950|True|67
хорёк|1500|True|28
бобёр|3300|True|84
глухарь|7200|True|96
волк|3450|True|39
заяц-беляк|3600|True|52
заяц-русак|450|True|37
заяц-беляк|2250|True|53
лиса|5550|True|25
чирок|5550|True|99
норка|5400|True|74
чернеть|7200|True|55
кабан|3450|True|97
бекас|6450|True|2
кабан|6450|True|98
ондатра|4050|True|58
медведь|6300|True|6
гусь|7050|True|27
ондатра|5550|True|85
барсук|2850|True|9
хорёк|6600|True|57
кабан|7200|True|48
тетерев|6750|True|12
бобёр|300|True|64
кабан|300|True|41
утка|5400|True|68
гусь|4050|True|97
глухарь|3600|True|84
вальдшнеп|4500|True|72
хорёк|4350|True|36
куропатка|300|True|97
куница|3150|True|67
заяц-русак|6750|True|89
тетерев|1500|True|33
куропатка|6750|True|98
лось|3000|True|53
куница|450|True|63
косуля|5550|True|91
волк|1950|True|69
куропатка|3900|True|60
куропатка|2100|True|79
глухарь|3750|True|17
гусь|6000|True|89
куница|1050|True|80
заяц-русак|2100|True|83
бобёр|5550|True|18
лось|7200|True|61
вальдшнеп|6450|True|97
куница|6600|True|7
куропатка|450|True|29
медведь|3000|True|84
хорёк|6000|True|67
кабан|300|True|77
медведь|5850|True|39
лось|4800|True|44
лиса|2550|True|8
заяц-русак|1200|True|61
барсук|2850|True|97
заяц-русак|2400|True|97
тетерев|6300|True|97
заяц-русак|4650|True|35
чернеть|6900|True|66
норка|1500|True|49
вальдшнеп|2400|True|7
барсук|3600|True|72
барсук|3300|True|3
барсук|7650|True|25
гусь|6900|True|19
куница|4200|True|22
куропатка|2700|True|55
утка|6600|True|31
тетерев|1500|True|98
бобёр|1500|True|39
куропатка|5850|True|20
заяц-русак|4950|True|44
чернеть|1950|True|30
чирок|6450|True|56
бобёр|1200|True|7
вальдшнеп|4050|True|35
барсук|3900|True|47
куница|1650|True|14
норка|5400|True|85
олень|6150|True|69
олень|7350|True|62
кряква|5850|True|56
олень|6600|True|9
барсук|5100|True|28
утка|1050|True|17
тетерев|3150|True|56
норка|450|True|37
заяц-русак|1200|True|26
заяц-беляк|6000|True|49
кряква|2550|True|78
перепел|6750|True|4
медведь|6150|True|43
хорёк|2850|True|14
хорёк|5400|True|86
чирок|6450|True|74
медведь|5700|True|36
хорёк|300|True|74
кабан|4050|True|52
кряква|7800|True|59
перепел|3000|True|8
бекас|5700|True|41
перепел|6750|True|64
перепел|5550|True|87
бобёр|3450|True|73
хорёк|5550|True|64
бекас|6300|True|24
кабан|7650|True|64
куница|900|True|36
хорёк|4200|True|25
тетерев|1800|True|40
тетерев|4800|True|22
олень|6750|True|31
медведь|7050|True|88
заяц-русак|300|True|93
куница|2250|True|94
выдра|2550|True|11
перепел|5400|True|69
перепел|1800|True|42
медведь|5250|True|77
бобёр|4800|True|12
чернеть|6900|True|49
бобёр|600|True|47
выдра|1350|True|18
выдра|4200|True|96
рябчик|7650|True|31
заяц-беляк|450|True|56
куропатка|6150|True|85
глухарь|2400|True|18
чернеть|900|True|36
вальдшнеп|2400|True|12
норка|1350|True|39
кабан|6300|True|67
чернеть|1050|True|95
глухарь|5100|True|10
гусь|7200|True|22
чернеть|4500|True|69
куница|7950|True|85
ондатра|7950|True|67
волк|4950|True|19
перепел|7800|True|70
кабан|5250|True|27
куропатка|6000|True|96
олень|3150|True|29
медведь|5400|True|29
рябчик|7050|True|84
норка|6000|True|75
олень|6600|True|97
перепел|600|True|7
косуля|7800|True|34
чернеть|7200|True|51
заяц-беляк|2550|True|48
норка|3600|True|56
куропатка|1650|True|80
олень|6300|True|68
куропатка|2700|True|48
лось|3600|True|95
чирок|6150|True|80
глухарь|6150|True|64
волк|2250|True|82
косуля|5550|True|92
куропатка|3750|True|59
куница|7500|True|33
лиса|4200|True|2
чирок|2550|True|64
кабан|7200|True|45
куропатка|2250|True|99
чернеть|1050|True|33
лиса|7800|True|89
рябчик|4200|True|26
выдра|1200|True|84
волк|1200|True|34
куропатка|5100|True|4
вальдшнеп|6450|True|57
рябчик|5700|True|56
хорёк|7200|True|3
куропатка|1800|True|89
куропатка|1950|True|72
вальдшнеп|7350|True|82
куропатка|1050|True|39
ондатра|6900|True|86
бобёр|6600|True|97
лиса|7800|True|79
бекас|1500|True|85
олень|7500|True|90
норка|3600|True|3
бобёр|1800|True|44
кряква|5100|True|79
рябчик|5100|True|34
тетерев|3900|True|50
волк|300|True|32
глухарь|5400|True|54
куница|6750|True|19
куница|5850|True|84
норка|1800|True|17
заяц-русак|4050|True|90
ондатра|5400|True|95
кабан|300|True|51
ондатра|1500|True|61
заяц-беляк|1200|True|39
чернеть|5100|True|89
кабан|6300|True|93
хорёк|3600|True|92
бекас|2550|True|60
глухарь|4950|True|87
лось|5550|True|32
хорёк|4050|True|6
барсук|6150|True|96
лось|6150|True|94
чирок|3900|True|33
кабан|7650|True|83
тетерев|4350|True|13
утка|5100|True|29
ондатра|1500|True|9
олень|3750|True|78
утка|1050|True|82
косуля|2400|True|3
чирок|7950|True|39
бобёр|1500|True|82
перепел|450|True|19
бекас|4350|True|32
куница|1800|True|31
бекас|3000|True|49
чирок|6450|True|96
заяц-русак|6750|True|7
гусь|6300|True|38
заяц-русак|3600|True|95
волк|3150|True|52
кряква|6150|True|11
бобёр|6000|True|59
куропатка|5100|True|87
вальдшнеп|7800|True|17
бобёр|4950|True|62
хорёк|3000|True|23
ондатра|3900|True|78
выдра|5400|True|77
выдра|6450|True|8
заяц-беляк|4200|True|62
выдра|6900|True|80
олень|6600|True|98
кряква|4800|True|20
хорёк|7200|True|11
выдра|4350|True|16
заяц-русак|3150|True|27
рябчик|1800|True|36
заяц-русак|6150|True|65
норка|6000|True|1
гусь|3300|True|31
чернеть|4500|True|25
лось|4650|True|27
кряква|2850|True|49
заяц-беляк|1350|True|46
перепел|6150|True|67
гусь|1050|True|36
глухарь|5400|True|85
лиса|7800|True|74
норка|4350|True|83
косуля|6150|True|80
гусь|7350|True|67
хорёк|450|True|35
лось|5700|True|36
чернеть|4200|True|16
косуля|5550|True|53
заяц-беляк|6150|True|74
вальдшнеп|7200|True|84
перепел|1800|True|36
бекас|3450|True|93
лиса|7950|True|41
бобёр|4950|True|2
утка|1200|True|60
чирок|2850|True|16
чирок|4950|True|7
заяц-беляк|6000|True|72
заяц-беляк|2400|True|25
лось|6750|True|74
куропатка|1200|True|73
глухарь|1950|True|30
чернеть|1650|True|43
волк|3750|True|91
норка|3750|True|19
кабан|2550|True|62
заяц-русак|3150|True|18
заяц-русак|1950|True|3
гусь|7350|True|7
лиса|6600|True|28
кабан|5850|True|15
косуля|7500|True|88
перепел|7500|True|83
норка|3750|True|14
куропатка|1800|True|38
глухарь|4200|True|62
косуля|4350|True|51
утка|7800|True|53
утка|2250|True|69
барсук|7050|True|88
ондатра|4050|True|65
чернеть|7200|True|40
утка|4350|True|18
куница|5850|True|40
бекас|3150|True|22
куница|5250|True|75
кряква|1650|True|91
глухарь|6450|True|66
хорёк|6600|True|12
хорёк|1050|True|54
кряква|3600|True|40
лось|5550|True|67
лиса|6000|True|67
тетерев|7650|True|91
бобёр|7800|True|75
косуля|4050|True|36
бекас|5100|True|71
перепел|3750|True|92
лиса|1500|True|91
лиса|1200|True|40
чирок|450|True|31
перепел|900|True|76
тетерев|3600|True|78
чирок|3450|True|49
куропатка|6150|True|6
норка|1950|True|27
глухарь|4500|True|83
лиса|6750|True|43
гусь|7350|True|28
тетерев|4350|True|26
волк|5850|True|45
гусь|600|True|6
ондатра|4950|True|69
косуля|3150|True|19
лиса|1200|True|20
заяц-беляк|5700|True|59
заяц-беляк|2400|True|79
тетерев|7050|True|96
куница|750|True|32
олень|3150|True|46
выдра|3900|True|76
перепел|6000|True|88
кряква|3150|True|83
заяц-беляк|450|True|69
волк|2850|True|94
медведь|4500|True|74
лось|2850|True|42
утка|4500|True|14
медведь|3600|True|56
бекас|7950|True|96
куница|2850|True|6
перепел|1050|True|35
перепел|7800|True|1
гусь|7500|True|41
утка|4950|True|56
выдра|3150|True|32
бобёр|5850|True|58
бекас|750|True|72
вальдшнеп|450|True|45
кряква|5850|True|84
выдра|5400|True|82
барсук|2100|True|49
ондатра|2400|True|22
выдра|7800|True|72
перепел|5550|True|96
заяц-русак|1500|True|55
волк|1350|True|56
куропатка|1050|True|84
лиса|7050|True|61
волк|300|True|77
бекас|1350|True|74
лиса|6450|True|47
чернеть|5400|True|70
заяц-беляк|600|True|96
лиса|1650|True|11
рябчик|300|True|25
перепел|1950|True|21
кряква|2250|True|34
утка|1950|True|54
чернеть|3300|True|2
глухарь|900|True|70
тетерев|450|True|52
чирок|1800|True|29
заяц-русак|5700|True|33
перепел|4950|True|5
медведь|1050|True|91
куница|7950|True|51
гусь|900|True|60
кряква|1350|True|75
утка|5550|True|23
хорёк|4500|True|71
лиса|7500|True|78
косуля|5550|True|39
медведь|2100|True|62
медведь|5850|True|70
куропатка|4200|True|1
кряква|600|True|89
рябчик|4200|True|1
куница|7650|True|90
заяц-русак|6600|True|82
норка|3450|True|90
вальдшнеп|6450|True|80
кабан|3150|True|25
куница|4500|True|78
медведь|4050|True|51
ондатра|300|True|4
заяц-русак|5550|True|88
утка|3150|True|10
перепел|3300|True|85
лось|1050|True|3
лиса|2250|True|18
куница|3750|True|34
куропатка|1950|True|81
заяц-русак|5700|True|40
ондатра|1050|True|80
глухарь|7350|True|79
рябчик|6900|True|49
бекас|4950|True|79
утка|5400|True|81
бекас|3150|True|34
заяц-русак|450|True|30
глухарь|7350|True|33
глухарь|3150|True|15
косуля|450|True|47
кабан|1050|True|66
тетерев|4350|True|48
косуля|7050|True|25
заяц-беляк|5400|True|57
рябчик|6000|True|95
барсук|2550|True|46
барсук|1950|True|51
выдра|1650|True|74
утка|3450|True|25
чирок|2400|True|19
кабан|900|True|4
олень|1800|True|22
волк|5700|True|8
куница|2100|True|27
лось|3750|True|49
бобёр|2400|True|37
чирок|4950|True|10
куропатка|4350|True|31
бобёр|3450|True|40
чирок|4200|True|72
медведь|750|True|9
заяц-беляк|600|True|29
куропатка|7950|True|26
медведь|4500|True|95
гусь|2550|True|10
хорёк|3150|True|62
заяц-русак|4800|True|62
чернеть|1050|True|85
заяц-русак|1950|True|52
кабан|2700|True|17
глухарь|6750|True|49
вальдшнеп|4050|True|77
волк|4950|True|49
медведь|3000|True|99
лось|3000|True|50
гусь|300|True|71
ондатра|4800|True|59
чернеть|3600|True|60
косуля|5850|True|65
заяц-беляк|1500|True|78
куропатка|7350|True|74
медведь|3600|True|3
заяц-беляк|5850|True|10
хорёк|7950|True|78
медведь|2400|True|61
волк|5700|True|62
вальдшнеп|7500|True|14
чернеть|5100|True|14
бобёр|1200|True|10
заяц-беляк|6450|True|2
волк|4800|True|47
гусь|6450|True|11
вальдшнеп|4650|True|34
медведь|600|True|2
олень|2700|True|54
норка|2400|True|44
барсук|5400|True|85
медведь|2400|True|38
хорёк|5250|True|5
барсук|3000|True|62
рябчик|3150|True|45
перепел|3450|True|82
чирок|7200|True|22
ондатра|4800|True|75
лиса|5700|True|65
заяц-беляк|3900|True|18
заяц-беляк|3450|True|65
хорёк|5250|True|66
выдра|6000|True|5
ондатра|4650|True|96
заяц-русак|3000|True|49
тетерев|7200|True|38
бекас|5100|True|92
гусь|2700|True|12
кабан|2250|True|81
тетерев|2100|True|1
хорёк|6000|True|32
рябчик|5400|True|10
гусь|5550|True|13
выдра|5400|True|42
тетерев|4350|True|44
тетерев|900|True|88
гусь|4350|True|26
барсук|7500|True|15
косуля|900|True|55
рябчик|2700|True|38
бекас|2400|True|70
чернеть|3750|True|56
барсук|2550|True|68
глухарь|2100|True|52
косуля|1500|True|62
кряква|6300|True|97
медведь|5100|True|7
бекас|2850|True|5
вальдшнеп|3450|True|60
рябчик|1350|True|23
тетерев|2850|True|59
чернеть|4050|True|22
перепел|3000|True|61
перепел|2550|True|50
перепел|7650|True|52
кабан|4500|True|74
барсук|4500|True|19
заяц-русак|6750|True|57
вальдшнеп|750|True|65
рябчик|300|True|40
кабан|2700|True|60
олень|300|True|72
чирок|4050|True|42
кряква|5700|True|30
глухарь|2250|True|11
бобёр|6750|True|33
медведь|5850|True|81
кабан|7950|True|59
норка|5850|True|53
кабан|7500|True|36
рябчик|7650|True|92
утка|6900|True|91
выдра|6150|True|24
выдра|2550|True|12
бекас|5850|True|83
норка|5700|True|61
утка|1050|True|28
хорёк|7500|True|40
заяц-беляк|4800|True|61
заяц-беляк|5250|True|35
утка|5700|True|35
перепел|900|True|84
рябчик|300|True|71
волк|4350|True|79
перепел|6300|True|95
лиса|5700|True|95
тетерев|5550|True|71
утка|4350|True|12
волк|5550|True|2
перепел|1200|True|73
рябчик|7500|True|70
тетерев|7200|True|18
выдра|2700|True|78
утка|6450|True|79
лиса|1800|True|88
выдра|7650|True|73
заяц-беляк|900|True|70
чирок|4500|True|82
куропатка|4500|True|75
куропатка|1200|True|43
норка|7200|True|38
чирок|300|True|97
тетерев|5850|True|9
барсук|3750|True|1
ондатра|750|True|37
барсук|3150|True|13
лось|6600|True|85
лось|6600|True|64
тетерев|5100|True|66
рябчик|4800|True|73
норка|900|True|98
тетерев|7500|True|36
олень|6000|True|32
ондатра|3000|True|25
заяц-русак|750|True|66
тетерев|4050|True|29
кряква|7800|True|61
утка|3900|True|15
волк|5400|True|86
перепел|2400|True|80
лиса|3300|True|17
чирок|6900|True|21
олень|1950|True|93
ондатра|7500|True|31
выдра|7050|True|61
ондатра|450|True|57
заяц-беляк|3300|True|30
выдра|6450|True|94
чернеть|7200|True|34
глухарь|3300|True|75
куница|450|True|59
заяц-беляк|2550|True|82
кряква|4650|True|5
рябчик|7050|True|91
бобёр|2850|True|90
выдра|7350|True|79
вальдшнеп|600|True|61
медведь|5550|True|19
гусь|7800|True|75
медведь|6900|True|21
медведь|6600|True|52
лось|4800|True|62
заяц-русак|6750|True|1
косуля|2850|True|8
перепел|1800|True|20
гусь|1050|True|90
рябчик|7800|True|53
чернеть|2100|True|23
лиса|3150|True|16
куница|2700|True|58
глухарь|4050|True|72
перепел|2100|True|68
чернеть|5550|True|27
кряква|3750|True|44
медведь|5250|True|80
куница|300|True|79
глухарь|6000|True|76
гусь|750|True|15
тетерев|2700|True|43
куропатка|600|True|88
олень|7350|True|99
заяц-русак|3750|True|98
косуля|4500|True|89
чирок|4050|True|6
бекас|5700|True|17
косуля|1350|True|17
медведь|2700|True|33
вальдшнеп|4200|True|15
заяц-беляк|7350|True|95
тетерев|1800|True|30
рябчик|4200|True|58
олень|4650|True|92
бобёр|7350|True|96
волк|4650|True|41
куница|4500|True|81
медведь|7950|True|15
перепел|1050|True|94
косуля|2850|True|49
лиса|5250|True|14
рябчик|2400|True|24
рябчик|7200|True|15
хорёк|2700|True|98
хорёк|6300|True|22
куница|5400|True|37
норка|4800|True|46
волк|450|True|24
заяц-русак|5400|True|46
куропатка|6750|True|61
норка|2700|True|65
перепел|6750|True|44
гусь|4350|True|5
лось|3150|True|7
заяц-беляк|4950|True|92
кабан|4650|True|65
норка|6000|True|86
гусь|1500|True|68
перепел|7500|True|57
волк|7350|True|71
тетерев|4650|True|75
перепел|1650|True|72
норка|6900|True|16
рябчик|4800|True|44
перепел|1800|True|9
выдра|300|True|68
гусь|4950|True|72
гусь|4350|True|43
кряква|5850|True|7
куница|3000|True|86
вальдшнеп|2100|True|73
гусь|2400|True|46
куропатка|4950|True|70
перепел|7050|True|71
чирок|5700|True|20
тетерев|450|True|15
перепел|7650|True|78
чирок|4200|True|12
заяц-русак|4050|True|75
хорёк|6600|True|21
утка|6450|True|13
вальдшнеп|7950|True|39
лось|900|True|41
лиса|600|True|72
косуля|3750|True|45
норка|6600|True|21
кряква|7350|True|62
ондатра|1200|True|16
чернеть|5550|True|92
перепел|3000|True|51
кряква|750|True|92
гусь|5700|True|63
тетерев|6000|True|86
барсук|7650|True|26
лось|450|True|72
куропатка|1200|True|47
глухарь|4800|True|16
заяц-беляк|300|True|91
лиса|300|True|4
выдра|3750|True|43
лиса|5850|True|85
чирок|3000|True|46
кряква|7050|True|88
барсук|4350|True|81
утка|3150|True|32
куропатка|2100|True|53
волк|1800|True|7
рябчик|3600|True|62
бекас|4350|True|55
заяц-русак|300|True|92
куница|1200|True|20
глухарь|3300|True|65
куница|7200|True|26
куница|2700|True|70
гусь|2850|True|96
косуля|5100|True|96
норка|1050|True|36
волк|7950|True|80
косуля|450|True|72
тетерев|5100|True|95
хорёк|900|True|59
кряква|7200|True|32
хорёк|7200|True|63
косуля|6600|True|7
перепел|6600|True|86
ондатра|5250|True|23
волк|7200|True|92
тетерев|4950|True|73
вальдшнеп|3450|True|63
хорёк|3750|True|29
чернеть|4050|True|61
ондатра|2100|True|98
куница|7050|True|44
рябчик|6450|True|21
ондатра|600|True|18
чернеть|4050|True|47
бекас|3750|True|11
норка|6300|True|12
выдра|2100|True|20
лось|3750|True|63
олень|900|True|63
