2126|56
6343|27
9109|61
4185|44
5997|23
5477|3
9325|40
4746|19
7978|51
8356|31
2117|24
6782|9
2940|3
5050|36
7341|49
3342|58
5906|27
7746|65
3715|19
2097|40
5588|59
3371|30
2894|17
7080|35
4041|10
9791|40
7768|23
7931|42
5897|39
2839|5
3086|58
2376|38
5211|19
8779|27
6458|57
1840|47
2334|3
6378|26
5232|68
9325|26
7097|41
3109|45
7756|62
9329|41
1204|15
8877|24
4441|65
8202|44
4935|48
8967|45
9163|61
3808|29
3591|7
2002|63
2819|25
8623|34
2059|63
3690|65
3158|29
4895|39
6816|28
1537|47
8074|42
9340|38
479|66
586|10
6479|1
8106|48
7757|34
1167|21
8033|12
4316|5
3124|17
6926|68
7481|16
7908|61
9058|11
1099|5
5934|20
4210|37
6405|17
1086|63
9311|35
2643|2
2743|2
4126|19
2959|51
3985|43
2830|11
7321|3
6656|11
1499|65
2573|48
8295|40
6309|62
1884|60
2239|2
6672|34
1139|62
995|63
