8|2|0|05245727|711
59|8|0|38226380|889
56|8|0|42136552|729
77|9|0|16194809|146
2|9|0|20738068|485
9|5|0|96807668|992
23|5|0|18739848|97
51|8|0|19593432|151
29|1|0|33100517|321
28|8|0|60581907|986
78|3|0|56808759|46
40|8|0|66950462|53
75|9|0|02030210|27
92|9|0|53011497|20
6|5|0|73880974|558
87|4|0|59369868|665
25|5|0|28444725|283
69|2|0|80626466|667
65|9|0|38756498|241
69|9|0|64993225|232
23|4|0|08211354|106
85|9|0|58016534|904
41|6|0|03701829|975
53|2|0|16835122|159
46|9|0|49634556|618
68|3|0|21023521|228
57|2|0|77661289|675
66|6|0|20861377|978
33|6|0|00728249|545
3|8|0|75646929|750
12|1|0|63050165|62
27|2|0|57054377|312
96|6|0|20373764|300
62|5|0|33712260|759
70|1|0|13266318|27
21|5|0|47874015|23
83|6|0|13411909|746
36|3|0|29943999|119
45|5|0|49665369|370
10|5|0|57794143|298
75|5|0|13275495|447
45|4|0|72326206|887
53|5|0|63315325|331
48|5|0|06315429|993
23|1|0|01334098|238
28|9|0|76915802|906
29|9|0|23365834|758
34|7|0|73201328|581
55|2|0|27383261|223
63|7|0|50655892|665
24|8|0|78929081|63
1|6|0|63050165|587
36|3|0|49008050|702
61|9|0|27632161|43
35|4|0|89434277|701
3|9|0|53070708|13
60|3|0|29820771|270
60|1|0|45811418|733
33|8|0|28051732|709
7|4|0|72441060|380
65|2|0|32127249|683
12|8|0|70313703|611
46|8|0|33163024|778
19|3|0|73951926|657
19|6|0|87581027|593
78|4|0|21069956|362
23|3|0|00728249|950
19|3|0|15778239|595
59|3|0|44410490|899
16|2|0|49008050|284
15|1|0|22351487|34
94|1|0|01793383|977
93|7|0|28440598|681
47|5|0|03148945|25
34|6|0|36617524|86
49|4|0|81105311|37
90|1|0|18418835|652
51|9|0|75716165|765
75|6|0|80885221|462
50|5|0|18175738|958
81|2|0|87353532|559
46|7|0|77229014|560
63|9|0|43808465|307
69|7|0|95866659|997
87|2|0|75219659|744
69|1|0|25559606|718
89|6|0|76349898|576
37|1|0|23365834|771
78|5|0|08560308|678
69|5|0|57701691|676
49|7|0|95866659|42
55|3|0|20236632|881
69|6|0|21538841|61
87|1|0|03244142|929
56|9|0|36921393|735
44|7|0|49170313|839
67|4|0|37505097|864
89|3|0|32797534|96
79|9|0|34165706|90
33|3|0|47985155|669
56|4|0|35091745|947
15|2|0|12607471|905
16|6|0|69241048|843
97|5|0|40171845|951
9|4|0|48438698|16
57|6|0|87064193|199
94|3|0|20993719|725
78|2|0|35700791|284
66|2|0|36921393|809
52|5|0|42136552|874
66|4|0|24096829|767
36|8|0|19962634|55
21|5|0|15544704|464
61|1|0|56556353|579
70|8|0|89585580|217
90|6|0|20435875|753
23|4|0|50846023|6
38|3|0|78512368|383
92|1|0|81436361|102
47|8|0|01631739|626
80|6|0|28014355|616
15|7|0|27976029|809
81|9|0|90617355|56
27|4|0|02424316|455
89|9|0|41338124|799
11|3|0|87443448|487
6|4|0|52219443|132
92|4|0|09078390|374
40|1|0|20955298|953
91|7|0|24117883|918
43|9|0|12610433|370
33|7|0|38117923|393
1|4|0|39749994|747
30|1|0|14368417|383
23|3|0|91991584|862
69|9|0|70677881|55
42|4|0|40595764|613
32|3|0|80417798|590
81|6|0|63598568|915
25|4|0|37471101|962
30|7|0|30085732|164
4|6|0|54109889|881
65|4|0|55792639|391
25|3|0|58369784|990
46|9|0|58454367|533
77|3|0|23861237|13
77|3|0|58523636|783
58|4|0|05619542|595
98|4|0|50532636|263
45|7|0|57054377|112
30|5|0|73466000|497
49|3|0|80885221|712
82|1|0|36617524|882
24|1|0|94410853|979
85|5|0|21163289|278
39|4|0|96507186|584
27|5|0|71340494|259
23|5|0|23371972|753
58|9|0|85113213|761
50|5|0|00728249|36
20|4|0|10522981|740
36|5|0|41533055|965
8|5|0|93982894|126
52|4|0|39907417|399
77|1|0|21943577|762
61|1|0|92777521|425
61|5|0|65195963|978
15|3|0|39657374|397
48|8|0|59636090|503
16|4|0|62126908|80
6|2|0|96618943|71
9|6|0|07503528|907
62|3|0|67437429|282
84|5|0|25559606|132
66|7|0|83301902|955
26|3|0|27298053|959
58|2|0|30829831|157
42|9|0|43370672|156
49|4|0|08538253|952
16|6|0|03148945|535
57|4|0|65072264|979
42|1|0|98306015|744
57|4|0|66850557|561
4|9|0|89263242|752
2|5|0|83930119|639
74|2|0|07623912|420
48|4|0|15544704|874
57|3|0|54602076|545
57|4|0|86670449|189
64|5|0|39219091|350
95|7|0|11189411|559
41|2|0|24871945|923
40|8|0|45195174|578
53|4|0|13424947|595
37|6|0|42047155|860
30|3|0|92874800|854
78|3|0|59537502|942
67|3|0|61869394|52
85|2|0|12462353|234
35|3|0|96582435|313
94|5|0|90617355|282
53|5|0|13612269|777
44|5|0|42334651|94
88|7|0|24871945|679
63|4|0|37606138|405
61|7|0|77783073|22
94|8|0|13275495|481
20|4|0|14879401|242
47|9|0|98861798|231
35|3|0|27341933|154
75|5|0|41228173|746
92|7|0|51787950|84
55|9|0|64306032|256
9|1|0|30200746|851
19|6|0|05659234|393
63|1|0|68004491|115
92|7|0|39391797|226
38|7|0|78906938|658
67|8|0|78613317|416
24|1|0|00003018|948
14|3|0|20861377|824
9|3|0|99545055|591
64|4|0|49908732|325
62|5|0|85267220|251
60|6|0|93589499|279
89|5|0|87111743|582
59|3|0|55792639|288
53|5|0|95866659|615
10|9|0|93454353|796
73|3|0|10436523|876
96|7|0|87581027|914
86|6|0|27570401|245
49|3|0|28341932|908
39|2|0|87353532|634
9|5|0|95587561|572
7|6|0|95795324|666
53|4|0|57794143|296
60|9|0|77661289|537
12|3|0|86670449|257
6|5|0|76636684|203
45|4|0|27976029|105
7|4|0|16433328|546
88|5|0|20419097|119
17|5|0|62126908|129
25|7|0|91991584|105
53|1|0|13411909|944
72|8|0|49846713|227
20|1|0|89014141|442
76|3|0|10042182|135
10|1|0|96507186|782
19|7|0|38284144|75
77|9|0|42136552|491
9|8|0|60773142|248
25|6|0|47985155|784
98|6|0|75646929|29
80|4|0|78619425|219
51|8|0|22187406|601
80|4|0|77596284|8
1|6|0|45968785|871
32|7|0|95882970|982
95|9|0|52582080|55
10|7|0|04234906|592
85|8|0|93630290|40
50|8|0|09968431|924
29|8|0|98578139|591
28|3|0|42094241|230
39|1|0|64306032|85
50|3|0|04207269|794
75|5|0|43800520|817
53|1|0|61402645|474
27|3|0|89263242|754
86|1|0|40595764|267
87|5|0|79758857|330
20|3|0|65090213|648
81|3|0|37939366|470
43|7|0|28587040|385
74|2|0|62203081|612
45|2|0|91017710|282
5|7|0|46992338|759
51|7|0|02100777|915
99|6|0|18615661|928
91|1|0|53965493|915
75|6|0|33820422|927
13|9|0|86653312|410
87|7|0|72326206|813
97|3|0|86847797|820
68|6|0|51049461|768
9|1|0|71153506|119
1|2|0|66120131|8
21|6|0|56672756|161
47|7|0|18739848|800
62|3|0|46207395|382
50|4|0|71415093|553
87|8|0|54360396|781
65|8|0|42300601|141
1|2|0|00003018|978
2|1|0|75849948|934
13|3|0|66720997|316
80|2|0|36775552|553
40|3|0|30769915|306
11|2|0|42552031|409
38|2|0|73192541|594
31|5|0|96618943|792
65|9|0|93454353|169
21|3|0|05132263|851
11|1|0|78613317|710
31|6|0|09785359|560
71|4|0|84899620|517
87|7|0|23365834|851
85|7|0|29943999|745
35|3|0|43030781|838
18|3|0|97058090|647
25|9|0|35787396|875
58|5|0|42628989|130
65|5|0|36071432|464
32|1|0|97120773|418
11|8|0|76776724|49
21|2|0|59025238|233
24|1|0|80591825|750
58|8|0|17655972|482
77|6|0|61310841|213
17|3|0|51787950|823
11|4|0|72326206|839
58|2|0|24901727|991
82|8|0|23371972|256
21|6|0|42300601|753
59|8|0|44704445|936
7|1|0|73192541|251
63|2|0|03043356|997
94|8|0|87481587|497
84|6|0|42755968|414
33|4|0|71002095|374
26|2|0|34193204|402
95|9|0|09078390|836
70|3|0|94162844|75
17|2|0|06315429|632
24|1|0|40572598|135
13|9|0|31329798|98
62|5|0|91991584|368
18|5|0|89434277|258
31|4|0|02100777|234
71|2|0|91222053|518
65|2|0|74699551|600
59|5|0|47841802|240
88|9|0|61538924|591
58|1|0|00340724|998
37|1|0|14992629|623
14|3|0|98949847|438
10|7|0|43370672|272
17|1|0|54109889|204
19|2|0|75033507|996
48|4|0|42300601|795
26|3|0|46180421|467
77|5|0|80072140|900
63|1|0|34193204|780
73|3|0|63397000|272
4|3|0|03805787|976
14|1|0|71002095|414
57|2|0|84362759|134
90|4|0|00728249|124
10|5|0|26889917|586
84|4|0|64060408|547
52|5|0|53897725|483
25|2|0|92426757|554
49|9|0|31090704|507
61|1|0|20302634|228
24|7|0|93044912|92
26|6|0|53011497|65
88|4|0|64060408|916
29|5|0|61855694|135
91|3|0|68914233|843
14|5|0|85433038|363
15|5|0|12462353|963
79|1|0|15940209|516
12|8|0|15158642|122
69|2|0|87687361|964
61|1|0|53728746|370
89|2|0|77229014|4
27|5|0|13424947|996
93|2|0|55983075|758
54|1|0|93454353|861
88|9|0|02688916|783
35|4|0|04807872|24
91|7|0|87811766|324
90|1|0|79756402|173
20|7|0|82915186|322
29|7|0|71034089|318
75|7|0|80825272|60
31|6|0|74227952|525
50|1|0|25945928|25
75|6|0|42664475|655
29|1|0|38168888|35
54|3|0|75033507|386
51|2|0|10436523|46
95|1|0|76909344|164
31|8|0|92444720|172
60|1|0|76429767|313
38|3|0|15544704|820
57|9|0|83325526|654
58|3|0|64993225|611
84|4|0|79499477|954
26|9|0|59369868|400
98|2|0|03110317|788
13|7|0|87353532|157
64|6|0|55603317|166
5|7|0|71034089|405
37|4|0|87111743|657
81|5|0|23365834|588
78|6|0|05539178|208
89|3|0|67980703|580
28|8|0|32530483|347
42|4|0|85093911|161
71|1|0|50469574|506
87|2|0|71153506|927
21|8|0|38753077|67
76|7|0|52582080|303
1|2|0|43370672|63
66|1|0|09904187|782
30|4|0|00234627|67
20|1|0|36071432|996
49|4|0|43419531|17
62|8|0|01793383|760
77|6|0|25930849|282
95|2|0|20373764|341
83|3|0|22537072|697
57|4|0|78327467|103
70|3|0|03518588|198
88|4|0|07821493|764
14|6|0|01237054|944
59|2|0|41228173|559
52|8|0|17331524|990
8|1|0|47687240|956
11|3|0|51805784|504
82|4|0|28445890|478
97|3|0|75553449|197
33|5|0|35700791|639
30|2|0|02303369|363
19|6|0|81371853|256
83|1|0|13275495|458
15|2|0|67846092|166
76|4|0|20861377|192
64|2|0|74699551|502
15|3|0|42028093|969
42|1|0|98851713|858
16|7|0|04154181|877
58|8|0|83325526|241
71|9|0|22351487|925
8|1|0|33750316|456
90|8|0|85113213|317
5|8|0|01922639|824
41|6|0|76761553|615
93|9|0|83301902|967
84|1|0|62126908|649
93|5|0|04207269|889
13|5|0|19841069|371
91|9|0|20435875|385
54|2|0|04207269|954
37|3|0|41936443|468
46|1|0|47985155|893
79|2|0|04264002|113
98|7|0|59369868|461
42|5|0|75033507|359
83|8|0|32530483|615
77|5|0|99669690|827
52|5|0|68015855|573
41|8|0|35057079|952
40|4|0|18297911|779
48|6|0|96298541|642
61|1|0|08989024|147
2|6|0|06674052|82
54|9|0|93092746|654
8|9|0|35943051|260
76|4|0|11082644|728
78|2|0|58016534|892
54|9|0|12369621|890
74|2|0|09914001|277
5|4|0|96582435|939
68|5|0|72441060|773
25|7|0|47643482|389
96|2|0|50469574|234
68|9|0|18418835|506
47|2|0|50610624|787
86|4|0|12989485|397
91|9|0|65628218|406
27|7|0|05684366|177
37|2|0|59025238|10
91|5|0|84948854|388
96|7|0|28014355|405
80|7|0|83930119|858
26|5|0|29113583|902
18|9|0|73522379|784
28|6|0|76933486|717
93|9|0|05552047|509
95|9|0|16617131|323
52|4|0|40852041|572
46|6|0|02424316|168
45|8|0|58016534|619
63|6|0|80723110|542
54|7|0|71498423|333
48|9|0|44851583|147
14|8|0|71266466|665
24|6|0|54360396|47
21|7|0|07623912|146
46|1|0|00089395|100
98|8|0|01351583|494
73|4|0|25930849|266
90|3|0|09756809|944
81|8|0|07250644|575
39|6|0|46049742|770
65|1|0|84068873|523
31|2|0|85404861|74
66|1|0|46554710|178
49|2|0|61307100|953
8|5|0|26152868|260
5|1|0|09971523|89
70|9|0|58052082|470
69|2|0|42683650|131
58|1|0|00089395|357
27|8|0|27565919|717
38|7|0|56122299|612
6|6|0|96807668|94
3|7|0|61869394|137
43|4|0|04207269|993
31|5|0|29344789|819
18|2|0|12569724|129
27|3|0|99146733|192
46|5|0|71790435|226
34|7|0|35164630|978
36|2|0|96514948|31
54|5|0|84655042|275
55|7|0|41059142|811
10|4|0|66312000|880
53|1|0|78512368|783
42|6|0|56647921|319
56|6|0|27924969|286
33|5|0|74684595|107
85|2|0|11278207|281
9|7|0|85678705|740
44|7|0|47643482|290
99|8|0|51201258|833
35|5|0|60271280|207
72|2|0|54109889|929
73|4|0|76204807|122
62|5|0|41338124|797
75|6|0|25945928|469
13|2|0|14446146|471
2|9|0|08538253|179
12|8|0|83100925|828
77|7|0|31329798|669
47|9|0|94576184|681
84|6|0|59369868|123
73|2|0|46722331|991
45|3|0|49665369|442
95|3|0|39929372|359
10|8|0|88429076|436
60|3|0|85524675|221
14|7|0|28445890|971
89|7|0|78690851|921
8|4|0|53011497|998
61|9|0|68281304|481
88|3|0|58454367|811
78|2|0|18739848|210
83|2|0|53728746|860
58|8|0|40852041|573
85|1|0|65195963|460
42|5|0|55248310|792
70|5|0|24710879|701
13|1|0|48793698|27
3|1|0|47985155|881
7|9|0|29777334|384
16|6|0|21163289|100
84|6|0|47084148|430
90|1|0|71141398|431
69|7|0|61154964|337
77|1|0|08602442|318
25|4|0|26014845|843
22|9|0|41951361|172
2|8|0|04264002|25
58|3|0|54360396|842
4|8|0|20563219|688
5|8|0|45968785|753
53|8|0|93982894|206
84|8|0|30613959|331
38|4|0|03701829|232
28|7|0|47985155|656
80|4|0|65175255|199
85|3|0|54864672|322
19|9|0|48350556|324
6|4|0|02730868|60
30|2|0|59972983|483
17|5|0|22292032|941
15|1|0|87353532|623
67|8|0|47841802|790
15|1|0|28341932|214
67|7|0|04781745|872
43|3|0|01351583|482
94|2|0|52582080|52
88|9|0|99099947|690
69|2|0|17331524|7
79|2|0|31494434|682
98|8|0|85524675|625
47|6|0|62791380|78
23|6|0|01259360|571
51|3|0|08989024|364
99|5|0|65175255|781
77|1|0|24895491|707
25|7|0|40539638|729
56|9|0|92426757|274
60|6|0|43091539|239
56|2|0|40852041|439
38|5|0|82427962|394
50|2|0|98955299|274
37|9|0|57701691|910
68|4|0|33750590|536
96|6|0|47084148|644
11|1|0|71153506|316
73|7|0|77054685|375
61|5|0|29207923|843
3|5|0|18739848|851
86|4|0|26014845|825
22|4|0|33250526|973
49|2|0|84899620|666
65|8|0|09756809|522
60|2|0|61900554|904
60|7|0|29777334|130
51|4|0|84362759|787
87|7|0|36071432|512
53|9|0|10522981|928
19|6|0|85267220|283
1|1|0|06608705|144
73|8|0|47260672|733
69|9|0|32415339|908
39|7|0|95882970|220
37|9|0|61667785|319
52|7|0|02424316|134
21|3|0|32078749|819
83|1|0|45195174|448
1|7|0|53953209|75
11|9|0|56969917|587
14|5|0|03209226|7
5|8|0|20419097|707
67|6|0|00003018|705
3|9|0|21069956|714
73|9|0|70471137|725
73|2|0|56909494|733
38|9|0|43142163|770
56|9|0|39908384|37
48|3|0|39243867|525
22|7|0|33163024|196
56|1|0|50828586|591
13|7|0|76204807|144
33|7|0|39907417|94
28|9|0|07749018|39
29|5|0|60740670|530
9|6|0|18706383|20
23|4|0|25735291|612
51|9|0|76429767|517
47|4|0|56747928|750
40|7|0|87339529|506
87|6|0|75219659|494
92|8|0|24096829|901
15|7|0|44760960|993
49|2|0|54864672|8
67|8|0|51044473|329
71|8|0|27978047|956
75|2|0|46207395|991
27|9|0|61310841|91
10|5|0|77074676|237
14|5|0|49501476|611
55|5|0|08211354|957
72|8|0|75716165|511
31|7|0|56747928|232
92|4|0|69619205|140
46|3|0|16617131|304
68|3|0|83696886|204
45|3|0|93589499|702
30|7|0|54602076|720
66|3|0|04234906|115
77|1|0|44066734|595
9|4|0|97501787|357
52|3|0|58052082|3
97|7|0|39929372|373
70|1|0|68824068|522
31|6|0|35619109|588
62|3|0|49501476|122
64|2|0|64495057|625
60|7|0|28048862|378
31|6|0|70869965|751
52|3|0|83877025|526
6|5|0|19593432|990
36|7|0|87923940|875
3|8|0|33604756|664
89|1|0|48258661|14
41|2|0|23371972|554
59|3|0|50827060|479
54|9|0|76592744|279
89|1|0|78906938|162
90|1|0|66560241|398
52|6|0|57872681|376
70|2|0|73951926|773
80|4|0|99486006|269
13|7|0|75849948|706
1|3|0|55248310|917
18|4|0|28440598|707
90|1|0|82772352|901
62|9|0|93454919|556
27|7|0|41920756|556
75|5|0|21494970|86
45|1|0|07250644|220
59|5|0|83100925|518
67|7|0|03043356|143
30|5|0|06754518|936
22|1|0|71597270|633
75|5|0|55265973|248
17|9|0|79499477|431
77|3|0|96511558|905
93|3|0|36617524|365
9|6|0|01259360|63
20|3|0|58454367|308
64|8|0|18615661|240
92|7|0|05152056|860
10|3|0|59049524|785
76|3|0|35700791|766
6|2|0|58736319|398
80|7|0|46722331|393
2|8|0|24901727|755
39|6|0|25619782|262
14|5|0|55978613|19
66|3|0|47056473|380
93|2|0|67406562|57
50|2|0|76761553|3
68|1|0|45811418|191
32|7|0|74560677|921
16|7|0|10436523|531
81|6|0|29820771|703
99|1|0|08211354|365
34|9|0|75033507|302
38|4|0|55422369|895
29|1|0|50439256|717
2|2|0|13411909|703
96|8|0|69093715|46
70|9|0|70677881|677
67|5|0|83696886|55
9|4|0|99099947|253
54|8|0|58842539|203
3|1|0|61667785|737
52|7|0|80591825|247
72|1|0|58523636|942
38|3|0|98306015|995
76|2|0|93982894|118
48|9|0|08602442|456
75|9|0|38932618|943
53|8|0|60340801|429
15|1|0|38422058|96
88|3|0|87687361|470
56|1|0|16617131|231
41|7|0|73951926|851
3|2|0|44468644|722
96|6|0|03701829|502
53|5|0|91715128|825
40|5|0|06762872|682
38|2|0|38226380|107
53|6|0|02424316|293
92|6|0|67593866|748
84|9|0|58016534|954
14|3|0|67593866|271
9|8|0|84325211|717
22|9|0|30200746|578
45|5|0|12607471|909
23|1|0|36738342|886
35|4|0|39749994|318
6|4|0|46486295|162
38|9|0|86055352|937
66|5|0|52053665|362
93|1|0|61020641|879
76|6|0|95044507|679
94|1|0|08914231|905
14|5|0|01957013|973
26|2|0|49780031|819
78|4|0|40144900|271
65|3|0|08457967|780
77|3|0|20302634|426
68|3|0|93092746|802
84|1|0|75646929|53
46|7|0|87111743|886
48|3|0|12569724|309
27|6|0|68824068|16
38|7|0|07388507|789
48|9|0|36184583|210
60|2|0|44410490|583
37|9|0|24871945|838
91|7|0|42334651|226
89|1|0|32271850|676
31|9|0|31547260|605
61|1|0|20738068|841
35|4|0|24895491|319
71|5|0|54602076|705
79|9|0|59519546|893
32|4|0|98421534|55
56|6|0|35057079|947
11|2|0|61869394|839
54|1|0|58454367|621
50|3|0|72985243|691
97|5|0|73941507|347
83|8|0|40852041|962
1|2|0|34193204|990
79|7|0|63315325|565
54|8|0|35943051|949
18|4|0|68886127|417
28|8|0|50532636|48
62|7|0|64060408|236
87|5|0|82689551|375
76|4|0|55603317|271
38|6|0|10042182|43
65|3|0|56564877|587
46|1|0|96618943|411
28|7|0|22303103|611
47|1|0|10938867|307
92|5|0|94306637|218
90|4|0|76915802|804
21|9|0|71141398|832
19|3|0|60581907|986
24|8|0|64684925|995
48|1|0|65090213|995
79|8|0|87129052|4
41|1|0|83029950|546
63|9|0|63397000|438
68|1|0|40171845|131
50|1|0|51710354|508
34|2|0|14735998|65
82|4|0|49324655|668
38|7|0|06674052|366
79|2|0|45811418|488
37|2|0|83029950|439
22|8|0|47188457|117
87|8|0|95587561|554
49|4|0|93117609|947
7|8|0|16241091|116
40|3|0|62126908|335
70|3|0|96298541|964
53|3|0|76636684|453
3|3|0|28051732|784
45|9|0|53965493|8
69|1|0|83325526|372
60|9|0|28445890|578
61|2|0|29215416|770
74|7|0|63050165|261
36|8|0|33712260|538
73|2|0|85267220|561
88|1|0|92777521|736
74|3|0|59636090|467
58|6|0|38226380|698
92|1|0|94798104|806
52|6|0|20373764|143
28|9|0|10079218|206
91|1|0|99099947|919
27|8|0|31100366|612
67|3|0|65072264|4
65|6|0|43142095|134
17|7|0|51044473|503
95|2|0|76349898|890
16|3|0|30769915|919
46|6|0|43142163|784
86|5|0|63397000|973
28|2|0|12791880|943
10|8|0|78619425|152
95|3|0|79499477|543
5|2|0|30829831|859
52|9|0|98949847|300
57|1|0|39908384|74
92|4|0|08618245|679
16|8|0|66312000|352
43|8|0|21156649|997
36|9|0|78327467|459
46|4|0|68619435|414
72|9|0|21327391|481
17|3|0|28312628|581
33|4|0|40595764|310
68|5|0|07062704|61
98|2|0|60581907|381
14|5|0|44410490|156
6|9|0|86653312|108
36|5|0|15501271|766
25|3|0|71790435|878
1|4|0|40320731|340
32|8|0|50655892|425
36|6|0|82201913|719
98|3|0|07388507|332
34|2|0|76349898|603
13|4|0|55739139|789
55|7|0|85063495|617
28|6|0|89263242|421
40|6|0|09971523|946
22|4|0|50578764|487
20|5|0|59209270|618
57|1|0|67980703|460
22|7|0|39908384|9
74|6|0|27570401|184
4|2|0|85433038|708
65|3|0|93454919|632
55|9|0|29015450|299
46|1|0|99545055|917
67|7|0|73544821|826
45|2|0|36775552|84
93|3|0|85737136|343
10|7|0|79756402|624
79|5|0|07250644|102
28|5|0|19477848|707
55|8|0|84678416|689
14|3|0|35278429|731
14|8|0|53392275|152
14|9|0|34165706|684
49|6|0|06754518|157
61|5|0|75553449|646
5|1|0|51049461|340
18|2|0|59972983|383
96|6|0|50578764|257
95|4|0|44760960|803
67|8|0|18739848|360
51|3|0|87481587|460
69|7|0|09756809|437
31|6|0|76744457|451
96|6|0|02085241|856
37|6|0|78639621|547
93|6|0|20349158|387
18|1|0|84899620|248
28|6|0|51570248|502
87|4|0|55843782|109
98|7|0|63397000|633
72|1|0|89335291|156
14|8|0|35943051|361
30|8|0|44410490|47
58|6|0|11901303|754
39|3|0|63050165|626
81|5|0|10707906|965
40|5|0|25619782|989
14|9|0|66850557|525
55|3|0|71141398|570
3|6|0|51113018|931
37|4|0|43030781|177
44|3|0|03244142|540
20|5|0|38284144|437
48|4|0|53471031|660
36|5|0|66950462|447
44|6|0|75033507|580
3|7|0|42705369|324
70|2|0|52110764|557
44|6|0|42449812|884
41|4|0|42449812|544
32|3|0|91583277|819
37|1|0|20236632|995
32|8|0|06608705|13
2|7|0|13424947|518
25|8|0|46992338|706
9|3|0|58201619|62
98|9|0|49008050|820
47|4|0|44904203|326
25|7|0|47260672|738
56|8|0|96298541|677
16|7|0|00016964|265
62|8|0|69619205|400
7|9|0|26133324|874
48|6|0|50469574|871
70|6|0|95044507|756
68|2|0|05420759|438
36|3|0|53070708|90
78|2|0|47986558|273
59|8|0|35091745|542
58|4|0|41936443|405
35|2|0|48438698|816
60|1|0|43303663|770
61|2|0|83354267|159
12|5|0|14293436|79
1|8|0|82427962|859
71|7|0|86055352|875
49|5|0|26133324|495
42|7|0|08602442|813
93|7|0|80825272|974
39|6|0|93630290|741
66|5|0|77042484|15
85|4|0|14107443|622
52|9|0|29113583|845
11|4|0|08560315|423
39|4|0|68406912|865
74|5|0|36921393|257
35|6|0|04207269|49
79|9|0|39370013|532
93|5|0|42705369|653
20|8|0|48793698|315
63|3|0|52208676|889
19|4|0|28113348|727
78|7|0|30653061|695
18|4|0|38284144|849
58|1|0|75762155|722
83|5|0|82427962|324
63|6|0|92874800|624
7|2|0|21538841|865
75|6|0|30653061|256
47|1|0|39620514|558
53|6|0|63399363|272
48|8|0|90617355|599
87|8|0|75219659|658
3|5|0|84276773|788
73|5|0|63315325|346
69|4|0|25559606|221
63|1|0|72441060|829
25|7|0|83354267|369
91|9|0|41366769|921
36|6|0|90451607|862
8|4|0|33163024|712
75|2|0|25825244|722
45|1|0|66850557|795
97|4|0|40171845|232
55|4|0|36071432|315
40|6|0|28051732|219
84|9|0|47643482|847
13|3|0|03701829|103
75|1|0|18736250|436
31|2|0|09968431|36
40|7|0|92444720|789
43|2|0|46049742|380
54|5|0|68353926|571
57|8|0|06237479|48
32|8|0|77229014|628
35|3|0|56556353|139
96|3|0|90784323|188
27|8|0|55211970|182
66|1|0|46992338|693
34|2|0|70677881|239
78|1|0|01306835|523
97|6|0|30653061|528
99|2|0|65195963|199
15|7|0|54360396|892
1|7|0|25839890|919
67|6|0|86484008|859
22|3|0|20637514|741
94|9|0|76204807|760
87|4|0|13411909|271
69|1|0|31329798|771
62|8|0|92874800|937
28|8|0|12569724|983
83|8|0|63399363|429
35|3|0|70869965|604
32|9|0|70942484|884
59|1|0|47887015|57
12|8|0|73544821|283
72|7|0|81436361|735
5|8|0|56263732|749
31|8|0|72739808|964
48|9|0|06372460|934
23|8|0|38117923|745
64|5|0|74707379|43
37|6|0|32415339|681
31|5|0|15158642|658
88|1|0|50610624|351
41|6|0|85433038|97
82|6|0|84899620|499
34|7|0|76905841|366
54|8|0|14293436|439
52|1|0|39908384|304
13|3|0|10042182|427
47|7|0|75716165|270
72|5|0|21943577|170
34|6|0|62183109|43
28|2|0|93092746|395
3|7|0|47860674|995
56|8|0|73201328|682
87|7|0|02925509|302
56|7|0|64270715|707
58|7|0|08901477|650
50|1|0|68140069|783
50|2|0|05420759|947
90|6|0|71185743|957
26|7|0|08914231|24
30|7|0|71415093|963
6|1|0|80723110|501
91|6|0|54864672|120
29|1|0|09971523|866
94|6|0|50469574|519
82|6|0|01306835|201
26|5|0|59972983|48
28|8|0|25119121|110
55|9|0|73880974|969
88|5|0|10042182|857
27|6|0|36811786|362
9|6|0|31547260|113
38|5|0|97501787|468
54|8|0|70942484|96
8|3|0|42028093|841
79|1|0|42683650|64
55|4|0|17331524|622
40|4|0|04988823|978
55|1|0|56808759|539
73|9|0|13411909|174
88|7|0|83696886|708
95|4|0|55843782|759
24|5|0|47780798|495
60|5|0|63399363|535
33|7|0|18615661|4
4|1|0|39620514|907
26|7|0|52053665|817
79|8|0|77054685|50
68|4|0|71185743|209
63|9|0|50532636|260
10|2|0|74227952|672
14|2|0|14107443|232
26|8|0|87592528|424
36|9|0|16194809|362
83|6|0|38674983|253
45|1|0|68801083|183
82|8|0|45731198|715
12|2|0|85404861|799
45|2|0|47780798|504
72|6|0|59123873|894
6|3|0|86055352|6
62|1|0|08298034|723
66|1|0|47986558|843
23|4|0|37454074|727
61|4|0|08211354|548
80|9|0|77348494|701
49|6|0|40404875|904
30|1|0|19841069|142
57|7|0|07749018|206
50|9|0|69794223|912
86|1|0|55843782|556
58|1|0|69619205|730
65|7|0|87353532|942
38|5|0|96618943|593
19|7|0|86484008|305
11|6|0|02022659|158
84|7|0|98211838|892
15|2|0|76242496|410
85|5|0|79325042|82
47|4|0|42334651|461
66|3|0|76204807|232
57|5|0|66120131|288
92|1|0|22351487|691
33|5|0|73192541|790
80|6|0|82982515|319
89|1|0|52030420|417
68|4|0|93454353|768
76|2|0|17388375|860
94|8|0|33100517|395
45|3|0|10042182|333
14|7|0|82846459|62
59|8|0|69093715|816
75|1|0|92444720|147
63|2|0|24619691|610
94|1|0|40595764|880
52|9|0|14107443|35
21|6|0|33100517|858
60|2|0|21461996|208
58|9|0|63315325|998
14|7|0|46633477|949
95|9|0|05004645|310
88|4|0|83930119|550
62|8|0|36738342|919
17|8|0|42236894|262
75|9|0|36199242|185
66|9|0|94798104|546
80|4|0|59537502|248
88|9|0|29207923|179
65|2|0|71185743|317
98|9|0|28312628|181
61|7|0|47986558|629
73|4|0|56608533|300
27|4|0|76204807|37
88|2|0|08457967|864
48|5|0|64270715|929
40|9|0|20419097|266
76|4|0|68004491|835
67|3|0|32156942|768
34|4|0|43333974|101
62|9|0|41228173|126
63|1|0|45195174|664
53|5|0|56647921|830
2|9|0|56672756|907
17|3|0|67700837|605
1|2|0|05767847|453
43|5|0|33981697|770
13|7|0|52053665|349
31|1|0|56564877|198
13|7|0|76915802|169
10|7|0|02085241|785
33|3|0|95587561|289
36|3|0|98583010|157
19|5|0|49870602|938
53|9|0|16650299|18
97|2|0|20563219|467
99|3|0|63399363|405
27|5|0|77074676|310
28|6|0|39370013|956
72|2|0|86484008|83
79|8|0|95676579|502
32|7|0|16617131|487
48|6|0|17918916|240
46|1|0|73522379|110
26|7|0|32337013|118
96|9|0|56969917|946
55|3|0|41228173|345
